<?xml version="1.0" encoding="utf-8" ?>
<!-- DO NOT EDIT THIS FILE -->

<log version='2.0' source='mc'>
	<!-- Successfully loaded CCRT at address 0x2410000 - 0x2713000 -->
	<!-- Successfully loaded MC at address 0x54900000 - 0x554bb000 -->
	<!-- Analysis started for c:\users\volosov\source\repos\ips_lab2\debug\ips_lab2.exe, pid = 4412 -->
	<msg id='1' source='mc'>
		<type>EXEC_OF_INTEREST</type>
		<severity>INFO</severity>
		<timestamp>Thu Oct 31 11:24:58 2019</timestamp>
		<arg name='path'>c:\users\volosov\source\repos\ips_lab2\debug\ips_lab2.exe</arg>
		<arg name='pid'>4412</arg>
	</msg>
	<!-- Command line: C:\Program Files (x86)\IntelSWTools\Inspector 2019\bin32\pin -xyzzy -mesgoff console -xyzzy -bridge_save_x87 0 -bridge_save_mxcsr 0 -follow_execv -error_file C:\Users\Volosov\source\repos\IPS_lab2\IPS_lab2\My Inspector Results - IPS_lab2\r004mi2\data.0\pin_error.log -logfile C:\Users\Volosov\source\repos\IPS_lab2\IPS_lab2\My Inspector Results - IPS_lab2\r004mi2\data.0\pin.log -xyzzy -region_max_inss 500 -p64 C:\Program Files (x86)\IntelSWTools\Inspector 2019\bin64\pin -t64 C:\Program Files (x86)\IntelSWTools\Inspector 2019\bin64\memchkr.dll -t C:\Program Files (x86)\IntelSWTools\Inspector 2019\bin32\memchkr.dll -no-analyze-stack -access-checks -leak-check-on-exit -leak-check-on-demand -enable-memory-growth -leak-check-report-reachable -check-resource-leaks -freelist-vol 0 -leak-maximum 100000 -guard-zone-size 0 -stack-depth 8 -heartbeat 1 -mrte-mode auto -working-dir C:\Users\Volosov\source\repos\IPS_lab2\IPS_lab2\My Inspector Results - IPS_lab2\r004mi2\data.0 -log mc_IPS_lab2.log -result IPS_lab2 - C:\Users\Volosov\source\repos\IPS_lab2\Debug\IPS_lab2.exe  -->
	<!-- mc's options are the following:  -->
	<!-- -help                              false -->
	<!-- -verbose                           false -->
	<!-- -xyzzy                             false -->
	<!-- -version                           false -->
	<!-- -help-all                          false -->
	<!-- -xyzzy-all                         false -->
	<!-- -report-all-instances              false -->
	<!-- -check-for-padded-structures       true -->
	<!-- -check-for-bitfields               true -->
	<!-- -analyze-stack                     false -->
	<!-- -access-checks                     true -->
	<!-- -track-origins                     true -->
	<!-- -duplicate-uninits                 false -->
	<!-- -bss-initialized                   true -->
	<!-- -align-alloc-size                  false -->
	<!-- -report-uninit-read                false -->
	<!-- -ignore-system-libraries           false -->
	<!-- -gen-suppressions                  false -->
	<!-- -leak-check-on-exit                true -->
	<!-- -leak-check-on-demand              true -->
	<!-- -leak-check-uses-baseline          true -->
	<!-- -enable-memory-growth              true -->
	<!-- -leak-check-report-reachable       true -->
	<!-- -leak-check-full                   true -->
	<!-- -check-resource-leaks              true -->
	<!-- -trace-children                    false -->
	<!-- -enable-poke                       false -->
	<!-- -jit-mode-anyway                   false -->
	<!-- -disable-probe-mode-mismatches-64  true -->
	<!-- -aggressive-callstack-caching      false -->
	<!-- -suppress-breakpoints              false -->
	<!-- -monitor-memory                    false -->
	<!-- -freelist-vol                      0 -->
	<!-- -leak-maximum                      100000 -->
	<!-- -guard-zone-size                   0 -->
	<!-- -stack-depth                       8 -->
	<!-- -heartbeat                         1 -->
	<!-- -breakpoint-file                   (null) -->
	<!-- -config-file                       (null) -->
	<!-- -log                               mc_IPS_lab2.log -->
	<!-- -ignore-commands                   (null),  -->
	<!-- -ignore-modules                    (null),  -->
	<!-- -ignore-symbols                    (null),  -->
	<!-- -module-of-interest                (null),  -->
	<!-- -executable-of-interest            (null),  -->
	<!-- -working-dir                       C:\Users\Volosov\source\repos\IPS_lab2\IPS_lab2\My Inspector Results - IPS_lab2\r004mi2\data.0 -->
	<!-- -result                            IPS_lab2 -->
	<!-- -exclude-module                    (null),  -->
	<!-- -include-module                    (null),  -->
	<!-- -only-exec-commands                (null),  -->
	<!-- -suppressions                      (null),  -->
	<!-- -debug                             none -->
	<!-- -shared-mem-name                   (null) -->
	<!-- -poke-function                     (null),  -->
	<!-- -analysis-mode                     (null) -->
	<!-- -disable-gatekeeping               false -->
	<!-- -ignore-os-allocators              false -->
	<!-- -mrte-mode                         auto -->
	<!-- probe mode: no -->
	<!-- mem leaks checks: yes -->
	<!-- res leaks checks: yes -->
	<!-- access checks: yes -->
	<!-- track origin: yes -->
	<!-- Environment: INTEL_LIBITTNOTIFY32=C:\Program Files (x86)\IntelSWTools\Inspector 2019\bin32\runtime\libittnotify.dll -->
	<!-- Environment: INTEL_LIBITTNOTIFY64=C:\Program Files (x86)\IntelSWTools\Inspector 2019\bin64\runtime\libittnotify.dll -->
	<!-- Environment: INTEL_JIT_PROFILER32=C:\Program Files (x86)\IntelSWTools\Inspector 2019\bin32\runtime\libittnotify.dll -->
	<!-- Environment: INTEL_JIT_PROFILER64=C:\Program Files (x86)\IntelSWTools\Inspector 2019\bin64\runtime\libittnotify.dll -->
	<!-- Module loaded c:\users\volosov\source\repos\ips_lab2\debug\ips_lab2.exe, address range [0x00ae0000-0x00af4fff] -->
	<msg id='2' source='mc'>
		<type>MODULE_LOAD</type>
		<severity>INFO</severity>
		<timestamp>Thu Oct 31 11:24:58 2019</timestamp>
		<arg name='path'>c:\users\volosov\source\repos\ips_lab2\debug\ips_lab2.exe</arg>
		<arg name='addr1'>0xae0000</arg>
		<arg name='addr2'>0xaf4fff</arg>
	</msg>
	<!-- Module loaded c:\windows\syswow64\kernelbase.dll, address range [0x73e20000-0x74003fff] -->
	<msg id='3' source='mc'>
		<type>MODULE_LOAD</type>
		<severity>INFO</severity>
		<timestamp>Thu Oct 31 11:24:58 2019</timestamp>
		<arg name='path'>c:\windows\syswow64\kernelbase.dll</arg>
		<arg name='addr1'>0x73e20000</arg>
		<arg name='addr2'>0x74003fff</arg>
	</msg>
	<!-- Module loaded c:\windows\syswow64\kernel32.dll, address range [0x75e10000-0x75eeffff] -->
	<msg id='4' source='mc'>
		<type>MODULE_LOAD</type>
		<severity>INFO</severity>
		<timestamp>Thu Oct 31 11:24:58 2019</timestamp>
		<arg name='path'>c:\windows\syswow64\kernel32.dll</arg>
		<arg name='addr1'>0x75e10000</arg>
		<arg name='addr2'>0x75eeffff</arg>
	</msg>
	<!-- Module loaded c:\windows\syswow64\ntdll.dll, address range [0x77540000-0x776cffff] -->
	<msg id='5' source='mc'>
		<type>MODULE_LOAD</type>
		<severity>INFO</severity>
		<timestamp>Thu Oct 31 11:24:58 2019</timestamp>
		<arg name='path'>c:\windows\syswow64\ntdll.dll</arg>
		<arg name='addr1'>0x77540000</arg>
		<arg name='addr2'>0x776cffff</arg>
	</msg>
	<!-- DIAG: 1 -->
	<!-- DIAG: 2 -->
	<!-- DIAG: 3 -->
	<!-- DIAG: 4 -->
	<!-- Module loaded c:\windows\syswow64\msvcp140d.dll, address range [0x0ccf0000-0x0cda6fff] -->
	<msg id='6' source='mc'>
		<type>MODULE_LOAD</type>
		<severity>INFO</severity>
		<timestamp>Thu Oct 31 11:24:59 2019</timestamp>
		<arg name='path'>c:\windows\syswow64\msvcp140d.dll</arg>
		<arg name='addr1'>0xccf0000</arg>
		<arg name='addr2'>0xcda6fff</arg>
	</msg>
	<!-- Module loaded c:\windows\syswow64\ucrtbased.dll, address range [0x0f320000-0x0f493fff] -->
	<msg id='7' source='mc'>
		<type>MODULE_LOAD</type>
		<severity>INFO</severity>
		<timestamp>Thu Oct 31 11:24:59 2019</timestamp>
		<arg name='path'>c:\windows\syswow64\ucrtbased.dll</arg>
		<arg name='addr1'>0xf320000</arg>
		<arg name='addr2'>0xf493fff</arg>
	</msg>
	<!-- Module unloaded C:\Windows\SysWOW64\msvcp140d.dll -->
	<msg id='8' source='mc'>
		<type>MODULE_UNLOAD</type>
		<severity>INFO</severity>
		<timestamp>Thu Oct 31 11:24:59 2019</timestamp>
		<arg name='path'>C:\Windows\SysWOW64\msvcp140d.dll</arg>
	</msg>
	<!-- Module loaded c:\windows\syswow64\vcruntime140d.dll, address range [0x0f590000-0x0f5aafff] -->
	<msg id='9' source='mc'>
		<type>MODULE_LOAD</type>
		<severity>INFO</severity>
		<timestamp>Thu Oct 31 11:24:59 2019</timestamp>
		<arg name='path'>c:\windows\syswow64\vcruntime140d.dll</arg>
		<arg name='addr1'>0xf590000</arg>
		<arg name='addr2'>0xf5aafff</arg>
	</msg>
	<!-- Found ZCA section with version 1.1 -->
	<!-- Found ZCA section with version 1.1 -->
	<!-- Found ZCA section with version 1.1 -->
	<!-- Found ZCA section with version 1.1 -->
	<!-- Found ZCA section with version 1.1 -->
	<!-- Found ZCA section with version 1.1 -->
	<!-- Found ZCA section with version 1.1 -->
	<!-- Found ZCA section with version 1.1 -->
	<!-- Found ZCA section with version 1.1 -->
	<!-- Found ZCA section with version 1.1 -->
	<!-- Found ZCA section with version 1.1 -->
	<!-- Found ZCA section with version 1.1 -->
	<!-- Found ZCA section with version 1.1 -->
	<!-- Found ZCA section with version 1.1 -->
	<!-- Found ZCA section with version 1.1 -->
	<!-- Found ZCA section with version 1.1 -->
	<!-- Found ZCA section with version 1.1 -->
	<!-- Found ZCA section with version 1.1 -->
	<!-- Found ZCA section with version 1.1 -->
	<!-- Found ZCA section with version 1.1 -->
	<!-- Found ZCA section with version 1.1 -->
	<!-- Found ZCA section with version 1.1 -->
	<!-- Found ZCA section with version 1.1 -->
	<!-- Found ZCA section with version 1.1 -->
	<!-- Found ZCA section with version 1.1 -->
	<!-- Found ZCA section with version 1.1 -->
	<!-- Found ZCA section with version 1.1 -->
	<!-- Module loaded c:\program files (x86)\intelswtools\compilers_and_libraries_2019.5.281\windows\redist\ia32_win\compiler\cilkrts20.dll, address range [0x0f4f0000-0x0f537fff], minimal analysis -->
	<msg id='10' source='mc'>
		<type>MODULE_LOAD_NO_ANALYSIS</type>
		<severity>INFO</severity>
		<timestamp>Thu Oct 31 11:24:59 2019</timestamp>
		<arg name='path'>c:\program files (x86)\intelswtools\compilers_and_libraries_2019.5.281\windows\redist\ia32_win\compiler\cilkrts20.dll</arg>
		<arg name='addr1'>0xf4f0000</arg>
		<arg name='addr2'>0xf537fff</arg>
	</msg>
	<!-- Module loaded c:\windows\syswow64\user32.dll, address range [0x750c0000-0x7524cfff], minimal analysis -->
	<msg id='11' source='mc'>
		<type>MODULE_LOAD_NO_ANALYSIS</type>
		<severity>INFO</severity>
		<timestamp>Thu Oct 31 11:25:00 2019</timestamp>
		<arg name='path'>c:\windows\syswow64\user32.dll</arg>
		<arg name='addr1'>0x750c0000</arg>
		<arg name='addr2'>0x7524cfff</arg>
	</msg>
	<!-- Module loaded c:\windows\syswow64\win32u.dll, address range [0x74f50000-0x74f66fff] -->
	<msg id='12' source='mc'>
		<type>MODULE_LOAD</type>
		<severity>INFO</severity>
		<timestamp>Thu Oct 31 11:25:00 2019</timestamp>
		<arg name='path'>c:\windows\syswow64\win32u.dll</arg>
		<arg name='addr1'>0x74f50000</arg>
		<arg name='addr2'>0x74f66fff</arg>
	</msg>
	<!-- Module loaded c:\windows\syswow64\gdi32.dll, address range [0x74930000-0x74951fff] -->
	<msg id='13' source='mc'>
		<type>MODULE_LOAD</type>
		<severity>INFO</severity>
		<timestamp>Thu Oct 31 11:25:00 2019</timestamp>
		<arg name='path'>c:\windows\syswow64\gdi32.dll</arg>
		<arg name='addr1'>0x74930000</arg>
		<arg name='addr2'>0x74951fff</arg>
	</msg>
	<!-- Module loaded c:\windows\syswow64\gdi32full.dll, address range [0x747c0000-0x74923fff], minimal analysis -->
	<msg id='14' source='mc'>
		<type>MODULE_LOAD_NO_ANALYSIS</type>
		<severity>INFO</severity>
		<timestamp>Thu Oct 31 11:25:00 2019</timestamp>
		<arg name='path'>c:\windows\syswow64\gdi32full.dll</arg>
		<arg name='addr1'>0x747c0000</arg>
		<arg name='addr2'>0x74923fff</arg>
	</msg>
	<!-- Module loaded c:\windows\syswow64\msvcp_win.dll, address range [0x75250000-0x752ccfff] -->
	<msg id='15' source='mc'>
		<type>MODULE_LOAD</type>
		<severity>INFO</severity>
		<timestamp>Thu Oct 31 11:25:00 2019</timestamp>
		<arg name='path'>c:\windows\syswow64\msvcp_win.dll</arg>
		<arg name='addr1'>0x75250000</arg>
		<arg name='addr2'>0x752ccfff</arg>
	</msg>
	<!-- Module loaded c:\windows\syswow64\ucrtbase.dll, address range [0x75ef0000-0x7600dfff] -->
	<msg id='16' source='mc'>
		<type>MODULE_LOAD</type>
		<severity>INFO</severity>
		<timestamp>Thu Oct 31 11:25:00 2019</timestamp>
		<arg name='path'>c:\windows\syswow64\ucrtbase.dll</arg>
		<arg name='addr1'>0x75ef0000</arg>
		<arg name='addr2'>0x7600dfff</arg>
	</msg>
	<!-- Module loaded c:\windows\syswow64\msvcp140d.dll, address range [0x0fc40000-0x0fcf6fff] -->
	<msg id='17' source='mc'>
		<type>MODULE_LOAD</type>
		<severity>INFO</severity>
		<timestamp>Thu Oct 31 11:25:00 2019</timestamp>
		<arg name='path'>c:\windows\syswow64\msvcp140d.dll</arg>
		<arg name='addr1'>0xfc40000</arg>
		<arg name='addr2'>0xfcf6fff</arg>
	</msg>
	<!-- Module loaded c:\windows\syswow64\imm32.dll, address range [0x75d20000-0x75d45fff], minimal analysis -->
	<msg id='18' source='mc'>
		<type>MODULE_LOAD_NO_ANALYSIS</type>
		<severity>INFO</severity>
		<timestamp>Thu Oct 31 11:25:02 2019</timestamp>
		<arg name='path'>c:\windows\syswow64\imm32.dll</arg>
		<arg name='addr1'>0x75d20000</arg>
		<arg name='addr2'>0x75d45fff</arg>
	</msg>
	<!-- Module loaded c:\program files (x86)\intelswtools\inspector 2019\bin32\runtime\libittnotify.dll, address range [0x0f8f0000-0x0f91cfff], minimal analysis -->
	<msg id='19' source='mc'>
		<type>MODULE_LOAD_NO_ANALYSIS</type>
		<severity>INFO</severity>
		<timestamp>Thu Oct 31 11:25:03 2019</timestamp>
		<arg name='path'>c:\program files (x86)\intelswtools\inspector 2019\bin32\runtime\libittnotify.dll</arg>
		<arg name='addr1'>0xf8f0000</arg>
		<arg name='addr2'>0xf91cfff</arg>
	</msg>
	<!-- Heartbeat, tids = 10932,12680,11304,12440, syscallStatus = 1,1,1,1, calls = 79259,2034,9323,976 -->
	<msg id='20' display='false' source='mc'>
		<type>HEARTBEAT</type>
		<severity>INFO</severity>
		<timestamp>Thu Oct 31 11:25:04 2019</timestamp>
		<arg name='tids'>10932,12680,11304,12440</arg>
		<arg name='syscalls'>1,1,1,1</arg>
		<arg name='calls'>79259,2034,9323,976</arg>
	</msg>
	<!-- Heartbeat, tids = 10932,12680,11304,12440, syscallStatus = 1,1,1,1, calls = 0,0,0,0 -->
	<msg id='21' display='false' source='mc'>
		<type>HEARTBEAT</type>
		<severity>INFO</severity>
		<timestamp>Thu Oct 31 11:25:05 2019</timestamp>
		<arg name='tids'>10932,12680,11304,12440</arg>
		<arg name='syscalls'>1,1,1,1</arg>
		<arg name='calls'>0,0,0,0</arg>
	</msg>
	<!-- Heartbeat, tids = 10932,12680,11304,12440, syscallStatus = 1,1,1,1, calls = 0,0,0,0 -->
	<msg id='22' display='false' source='mc'>
		<type>HEARTBEAT</type>
		<severity>INFO</severity>
		<timestamp>Thu Oct 31 11:25:06 2019</timestamp>
		<arg name='tids'>10932,12680,11304,12440</arg>
		<arg name='syscalls'>1,1,1,1</arg>
		<arg name='calls'>0,0,0,0</arg>
	</msg>
	<!-- Heartbeat, tids = 10932,12680,11304,12440, syscallStatus = 1,1,1,1, calls = 0,0,0,0 -->
	<msg id='23' display='false' source='mc'>
		<type>HEARTBEAT</type>
		<severity>INFO</severity>
		<timestamp>Thu Oct 31 11:25:07 2019</timestamp>
		<arg name='tids'>10932,12680,11304,12440</arg>
		<arg name='syscalls'>1,1,1,1</arg>
		<arg name='calls'>0,0,0,0</arg>
	</msg>
	<!-- Heartbeat, tids = 10932,12680,11304,12440, syscallStatus = 1,1,1,1, calls = 0,0,0,0 -->
	<msg id='24' display='false' source='mc'>
		<type>HEARTBEAT</type>
		<severity>INFO</severity>
		<timestamp>Thu Oct 31 11:25:08 2019</timestamp>
		<arg name='tids'>10932,12680,11304,12440</arg>
		<arg name='syscalls'>1,1,1,1</arg>
		<arg name='calls'>0,0,0,0</arg>
	</msg>
	<!-- Heartbeat, tids = 10932,12680,11304,12440, syscallStatus = 1,1,1,1, calls = 0,0,0,0 -->
	<msg id='25' display='false' source='mc'>
		<type>HEARTBEAT</type>
		<severity>INFO</severity>
		<timestamp>Thu Oct 31 11:25:09 2019</timestamp>
		<arg name='tids'>10932,12680,11304,12440</arg>
		<arg name='syscalls'>1,1,1,1</arg>
		<arg name='calls'>0,0,0,0</arg>
	</msg>
	<!-- Heartbeat, tids = 10932,12680,11304,12440, syscallStatus = 1,1,1,1, calls = 0,0,0,0 -->
	<msg id='26' display='false' source='mc'>
		<type>HEARTBEAT</type>
		<severity>INFO</severity>
		<timestamp>Thu Oct 31 11:25:10 2019</timestamp>
		<arg name='tids'>10932,12680,11304,12440</arg>
		<arg name='syscalls'>1,1,1,1</arg>
		<arg name='calls'>0,0,0,0</arg>
	</msg>
	<!-- Heartbeat, tids = 10932,12680,11304,12440, syscallStatus = 1,1,1,1, calls = 0,0,0,0 -->
	<msg id='27' display='false' source='mc'>
		<type>HEARTBEAT</type>
		<severity>INFO</severity>
		<timestamp>Thu Oct 31 11:25:11 2019</timestamp>
		<arg name='tids'>10932,12680,11304,12440</arg>
		<arg name='syscalls'>1,1,1,1</arg>
		<arg name='calls'>0,0,0,0</arg>
	</msg>
	<!-- Heartbeat, tids = 10932,12680,11304,12440, syscallStatus = 1,1,1,1, calls = 0,0,0,0 -->
	<msg id='28' display='false' source='mc'>
		<type>HEARTBEAT</type>
		<severity>INFO</severity>
		<timestamp>Thu Oct 31 11:25:12 2019</timestamp>
		<arg name='tids'>10932,12680,11304,12440</arg>
		<arg name='syscalls'>1,1,1,1</arg>
		<arg name='calls'>0,0,0,0</arg>
	</msg>
	<!-- Heartbeat, tids = 10932,12680,11304,12440, syscallStatus = 1,1,1,1, calls = 0,0,0,0 -->
	<msg id='29' display='false' source='mc'>
		<type>HEARTBEAT</type>
		<severity>INFO</severity>
		<timestamp>Thu Oct 31 11:25:13 2019</timestamp>
		<arg name='tids'>10932,12680,11304,12440</arg>
		<arg name='syscalls'>1,1,1,1</arg>
		<arg name='calls'>0,0,0,0</arg>
	</msg>
	<!-- Heartbeat, tids = 10932,12680,11304,12440, syscallStatus = 1,1,1,1, calls = 0,0,0,0 -->
	<msg id='30' display='false' source='mc'>
		<type>HEARTBEAT</type>
		<severity>INFO</severity>
		<timestamp>Thu Oct 31 11:25:14 2019</timestamp>
		<arg name='tids'>10932,12680,11304,12440</arg>
		<arg name='syscalls'>1,1,1,1</arg>
		<arg name='calls'>0,0,0,0</arg>
	</msg>
	<!-- Heartbeat, tids = 10932,12680,11304,12440, syscallStatus = 1,1,1,1, calls = 0,0,0,0 -->
	<msg id='31' display='false' source='mc'>
		<type>HEARTBEAT</type>
		<severity>INFO</severity>
		<timestamp>Thu Oct 31 11:25:15 2019</timestamp>
		<arg name='tids'>10932,12680,11304,12440</arg>
		<arg name='syscalls'>1,1,1,1</arg>
		<arg name='calls'>0,0,0,0</arg>
	</msg>
	<!-- Heartbeat, tids = 10932,12680,11304,12440, syscallStatus = 1,1,1,1, calls = 0,0,0,0 -->
	<msg id='32' display='false' source='mc'>
		<type>HEARTBEAT</type>
		<severity>INFO</severity>
		<timestamp>Thu Oct 31 11:25:16 2019</timestamp>
		<arg name='tids'>10932,12680,11304,12440</arg>
		<arg name='syscalls'>1,1,1,1</arg>
		<arg name='calls'>0,0,0,0</arg>
	</msg>
	<!-- Heartbeat, tids = 10932,12680,11304,12440, syscallStatus = 1,1,1,1, calls = 0,0,0,0 -->
	<msg id='33' display='false' source='mc'>
		<type>HEARTBEAT</type>
		<severity>INFO</severity>
		<timestamp>Thu Oct 31 11:25:17 2019</timestamp>
		<arg name='tids'>10932,12680,11304,12440</arg>
		<arg name='syscalls'>1,1,1,1</arg>
		<arg name='calls'>0,0,0,0</arg>
	</msg>
	<!-- Heartbeat, tids = 10932,12680,11304,12440, syscallStatus = 1,1,1,1, calls = 0,0,0,0 -->
	<msg id='34' display='false' source='mc'>
		<type>HEARTBEAT</type>
		<severity>INFO</severity>
		<timestamp>Thu Oct 31 11:25:18 2019</timestamp>
		<arg name='tids'>10932,12680,11304,12440</arg>
		<arg name='syscalls'>1,1,1,1</arg>
		<arg name='calls'>0,0,0,0</arg>
	</msg>
	<!-- Heartbeat, tids = 10932,12680,11304,12440, syscallStatus = 1,1,1,1, calls = 0,0,0,0 -->
	<msg id='35' display='false' source='mc'>
		<type>HEARTBEAT</type>
		<severity>INFO</severity>
		<timestamp>Thu Oct 31 11:25:19 2019</timestamp>
		<arg name='tids'>10932,12680,11304,12440</arg>
		<arg name='syscalls'>1,1,1,1</arg>
		<arg name='calls'>0,0,0,0</arg>
	</msg>
	<!-- Heartbeat, tids = 10932,12680,11304,12440, syscallStatus = 1,1,1,1, calls = 0,0,0,0 -->
	<msg id='36' display='false' source='mc'>
		<type>HEARTBEAT</type>
		<severity>INFO</severity>
		<timestamp>Thu Oct 31 11:25:20 2019</timestamp>
		<arg name='tids'>10932,12680,11304,12440</arg>
		<arg name='syscalls'>1,1,1,1</arg>
		<arg name='calls'>0,0,0,0</arg>
	</msg>
	<!-- Heartbeat, tids = 10932,12680,11304,12440, syscallStatus = 1,1,1,1, calls = 0,0,0,0 -->
	<msg id='37' display='false' source='mc'>
		<type>HEARTBEAT</type>
		<severity>INFO</severity>
		<timestamp>Thu Oct 31 11:25:21 2019</timestamp>
		<arg name='tids'>10932,12680,11304,12440</arg>
		<arg name='syscalls'>1,1,1,1</arg>
		<arg name='calls'>0,0,0,0</arg>
	</msg>
	<!-- Heartbeat, tids = 10932,12680,11304,12440, syscallStatus = 1,1,1,1, calls = 0,0,0,0 -->
	<msg id='38' display='false' source='mc'>
		<type>HEARTBEAT</type>
		<severity>INFO</severity>
		<timestamp>Thu Oct 31 11:25:22 2019</timestamp>
		<arg name='tids'>10932,12680,11304,12440</arg>
		<arg name='syscalls'>1,1,1,1</arg>
		<arg name='calls'>0,0,0,0</arg>
	</msg>
	<!-- Heartbeat, tids = 10932,12680,11304,12440, syscallStatus = 1,1,1,1, calls = 0,0,0,0 -->
	<msg id='39' display='false' source='mc'>
		<type>HEARTBEAT</type>
		<severity>INFO</severity>
		<timestamp>Thu Oct 31 11:25:23 2019</timestamp>
		<arg name='tids'>10932,12680,11304,12440</arg>
		<arg name='syscalls'>1,1,1,1</arg>
		<arg name='calls'>0,0,0,0</arg>
	</msg>
	<!-- Heartbeat, tids = 10932,12680,11304,12440, syscallStatus = 1,1,1,1, calls = 0,0,0,0 -->
	<msg id='40' display='false' source='mc'>
		<type>HEARTBEAT</type>
		<severity>INFO</severity>
		<timestamp>Thu Oct 31 11:25:24 2019</timestamp>
		<arg name='tids'>10932,12680,11304,12440</arg>
		<arg name='syscalls'>1,1,1,1</arg>
		<arg name='calls'>0,0,0,0</arg>
	</msg>
	<!-- Heartbeat, tids = 10932,12680,11304,12440, syscallStatus = 1,1,1,1, calls = 0,0,0,0 -->
	<msg id='41' display='false' source='mc'>
		<type>HEARTBEAT</type>
		<severity>INFO</severity>
		<timestamp>Thu Oct 31 11:25:25 2019</timestamp>
		<arg name='tids'>10932,12680,11304,12440</arg>
		<arg name='syscalls'>1,1,1,1</arg>
		<arg name='calls'>0,0,0,0</arg>
	</msg>
	<!-- Heartbeat, tids = 10932,12680,11304,12440, syscallStatus = 1,1,1,1, calls = 0,0,0,0 -->
	<msg id='42' display='false' source='mc'>
		<type>HEARTBEAT</type>
		<severity>INFO</severity>
		<timestamp>Thu Oct 31 11:25:26 2019</timestamp>
		<arg name='tids'>10932,12680,11304,12440</arg>
		<arg name='syscalls'>1,1,1,1</arg>
		<arg name='calls'>0,0,0,0</arg>
	</msg>
	<!-- Heartbeat, tids = 10932,12680,11304,12440, syscallStatus = 1,1,1,1, calls = 0,0,0,0 -->
	<msg id='43' display='false' source='mc'>
		<type>HEARTBEAT</type>
		<severity>INFO</severity>
		<timestamp>Thu Oct 31 11:25:27 2019</timestamp>
		<arg name='tids'>10932,12680,11304,12440</arg>
		<arg name='syscalls'>1,1,1,1</arg>
		<arg name='calls'>0,0,0,0</arg>
	</msg>
	<!-- Heartbeat, tids = 10932,12680,11304,12440, syscallStatus = 1,1,1,1, calls = 0,0,0,0 -->
	<msg id='44' display='false' source='mc'>
		<type>HEARTBEAT</type>
		<severity>INFO</severity>
		<timestamp>Thu Oct 31 11:25:28 2019</timestamp>
		<arg name='tids'>10932,12680,11304,12440</arg>
		<arg name='syscalls'>1,1,1,1</arg>
		<arg name='calls'>0,0,0,0</arg>
	</msg>
	<!-- Heartbeat, tids = 10932,12680,11304,12440, syscallStatus = 1,1,1,1, calls = 0,0,0,0 -->
	<msg id='45' display='false' source='mc'>
		<type>HEARTBEAT</type>
		<severity>INFO</severity>
		<timestamp>Thu Oct 31 11:25:29 2019</timestamp>
		<arg name='tids'>10932,12680,11304,12440</arg>
		<arg name='syscalls'>1,1,1,1</arg>
		<arg name='calls'>0,0,0,0</arg>
	</msg>
	<!-- Heartbeat, tids = 10932,12680,11304,12440, syscallStatus = 1,1,1,1, calls = 0,0,0,0 -->
	<msg id='46' display='false' source='mc'>
		<type>HEARTBEAT</type>
		<severity>INFO</severity>
		<timestamp>Thu Oct 31 11:25:30 2019</timestamp>
		<arg name='tids'>10932,12680,11304,12440</arg>
		<arg name='syscalls'>1,1,1,1</arg>
		<arg name='calls'>0,0,0,0</arg>
	</msg>
	<!-- Heartbeat, tids = 10932,12680,11304,12440, syscallStatus = 1,1,1,1, calls = 0,0,0,0 -->
	<msg id='47' display='false' source='mc'>
		<type>HEARTBEAT</type>
		<severity>INFO</severity>
		<timestamp>Thu Oct 31 11:25:31 2019</timestamp>
		<arg name='tids'>10932,12680,11304,12440</arg>
		<arg name='syscalls'>1,1,1,1</arg>
		<arg name='calls'>0,0,0,0</arg>
	</msg>
	<!-- Heartbeat, tids = 10932,12680,11304,12440, syscallStatus = 1,1,1,1, calls = 0,0,0,0 -->
	<msg id='48' display='false' source='mc'>
		<type>HEARTBEAT</type>
		<severity>INFO</severity>
		<timestamp>Thu Oct 31 11:25:32 2019</timestamp>
		<arg name='tids'>10932,12680,11304,12440</arg>
		<arg name='syscalls'>1,1,1,1</arg>
		<arg name='calls'>0,0,0,0</arg>
	</msg>
	<!-- Heartbeat, tids = 10932,12680,11304,12440, syscallStatus = 1,1,1,1, calls = 0,0,0,0 -->
	<msg id='49' display='false' source='mc'>
		<type>HEARTBEAT</type>
		<severity>INFO</severity>
		<timestamp>Thu Oct 31 11:25:33 2019</timestamp>
		<arg name='tids'>10932,12680,11304,12440</arg>
		<arg name='syscalls'>1,1,1,1</arg>
		<arg name='calls'>0,0,0,0</arg>
	</msg>
	<!-- Heartbeat, tids = 10932,12680,11304,12440, syscallStatus = 1,1,1,1, calls = 0,0,0,0 -->
	<msg id='50' display='false' source='mc'>
		<type>HEARTBEAT</type>
		<severity>INFO</severity>
		<timestamp>Thu Oct 31 11:25:34 2019</timestamp>
		<arg name='tids'>10932,12680,11304,12440</arg>
		<arg name='syscalls'>1,1,1,1</arg>
		<arg name='calls'>0,0,0,0</arg>
	</msg>
	<!-- Heartbeat, tids = 10932,12680,11304,12440, syscallStatus = 1,1,1,1, calls = 0,0,0,0 -->
	<msg id='51' display='false' source='mc'>
		<type>HEARTBEAT</type>
		<severity>INFO</severity>
		<timestamp>Thu Oct 31 11:25:35 2019</timestamp>
		<arg name='tids'>10932,12680,11304,12440</arg>
		<arg name='syscalls'>1,1,1,1</arg>
		<arg name='calls'>0,0,0,0</arg>
	</msg>
	<!-- Heartbeat, tids = 10932,12680,11304,12440, syscallStatus = 1,1,1,1, calls = 0,0,0,0 -->
	<msg id='52' display='false' source='mc'>
		<type>HEARTBEAT</type>
		<severity>INFO</severity>
		<timestamp>Thu Oct 31 11:25:36 2019</timestamp>
		<arg name='tids'>10932,12680,11304,12440</arg>
		<arg name='syscalls'>1,1,1,1</arg>
		<arg name='calls'>0,0,0,0</arg>
	</msg>
	<!-- Heartbeat, tids = 10932,12680,11304,12440, syscallStatus = 1,1,1,1, calls = 0,0,0,0 -->
	<msg id='53' display='false' source='mc'>
		<type>HEARTBEAT</type>
		<severity>INFO</severity>
		<timestamp>Thu Oct 31 11:25:37 2019</timestamp>
		<arg name='tids'>10932,12680,11304,12440</arg>
		<arg name='syscalls'>1,1,1,1</arg>
		<arg name='calls'>0,0,0,0</arg>
	</msg>
	<!-- Heartbeat, tids = 10932,12680,11304,12440, syscallStatus = 1,1,1,1, calls = 0,0,0,0 -->
	<msg id='54' display='false' source='mc'>
		<type>HEARTBEAT</type>
		<severity>INFO</severity>
		<timestamp>Thu Oct 31 11:25:38 2019</timestamp>
		<arg name='tids'>10932,12680,11304,12440</arg>
		<arg name='syscalls'>1,1,1,1</arg>
		<arg name='calls'>0,0,0,0</arg>
	</msg>
	<!-- Heartbeat, tids = 10932,12680,11304,12440, syscallStatus = 1,1,1,1, calls = 0,0,0,0 -->
	<msg id='55' display='false' source='mc'>
		<type>HEARTBEAT</type>
		<severity>INFO</severity>
		<timestamp>Thu Oct 31 11:25:39 2019</timestamp>
		<arg name='tids'>10932,12680,11304,12440</arg>
		<arg name='syscalls'>1,1,1,1</arg>
		<arg name='calls'>0,0,0,0</arg>
	</msg>
	<!-- Heartbeat, tids = 10932,12680,11304,12440, syscallStatus = 1,1,1,1, calls = 0,0,0,0 -->
	<msg id='56' display='false' source='mc'>
		<type>HEARTBEAT</type>
		<severity>INFO</severity>
		<timestamp>Thu Oct 31 11:25:40 2019</timestamp>
		<arg name='tids'>10932,12680,11304,12440</arg>
		<arg name='syscalls'>1,1,1,1</arg>
		<arg name='calls'>0,0,0,0</arg>
	</msg>
	<!-- Heartbeat, tids = 10932,12680,11304,12440, syscallStatus = 1,1,1,1, calls = 0,0,0,0 -->
	<msg id='57' display='false' source='mc'>
		<type>HEARTBEAT</type>
		<severity>INFO</severity>
		<timestamp>Thu Oct 31 11:25:41 2019</timestamp>
		<arg name='tids'>10932,12680,11304,12440</arg>
		<arg name='syscalls'>1,1,1,1</arg>
		<arg name='calls'>0,0,0,0</arg>
	</msg>
	<!-- Heartbeat, tids = 10932,12680,11304,12440, syscallStatus = 1,1,1,1, calls = 0,0,0,0 -->
	<msg id='58' display='false' source='mc'>
		<type>HEARTBEAT</type>
		<severity>INFO</severity>
		<timestamp>Thu Oct 31 11:25:42 2019</timestamp>
		<arg name='tids'>10932,12680,11304,12440</arg>
		<arg name='syscalls'>1,1,1,1</arg>
		<arg name='calls'>0,0,0,0</arg>
	</msg>
	<!-- Heartbeat, tids = 10932,12680,11304,12440, syscallStatus = 1,1,1,1, calls = 0,0,0,0 -->
	<msg id='59' display='false' source='mc'>
		<type>HEARTBEAT</type>
		<severity>INFO</severity>
		<timestamp>Thu Oct 31 11:25:43 2019</timestamp>
		<arg name='tids'>10932,12680,11304,12440</arg>
		<arg name='syscalls'>1,1,1,1</arg>
		<arg name='calls'>0,0,0,0</arg>
	</msg>
	<!-- Heartbeat, tids = 10932,12680,11304,12440, syscallStatus = 1,1,1,1, calls = 0,0,0,0 -->
	<msg id='60' display='false' source='mc'>
		<type>HEARTBEAT</type>
		<severity>INFO</severity>
		<timestamp>Thu Oct 31 11:25:44 2019</timestamp>
		<arg name='tids'>10932,12680,11304,12440</arg>
		<arg name='syscalls'>1,1,1,1</arg>
		<arg name='calls'>0,0,0,0</arg>
	</msg>
	<!-- Heartbeat, tids = 10932,12680,11304,12440, syscallStatus = 1,1,1,1, calls = 0,0,0,0 -->
	<msg id='61' display='false' source='mc'>
		<type>HEARTBEAT</type>
		<severity>INFO</severity>
		<timestamp>Thu Oct 31 11:25:45 2019</timestamp>
		<arg name='tids'>10932,12680,11304,12440</arg>
		<arg name='syscalls'>1,1,1,1</arg>
		<arg name='calls'>0,0,0,0</arg>
	</msg>
	<!-- Heartbeat, tids = 10932,12680,11304,12440, syscallStatus = 1,1,1,1, calls = 0,0,0,0 -->
	<msg id='62' display='false' source='mc'>
		<type>HEARTBEAT</type>
		<severity>INFO</severity>
		<timestamp>Thu Oct 31 11:25:46 2019</timestamp>
		<arg name='tids'>10932,12680,11304,12440</arg>
		<arg name='syscalls'>1,1,1,1</arg>
		<arg name='calls'>0,0,0,0</arg>
	</msg>
	<!-- Heartbeat, tids = 10932,12680,11304,12440, syscallStatus = 1,1,1,1, calls = 0,0,0,0 -->
	<msg id='63' display='false' source='mc'>
		<type>HEARTBEAT</type>
		<severity>INFO</severity>
		<timestamp>Thu Oct 31 11:25:47 2019</timestamp>
		<arg name='tids'>10932,12680,11304,12440</arg>
		<arg name='syscalls'>1,1,1,1</arg>
		<arg name='calls'>0,0,0,0</arg>
	</msg>
	<!-- Heartbeat, tids = 10932,12680,11304,12440, syscallStatus = 1,1,1,1, calls = 0,0,0,0 -->
	<msg id='64' display='false' source='mc'>
		<type>HEARTBEAT</type>
		<severity>INFO</severity>
		<timestamp>Thu Oct 31 11:25:48 2019</timestamp>
		<arg name='tids'>10932,12680,11304,12440</arg>
		<arg name='syscalls'>1,1,1,1</arg>
		<arg name='calls'>0,0,0,0</arg>
	</msg>
	<!-- Heartbeat, tids = 10932,12680,11304,12440, syscallStatus = 1,1,1,1, calls = 0,0,0,0 -->
	<msg id='65' display='false' source='mc'>
		<type>HEARTBEAT</type>
		<severity>INFO</severity>
		<timestamp>Thu Oct 31 11:25:49 2019</timestamp>
		<arg name='tids'>10932,12680,11304,12440</arg>
		<arg name='syscalls'>1,1,1,1</arg>
		<arg name='calls'>0,0,0,0</arg>
	</msg>
	<!-- Heartbeat, tids = 10932,12680,11304,12440, syscallStatus = 1,1,1,1, calls = 0,0,0,0 -->
	<msg id='66' display='false' source='mc'>
		<type>HEARTBEAT</type>
		<severity>INFO</severity>
		<timestamp>Thu Oct 31 11:25:50 2019</timestamp>
		<arg name='tids'>10932,12680,11304,12440</arg>
		<arg name='syscalls'>1,1,1,1</arg>
		<arg name='calls'>0,0,0,0</arg>
	</msg>
	<!-- Heartbeat, tids = 10932,12680,11304,12440, syscallStatus = 1,1,1,1, calls = 0,0,0,0 -->
	<msg id='67' display='false' source='mc'>
		<type>HEARTBEAT</type>
		<severity>INFO</severity>
		<timestamp>Thu Oct 31 11:25:51 2019</timestamp>
		<arg name='tids'>10932,12680,11304,12440</arg>
		<arg name='syscalls'>1,1,1,1</arg>
		<arg name='calls'>0,0,0,0</arg>
	</msg>
	<!-- Heartbeat, tids = 10932,12680,11304,12440, syscallStatus = 1,1,1,1, calls = 0,0,0,0 -->
	<msg id='68' display='false' source='mc'>
		<type>HEARTBEAT</type>
		<severity>INFO</severity>
		<timestamp>Thu Oct 31 11:25:52 2019</timestamp>
		<arg name='tids'>10932,12680,11304,12440</arg>
		<arg name='syscalls'>1,1,1,1</arg>
		<arg name='calls'>0,0,0,0</arg>
	</msg>
	<!-- Heartbeat, tids = 10932,12680,11304,12440, syscallStatus = 1,1,1,1, calls = 0,0,0,0 -->
	<msg id='69' display='false' source='mc'>
		<type>HEARTBEAT</type>
		<severity>INFO</severity>
		<timestamp>Thu Oct 31 11:25:53 2019</timestamp>
		<arg name='tids'>10932,12680,11304,12440</arg>
		<arg name='syscalls'>1,1,1,1</arg>
		<arg name='calls'>0,0,0,0</arg>
	</msg>
	<!-- Heartbeat, tids = 10932,12680,11304,12440, syscallStatus = 1,1,1,1, calls = 0,0,0,0 -->
	<msg id='70' display='false' source='mc'>
		<type>HEARTBEAT</type>
		<severity>INFO</severity>
		<timestamp>Thu Oct 31 11:25:54 2019</timestamp>
		<arg name='tids'>10932,12680,11304,12440</arg>
		<arg name='syscalls'>1,1,1,1</arg>
		<arg name='calls'>0,0,0,0</arg>
	</msg>
	<!-- Heartbeat, tids = 10932,12680,11304,12440, syscallStatus = 1,1,1,1, calls = 0,0,0,0 -->
	<msg id='71' display='false' source='mc'>
		<type>HEARTBEAT</type>
		<severity>INFO</severity>
		<timestamp>Thu Oct 31 11:25:55 2019</timestamp>
		<arg name='tids'>10932,12680,11304,12440</arg>
		<arg name='syscalls'>1,1,1,1</arg>
		<arg name='calls'>0,0,0,0</arg>
	</msg>
	<!-- Heartbeat, tids = 10932,12680,11304,12440, syscallStatus = 1,1,1,1, calls = 0,0,0,0 -->
	<msg id='72' display='false' source='mc'>
		<type>HEARTBEAT</type>
		<severity>INFO</severity>
		<timestamp>Thu Oct 31 11:25:56 2019</timestamp>
		<arg name='tids'>10932,12680,11304,12440</arg>
		<arg name='syscalls'>1,1,1,1</arg>
		<arg name='calls'>0,0,0,0</arg>
	</msg>
	<!-- Heartbeat, tids = 10932,12680,11304,12440, syscallStatus = 1,1,1,1, calls = 0,0,0,0 -->
	<msg id='73' display='false' source='mc'>
		<type>HEARTBEAT</type>
		<severity>INFO</severity>
		<timestamp>Thu Oct 31 11:25:57 2019</timestamp>
		<arg name='tids'>10932,12680,11304,12440</arg>
		<arg name='syscalls'>1,1,1,1</arg>
		<arg name='calls'>0,0,0,0</arg>
	</msg>
	<!-- Heartbeat, tids = 10932,12680,11304,12440, syscallStatus = 1,1,1,1, calls = 0,0,0,0 -->
	<msg id='74' display='false' source='mc'>
		<type>HEARTBEAT</type>
		<severity>INFO</severity>
		<timestamp>Thu Oct 31 11:25:58 2019</timestamp>
		<arg name='tids'>10932,12680,11304,12440</arg>
		<arg name='syscalls'>1,1,1,1</arg>
		<arg name='calls'>0,0,0,0</arg>
	</msg>
	<!-- DIAG: 5 -->
	<!-- DIAG: 6 -->
	<!-- DIAG: 7 -->
	<!-- Heartbeat, tids = 10932, syscallStatus = 1, calls = 0 -->
	<msg id='75' display='false' source='mc'>
		<type>HEARTBEAT</type>
		<severity>INFO</severity>
		<timestamp>Thu Oct 31 11:25:59 2019</timestamp>
		<arg name='tids'>10932</arg>
		<arg name='syscalls'>1</arg>
		<arg name='calls'>0</arg>
	</msg>
	<!-- Heartbeat, tids = 10932, syscallStatus = 1, calls = 0 -->
	<msg id='76' display='false' source='mc'>
		<type>HEARTBEAT</type>
		<severity>INFO</severity>
		<timestamp>Thu Oct 31 11:26:00 2019</timestamp>
		<arg name='tids'>10932</arg>
		<arg name='syscalls'>1</arg>
		<arg name='calls'>0</arg>
	</msg>
	<!-- Heartbeat, tids = 10932, syscallStatus = 1, calls = 0 -->
	<msg id='77' display='false' source='mc'>
		<type>HEARTBEAT</type>
		<severity>INFO</severity>
		<timestamp>Thu Oct 31 11:26:01 2019</timestamp>
		<arg name='tids'>10932</arg>
		<arg name='syscalls'>1</arg>
		<arg name='calls'>0</arg>
	</msg>
	<!-- Heartbeat, tids = 10932, syscallStatus = 1, calls = 0 -->
	<msg id='78' display='false' source='mc'>
		<type>HEARTBEAT</type>
		<severity>INFO</severity>
		<timestamp>Thu Oct 31 11:26:02 2019</timestamp>
		<arg name='tids'>10932</arg>
		<arg name='syscalls'>1</arg>
		<arg name='calls'>0</arg>
	</msg>
	<!-- Heartbeat, tids = 10932, syscallStatus = 1, calls = 0 -->
	<msg id='79' display='false' source='mc'>
		<type>HEARTBEAT</type>
		<severity>INFO</severity>
		<timestamp>Thu Oct 31 11:26:03 2019</timestamp>
		<arg name='tids'>10932</arg>
		<arg name='syscalls'>1</arg>
		<arg name='calls'>0</arg>
	</msg>
	<!-- Heartbeat, tids = 10932, syscallStatus = 1, calls = 0 -->
	<msg id='80' display='false' source='mc'>
		<type>HEARTBEAT</type>
		<severity>INFO</severity>
		<timestamp>Thu Oct 31 11:26:04 2019</timestamp>
		<arg name='tids'>10932</arg>
		<arg name='syscalls'>1</arg>
		<arg name='calls'>0</arg>
	</msg>
	<!-- Heartbeat, tids = 10932, syscallStatus = 1, calls = 0 -->
	<msg id='81' display='false' source='mc'>
		<type>HEARTBEAT</type>
		<severity>INFO</severity>
		<timestamp>Thu Oct 31 11:26:05 2019</timestamp>
		<arg name='tids'>10932</arg>
		<arg name='syscalls'>1</arg>
		<arg name='calls'>0</arg>
	</msg>
	<!-- Heartbeat, tids = 10932, syscallStatus = 1, calls = 0 -->
	<msg id='82' display='false' source='mc'>
		<type>HEARTBEAT</type>
		<severity>INFO</severity>
		<timestamp>Thu Oct 31 11:26:06 2019</timestamp>
		<arg name='tids'>10932</arg>
		<arg name='syscalls'>1</arg>
		<arg name='calls'>0</arg>
	</msg>
	<!-- Heartbeat, tids = 10932, syscallStatus = 1, calls = 0 -->
	<msg id='83' display='false' source='mc'>
		<type>HEARTBEAT</type>
		<severity>INFO</severity>
		<timestamp>Thu Oct 31 11:26:07 2019</timestamp>
		<arg name='tids'>10932</arg>
		<arg name='syscalls'>1</arg>
		<arg name='calls'>0</arg>
	</msg>
	<!-- Module loaded c:\windows\syswow64\kernel.appcore.dll, address range [0x74970000-0x7497efff] -->
	<msg id='84' source='mc'>
		<type>MODULE_LOAD</type>
		<severity>INFO</severity>
		<timestamp>Thu Oct 31 11:26:08 2019</timestamp>
		<arg name='path'>c:\windows\syswow64\kernel.appcore.dll</arg>
		<arg name='addr1'>0x74970000</arg>
		<arg name='addr2'>0x7497efff</arg>
	</msg>
	<!-- Module loaded c:\windows\syswow64\msvcrt.dll, address range [0x746f0000-0x747aefff] -->
	<msg id='85' source='mc'>
		<type>MODULE_LOAD</type>
		<severity>INFO</severity>
		<timestamp>Thu Oct 31 11:26:08 2019</timestamp>
		<arg name='path'>c:\windows\syswow64\msvcrt.dll</arg>
		<arg name='addr1'>0x746f0000</arg>
		<arg name='addr2'>0x747aefff</arg>
	</msg>
	<!-- DIAG: 8 -->
	<!-- Module loaded c:\windows\syswow64\rpcrt4.dll, address range [0x75d50000-0x75e0ffff] -->
	<msg id='86' source='mc'>
		<type>MODULE_LOAD</type>
		<severity>INFO</severity>
		<timestamp>Thu Oct 31 11:26:08 2019</timestamp>
		<arg name='path'>c:\windows\syswow64\rpcrt4.dll</arg>
		<arg name='addr1'>0x75d50000</arg>
		<arg name='addr2'>0x75e0ffff</arg>
	</msg>
	<!-- Module loaded c:\windows\syswow64\sspicli.dll, address range [0x73e00000-0x73e1ffff], minimal analysis -->
	<msg id='87' source='mc'>
		<type>MODULE_LOAD_NO_ANALYSIS</type>
		<severity>INFO</severity>
		<timestamp>Thu Oct 31 11:26:08 2019</timestamp>
		<arg name='path'>c:\windows\syswow64\sspicli.dll</arg>
		<arg name='addr1'>0x73e00000</arg>
		<arg name='addr2'>0x73e1ffff</arg>
	</msg>
	<!-- Module loaded c:\windows\syswow64\cryptbase.dll, address range [0x73df0000-0x73df9fff] -->
	<msg id='88' source='mc'>
		<type>MODULE_LOAD</type>
		<severity>INFO</severity>
		<timestamp>Thu Oct 31 11:26:08 2019</timestamp>
		<arg name='path'>c:\windows\syswow64\cryptbase.dll</arg>
		<arg name='addr1'>0x73df0000</arg>
		<arg name='addr2'>0x73df9fff</arg>
	</msg>
	<!-- Module loaded c:\windows\syswow64\bcryptprimitives.dll, address range [0x74a40000-0x74a97fff], minimal analysis -->
	<msg id='89' source='mc'>
		<type>MODULE_LOAD_NO_ANALYSIS</type>
		<severity>INFO</severity>
		<timestamp>Thu Oct 31 11:26:08 2019</timestamp>
		<arg name='path'>c:\windows\syswow64\bcryptprimitives.dll</arg>
		<arg name='addr1'>0x74a40000</arg>
		<arg name='addr2'>0x74a97fff</arg>
	</msg>
	<!-- DIAG: 9 -->
	<!-- Heartbeat, tids = 10932,1968,7624, syscallStatus = 1,1,1, calls = 3331,468,59 -->
	<msg id='90' display='false' source='mc'>
		<type>HEARTBEAT</type>
		<severity>INFO</severity>
		<timestamp>Thu Oct 31 11:26:08 2019</timestamp>
		<arg name='tids'>10932,1968,7624</arg>
		<arg name='syscalls'>1,1,1</arg>
		<arg name='calls'>3331,468,59</arg>
	</msg>
	<!-- Module loaded c:\windows\syswow64\sechost.dll, address range [0x74680000-0x746c3fff] -->
	<msg id='91' source='mc'>
		<type>MODULE_LOAD</type>
		<severity>INFO</severity>
		<timestamp>Thu Oct 31 11:26:08 2019</timestamp>
		<arg name='path'>c:\windows\syswow64\sechost.dll</arg>
		<arg name='addr1'>0x74680000</arg>
		<arg name='addr2'>0x746c3fff</arg>
	</msg>
	<!-- DIAG: 10 -->
	<!-- DIAG: 11 -->
	<!-- DIAG: 12 -->
	<!-- Process c:\users\volosov\source\repos\ips_lab2\debug\ips_lab2.exe exited with code 0. Leak analysis starting - this may take a while. -->
	<msg id='92' source='mc'>
		<type>PROCESS_COMPLETE</type>
		<severity>INFO</severity>
		<timestamp>Thu Oct 31 11:26:09 2019</timestamp>
		<arg name='path'>c:\users\volosov\source\repos\ips_lab2\debug\ips_lab2.exe</arg>
		<arg name='code'>0</arg>
	</msg>
	<!-- Module unloaded C:\Users\Volosov\source\repos\IPS_lab2\Debug\IPS_lab2.exe -->
	<msg id='93' source='mc'>
		<type>MODULE_UNLOAD</type>
		<severity>INFO</severity>
		<timestamp>Thu Oct 31 11:26:09 2019</timestamp>
		<arg name='path'>C:\Users\Volosov\source\repos\IPS_lab2\Debug\IPS_lab2.exe</arg>
	</msg>
	<!-- Module unloaded C:\Windows\SysWOW64\KernelBase.dll -->
	<msg id='94' source='mc'>
		<type>MODULE_UNLOAD</type>
		<severity>INFO</severity>
		<timestamp>Thu Oct 31 11:26:09 2019</timestamp>
		<arg name='path'>C:\Windows\SysWOW64\KernelBase.dll</arg>
	</msg>
	<!-- Module unloaded C:\Windows\SysWOW64\kernel32.dll -->
	<msg id='95' source='mc'>
		<type>MODULE_UNLOAD</type>
		<severity>INFO</severity>
		<timestamp>Thu Oct 31 11:26:09 2019</timestamp>
		<arg name='path'>C:\Windows\SysWOW64\kernel32.dll</arg>
	</msg>
	<!-- Module unloaded C:\Windows\SysWOW64\ntdll.dll -->
	<msg id='96' source='mc'>
		<type>MODULE_UNLOAD</type>
		<severity>INFO</severity>
		<timestamp>Thu Oct 31 11:26:09 2019</timestamp>
		<arg name='path'>C:\Windows\SysWOW64\ntdll.dll</arg>
	</msg>
	<!-- Module unloaded C:\Windows\SysWOW64\ucrtbased.dll -->
	<msg id='97' source='mc'>
		<type>MODULE_UNLOAD</type>
		<severity>INFO</severity>
		<timestamp>Thu Oct 31 11:26:09 2019</timestamp>
		<arg name='path'>C:\Windows\SysWOW64\ucrtbased.dll</arg>
	</msg>
	<!-- Module unloaded C:\Windows\SysWOW64\vcruntime140d.dll -->
	<msg id='98' source='mc'>
		<type>MODULE_UNLOAD</type>
		<severity>INFO</severity>
		<timestamp>Thu Oct 31 11:26:09 2019</timestamp>
		<arg name='path'>C:\Windows\SysWOW64\vcruntime140d.dll</arg>
	</msg>
	<!-- Module unloaded C:\Program Files (x86)\IntelSWTools\compilers_and_libraries_2019.5.281\windows\redist\ia32_win\compiler\cilkrts20.dll -->
	<msg id='99' source='mc'>
		<type>MODULE_UNLOAD</type>
		<severity>INFO</severity>
		<timestamp>Thu Oct 31 11:26:09 2019</timestamp>
		<arg name='path'>C:\Program Files (x86)\IntelSWTools\compilers_and_libraries_2019.5.281\windows\redist\ia32_win\compiler\cilkrts20.dll</arg>
	</msg>
	<!-- Module unloaded C:\Windows\SysWOW64\user32.dll -->
	<msg id='100' source='mc'>
		<type>MODULE_UNLOAD</type>
		<severity>INFO</severity>
		<timestamp>Thu Oct 31 11:26:09 2019</timestamp>
		<arg name='path'>C:\Windows\SysWOW64\user32.dll</arg>
	</msg>
	<!-- Module unloaded C:\Windows\SysWOW64\win32u.dll -->
	<msg id='101' source='mc'>
		<type>MODULE_UNLOAD</type>
		<severity>INFO</severity>
		<timestamp>Thu Oct 31 11:26:09 2019</timestamp>
		<arg name='path'>C:\Windows\SysWOW64\win32u.dll</arg>
	</msg>
	<!-- Module unloaded C:\Windows\SysWOW64\gdi32.dll -->
	<msg id='102' source='mc'>
		<type>MODULE_UNLOAD</type>
		<severity>INFO</severity>
		<timestamp>Thu Oct 31 11:26:09 2019</timestamp>
		<arg name='path'>C:\Windows\SysWOW64\gdi32.dll</arg>
	</msg>
	<!-- Module unloaded C:\Windows\SysWOW64\gdi32full.dll -->
	<msg id='103' source='mc'>
		<type>MODULE_UNLOAD</type>
		<severity>INFO</severity>
		<timestamp>Thu Oct 31 11:26:09 2019</timestamp>
		<arg name='path'>C:\Windows\SysWOW64\gdi32full.dll</arg>
	</msg>
	<!-- Module unloaded C:\Windows\SysWOW64\msvcp_win.dll -->
	<msg id='104' source='mc'>
		<type>MODULE_UNLOAD</type>
		<severity>INFO</severity>
		<timestamp>Thu Oct 31 11:26:09 2019</timestamp>
		<arg name='path'>C:\Windows\SysWOW64\msvcp_win.dll</arg>
	</msg>
	<!-- Module unloaded C:\Windows\SysWOW64\ucrtbase.dll -->
	<msg id='105' source='mc'>
		<type>MODULE_UNLOAD</type>
		<severity>INFO</severity>
		<timestamp>Thu Oct 31 11:26:09 2019</timestamp>
		<arg name='path'>C:\Windows\SysWOW64\ucrtbase.dll</arg>
	</msg>
	<!-- Module unloaded C:\Windows\SysWOW64\msvcp140d.dll -->
	<msg id='106' source='mc'>
		<type>MODULE_UNLOAD</type>
		<severity>INFO</severity>
		<timestamp>Thu Oct 31 11:26:09 2019</timestamp>
		<arg name='path'>C:\Windows\SysWOW64\msvcp140d.dll</arg>
	</msg>
	<!-- Module unloaded C:\Windows\SysWOW64\imm32.dll -->
	<msg id='107' source='mc'>
		<type>MODULE_UNLOAD</type>
		<severity>INFO</severity>
		<timestamp>Thu Oct 31 11:26:09 2019</timestamp>
		<arg name='path'>C:\Windows\SysWOW64\imm32.dll</arg>
	</msg>
	<!-- Module unloaded C:\Program Files (x86)\IntelSWTools\Inspector 2019\bin32\runtime\libittnotify.dll -->
	<msg id='108' source='mc'>
		<type>MODULE_UNLOAD</type>
		<severity>INFO</severity>
		<timestamp>Thu Oct 31 11:26:09 2019</timestamp>
		<arg name='path'>C:\Program Files (x86)\IntelSWTools\Inspector 2019\bin32\runtime\libittnotify.dll</arg>
	</msg>
	<!-- Module unloaded C:\Windows\SysWOW64\kernel.appcore.dll -->
	<msg id='109' source='mc'>
		<type>MODULE_UNLOAD</type>
		<severity>INFO</severity>
		<timestamp>Thu Oct 31 11:26:09 2019</timestamp>
		<arg name='path'>C:\Windows\SysWOW64\kernel.appcore.dll</arg>
	</msg>
	<!-- Module unloaded C:\Windows\SysWOW64\msvcrt.dll -->
	<msg id='110' source='mc'>
		<type>MODULE_UNLOAD</type>
		<severity>INFO</severity>
		<timestamp>Thu Oct 31 11:26:09 2019</timestamp>
		<arg name='path'>C:\Windows\SysWOW64\msvcrt.dll</arg>
	</msg>
	<!-- Module unloaded C:\Windows\SysWOW64\rpcrt4.dll -->
	<msg id='111' source='mc'>
		<type>MODULE_UNLOAD</type>
		<severity>INFO</severity>
		<timestamp>Thu Oct 31 11:26:09 2019</timestamp>
		<arg name='path'>C:\Windows\SysWOW64\rpcrt4.dll</arg>
	</msg>
	<!-- Module unloaded C:\Windows\SysWOW64\sspicli.dll -->
	<msg id='112' source='mc'>
		<type>MODULE_UNLOAD</type>
		<severity>INFO</severity>
		<timestamp>Thu Oct 31 11:26:09 2019</timestamp>
		<arg name='path'>C:\Windows\SysWOW64\sspicli.dll</arg>
	</msg>
	<!-- Module unloaded C:\Windows\SysWOW64\cryptbase.dll -->
	<msg id='113' source='mc'>
		<type>MODULE_UNLOAD</type>
		<severity>INFO</severity>
		<timestamp>Thu Oct 31 11:26:09 2019</timestamp>
		<arg name='path'>C:\Windows\SysWOW64\cryptbase.dll</arg>
	</msg>
	<!-- Module unloaded C:\Windows\SysWOW64\bcryptprimitives.dll -->
	<msg id='114' source='mc'>
		<type>MODULE_UNLOAD</type>
		<severity>INFO</severity>
		<timestamp>Thu Oct 31 11:26:09 2019</timestamp>
		<arg name='path'>C:\Windows\SysWOW64\bcryptprimitives.dll</arg>
	</msg>
	<!-- Module unloaded C:\Windows\SysWOW64\sechost.dll -->
	<msg id='115' source='mc'>
		<type>MODULE_UNLOAD</type>
		<severity>INFO</severity>
		<timestamp>Thu Oct 31 11:26:09 2019</timestamp>
		<arg name='path'>C:\Windows\SysWOW64\sechost.dll</arg>
	</msg>
	<!-- DIAG: 13 -->
	<!-- Analysis completed for c:\users\volosov\source\repos\ips_lab2\debug\ips_lab2.exe -->
	<msg id='116' source='mc'>
		<type>ANALYSIS_COMPLETE</type>
		<severity>INFO</severity>
		<timestamp>Thu Oct 31 11:26:09 2019</timestamp>
		<arg name='path'>c:\users\volosov\source\repos\ips_lab2\debug\ips_lab2.exe</arg>
	</msg>