
13092 : 0x10ad47cf52 : 1 : spill_jit_data :  Jit agent is not initialized
13092 : 0x10ad47d1be : 2 : ittapi_config_mask_get :  --itt-config mask to be applied: 55
13092 : 0x10ad47d1d5 : 2 : ittapi_config_apply_per_lib :  ITTAPI function instrumented: __itt_domain_createA
13092 : 0x10ad47d1dd : 2 : ittapi_config_apply_per_lib :  ITTAPI function instrumented: __itt_domain_createW
13092 : 0x10ad47d20d : 2 : ittapi_config_apply_per_lib :  ITTAPI function instrumented: __itt_string_handle_createA
13092 : 0x10ad47d212 : 2 : ittapi_config_apply_per_lib :  ITTAPI function instrumented: __itt_string_handle_createW
13092 : 0x10ad47d218 : 2 : ittapi_config_apply_per_lib :  ITTAPI function instrumented: __itt_counter_createA
13092 : 0x10ad47d21d : 2 : ittapi_config_apply_per_lib :  ITTAPI function instrumented: __itt_counter_createW
13092 : 0x10ad47d222 : 2 : ittapi_config_apply_per_lib :  ITTAPI function instrumented: __itt_counter_create_typedA
13092 : 0x10ad47d228 : 2 : ittapi_config_apply_per_lib :  ITTAPI function instrumented: __itt_counter_create_typedW
13092 : 0x10ad47d35d : 2 : ittapi_config_apply_per_lib :  ITTAPI function instrumented: __itt_pause
13092 : 0x10ad47d364 : 2 : ittapi_config_apply_per_lib :  ITTAPI function instrumented: __itt_resume
13092 : 0x10ad47d36a : 2 : ittapi_config_apply_per_lib :  ITTAPI function instrumented: __itt_thread_set_nameA
13092 : 0x10ad47d39b : 2 : ittapi_config_apply_per_lib :  ITTAPI function instrumented: __itt_thread_set_nameW
13092 : 0x10ad47d3a0 : 2 : ittapi_config_apply_per_lib :  ITTAPI function instrumented: __itt_thread_ignore
13092 : 0x10ad47d3a6 : 2 : ittapi_config_apply_per_lib :  ITTAPI function instrumented: __itt_thr_name_setA
13092 : 0x10ad47d3ab : 2 : ittapi_config_apply_per_lib :  ITTAPI function instrumented: __itt_thr_name_setW
13092 : 0x10ad47d3b1 : 2 : ittapi_config_apply_per_lib :  ITTAPI function instrumented: __itt_thr_ignore
13092 : 0x10ad47d3e8 : 2 : ittapi_config_apply_per_lib :  ITTAPI function not implemented: __itt_enable_attach
13092 : 0x10ad47d3ee : 2 : ittapi_config_apply_per_lib :  ITTAPI function instrumented: __itt_detach
13092 : 0x10ad47d403 : 2 : ittapi_config_apply_per_lib :  ITTAPI function NOT instrumented (not matched by --itt-config option): __itt_sync_createA

13092 : 0x10ad47d40a : 2 : ittapi_config_apply_per_lib :  ITTAPI function NOT instrumented (not matched by --itt-config option): __itt_sync_createW

13092 : 0x10ad47d411 : 2 : ittapi_config_apply_per_lib :  ITTAPI function NOT instrumented (not matched by --itt-config option): __itt_sync_renameA

13092 : 0x10ad47d442 : 2 : ittapi_config_apply_per_lib :  ITTAPI function NOT instrumented (not matched by --itt-config option): __itt_sync_renameW

13092 : 0x10ad47d448 : 2 : ittapi_config_apply_per_lib :  ITTAPI function NOT instrumented (not matched by --itt-config option): __itt_sync_destroy

13092 : 0x10ad47d44d : 2 : ittapi_config_apply_per_lib :  ITTAPI function NOT instrumented (not matched by --itt-config option): __itt_sync_prepare

13092 : 0x10ad47d453 : 2 : ittapi_config_apply_per_lib :  ITTAPI function NOT instrumented (not matched by --itt-config option): __itt_sync_cancel

13092 : 0x10ad47d459 : 2 : ittapi_config_apply_per_lib :  ITTAPI function NOT instrumented (not matched by --itt-config option): __itt_sync_acquired

13092 : 0x10ad47d45f : 2 : ittapi_config_apply_per_lib :  ITTAPI function NOT instrumented (not matched by --itt-config option): __itt_sync_releasing

13092 : 0x10ad47d467 : 2 : ittapi_config_apply_per_lib :  ITTAPI function not implemented: __itt_suppress_push
13092 : 0x10ad47d474 : 2 : ittapi_config_apply_per_lib :  ITTAPI function not implemented: __itt_suppress_pop
13092 : 0x10ad47d47a : 2 : ittapi_config_apply_per_lib :  ITTAPI function not implemented: __itt_suppress_mark_range
13092 : 0x10ad47d480 : 2 : ittapi_config_apply_per_lib :  ITTAPI function not implemented: __itt_suppress_clear_range
13092 : 0x10ad47d484 : 2 : ittapi_config_apply_per_lib :  ITTAPI function NOT instrumented (not matched by --itt-config option): __itt_sync_prepare

13092 : 0x10ad47d48a : 2 : ittapi_config_apply_per_lib :  ITTAPI function NOT instrumented (not matched by --itt-config option): __itt_sync_cancel

13092 : 0x10ad47d490 : 2 : ittapi_config_apply_per_lib :  ITTAPI function NOT instrumented (not matched by --itt-config option): __itt_sync_acquired

13092 : 0x10ad47d496 : 2 : ittapi_config_apply_per_lib :  ITTAPI function NOT instrumented (not matched by --itt-config option): __itt_sync_releasing

13092 : 0x10ad47d49c : 2 : ittapi_config_apply_per_lib :  ITTAPI function not implemented: __itt_model_site_begin
13092 : 0x10ad47d4a2 : 2 : ittapi_config_apply_per_lib :  ITTAPI function not implemented: __itt_model_site_end
13092 : 0x10ad47d4a8 : 2 : ittapi_config_apply_per_lib :  ITTAPI function not implemented: __itt_model_task_begin
13092 : 0x10ad47d4e8 : 2 : ittapi_config_apply_per_lib :  ITTAPI function not implemented: __itt_model_task_end
13092 : 0x10ad47d4ef : 2 : ittapi_config_apply_per_lib :  ITTAPI function not implemented: __itt_model_lock_acquire
13092 : 0x10ad47d4f5 : 2 : ittapi_config_apply_per_lib :  ITTAPI function not implemented: __itt_model_lock_release
13092 : 0x10ad47d4fb : 2 : ittapi_config_apply_per_lib :  ITTAPI function not implemented: __itt_model_record_allocation
13092 : 0x10ad47d500 : 2 : ittapi_config_apply_per_lib :  ITTAPI function not implemented: __itt_model_record_deallocation
13092 : 0x10ad47d506 : 2 : ittapi_config_apply_per_lib :  ITTAPI function not implemented: __itt_model_induction_uses
13092 : 0x10ad47d50c : 2 : ittapi_config_apply_per_lib :  ITTAPI function not implemented: __itt_model_reduction_uses
13092 : 0x10ad47d511 : 2 : ittapi_config_apply_per_lib :  ITTAPI function not implemented: __itt_model_observe_uses
13092 : 0x10ad47d517 : 2 : ittapi_config_apply_per_lib :  ITTAPI function not implemented: __itt_model_clear_uses
13092 : 0x10ad47d51c : 2 : ittapi_config_apply_per_lib :  ITTAPI function not implemented: __itt_model_site_beginW
13092 : 0x10ad47d52c : 2 : ittapi_config_apply_per_lib :  ITTAPI function not implemented: __itt_model_task_beginW
13092 : 0x10ad47d532 : 2 : ittapi_config_apply_per_lib :  ITTAPI function not implemented: __itt_model_iteration_taskW
13092 : 0x10ad47d538 : 2 : ittapi_config_apply_per_lib :  ITTAPI function not implemented: __itt_model_site_beginA
13092 : 0x10ad47d53e : 2 : ittapi_config_apply_per_lib :  ITTAPI function not implemented: __itt_model_site_beginAL
13092 : 0x10ad47d543 : 2 : ittapi_config_apply_per_lib :  ITTAPI function not implemented: __itt_model_task_beginA
13092 : 0x10ad47d549 : 2 : ittapi_config_apply_per_lib :  ITTAPI function not implemented: __itt_model_task_beginAL
13092 : 0x10ad47d54e : 2 : ittapi_config_apply_per_lib :  ITTAPI function not implemented: __itt_model_iteration_taskA
13092 : 0x10ad47d554 : 2 : ittapi_config_apply_per_lib :  ITTAPI function not implemented: __itt_model_iteration_taskAL
13092 : 0x10ad47d559 : 2 : ittapi_config_apply_per_lib :  ITTAPI function not implemented: __itt_model_site_end_2
13092 : 0x10ad47d55f : 2 : ittapi_config_apply_per_lib :  ITTAPI function not implemented: __itt_model_task_end_2
13092 : 0x10ad47d56b : 2 : ittapi_config_apply_per_lib :  ITTAPI function not implemented: __itt_model_lock_acquire_2
13092 : 0x10ad47d571 : 2 : ittapi_config_apply_per_lib :  ITTAPI function not implemented: __itt_model_lock_release_2
13092 : 0x10ad47d576 : 2 : ittapi_config_apply_per_lib :  ITTAPI function not implemented: __itt_model_aggregate_task
13092 : 0x10ad47d57c : 2 : ittapi_config_apply_per_lib :  ITTAPI function not implemented: __itt_model_disable_push
13092 : 0x10ad47d581 : 2 : ittapi_config_apply_per_lib :  ITTAPI function not implemented: __itt_model_disable_pop
13092 : 0x10ad47d587 : 2 : ittapi_config_apply_per_lib :  ITTAPI function instrumented: __itt_heap_function_createA
13092 : 0x10ad47d58c : 2 : ittapi_config_apply_per_lib :  ITTAPI function instrumented: __itt_heap_function_createW
13092 : 0x10ad47d591 : 2 : ittapi_config_apply_per_lib :  ITTAPI function instrumented: __itt_heap_allocate_begin
13092 : 0x10ad47d597 : 2 : ittapi_config_apply_per_lib :  ITTAPI function instrumented: __itt_heap_allocate_end
13092 : 0x10ad47d59c : 2 : ittapi_config_apply_per_lib :  ITTAPI function instrumented: __itt_heap_free_begin
13092 : 0x10ad47d5ac : 2 : ittapi_config_apply_per_lib :  ITTAPI function instrumented: __itt_heap_free_end
13092 : 0x10ad47d5b1 : 2 : ittapi_config_apply_per_lib :  ITTAPI function instrumented: __itt_heap_reallocate_begin
13092 : 0x10ad47d5b7 : 2 : ittapi_config_apply_per_lib :  ITTAPI function instrumented: __itt_heap_reallocate_end
13092 : 0x10ad47d5bd : 2 : ittapi_config_apply_per_lib :  ITTAPI function not implemented: __itt_heap_internal_access_begin
13092 : 0x10ad47d5c3 : 2 : ittapi_config_apply_per_lib :  ITTAPI function not implemented: __itt_heap_internal_access_end
13092 : 0x10ad47d5c9 : 2 : ittapi_config_apply_per_lib :  ITTAPI function not implemented: __itt_heap_record_memory_growth_begin
13092 : 0x10ad47d5cf : 2 : ittapi_config_apply_per_lib :  ITTAPI function not implemented: __itt_heap_record_memory_growth_end
13092 : 0x10ad47d5d5 : 2 : ittapi_config_apply_per_lib :  ITTAPI function not implemented: __itt_heap_reset_detection
13092 : 0x10ad47d5da : 2 : ittapi_config_apply_per_lib :  ITTAPI function not implemented: __itt_heap_record
13092 : 0x10ad47d5e0 : 2 : ittapi_config_apply_per_lib :  ITTAPI function not implemented: __itt_id_create
13092 : 0x10ad47d5ee : 2 : ittapi_config_apply_per_lib :  ITTAPI function not implemented: __itt_id_destroy
13092 : 0x10ad47d5f3 : 2 : ittapi_config_apply_per_lib :  ITTAPI function instrumented: __itt_get_timestamp
13092 : 0x10ad47d5f9 : 2 : ittapi_config_apply_per_lib :  ITTAPI function not implemented: __itt_region_begin
13092 : 0x10ad47d5fe : 2 : ittapi_config_apply_per_lib :  ITTAPI function not implemented: __itt_region_end
13092 : 0x10ad47d604 : 2 : ittapi_config_apply_per_lib :  ITTAPI function instrumented: __itt_frame_begin_v3
13092 : 0x10ad47d609 : 2 : ittapi_config_apply_per_lib :  ITTAPI function instrumented: __itt_frame_end_v3
13092 : 0x10ad47d60e : 2 : ittapi_config_apply_per_lib :  ITTAPI function instrumented: __itt_frame_submit_v3
13092 : 0x10ad47d614 : 2 : ittapi_config_apply_per_lib :  ITTAPI function not implemented: __itt_task_group
13092 : 0x10ad47d61a : 2 : ittapi_config_apply_per_lib :  ITTAPI function instrumented: __itt_task_begin
13092 : 0x10ad47d61f : 2 : ittapi_config_apply_per_lib :  ITTAPI function instrumented: __itt_task_begin_fn
13092 : 0x10ad47d62b : 2 : ittapi_config_apply_per_lib :  ITTAPI function instrumented: __itt_task_end
13092 : 0x10ad47d631 : 2 : ittapi_config_apply_per_lib :  ITTAPI function not implemented: __itt_counter_inc_v3
13092 : 0x10ad47d637 : 2 : ittapi_config_apply_per_lib :  ITTAPI function not implemented: __itt_counter_inc_delta_v3
13092 : 0x10ad47d63d : 2 : ittapi_config_apply_per_lib :  ITTAPI function not implemented: __itt_counter_dec_v3
13092 : 0x10ad47d643 : 2 : ittapi_config_apply_per_lib :  ITTAPI function not implemented: __itt_counter_dec_delta_v3
13092 : 0x10ad47d648 : 2 : ittapi_config_apply_per_lib :  ITTAPI function not implemented: __itt_marker
13092 : 0x10ad47d64d : 2 : ittapi_config_apply_per_lib :  ITTAPI function instrumented: __itt_metadata_add
13092 : 0x10ad47d653 : 2 : ittapi_config_apply_per_lib :  ITTAPI function not implemented: __itt_metadata_str_addA
13092 : 0x10ad47d659 : 2 : ittapi_config_apply_per_lib :  ITTAPI function not implemented: __itt_metadata_str_addW
13092 : 0x10ad47d65e : 2 : ittapi_config_apply_per_lib :  ITTAPI function not implemented: __itt_relation_add_to_current
13092 : 0x10ad47d66a : 2 : ittapi_config_apply_per_lib :  ITTAPI function not implemented: __itt_relation_add
13092 : 0x10ad47d670 : 2 : ittapi_config_apply_per_lib :  ITTAPI function instrumented: __itt_event_createA
13092 : 0x10ad47d675 : 2 : ittapi_config_apply_per_lib :  ITTAPI function instrumented: __itt_event_createW
13092 : 0x10ad47d67a : 2 : ittapi_config_apply_per_lib :  ITTAPI function instrumented: __itt_event_start
13092 : 0x10ad47d67f : 2 : ittapi_config_apply_per_lib :  ITTAPI function instrumented: __itt_event_end
13092 : 0x10ad47d684 : 2 : ittapi_config_apply_per_lib :  ITTAPI function NOT instrumented (not matched by --itt-config option): __itt_sync_set_nameA

13092 : 0x10ad47d68a : 2 : ittapi_config_apply_per_lib :  ITTAPI function NOT instrumented (not matched by --itt-config option): __itt_sync_set_nameW

13092 : 0x10ad47d68f : 2 : ittapi_config_apply_per_lib :  ITTAPI function NOT instrumented (not matched by --itt-config option): __itt_notify_sync_nameA

13092 : 0x10ad47d695 : 2 : ittapi_config_apply_per_lib :  ITTAPI function NOT instrumented (not matched by --itt-config option): __itt_notify_sync_nameW

13092 : 0x10ad47d69b : 2 : ittapi_config_apply_per_lib :  ITTAPI function NOT instrumented (not matched by --itt-config option): __itt_notify_sync_prepare

13092 : 0x10ad47d6ab : 2 : ittapi_config_apply_per_lib :  ITTAPI function NOT instrumented (not matched by --itt-config option): __itt_notify_sync_cancel

13092 : 0x10ad47d6b1 : 2 : ittapi_config_apply_per_lib :  ITTAPI function NOT instrumented (not matched by --itt-config option): __itt_notify_sync_acquired

13092 : 0x10ad47d6b7 : 2 : ittapi_config_apply_per_lib :  ITTAPI function NOT instrumented (not matched by --itt-config option): __itt_notify_sync_releasing

13092 : 0x10ad47d6be : 2 : ittapi_config_apply_per_lib :  ITTAPI function not implemented: __itt_memory_read
13092 : 0x10ad47d6c4 : 2 : ittapi_config_apply_per_lib :  ITTAPI function not implemented: __itt_memory_write
13092 : 0x10ad47d6c9 : 2 : ittapi_config_apply_per_lib :  ITTAPI function not implemented: __itt_memory_update
13092 : 0x10ad47d6cf : 2 : ittapi_config_apply_per_lib :  ITTAPI function not implemented: __itt_state_get
13092 : 0x10ad47d6d5 : 2 : ittapi_config_apply_per_lib :  ITTAPI function not implemented: __itt_state_set
13092 : 0x10ad47d6da : 2 : ittapi_config_apply_per_lib :  ITTAPI function not implemented: __itt_obj_mode_set
13092 : 0x10ad47d6e0 : 2 : ittapi_config_apply_per_lib :  ITTAPI function not implemented: __itt_thr_mode_set
13092 : 0x10ad47d6ee : 2 : ittapi_config_apply_per_lib :  ITTAPI function instrumented: __itt_frame_createA
13092 : 0x10ad47d6f3 : 2 : ittapi_config_apply_per_lib :  ITTAPI function instrumented: __itt_frame_createW
13092 : 0x10ad47d6f8 : 2 : ittapi_config_apply_per_lib :  ITTAPI function instrumented: __itt_frame_begin
13092 : 0x10ad47d6fd : 2 : ittapi_config_apply_per_lib :  ITTAPI function instrumented: __itt_frame_end
13092 : 0x10ad47d703 : 2 : ittapi_config_apply_per_lib :  ITTAPI function not implemented: __itt_counter_destroy
13092 : 0x10ad47d709 : 2 : ittapi_config_apply_per_lib :  ITTAPI function instrumented: __itt_counter_inc
13092 : 0x10ad47d70e : 2 : ittapi_config_apply_per_lib :  ITTAPI function instrumented: __itt_counter_inc_delta
13092 : 0x10ad47d713 : 2 : ittapi_config_apply_per_lib :  ITTAPI function instrumented: __itt_counter_dec
13092 : 0x10ad47d718 : 2 : ittapi_config_apply_per_lib :  ITTAPI function instrumented: __itt_counter_dec_delta
13092 : 0x10ad47d71e : 2 : ittapi_config_apply_per_lib :  ITTAPI function instrumented: __itt_counter_set_value
13092 : 0x10ad47d72a : 2 : ittapi_config_apply_per_lib :  ITTAPI function not implemented: __itt_counter_set_value_ex
13092 : 0x10ad47d730 : 2 : ittapi_config_apply_per_lib :  ITTAPI function not implemented: __itt_mark_createA
13092 : 0x10ad47d735 : 2 : ittapi_config_apply_per_lib :  ITTAPI function not implemented: __itt_mark_createW
13092 : 0x10ad47d73b : 2 : ittapi_config_apply_per_lib :  ITTAPI function not implemented: __itt_markA
13092 : 0x10ad47d740 : 2 : ittapi_config_apply_per_lib :  ITTAPI function not implemented: __itt_markW
13092 : 0x10ad47d745 : 2 : ittapi_config_apply_per_lib :  ITTAPI function not implemented: __itt_mark_off
13092 : 0x10ad47d74b : 2 : ittapi_config_apply_per_lib :  ITTAPI function not implemented: __itt_mark_globalA
13092 : 0x10ad47d750 : 2 : ittapi_config_apply_per_lib :  ITTAPI function not implemented: __itt_mark_globalW
13092 : 0x10ad47d755 : 2 : ittapi_config_apply_per_lib :  ITTAPI function not implemented: __itt_mark_global_off
13092 : 0x10ad47d75b : 2 : ittapi_config_apply_per_lib :  ITTAPI function instrumented: __itt_stack_caller_create
13092 : 0x10ad47d794 : 2 : ittapi_config_apply_per_lib :  ITTAPI function instrumented: __itt_stack_caller_destroy
13092 : 0x10ad47d79a : 2 : ittapi_config_apply_per_lib :  ITTAPI function instrumented: __itt_stack_callee_enter
13092 : 0x10ad47d7a0 : 2 : ittapi_config_apply_per_lib :  ITTAPI function instrumented: __itt_stack_callee_leave
13092 : 0x10ad47d7a6 : 2 : ittapi_config_apply_per_lib :  ITTAPI function not implemented: __itt_clock_domain_create
13092 : 0x10ad47d7ac : 2 : ittapi_config_apply_per_lib :  ITTAPI function not implemented: __itt_clock_domain_reset
13092 : 0x10ad47d7b1 : 2 : ittapi_config_apply_per_lib :  ITTAPI function not implemented: __itt_id_create_ex
13092 : 0x10ad47d7b7 : 2 : ittapi_config_apply_per_lib :  ITTAPI function not implemented: __itt_id_destroy_ex
13092 : 0x10ad47d7bd : 2 : ittapi_config_apply_per_lib :  ITTAPI function not implemented: __itt_task_begin_ex
13092 : 0x10ad47d7c3 : 2 : ittapi_config_apply_per_lib :  ITTAPI function not implemented: __itt_task_begin_fn_ex
13092 : 0x10ad47d7c9 : 2 : ittapi_config_apply_per_lib :  ITTAPI function not implemented: __itt_task_end_ex
13092 : 0x10ad47d7d7 : 2 : ittapi_config_apply_per_lib :  ITTAPI function instrumented: __itt_task_begin_overlapped
13092 : 0x10ad47d7dd : 2 : ittapi_config_apply_per_lib :  ITTAPI function not implemented: __itt_task_begin_overlapped_ex
13092 : 0x10ad47d7e3 : 2 : ittapi_config_apply_per_lib :  ITTAPI function instrumented: __itt_task_end_overlapped
13092 : 0x10ad47d7e9 : 2 : ittapi_config_apply_per_lib :  ITTAPI function not implemented: __itt_task_end_overlapped_ex
13092 : 0x10ad47d7ee : 2 : ittapi_config_apply_per_lib :  ITTAPI function not implemented: __itt_marker_ex
13092 : 0x10ad47d7f4 : 2 : ittapi_config_apply_per_lib :  ITTAPI function not implemented: __itt_metadata_add_with_scope
13092 : 0x10ad47d7fa : 2 : ittapi_config_apply_per_lib :  ITTAPI function not implemented: __itt_metadata_str_add_with_scopeA
13092 : 0x10ad47d800 : 2 : ittapi_config_apply_per_lib :  ITTAPI function not implemented: __itt_metadata_str_add_with_scopeW
13092 : 0x10ad47d806 : 2 : ittapi_config_apply_per_lib :  ITTAPI function not implemented: __itt_relation_add_to_current_ex
13092 : 0x10ad47d80c : 2 : ittapi_config_apply_per_lib :  ITTAPI function not implemented: __itt_relation_add_ex
13092 : 0x10ad47d818 : 2 : ittapi_config_apply_per_lib :  ITTAPI function not implemented: __itt_track_group_create
13092 : 0x10ad47d81d : 2 : ittapi_config_apply_per_lib :  ITTAPI function not implemented: __itt_track_create
13092 : 0x10ad47d823 : 2 : ittapi_config_apply_per_lib :  ITTAPI function not implemented: __itt_set_track
13092 : 0x10ad47d828 : 2 : ittapi_config_apply_per_lib :  ITTAPI function instrumented: __itt_api_version
13092 : 0x10ad47d82e : 2 : ittapi_config_apply_per_lib :  ITTAPI function not implemented: __itt_av_saveA
13092 : 0x10ad47d833 : 2 : ittapi_config_apply_per_lib :  ITTAPI function not implemented: __itt_av_saveW
13092 : 0x10ad47d839 : 2 : ittapi_config_apply_per_lib :  ITTAPI function instrumented: __itt_module_loadA
13092 : 0x10ad47d83e : 2 : ittapi_config_apply_per_lib :  ITTAPI function instrumented: __itt_module_loadW