<?xml version="1.0" encoding="utf-8"?>
<log version="1.0" tool="runtool">

<msg id="1" tool="runtool">
  <type>log-start</type>
  <arg>2019/11/29 13:08:13</arg>
</msg>
<msg id="2" tool="runtool">
  <type>collector-starts</type>
</msg>
<msg id="3" tool="runtool">
  <type>marker-file</type>
  <arg>C:\Users\Volosov\source\repos\IPS_Integrals\IPS_Integrals\My Inspector Results - IPS_Integrals\r001mi3\r001mi3.inspxe</arg>
</msg>
<msg id="4" tool="mc">
  <type>EXEC_OF_INTEREST</type>
  <arg>c:\users\volosov\source\repos\ips_integrals\release\ips_integrals.exe</arg>
  <arg>12404</arg>
  <severity>INFO</severity>
  <timestamp>Fri Nov 29 13:08:13 2019</timestamp>
</msg>
<msg id="5" tool="mc">
  <type>MODULE_LOAD</type>
  <arg>c:\users\volosov\source\repos\ips_integrals\release\ips_integrals.exe</arg>
  <arg>0x1180000</arg>
  <arg>0x1192fff</arg>
  <severity>INFO</severity>
  <timestamp>Fri Nov 29 13:08:13 2019</timestamp>
</msg>
<msg id="6" tool="mc">
  <type>MODULE_LOAD</type>
  <arg>c:\windows\syswow64\kernel32.dll</arg>
  <arg>0x74d40000</arg>
  <arg>0x74e1ffff</arg>
  <severity>INFO</severity>
  <timestamp>Fri Nov 29 13:08:13 2019</timestamp>
</msg>
<msg id="7" tool="mc">
  <type>MODULE_LOAD</type>
  <arg>c:\windows\syswow64\kernelbase.dll</arg>
  <arg>0x77370000</arg>
  <arg>0x77553fff</arg>
  <severity>INFO</severity>
  <timestamp>Fri Nov 29 13:08:13 2019</timestamp>
</msg>
<msg id="8" tool="mc">
  <type>MODULE_LOAD</type>
  <arg>c:\windows\syswow64\ntdll.dll</arg>
  <arg>0x778f0000</arg>
  <arg>0x77a7ffff</arg>
  <severity>INFO</severity>
  <timestamp>Fri Nov 29 13:08:13 2019</timestamp>
</msg>
<msg id="9" tool="mc">
  <type>MODULE_LOAD</type>
  <arg>c:\windows\syswow64\ucrtbase.dll</arg>
  <arg>0x775c0000</arg>
  <arg>0x776ddfff</arg>
  <severity>INFO</severity>
  <timestamp>Fri Nov 29 13:08:14 2019</timestamp>
</msg>
<msg id="10" tool="mc">
  <type>MODULE_LOAD</type>
  <arg>c:\windows\syswow64\vcruntime140.dll</arg>
  <arg>0x609c0000</arg>
  <arg>0x609d2fff</arg>
  <severity>INFO</severity>
  <timestamp>Fri Nov 29 13:08:14 2019</timestamp>
</msg>
<msg id="11" tool="mc">
  <type>MODULE_LOAD</type>
  <arg>c:\windows\syswow64\msvcp140.dll</arg>
  <arg>0x5f600000</arg>
  <arg>0x5f66efff</arg>
  <severity>INFO</severity>
  <timestamp>Fri Nov 29 13:08:14 2019</timestamp>
</msg>
<msg id="12" tool="mc">
  <type>MODULE_LOAD_NO_ANALYSIS</type>
  <arg>c:\program files (x86)\intelswtools\compilers_and_libraries_2019.5.281\windows\redist\ia32_win\compiler\cilkrts20.dll</arg>
  <arg>0xf040000</arg>
  <arg>0xf087fff</arg>
  <severity>INFO</severity>
  <timestamp>Fri Nov 29 13:08:14 2019</timestamp>
</msg>
<msg id="13" tool="mc">
  <type>MODULE_LOAD_NO_ANALYSIS</type>
  <arg>c:\windows\syswow64\user32.dll</arg>
  <arg>0x75780000</arg>
  <arg>0x7590cfff</arg>
  <severity>INFO</severity>
  <timestamp>Fri Nov 29 13:08:15 2019</timestamp>
</msg>
<msg id="14" tool="mc">
  <type>MODULE_LOAD</type>
  <arg>c:\windows\syswow64\win32u.dll</arg>
  <arg>0x74e70000</arg>
  <arg>0x74e86fff</arg>
  <severity>INFO</severity>
  <timestamp>Fri Nov 29 13:08:15 2019</timestamp>
</msg>
<msg id="15" tool="mc">
  <type>MODULE_LOAD</type>
  <arg>c:\windows\syswow64\gdi32.dll</arg>
  <arg>0x74a20000</arg>
  <arg>0x74a41fff</arg>
  <severity>INFO</severity>
  <timestamp>Fri Nov 29 13:08:15 2019</timestamp>
</msg>
<msg id="16" tool="mc">
  <type>MODULE_LOAD_NO_ANALYSIS</type>
  <arg>c:\windows\syswow64\gdi32full.dll</arg>
  <arg>0x744a0000</arg>
  <arg>0x74603fff</arg>
  <severity>INFO</severity>
  <timestamp>Fri Nov 29 13:08:15 2019</timestamp>
</msg>
<msg id="17" tool="mc">
  <type>MODULE_LOAD</type>
  <arg>c:\windows\syswow64\msvcp_win.dll</arg>
  <arg>0x76c60000</arg>
  <arg>0x76cdcfff</arg>
  <severity>INFO</severity>
  <timestamp>Fri Nov 29 13:08:15 2019</timestamp>
</msg>
<msg id="18" tool="mc">
  <type>MODULE_LOAD_NO_ANALYSIS</type>
  <arg>c:\windows\syswow64\imm32.dll</arg>
  <arg>0x749c0000</arg>
  <arg>0x749e5fff</arg>
  <severity>INFO</severity>
  <timestamp>Fri Nov 29 13:08:16 2019</timestamp>
</msg>
<msg id="19" tool="mc">
  <type>MODULE_LOAD_NO_ANALYSIS</type>
  <arg>c:\program files (x86)\intelswtools\inspector 2019\bin32\runtime\libittnotify.dll</arg>
  <arg>0xe590000</arg>
  <arg>0xe5bcfff</arg>
  <severity>INFO</severity>
  <timestamp>Fri Nov 29 13:08:17 2019</timestamp>
</msg>
<msg id="20" tool="mc">
  <type>MODULE_UNLOAD</type>
  <arg>C:\Program Files (x86)\IntelSWTools\Inspector 2019\bin32\runtime\libittnotify.dll</arg>
  <severity>INFO</severity>
  <timestamp>Fri Nov 29 13:08:17 2019</timestamp>
</msg>
<msg id="21" tool="mc">
  <type>MODULE_LOAD_NO_ANALYSIS</type>
  <arg>c:\program files (x86)\intelswtools\inspector 2019\bin32\runtime\libittnotify.dll</arg>
  <arg>0xf110000</arg>
  <arg>0xf13cfff</arg>
  <severity>INFO</severity>
  <timestamp>Fri Nov 29 13:08:17 2019</timestamp>
</msg>
<msg id="22" tool="mc">
  <type>HEARTBEAT</type>
  <arg>14928,15532,16360,10412</arg>
  <arg>0,1,1,1</arg>
  <arg>41425,1943,8642,808</arg>
  <severity>INFO</severity>
  <timestamp>Fri Nov 29 13:08:18 2019</timestamp>
</msg>
<msg id="23" tool="mc">
  <type>HEARTBEAT</type>
  <arg>14928,15532,16360,10412</arg>
  <arg>0,1,1,1</arg>
  <arg>0,0,0,0</arg>
  <severity>INFO</severity>
  <timestamp>Fri Nov 29 13:08:19 2019</timestamp>
</msg>
<msg id="24" tool="mc">
  <type>HEARTBEAT</type>
  <arg>14928,15532,16360,10412</arg>
  <arg>0,1,1,1</arg>
  <arg>0,0,0,0</arg>
  <severity>INFO</severity>
  <timestamp>Fri Nov 29 13:08:20 2019</timestamp>
</msg>
<msg id="25" tool="mc">
  <type>THREADNAME</type>
  <arg>10484</arg>
  <arg>Cilk Worker</arg>
  <severity>INFO</severity>
  <timestamp>Fri Nov 29 13:08:21 2019</timestamp>
</msg>
<msg id="26" tool="mc">
  <type>THREADNAME</type>
  <arg>16368</arg>
  <arg>Cilk Worker</arg>
  <severity>INFO</severity>
  <timestamp>Fri Nov 29 13:08:21 2019</timestamp>
</msg>
<msg id="27" tool="mc">
  <type>THREADNAME</type>
  <arg>4936</arg>
  <arg>Cilk Worker</arg>
  <severity>INFO</severity>
  <timestamp>Fri Nov 29 13:08:21 2019</timestamp>
</msg>
<msg id="28" tool="mc">
  <type>HEARTBEAT</type>
  <arg>14928,15532,16360,10412,10484,16368,4936</arg>
  <arg>0,1,1,1,0,0,0</arg>
  <arg>493440,0,0,0,206692,226905,179814</arg>
  <severity>INFO</severity>
  <timestamp>Fri Nov 29 13:08:21 2019</timestamp>
</msg>
<msg id="29" tool="mc">
  <type>HEARTBEAT</type>
  <arg>14928,15532,16360,10412,10484,16368,4936</arg>
  <arg>0,1,1,1,0,0,0</arg>
  <arg>897964,0,0,0,729957,676794,712322</arg>
  <severity>INFO</severity>
  <timestamp>Fri Nov 29 13:08:22 2019</timestamp>
</msg>
<msg id="30" tool="mc">
  <type>HEARTBEAT</type>
  <arg>14928,15532,16360,10412,10484,16368,4936</arg>
  <arg>1,1,1,1,1,1,1</arg>
  <arg>407940,0,0,0,331393,330114,329594</arg>
  <severity>INFO</severity>
  <timestamp>Fri Nov 29 13:08:23 2019</timestamp>
</msg>
<msg id="31" tool="mc">
  <type>HEARTBEAT</type>
  <arg>14928,15532,16360,10412,10484,16368,4936</arg>
  <arg>1,1,1,1,1,1,1</arg>
  <arg>0,0,0,0,0,0,0</arg>
  <severity>INFO</severity>
  <timestamp>Fri Nov 29 13:08:24 2019</timestamp>
</msg>
<msg id="32" tool="mc">
  <type>HEARTBEAT</type>
  <arg>14928,15532,16360,10412,10484,16368,4936</arg>
  <arg>1,1,1,1,1,1,1</arg>
  <arg>0,0,0,0,0,0,0</arg>
  <severity>INFO</severity>
  <timestamp>Fri Nov 29 13:08:25 2019</timestamp>
</msg>
<msg id="33" tool="mc">
  <type>HEARTBEAT</type>
  <arg>14928,15532,16360,10412,10484,16368,4936</arg>
  <arg>1,1,1,1,1,1,1</arg>
  <arg>0,0,0,0,0,0,0</arg>
  <severity>INFO</severity>
  <timestamp>Fri Nov 29 13:08:26 2019</timestamp>
</msg>
<msg id="34" tool="mc">
  <type>MODULE_LOAD</type>
  <arg>c:\windows\syswow64\kernel.appcore.dll</arg>
  <arg>0x74e90000</arg>
  <arg>0x74e9efff</arg>
  <severity>INFO</severity>
  <timestamp>Fri Nov 29 13:08:27 2019</timestamp>
</msg>
<msg id="35" tool="mc">
  <type>MODULE_LOAD</type>
  <arg>c:\windows\syswow64\msvcrt.dll</arg>
  <arg>0x75550000</arg>
  <arg>0x7560efff</arg>
  <severity>INFO</severity>
  <timestamp>Fri Nov 29 13:08:27 2019</timestamp>
</msg>
<msg id="36" tool="mc">
  <type>MODULE_LOAD</type>
  <arg>c:\windows\syswow64\rpcrt4.dll</arg>
  <arg>0x776f0000</arg>
  <arg>0x777affff</arg>
  <severity>INFO</severity>
  <timestamp>Fri Nov 29 13:08:27 2019</timestamp>
</msg>
<msg id="37" tool="mc">
  <type>MODULE_LOAD_NO_ANALYSIS</type>
  <arg>c:\windows\syswow64\sspicli.dll</arg>
  <arg>0x741b0000</arg>
  <arg>0x741cffff</arg>
  <severity>INFO</severity>
  <timestamp>Fri Nov 29 13:08:27 2019</timestamp>
</msg>
<msg id="38" tool="mc">
  <type>MODULE_LOAD</type>
  <arg>c:\windows\syswow64\cryptbase.dll</arg>
  <arg>0x741a0000</arg>
  <arg>0x741a9fff</arg>
  <severity>INFO</severity>
  <timestamp>Fri Nov 29 13:08:27 2019</timestamp>
</msg>
<msg id="39" tool="mc">
  <type>MODULE_LOAD_NO_ANALYSIS</type>
  <arg>c:\windows\syswow64\bcryptprimitives.dll</arg>
  <arg>0x77310000</arg>
  <arg>0x77367fff</arg>
  <severity>INFO</severity>
  <timestamp>Fri Nov 29 13:08:27 2019</timestamp>
</msg>
<msg id="40" tool="mc">
  <type>MODULE_LOAD</type>
  <arg>c:\windows\syswow64\sechost.dll</arg>
  <arg>0x77560000</arg>
  <arg>0x775a3fff</arg>
  <severity>INFO</severity>
  <timestamp>Fri Nov 29 13:08:27 2019</timestamp>
</msg>
<msg id="41" tool="mc">
  <type>PROCESS_COMPLETE</type>
  <arg>c:\users\volosov\source\repos\ips_integrals\release\ips_integrals.exe</arg>
  <arg>0</arg>
  <severity>INFO</severity>
  <timestamp>Fri Nov 29 13:08:27 2019</timestamp>
</msg>
<msg id="42" tool="mc">
  <type>MODULE_UNLOAD</type>
  <arg>C:\Users\Volosov\source\repos\IPS_Integrals\Release\IPS_Integrals.exe</arg>
  <severity>INFO</severity>
  <timestamp>Fri Nov 29 13:08:27 2019</timestamp>
</msg>
<msg id="43" tool="mc">
  <type>MODULE_UNLOAD</type>
  <arg>C:\Windows\SysWOW64\kernel32.dll</arg>
  <severity>INFO</severity>
  <timestamp>Fri Nov 29 13:08:27 2019</timestamp>
</msg>
<msg id="44" tool="mc">
  <type>MODULE_UNLOAD</type>
  <arg>C:\Windows\SysWOW64\KernelBase.dll</arg>
  <severity>INFO</severity>
  <timestamp>Fri Nov 29 13:08:27 2019</timestamp>
</msg>
<msg id="45" tool="mc">
  <type>MODULE_UNLOAD</type>
  <arg>C:\Windows\SysWOW64\ntdll.dll</arg>
  <severity>INFO</severity>
  <timestamp>Fri Nov 29 13:08:27 2019</timestamp>
</msg>
<msg id="46" tool="mc">
  <type>MODULE_UNLOAD</type>
  <arg>C:\Windows\SysWOW64\ucrtbase.dll</arg>
  <severity>INFO</severity>
  <timestamp>Fri Nov 29 13:08:27 2019</timestamp>
</msg>
<msg id="47" tool="mc">
  <type>MODULE_UNLOAD</type>
  <arg>C:\Windows\SysWOW64\vcruntime140.dll</arg>
  <severity>INFO</severity>
  <timestamp>Fri Nov 29 13:08:27 2019</timestamp>
</msg>
<msg id="48" tool="mc">
  <type>MODULE_UNLOAD</type>
  <arg>C:\Windows\SysWOW64\msvcp140.dll</arg>
  <severity>INFO</severity>
  <timestamp>Fri Nov 29 13:08:27 2019</timestamp>
</msg>
<msg id="49" tool="mc">
  <type>MODULE_UNLOAD</type>
  <arg>C:\Program Files (x86)\IntelSWTools\compilers_and_libraries_2019.5.281\windows\redist\ia32_win\compiler\cilkrts20.dll</arg>
  <severity>INFO</severity>
  <timestamp>Fri Nov 29 13:08:27 2019</timestamp>
</msg>
<msg id="50" tool="mc">
  <type>MODULE_UNLOAD</type>
  <arg>C:\Windows\SysWOW64\user32.dll</arg>
  <severity>INFO</severity>
  <timestamp>Fri Nov 29 13:08:27 2019</timestamp>
</msg>
<msg id="51" tool="mc">
  <type>MODULE_UNLOAD</type>
  <arg>C:\Windows\SysWOW64\win32u.dll</arg>
  <severity>INFO</severity>
  <timestamp>Fri Nov 29 13:08:27 2019</timestamp>
</msg>
<msg id="52" tool="mc">
  <type>MODULE_UNLOAD</type>
  <arg>C:\Windows\SysWOW64\gdi32.dll</arg>
  <severity>INFO</severity>
  <timestamp>Fri Nov 29 13:08:27 2019</timestamp>
</msg>
<msg id="53" tool="mc">
  <type>MODULE_UNLOAD</type>
  <arg>C:\Windows\SysWOW64\gdi32full.dll</arg>
  <severity>INFO</severity>
  <timestamp>Fri Nov 29 13:08:27 2019</timestamp>
</msg>
<msg id="54" tool="mc">
  <type>MODULE_UNLOAD</type>
  <arg>C:\Windows\SysWOW64\msvcp_win.dll</arg>
  <severity>INFO</severity>
  <timestamp>Fri Nov 29 13:08:27 2019</timestamp>
</msg>
<msg id="55" tool="mc">
  <type>MODULE_UNLOAD</type>
  <arg>C:\Windows\SysWOW64\imm32.dll</arg>
  <severity>INFO</severity>
  <timestamp>Fri Nov 29 13:08:27 2019</timestamp>
</msg>
<msg id="56" tool="mc">
  <type>MODULE_UNLOAD</type>
  <arg>C:\Program Files (x86)\IntelSWTools\Inspector 2019\bin32\runtime\libittnotify.dll</arg>
  <severity>INFO</severity>
  <timestamp>Fri Nov 29 13:08:27 2019</timestamp>
</msg>
<msg id="57" tool="mc">
  <type>MODULE_UNLOAD</type>
  <arg>C:\Windows\SysWOW64\kernel.appcore.dll</arg>
  <severity>INFO</severity>
  <timestamp>Fri Nov 29 13:08:27 2019</timestamp>
</msg>
<msg id="58" tool="mc">
  <type>MODULE_UNLOAD</type>
  <arg>C:\Windows\SysWOW64\msvcrt.dll</arg>
  <severity>INFO</severity>
  <timestamp>Fri Nov 29 13:08:27 2019</timestamp>
</msg>
<msg id="59" tool="mc">
  <type>MODULE_UNLOAD</type>
  <arg>C:\Windows\SysWOW64\rpcrt4.dll</arg>
  <severity>INFO</severity>
  <timestamp>Fri Nov 29 13:08:27 2019</timestamp>
</msg>
<msg id="60" tool="mc">
  <type>MODULE_UNLOAD</type>
  <arg>C:\Windows\SysWOW64\sspicli.dll</arg>
  <severity>INFO</severity>
  <timestamp>Fri Nov 29 13:08:27 2019</timestamp>
</msg>
<msg id="61" tool="mc">
  <type>MODULE_UNLOAD</type>
  <arg>C:\Windows\SysWOW64\cryptbase.dll</arg>
  <severity>INFO</severity>
  <timestamp>Fri Nov 29 13:08:27 2019</timestamp>
</msg>
<msg id="62" tool="mc">
  <type>MODULE_UNLOAD</type>
  <arg>C:\Windows\SysWOW64\bcryptprimitives.dll</arg>
  <severity>INFO</severity>
  <timestamp>Fri Nov 29 13:08:27 2019</timestamp>
</msg>
<msg id="63" tool="mc">
  <type>MODULE_UNLOAD</type>
  <arg>C:\Windows\SysWOW64\sechost.dll</arg>
  <severity>INFO</severity>
  <timestamp>Fri Nov 29 13:08:27 2019</timestamp>
</msg>
<msg id="64" tool="mc">
  <type>ANALYSIS_COMPLETE</type>
  <arg>c:\users\volosov\source\repos\ips_integrals\release\ips_integrals.exe</arg>
  <severity>INFO</severity>
  <timestamp>Fri Nov 29 13:08:27 2019</timestamp>
</msg>
<msg id="65" tool="runtool">
  <type>app-exit-code</type>
  <arg>0</arg>
</msg>
<msg id="66" tool="runtool">
  <type>marker-file</type>
  <arg>C:\Users\Volosov\source\repos\IPS_Integrals\IPS_Integrals\My Inspector Results - IPS_Integrals\r001mi3\r001mi3.inspxe</arg>
</msg>
<msg id="67" tool="runtool">
  <type>collector-done</type>
</msg>
<msg id="68" tool="runtool">
  <type>log-end</type>
  <arg>2019/11/29 13:08:31</arg>
</msg>

</log>

