
16156 : 0x7d5e9a4c3 : 1 : spill_jit_data :  Jit agent is not initialized
16156 : 0x7d5e9a6fd : 2 : ittapi_config_mask_get :  --itt-config mask to be applied: 55
16156 : 0x7d5e9a713 : 2 : ittapi_config_apply_per_lib :  ITTAPI function instrumented: __itt_domain_createA
16156 : 0x7d5e9a71a : 2 : ittapi_config_apply_per_lib :  ITTAPI function instrumented: __itt_domain_createW
16156 : 0x7d5e9a74a : 2 : ittapi_config_apply_per_lib :  ITTAPI function instrumented: __itt_string_handle_createA
16156 : 0x7d5e9a74f : 2 : ittapi_config_apply_per_lib :  ITTAPI function instrumented: __itt_string_handle_createW
16156 : 0x7d5e9a755 : 2 : ittapi_config_apply_per_lib :  ITTAPI function instrumented: __itt_counter_createA
16156 : 0x7d5e9a75a : 2 : ittapi_config_apply_per_lib :  ITTAPI function instrumented: __itt_counter_createW
16156 : 0x7d5e9a75f : 2 : ittapi_config_apply_per_lib :  ITTAPI function instrumented: __itt_counter_create_typedA
16156 : 0x7d5e9a764 : 2 : ittapi_config_apply_per_lib :  ITTAPI function instrumented: __itt_counter_create_typedW
16156 : 0x7d5e9a873 : 2 : ittapi_config_apply_per_lib :  ITTAPI function instrumented: __itt_pause
16156 : 0x7d5e9a87a : 2 : ittapi_config_apply_per_lib :  ITTAPI function instrumented: __itt_resume
16156 : 0x7d5e9a880 : 2 : ittapi_config_apply_per_lib :  ITTAPI function instrumented: __itt_thread_set_nameA
16156 : 0x7d5e9a885 : 2 : ittapi_config_apply_per_lib :  ITTAPI function instrumented: __itt_thread_set_nameW
16156 : 0x7d5e9a88b : 2 : ittapi_config_apply_per_lib :  ITTAPI function instrumented: __itt_thread_ignore
16156 : 0x7d5e9a890 : 2 : ittapi_config_apply_per_lib :  ITTAPI function instrumented: __itt_thr_name_setA
16156 : 0x7d5e9a895 : 2 : ittapi_config_apply_per_lib :  ITTAPI function instrumented: __itt_thr_name_setW
16156 : 0x7d5e9a89b : 2 : ittapi_config_apply_per_lib :  ITTAPI function instrumented: __itt_thr_ignore
16156 : 0x7d5e9a8a1 : 2 : ittapi_config_apply_per_lib :  ITTAPI function not implemented: __itt_enable_attach
16156 : 0x7d5e9a8a7 : 2 : ittapi_config_apply_per_lib :  ITTAPI function instrumented: __itt_detach
16156 : 0x7d5e9a8bc : 2 : ittapi_config_apply_per_lib :  ITTAPI function NOT instrumented (not matched by --itt-config option): __itt_sync_createA

16156 : 0x7d5e9a8c3 : 2 : ittapi_config_apply_per_lib :  ITTAPI function NOT instrumented (not matched by --itt-config option): __itt_sync_createW

16156 : 0x7d5e9a8c9 : 2 : ittapi_config_apply_per_lib :  ITTAPI function NOT instrumented (not matched by --itt-config option): __itt_sync_renameA

16156 : 0x7d5e9a8cf : 2 : ittapi_config_apply_per_lib :  ITTAPI function NOT instrumented (not matched by --itt-config option): __itt_sync_renameW

16156 : 0x7d5e9a8d4 : 2 : ittapi_config_apply_per_lib :  ITTAPI function NOT instrumented (not matched by --itt-config option): __itt_sync_destroy

16156 : 0x7d5e9a8da : 2 : ittapi_config_apply_per_lib :  ITTAPI function NOT instrumented (not matched by --itt-config option): __itt_sync_prepare

16156 : 0x7d5e9a8e0 : 2 : ittapi_config_apply_per_lib :  ITTAPI function NOT instrumented (not matched by --itt-config option): __itt_sync_cancel

16156 : 0x7d5e9a8e5 : 2 : ittapi_config_apply_per_lib :  ITTAPI function NOT instrumented (not matched by --itt-config option): __itt_sync_acquired

16156 : 0x7d5e9a8eb : 2 : ittapi_config_apply_per_lib :  ITTAPI function NOT instrumented (not matched by --itt-config option): __itt_sync_releasing

16156 : 0x7d5e9a8f3 : 2 : ittapi_config_apply_per_lib :  ITTAPI function not implemented: __itt_suppress_push
16156 : 0x7d5e9a900 : 2 : ittapi_config_apply_per_lib :  ITTAPI function not implemented: __itt_suppress_pop
16156 : 0x7d5e9a906 : 2 : ittapi_config_apply_per_lib :  ITTAPI function not implemented: __itt_suppress_mark_range
16156 : 0x7d5e9a90c : 2 : ittapi_config_apply_per_lib :  ITTAPI function not implemented: __itt_suppress_clear_range
16156 : 0x7d5e9a910 : 2 : ittapi_config_apply_per_lib :  ITTAPI function NOT instrumented (not matched by --itt-config option): __itt_sync_prepare

16156 : 0x7d5e9a916 : 2 : ittapi_config_apply_per_lib :  ITTAPI function NOT instrumented (not matched by --itt-config option): __itt_sync_cancel

16156 : 0x7d5e9a91c : 2 : ittapi_config_apply_per_lib :  ITTAPI function NOT instrumented (not matched by --itt-config option): __itt_sync_acquired

16156 : 0x7d5e9a922 : 2 : ittapi_config_apply_per_lib :  ITTAPI function NOT instrumented (not matched by --itt-config option): __itt_sync_releasing

16156 : 0x7d5e9a929 : 2 : ittapi_config_apply_per_lib :  ITTAPI function not implemented: __itt_model_site_begin
16156 : 0x7d5e9a92e : 2 : ittapi_config_apply_per_lib :  ITTAPI function not implemented: __itt_model_site_end
16156 : 0x7d5e9a934 : 2 : ittapi_config_apply_per_lib :  ITTAPI function not implemented: __itt_model_task_begin
16156 : 0x7d5e9a978 : 2 : ittapi_config_apply_per_lib :  ITTAPI function not implemented: __itt_model_task_end
16156 : 0x7d5e9a97e : 2 : ittapi_config_apply_per_lib :  ITTAPI function not implemented: __itt_model_lock_acquire
16156 : 0x7d5e9a984 : 2 : ittapi_config_apply_per_lib :  ITTAPI function not implemented: __itt_model_lock_release
16156 : 0x7d5e9a98a : 2 : ittapi_config_apply_per_lib :  ITTAPI function not implemented: __itt_model_record_allocation
16156 : 0x7d5e9a98f : 2 : ittapi_config_apply_per_lib :  ITTAPI function not implemented: __itt_model_record_deallocation
16156 : 0x7d5e9a995 : 2 : ittapi_config_apply_per_lib :  ITTAPI function not implemented: __itt_model_induction_uses
16156 : 0x7d5e9a99b : 2 : ittapi_config_apply_per_lib :  ITTAPI function not implemented: __itt_model_reduction_uses
16156 : 0x7d5e9a9a0 : 2 : ittapi_config_apply_per_lib :  ITTAPI function not implemented: __itt_model_observe_uses
16156 : 0x7d5e9a9a6 : 2 : ittapi_config_apply_per_lib :  ITTAPI function not implemented: __itt_model_clear_uses
16156 : 0x7d5e9a9ab : 2 : ittapi_config_apply_per_lib :  ITTAPI function not implemented: __itt_model_site_beginW
16156 : 0x7d5e9a9bb : 2 : ittapi_config_apply_per_lib :  ITTAPI function not implemented: __itt_model_task_beginW
16156 : 0x7d5e9a9c1 : 2 : ittapi_config_apply_per_lib :  ITTAPI function not implemented: __itt_model_iteration_taskW
16156 : 0x7d5e9a9c7 : 2 : ittapi_config_apply_per_lib :  ITTAPI function not implemented: __itt_model_site_beginA
16156 : 0x7d5e9a9cd : 2 : ittapi_config_apply_per_lib :  ITTAPI function not implemented: __itt_model_site_beginAL
16156 : 0x7d5e9a9d2 : 2 : ittapi_config_apply_per_lib :  ITTAPI function not implemented: __itt_model_task_beginA
16156 : 0x7d5e9a9d8 : 2 : ittapi_config_apply_per_lib :  ITTAPI function not implemented: __itt_model_task_beginAL
16156 : 0x7d5e9a9dd : 2 : ittapi_config_apply_per_lib :  ITTAPI function not implemented: __itt_model_iteration_taskA
16156 : 0x7d5e9a9e3 : 2 : ittapi_config_apply_per_lib :  ITTAPI function not implemented: __itt_model_iteration_taskAL
16156 : 0x7d5e9a9e8 : 2 : ittapi_config_apply_per_lib :  ITTAPI function not implemented: __itt_model_site_end_2
16156 : 0x7d5e9a9ee : 2 : ittapi_config_apply_per_lib :  ITTAPI function not implemented: __itt_model_task_end_2
16156 : 0x7d5e9a9fa : 2 : ittapi_config_apply_per_lib :  ITTAPI function not implemented: __itt_model_lock_acquire_2
16156 : 0x7d5e9a9ff : 2 : ittapi_config_apply_per_lib :  ITTAPI function not implemented: __itt_model_lock_release_2
16156 : 0x7d5e9aa05 : 2 : ittapi_config_apply_per_lib :  ITTAPI function not implemented: __itt_model_aggregate_task
16156 : 0x7d5e9aa0a : 2 : ittapi_config_apply_per_lib :  ITTAPI function not implemented: __itt_model_disable_push
16156 : 0x7d5e9aa10 : 2 : ittapi_config_apply_per_lib :  ITTAPI function not implemented: __itt_model_disable_pop
16156 : 0x7d5e9aa16 : 2 : ittapi_config_apply_per_lib :  ITTAPI function instrumented: __itt_heap_function_createA
16156 : 0x7d5e9aa1b : 2 : ittapi_config_apply_per_lib :  ITTAPI function instrumented: __itt_heap_function_createW
16156 : 0x7d5e9aa20 : 2 : ittapi_config_apply_per_lib :  ITTAPI function instrumented: __itt_heap_allocate_begin
16156 : 0x7d5e9aa26 : 2 : ittapi_config_apply_per_lib :  ITTAPI function instrumented: __itt_heap_allocate_end
16156 : 0x7d5e9aa2b : 2 : ittapi_config_apply_per_lib :  ITTAPI function instrumented: __itt_heap_free_begin
16156 : 0x7d5e9aa3a : 2 : ittapi_config_apply_per_lib :  ITTAPI function instrumented: __itt_heap_free_end
16156 : 0x7d5e9aa40 : 2 : ittapi_config_apply_per_lib :  ITTAPI function instrumented: __itt_heap_reallocate_begin
16156 : 0x7d5e9aa46 : 2 : ittapi_config_apply_per_lib :  ITTAPI function instrumented: __itt_heap_reallocate_end
16156 : 0x7d5e9aa4b : 2 : ittapi_config_apply_per_lib :  ITTAPI function not implemented: __itt_heap_internal_access_begin
16156 : 0x7d5e9aa51 : 2 : ittapi_config_apply_per_lib :  ITTAPI function not implemented: __itt_heap_internal_access_end
16156 : 0x7d5e9aa57 : 2 : ittapi_config_apply_per_lib :  ITTAPI function not implemented: __itt_heap_record_memory_growth_begin
16156 : 0x7d5e9aa5d : 2 : ittapi_config_apply_per_lib :  ITTAPI function not implemented: __itt_heap_record_memory_growth_end
16156 : 0x7d5e9aa63 : 2 : ittapi_config_apply_per_lib :  ITTAPI function not implemented: __itt_heap_reset_detection
16156 : 0x7d5e9aa69 : 2 : ittapi_config_apply_per_lib :  ITTAPI function not implemented: __itt_heap_record
16156 : 0x7d5e9aa6e : 2 : ittapi_config_apply_per_lib :  ITTAPI function not implemented: __itt_id_create
16156 : 0x7d5e9aa7b : 2 : ittapi_config_apply_per_lib :  ITTAPI function not implemented: __itt_id_destroy
16156 : 0x7d5e9aa81 : 2 : ittapi_config_apply_per_lib :  ITTAPI function instrumented: __itt_get_timestamp
16156 : 0x7d5e9aa87 : 2 : ittapi_config_apply_per_lib :  ITTAPI function not implemented: __itt_region_begin
16156 : 0x7d5e9aa8c : 2 : ittapi_config_apply_per_lib :  ITTAPI function not implemented: __itt_region_end
16156 : 0x7d5e9aa92 : 2 : ittapi_config_apply_per_lib :  ITTAPI function instrumented: __itt_frame_begin_v3
16156 : 0x7d5e9aa97 : 2 : ittapi_config_apply_per_lib :  ITTAPI function instrumented: __itt_frame_end_v3
16156 : 0x7d5e9aa9c : 2 : ittapi_config_apply_per_lib :  ITTAPI function instrumented: __itt_frame_submit_v3
16156 : 0x7d5e9aaa2 : 2 : ittapi_config_apply_per_lib :  ITTAPI function not implemented: __itt_task_group
16156 : 0x7d5e9aaa8 : 2 : ittapi_config_apply_per_lib :  ITTAPI function instrumented: __itt_task_begin
16156 : 0x7d5e9aaad : 2 : ittapi_config_apply_per_lib :  ITTAPI function instrumented: __itt_task_begin_fn
16156 : 0x7d5e9aab9 : 2 : ittapi_config_apply_per_lib :  ITTAPI function instrumented: __itt_task_end
16156 : 0x7d5e9aabf : 2 : ittapi_config_apply_per_lib :  ITTAPI function not implemented: __itt_counter_inc_v3
16156 : 0x7d5e9aac5 : 2 : ittapi_config_apply_per_lib :  ITTAPI function not implemented: __itt_counter_inc_delta_v3
16156 : 0x7d5e9aacb : 2 : ittapi_config_apply_per_lib :  ITTAPI function not implemented: __itt_counter_dec_v3
16156 : 0x7d5e9aad1 : 2 : ittapi_config_apply_per_lib :  ITTAPI function not implemented: __itt_counter_dec_delta_v3
16156 : 0x7d5e9aad6 : 2 : ittapi_config_apply_per_lib :  ITTAPI function not implemented: __itt_marker
16156 : 0x7d5e9aadb : 2 : ittapi_config_apply_per_lib :  ITTAPI function instrumented: __itt_metadata_add
16156 : 0x7d5e9aae1 : 2 : ittapi_config_apply_per_lib :  ITTAPI function not implemented: __itt_metadata_str_addA
16156 : 0x7d5e9aae6 : 2 : ittapi_config_apply_per_lib :  ITTAPI function not implemented: __itt_metadata_str_addW
16156 : 0x7d5e9aaec : 2 : ittapi_config_apply_per_lib :  ITTAPI function not implemented: __itt_relation_add_to_current
16156 : 0x7d5e9aaf8 : 2 : ittapi_config_apply_per_lib :  ITTAPI function not implemented: __itt_relation_add
16156 : 0x7d5e9aafd : 2 : ittapi_config_apply_per_lib :  ITTAPI function instrumented: __itt_event_createA
16156 : 0x7d5e9ab02 : 2 : ittapi_config_apply_per_lib :  ITTAPI function instrumented: __itt_event_createW
16156 : 0x7d5e9ab08 : 2 : ittapi_config_apply_per_lib :  ITTAPI function instrumented: __itt_event_start
16156 : 0x7d5e9ab0d : 2 : ittapi_config_apply_per_lib :  ITTAPI function instrumented: __itt_event_end
16156 : 0x7d5e9ab11 : 2 : ittapi_config_apply_per_lib :  ITTAPI function NOT instrumented (not matched by --itt-config option): __itt_sync_set_nameA

16156 : 0x7d5e9ab17 : 2 : ittapi_config_apply_per_lib :  ITTAPI function NOT instrumented (not matched by --itt-config option): __itt_sync_set_nameW

16156 : 0x7d5e9ab1d : 2 : ittapi_config_apply_per_lib :  ITTAPI function NOT instrumented (not matched by --itt-config option): __itt_notify_sync_nameA

16156 : 0x7d5e9ab23 : 2 : ittapi_config_apply_per_lib :  ITTAPI function NOT instrumented (not matched by --itt-config option): __itt_notify_sync_nameW

16156 : 0x7d5e9ab28 : 2 : ittapi_config_apply_per_lib :  ITTAPI function NOT instrumented (not matched by --itt-config option): __itt_notify_sync_prepare

16156 : 0x7d5e9ab37 : 2 : ittapi_config_apply_per_lib :  ITTAPI function NOT instrumented (not matched by --itt-config option): __itt_notify_sync_cancel

16156 : 0x7d5e9ab3c : 2 : ittapi_config_apply_per_lib :  ITTAPI function NOT instrumented (not matched by --itt-config option): __itt_notify_sync_acquired

16156 : 0x7d5e9ab42 : 2 : ittapi_config_apply_per_lib :  ITTAPI function NOT instrumented (not matched by --itt-config option): __itt_notify_sync_releasing

16156 : 0x7d5e9ab49 : 2 : ittapi_config_apply_per_lib :  ITTAPI function not implemented: __itt_memory_read
16156 : 0x7d5e9ab4f : 2 : ittapi_config_apply_per_lib :  ITTAPI function not implemented: __itt_memory_write
16156 : 0x7d5e9ab54 : 2 : ittapi_config_apply_per_lib :  ITTAPI function not implemented: __itt_memory_update
16156 : 0x7d5e9ab5a : 2 : ittapi_config_apply_per_lib :  ITTAPI function not implemented: __itt_state_get
16156 : 0x7d5e9ab5f : 2 : ittapi_config_apply_per_lib :  ITTAPI function not implemented: __itt_state_set
16156 : 0x7d5e9ab65 : 2 : ittapi_config_apply_per_lib :  ITTAPI function not implemented: __itt_obj_mode_set
16156 : 0x7d5e9ab6b : 2 : ittapi_config_apply_per_lib :  ITTAPI function not implemented: __itt_thr_mode_set
16156 : 0x7d5e9ab78 : 2 : ittapi_config_apply_per_lib :  ITTAPI function instrumented: __itt_frame_createA
16156 : 0x7d5e9ab7d : 2 : ittapi_config_apply_per_lib :  ITTAPI function instrumented: __itt_frame_createW
16156 : 0x7d5e9ab82 : 2 : ittapi_config_apply_per_lib :  ITTAPI function instrumented: __itt_frame_begin
16156 : 0x7d5e9ab87 : 2 : ittapi_config_apply_per_lib :  ITTAPI function instrumented: __itt_frame_end
16156 : 0x7d5e9ab8d : 2 : ittapi_config_apply_per_lib :  ITTAPI function not implemented: __itt_counter_destroy
16156 : 0x7d5e9ab92 : 2 : ittapi_config_apply_per_lib :  ITTAPI function instrumented: __itt_counter_inc
16156 : 0x7d5e9ab97 : 2 : ittapi_config_apply_per_lib :  ITTAPI function instrumented: __itt_counter_inc_delta
16156 : 0x7d5e9ab9c : 2 : ittapi_config_apply_per_lib :  ITTAPI function instrumented: __itt_counter_dec
16156 : 0x7d5e9aba2 : 2 : ittapi_config_apply_per_lib :  ITTAPI function instrumented: __itt_counter_dec_delta
16156 : 0x7d5e9aba7 : 2 : ittapi_config_apply_per_lib :  ITTAPI function instrumented: __itt_counter_set_value
16156 : 0x7d5e9abb3 : 2 : ittapi_config_apply_per_lib :  ITTAPI function not implemented: __itt_counter_set_value_ex
16156 : 0x7d5e9abb9 : 2 : ittapi_config_apply_per_lib :  ITTAPI function not implemented: __itt_mark_createA
16156 : 0x7d5e9abbe : 2 : ittapi_config_apply_per_lib :  ITTAPI function not implemented: __itt_mark_createW
16156 : 0x7d5e9abc4 : 2 : ittapi_config_apply_per_lib :  ITTAPI function not implemented: __itt_markA
16156 : 0x7d5e9abc9 : 2 : ittapi_config_apply_per_lib :  ITTAPI function not implemented: __itt_markW
16156 : 0x7d5e9abce : 2 : ittapi_config_apply_per_lib :  ITTAPI function not implemented: __itt_mark_off
16156 : 0x7d5e9abd4 : 2 : ittapi_config_apply_per_lib :  ITTAPI function not implemented: __itt_mark_globalA
16156 : 0x7d5e9abd9 : 2 : ittapi_config_apply_per_lib :  ITTAPI function not implemented: __itt_mark_globalW
16156 : 0x7d5e9abe0 : 2 : ittapi_config_apply_per_lib :  ITTAPI function not implemented: __itt_mark_global_off
16156 : 0x7d5e9abe5 : 2 : ittapi_config_apply_per_lib :  ITTAPI function instrumented: __itt_stack_caller_create
16156 : 0x7d5e9abf1 : 2 : ittapi_config_apply_per_lib :  ITTAPI function instrumented: __itt_stack_caller_destroy
16156 : 0x7d5e9abf7 : 2 : ittapi_config_apply_per_lib :  ITTAPI function instrumented: __itt_stack_callee_enter
16156 : 0x7d5e9abfc : 2 : ittapi_config_apply_per_lib :  ITTAPI function instrumented: __itt_stack_callee_leave
16156 : 0x7d5e9ac01 : 2 : ittapi_config_apply_per_lib :  ITTAPI function not implemented: __itt_clock_domain_create
16156 : 0x7d5e9ac07 : 2 : ittapi_config_apply_per_lib :  ITTAPI function not implemented: __itt_clock_domain_reset
16156 : 0x7d5e9ac0d : 2 : ittapi_config_apply_per_lib :  ITTAPI function not implemented: __itt_id_create_ex
16156 : 0x7d5e9ac12 : 2 : ittapi_config_apply_per_lib :  ITTAPI function not implemented: __itt_id_destroy_ex
16156 : 0x7d5e9ac18 : 2 : ittapi_config_apply_per_lib :  ITTAPI function not implemented: __itt_task_begin_ex
16156 : 0x7d5e9ac1e : 2 : ittapi_config_apply_per_lib :  ITTAPI function not implemented: __itt_task_begin_fn_ex
16156 : 0x7d5e9ac24 : 2 : ittapi_config_apply_per_lib :  ITTAPI function not implemented: __itt_task_end_ex
16156 : 0x7d5e9ac5b : 2 : ittapi_config_apply_per_lib :  ITTAPI function instrumented: __itt_task_begin_overlapped
16156 : 0x7d5e9ac62 : 2 : ittapi_config_apply_per_lib :  ITTAPI function not implemented: __itt_task_begin_overlapped_ex
16156 : 0x7d5e9ac67 : 2 : ittapi_config_apply_per_lib :  ITTAPI function instrumented: __itt_task_end_overlapped
16156 : 0x7d5e9ac6d : 2 : ittapi_config_apply_per_lib :  ITTAPI function not implemented: __itt_task_end_overlapped_ex
16156 : 0x7d5e9ac73 : 2 : ittapi_config_apply_per_lib :  ITTAPI function not implemented: __itt_marker_ex
16156 : 0x7d5e9ac78 : 2 : ittapi_config_apply_per_lib :  ITTAPI function not implemented: __itt_metadata_add_with_scope
16156 : 0x7d5e9ac7e : 2 : ittapi_config_apply_per_lib :  ITTAPI function not implemented: __itt_metadata_str_add_with_scopeA
16156 : 0x7d5e9ac84 : 2 : ittapi_config_apply_per_lib :  ITTAPI function not implemented: __itt_metadata_str_add_with_scopeW
16156 : 0x7d5e9ac89 : 2 : ittapi_config_apply_per_lib :  ITTAPI function not implemented: __itt_relation_add_to_current_ex
16156 : 0x7d5e9ac8f : 2 : ittapi_config_apply_per_lib :  ITTAPI function not implemented: __itt_relation_add_ex
16156 : 0x7d5e9ac9e : 2 : ittapi_config_apply_per_lib :  ITTAPI function not implemented: __itt_track_group_create
16156 : 0x7d5e9aca3 : 2 : ittapi_config_apply_per_lib :  ITTAPI function not implemented: __itt_track_create
16156 : 0x7d5e9aca9 : 2 : ittapi_config_apply_per_lib :  ITTAPI function not implemented: __itt_set_track
16156 : 0x7d5e9acaf : 2 : ittapi_config_apply_per_lib :  ITTAPI function instrumented: __itt_api_version
16156 : 0x7d5e9acb4 : 2 : ittapi_config_apply_per_lib :  ITTAPI function not implemented: __itt_av_saveA
16156 : 0x7d5e9acba : 2 : ittapi_config_apply_per_lib :  ITTAPI function not implemented: __itt_av_saveW
16156 : 0x7d5e9acbf : 2 : ittapi_config_apply_per_lib :  ITTAPI function instrumented: __itt_module_loadA
16156 : 0x7d5e9acc4 : 2 : ittapi_config_apply_per_lib :  ITTAPI function instrumented: __itt_module_loadW