
14128 : 0x3d9c7e8da : 1 : spill_jit_data :  Jit agent is not initialized
14128 : 0x3d9c7f382 : 2 : ittapi_config_mask_get :  --itt-config mask to be applied: 55
14128 : 0x3d9c7f3bd : 2 : ittapi_config_apply_per_lib :  ITTAPI function instrumented: __itt_domain_createA
14128 : 0x3d9c7f3c8 : 2 : ittapi_config_apply_per_lib :  ITTAPI function instrumented: __itt_domain_createW
14128 : 0x3d9c7f3d1 : 2 : ittapi_config_apply_per_lib :  ITTAPI function instrumented: __itt_string_handle_createA
14128 : 0x3d9c7f403 : 2 : ittapi_config_apply_per_lib :  ITTAPI function instrumented: __itt_string_handle_createW
14128 : 0x3d9c7f40c : 2 : ittapi_config_apply_per_lib :  ITTAPI function instrumented: __itt_counter_createA
14128 : 0x3d9c7f415 : 2 : ittapi_config_apply_per_lib :  ITTAPI function instrumented: __itt_counter_createW
14128 : 0x3d9c7f41c : 2 : ittapi_config_apply_per_lib :  ITTAPI function instrumented: __itt_counter_create_typedA
14128 : 0x3d9c7f44d : 2 : ittapi_config_apply_per_lib :  ITTAPI function instrumented: __itt_counter_create_typedW
14128 : 0x3d9c7f55c : 2 : ittapi_config_apply_per_lib :  ITTAPI function instrumented: __itt_pause
14128 : 0x3d9c7f564 : 2 : ittapi_config_apply_per_lib :  ITTAPI function instrumented: __itt_resume
14128 : 0x3d9c7f56a : 2 : ittapi_config_apply_per_lib :  ITTAPI function instrumented: __itt_thread_set_nameA
14128 : 0x3d9c7f570 : 2 : ittapi_config_apply_per_lib :  ITTAPI function instrumented: __itt_thread_set_nameW
14128 : 0x3d9c7f575 : 2 : ittapi_config_apply_per_lib :  ITTAPI function instrumented: __itt_thread_ignore
14128 : 0x3d9c7f57b : 2 : ittapi_config_apply_per_lib :  ITTAPI function instrumented: __itt_thr_name_setA
14128 : 0x3d9c7f580 : 2 : ittapi_config_apply_per_lib :  ITTAPI function instrumented: __itt_thr_name_setW
14128 : 0x3d9c7f585 : 2 : ittapi_config_apply_per_lib :  ITTAPI function instrumented: __itt_thr_ignore
14128 : 0x3d9c7f58c : 2 : ittapi_config_apply_per_lib :  ITTAPI function not implemented: __itt_enable_attach
14128 : 0x3d9c7f592 : 2 : ittapi_config_apply_per_lib :  ITTAPI function instrumented: __itt_detach
14128 : 0x3d9c7f5a9 : 2 : ittapi_config_apply_per_lib :  ITTAPI function NOT instrumented (not matched by --itt-config option): __itt_sync_createA

14128 : 0x3d9c7f5af : 2 : ittapi_config_apply_per_lib :  ITTAPI function NOT instrumented (not matched by --itt-config option): __itt_sync_createW

14128 : 0x3d9c7f5b5 : 2 : ittapi_config_apply_per_lib :  ITTAPI function NOT instrumented (not matched by --itt-config option): __itt_sync_renameA

14128 : 0x3d9c7f5bb : 2 : ittapi_config_apply_per_lib :  ITTAPI function NOT instrumented (not matched by --itt-config option): __itt_sync_renameW

14128 : 0x3d9c7f5c1 : 2 : ittapi_config_apply_per_lib :  ITTAPI function NOT instrumented (not matched by --itt-config option): __itt_sync_destroy

14128 : 0x3d9c7f5c6 : 2 : ittapi_config_apply_per_lib :  ITTAPI function NOT instrumented (not matched by --itt-config option): __itt_sync_prepare

14128 : 0x3d9c7f5cc : 2 : ittapi_config_apply_per_lib :  ITTAPI function NOT instrumented (not matched by --itt-config option): __itt_sync_cancel

14128 : 0x3d9c7f5d2 : 2 : ittapi_config_apply_per_lib :  ITTAPI function NOT instrumented (not matched by --itt-config option): __itt_sync_acquired

14128 : 0x3d9c7f5d7 : 2 : ittapi_config_apply_per_lib :  ITTAPI function NOT instrumented (not matched by --itt-config option): __itt_sync_releasing

14128 : 0x3d9c7f5df : 2 : ittapi_config_apply_per_lib :  ITTAPI function not implemented: __itt_suppress_push
14128 : 0x3d9c7f5ed : 2 : ittapi_config_apply_per_lib :  ITTAPI function not implemented: __itt_suppress_pop
14128 : 0x3d9c7f5f3 : 2 : ittapi_config_apply_per_lib :  ITTAPI function not implemented: __itt_suppress_mark_range
14128 : 0x3d9c7f5f9 : 2 : ittapi_config_apply_per_lib :  ITTAPI function not implemented: __itt_suppress_clear_range
14128 : 0x3d9c7f5fd : 2 : ittapi_config_apply_per_lib :  ITTAPI function NOT instrumented (not matched by --itt-config option): __itt_sync_prepare

14128 : 0x3d9c7f603 : 2 : ittapi_config_apply_per_lib :  ITTAPI function NOT instrumented (not matched by --itt-config option): __itt_sync_cancel

14128 : 0x3d9c7f609 : 2 : ittapi_config_apply_per_lib :  ITTAPI function NOT instrumented (not matched by --itt-config option): __itt_sync_acquired

14128 : 0x3d9c7f60f : 2 : ittapi_config_apply_per_lib :  ITTAPI function NOT instrumented (not matched by --itt-config option): __itt_sync_releasing

14128 : 0x3d9c7f616 : 2 : ittapi_config_apply_per_lib :  ITTAPI function not implemented: __itt_model_site_begin
14128 : 0x3d9c7f61b : 2 : ittapi_config_apply_per_lib :  ITTAPI function not implemented: __itt_model_site_end
14128 : 0x3d9c7f621 : 2 : ittapi_config_apply_per_lib :  ITTAPI function not implemented: __itt_model_task_begin
14128 : 0x3d9c7f662 : 2 : ittapi_config_apply_per_lib :  ITTAPI function not implemented: __itt_model_task_end
14128 : 0x3d9c7f669 : 2 : ittapi_config_apply_per_lib :  ITTAPI function not implemented: __itt_model_lock_acquire
14128 : 0x3d9c7f66f : 2 : ittapi_config_apply_per_lib :  ITTAPI function not implemented: __itt_model_lock_release
14128 : 0x3d9c7f674 : 2 : ittapi_config_apply_per_lib :  ITTAPI function not implemented: __itt_model_record_allocation
14128 : 0x3d9c7f67a : 2 : ittapi_config_apply_per_lib :  ITTAPI function not implemented: __itt_model_record_deallocation
14128 : 0x3d9c7f680 : 2 : ittapi_config_apply_per_lib :  ITTAPI function not implemented: __itt_model_induction_uses
14128 : 0x3d9c7f685 : 2 : ittapi_config_apply_per_lib :  ITTAPI function not implemented: __itt_model_reduction_uses
14128 : 0x3d9c7f68b : 2 : ittapi_config_apply_per_lib :  ITTAPI function not implemented: __itt_model_observe_uses
14128 : 0x3d9c7f690 : 2 : ittapi_config_apply_per_lib :  ITTAPI function not implemented: __itt_model_clear_uses
14128 : 0x3d9c7f696 : 2 : ittapi_config_apply_per_lib :  ITTAPI function not implemented: __itt_model_site_beginW
14128 : 0x3d9c7f6a6 : 2 : ittapi_config_apply_per_lib :  ITTAPI function not implemented: __itt_model_task_beginW
14128 : 0x3d9c7f6ac : 2 : ittapi_config_apply_per_lib :  ITTAPI function not implemented: __itt_model_iteration_taskW
14128 : 0x3d9c7f6b2 : 2 : ittapi_config_apply_per_lib :  ITTAPI function not implemented: __itt_model_site_beginA
14128 : 0x3d9c7f6b7 : 2 : ittapi_config_apply_per_lib :  ITTAPI function not implemented: __itt_model_site_beginAL
14128 : 0x3d9c7f6bd : 2 : ittapi_config_apply_per_lib :  ITTAPI function not implemented: __itt_model_task_beginA
14128 : 0x3d9c7f6c3 : 2 : ittapi_config_apply_per_lib :  ITTAPI function not implemented: __itt_model_task_beginAL
14128 : 0x3d9c7f6c8 : 2 : ittapi_config_apply_per_lib :  ITTAPI function not implemented: __itt_model_iteration_taskA
14128 : 0x3d9c7f6ce : 2 : ittapi_config_apply_per_lib :  ITTAPI function not implemented: __itt_model_iteration_taskAL
14128 : 0x3d9c7f6d3 : 2 : ittapi_config_apply_per_lib :  ITTAPI function not implemented: __itt_model_site_end_2
14128 : 0x3d9c7f6d9 : 2 : ittapi_config_apply_per_lib :  ITTAPI function not implemented: __itt_model_task_end_2
14128 : 0x3d9c7f6e5 : 2 : ittapi_config_apply_per_lib :  ITTAPI function not implemented: __itt_model_lock_acquire_2
14128 : 0x3d9c7f6eb : 2 : ittapi_config_apply_per_lib :  ITTAPI function not implemented: __itt_model_lock_release_2
14128 : 0x3d9c7f6f0 : 2 : ittapi_config_apply_per_lib :  ITTAPI function not implemented: __itt_model_aggregate_task
14128 : 0x3d9c7f6f6 : 2 : ittapi_config_apply_per_lib :  ITTAPI function not implemented: __itt_model_disable_push
14128 : 0x3d9c7f6fb : 2 : ittapi_config_apply_per_lib :  ITTAPI function not implemented: __itt_model_disable_pop
14128 : 0x3d9c7f701 : 2 : ittapi_config_apply_per_lib :  ITTAPI function instrumented: __itt_heap_function_createA
14128 : 0x3d9c7f707 : 2 : ittapi_config_apply_per_lib :  ITTAPI function instrumented: __itt_heap_function_createW
14128 : 0x3d9c7f70c : 2 : ittapi_config_apply_per_lib :  ITTAPI function instrumented: __itt_heap_allocate_begin
14128 : 0x3d9c7f712 : 2 : ittapi_config_apply_per_lib :  ITTAPI function instrumented: __itt_heap_allocate_end
14128 : 0x3d9c7f717 : 2 : ittapi_config_apply_per_lib :  ITTAPI function instrumented: __itt_heap_free_begin
14128 : 0x3d9c7f726 : 2 : ittapi_config_apply_per_lib :  ITTAPI function instrumented: __itt_heap_free_end
14128 : 0x3d9c7f72b : 2 : ittapi_config_apply_per_lib :  ITTAPI function instrumented: __itt_heap_reallocate_begin
14128 : 0x3d9c7f730 : 2 : ittapi_config_apply_per_lib :  ITTAPI function instrumented: __itt_heap_reallocate_end
14128 : 0x3d9c7f736 : 2 : ittapi_config_apply_per_lib :  ITTAPI function not implemented: __itt_heap_internal_access_begin
14128 : 0x3d9c7f73c : 2 : ittapi_config_apply_per_lib :  ITTAPI function not implemented: __itt_heap_internal_access_end
14128 : 0x3d9c7f742 : 2 : ittapi_config_apply_per_lib :  ITTAPI function not implemented: __itt_heap_record_memory_growth_begin
14128 : 0x3d9c7f748 : 2 : ittapi_config_apply_per_lib :  ITTAPI function not implemented: __itt_heap_record_memory_growth_end
14128 : 0x3d9c7f74e : 2 : ittapi_config_apply_per_lib :  ITTAPI function not implemented: __itt_heap_reset_detection
14128 : 0x3d9c7f753 : 2 : ittapi_config_apply_per_lib :  ITTAPI function not implemented: __itt_heap_record
14128 : 0x3d9c7f759 : 2 : ittapi_config_apply_per_lib :  ITTAPI function not implemented: __itt_id_create
14128 : 0x3d9c7f766 : 2 : ittapi_config_apply_per_lib :  ITTAPI function not implemented: __itt_id_destroy
14128 : 0x3d9c7f76c : 2 : ittapi_config_apply_per_lib :  ITTAPI function instrumented: __itt_get_timestamp
14128 : 0x3d9c7f771 : 2 : ittapi_config_apply_per_lib :  ITTAPI function not implemented: __itt_region_begin
14128 : 0x3d9c7f777 : 2 : ittapi_config_apply_per_lib :  ITTAPI function not implemented: __itt_region_end
14128 : 0x3d9c7f77c : 2 : ittapi_config_apply_per_lib :  ITTAPI function instrumented: __itt_frame_begin_v3
14128 : 0x3d9c7f781 : 2 : ittapi_config_apply_per_lib :  ITTAPI function instrumented: __itt_frame_end_v3
14128 : 0x3d9c7f786 : 2 : ittapi_config_apply_per_lib :  ITTAPI function instrumented: __itt_frame_submit_v3
14128 : 0x3d9c7f78c : 2 : ittapi_config_apply_per_lib :  ITTAPI function not implemented: __itt_task_group
14128 : 0x3d9c7f792 : 2 : ittapi_config_apply_per_lib :  ITTAPI function instrumented: __itt_task_begin
14128 : 0x3d9c7f797 : 2 : ittapi_config_apply_per_lib :  ITTAPI function instrumented: __itt_task_begin_fn
14128 : 0x3d9c7f7a3 : 2 : ittapi_config_apply_per_lib :  ITTAPI function instrumented: __itt_task_end
14128 : 0x3d9c7f7a8 : 2 : ittapi_config_apply_per_lib :  ITTAPI function not implemented: __itt_counter_inc_v3
14128 : 0x3d9c7f7ae : 2 : ittapi_config_apply_per_lib :  ITTAPI function not implemented: __itt_counter_inc_delta_v3
14128 : 0x3d9c7f7b4 : 2 : ittapi_config_apply_per_lib :  ITTAPI function not implemented: __itt_counter_dec_v3
14128 : 0x3d9c7f7ba : 2 : ittapi_config_apply_per_lib :  ITTAPI function not implemented: __itt_counter_dec_delta_v3
14128 : 0x3d9c7f7c0 : 2 : ittapi_config_apply_per_lib :  ITTAPI function not implemented: __itt_marker
14128 : 0x3d9c7f7c5 : 2 : ittapi_config_apply_per_lib :  ITTAPI function instrumented: __itt_metadata_add
14128 : 0x3d9c7f7cb : 2 : ittapi_config_apply_per_lib :  ITTAPI function not implemented: __itt_metadata_str_addA
14128 : 0x3d9c7f7d0 : 2 : ittapi_config_apply_per_lib :  ITTAPI function not implemented: __itt_metadata_str_addW
14128 : 0x3d9c7f7d6 : 2 : ittapi_config_apply_per_lib :  ITTAPI function not implemented: __itt_relation_add_to_current
14128 : 0x3d9c7f7e2 : 2 : ittapi_config_apply_per_lib :  ITTAPI function not implemented: __itt_relation_add
14128 : 0x3d9c7f7e7 : 2 : ittapi_config_apply_per_lib :  ITTAPI function instrumented: __itt_event_createA
14128 : 0x3d9c7f7ec : 2 : ittapi_config_apply_per_lib :  ITTAPI function instrumented: __itt_event_createW
14128 : 0x3d9c7f7f2 : 2 : ittapi_config_apply_per_lib :  ITTAPI function instrumented: __itt_event_start
14128 : 0x3d9c7f7f7 : 2 : ittapi_config_apply_per_lib :  ITTAPI function instrumented: __itt_event_end
14128 : 0x3d9c7f7fb : 2 : ittapi_config_apply_per_lib :  ITTAPI function NOT instrumented (not matched by --itt-config option): __itt_sync_set_nameA

14128 : 0x3d9c7f801 : 2 : ittapi_config_apply_per_lib :  ITTAPI function NOT instrumented (not matched by --itt-config option): __itt_sync_set_nameW

14128 : 0x3d9c7f807 : 2 : ittapi_config_apply_per_lib :  ITTAPI function NOT instrumented (not matched by --itt-config option): __itt_notify_sync_nameA

14128 : 0x3d9c7f80d : 2 : ittapi_config_apply_per_lib :  ITTAPI function NOT instrumented (not matched by --itt-config option): __itt_notify_sync_nameW

14128 : 0x3d9c7f812 : 2 : ittapi_config_apply_per_lib :  ITTAPI function NOT instrumented (not matched by --itt-config option): __itt_notify_sync_prepare

14128 : 0x3d9c7f822 : 2 : ittapi_config_apply_per_lib :  ITTAPI function NOT instrumented (not matched by --itt-config option): __itt_notify_sync_cancel

14128 : 0x3d9c7f828 : 2 : ittapi_config_apply_per_lib :  ITTAPI function NOT instrumented (not matched by --itt-config option): __itt_notify_sync_acquired

14128 : 0x3d9c7f82e : 2 : ittapi_config_apply_per_lib :  ITTAPI function NOT instrumented (not matched by --itt-config option): __itt_notify_sync_releasing

14128 : 0x3d9c7f835 : 2 : ittapi_config_apply_per_lib :  ITTAPI function not implemented: __itt_memory_read
14128 : 0x3d9c7f83a : 2 : ittapi_config_apply_per_lib :  ITTAPI function not implemented: __itt_memory_write
14128 : 0x3d9c7f840 : 2 : ittapi_config_apply_per_lib :  ITTAPI function not implemented: __itt_memory_update
14128 : 0x3d9c7f845 : 2 : ittapi_config_apply_per_lib :  ITTAPI function not implemented: __itt_state_get
14128 : 0x3d9c7f84b : 2 : ittapi_config_apply_per_lib :  ITTAPI function not implemented: __itt_state_set
14128 : 0x3d9c7f851 : 2 : ittapi_config_apply_per_lib :  ITTAPI function not implemented: __itt_obj_mode_set
14128 : 0x3d9c7f856 : 2 : ittapi_config_apply_per_lib :  ITTAPI function not implemented: __itt_thr_mode_set
14128 : 0x3d9c7f863 : 2 : ittapi_config_apply_per_lib :  ITTAPI function instrumented: __itt_frame_createA
14128 : 0x3d9c7f868 : 2 : ittapi_config_apply_per_lib :  ITTAPI function instrumented: __itt_frame_createW
14128 : 0x3d9c7f86e : 2 : ittapi_config_apply_per_lib :  ITTAPI function instrumented: __itt_frame_begin
14128 : 0x3d9c7f873 : 2 : ittapi_config_apply_per_lib :  ITTAPI function instrumented: __itt_frame_end
14128 : 0x3d9c7f879 : 2 : ittapi_config_apply_per_lib :  ITTAPI function not implemented: __itt_counter_destroy
14128 : 0x3d9c7f87e : 2 : ittapi_config_apply_per_lib :  ITTAPI function instrumented: __itt_counter_inc
14128 : 0x3d9c7f883 : 2 : ittapi_config_apply_per_lib :  ITTAPI function instrumented: __itt_counter_inc_delta
14128 : 0x3d9c7f889 : 2 : ittapi_config_apply_per_lib :  ITTAPI function instrumented: __itt_counter_dec
14128 : 0x3d9c7f88e : 2 : ittapi_config_apply_per_lib :  ITTAPI function instrumented: __itt_counter_dec_delta
14128 : 0x3d9c7f893 : 2 : ittapi_config_apply_per_lib :  ITTAPI function instrumented: __itt_counter_set_value
14128 : 0x3d9c7f8a0 : 2 : ittapi_config_apply_per_lib :  ITTAPI function not implemented: __itt_counter_set_value_ex
14128 : 0x3d9c7f8a5 : 2 : ittapi_config_apply_per_lib :  ITTAPI function not implemented: __itt_mark_createA
14128 : 0x3d9c7f8ab : 2 : ittapi_config_apply_per_lib :  ITTAPI function not implemented: __itt_mark_createW
14128 : 0x3d9c7f8b0 : 2 : ittapi_config_apply_per_lib :  ITTAPI function not implemented: __itt_markA
14128 : 0x3d9c7f8b6 : 2 : ittapi_config_apply_per_lib :  ITTAPI function not implemented: __itt_markW
14128 : 0x3d9c7f8bb : 2 : ittapi_config_apply_per_lib :  ITTAPI function not implemented: __itt_mark_off
14128 : 0x3d9c7f8c0 : 2 : ittapi_config_apply_per_lib :  ITTAPI function not implemented: __itt_mark_globalA
14128 : 0x3d9c7f8c6 : 2 : ittapi_config_apply_per_lib :  ITTAPI function not implemented: __itt_mark_globalW
14128 : 0x3d9c7f8cb : 2 : ittapi_config_apply_per_lib :  ITTAPI function not implemented: __itt_mark_global_off
14128 : 0x3d9c7f8d1 : 2 : ittapi_config_apply_per_lib :  ITTAPI function instrumented: __itt_stack_caller_create
14128 : 0x3d9c7f8dd : 2 : ittapi_config_apply_per_lib :  ITTAPI function instrumented: __itt_stack_caller_destroy
14128 : 0x3d9c7f8e2 : 2 : ittapi_config_apply_per_lib :  ITTAPI function instrumented: __itt_stack_callee_enter
14128 : 0x3d9c7f8e8 : 2 : ittapi_config_apply_per_lib :  ITTAPI function instrumented: __itt_stack_callee_leave
14128 : 0x3d9c7f8ed : 2 : ittapi_config_apply_per_lib :  ITTAPI function not implemented: __itt_clock_domain_create
14128 : 0x3d9c7f8f3 : 2 : ittapi_config_apply_per_lib :  ITTAPI function not implemented: __itt_clock_domain_reset
14128 : 0x3d9c7f8f8 : 2 : ittapi_config_apply_per_lib :  ITTAPI function not implemented: __itt_id_create_ex
14128 : 0x3d9c7f8fe : 2 : ittapi_config_apply_per_lib :  ITTAPI function not implemented: __itt_id_destroy_ex
14128 : 0x3d9c7f903 : 2 : ittapi_config_apply_per_lib :  ITTAPI function not implemented: __itt_task_begin_ex
14128 : 0x3d9c7f909 : 2 : ittapi_config_apply_per_lib :  ITTAPI function not implemented: __itt_task_begin_fn_ex
14128 : 0x3d9c7f90f : 2 : ittapi_config_apply_per_lib :  ITTAPI function not implemented: __itt_task_end_ex
14128 : 0x3d9c7f94c : 2 : ittapi_config_apply_per_lib :  ITTAPI function instrumented: __itt_task_begin_overlapped
14128 : 0x3d9c7f954 : 2 : ittapi_config_apply_per_lib :  ITTAPI function not implemented: __itt_task_begin_overlapped_ex
14128 : 0x3d9c7f959 : 2 : ittapi_config_apply_per_lib :  ITTAPI function instrumented: __itt_task_end_overlapped
14128 : 0x3d9c7f95f : 2 : ittapi_config_apply_per_lib :  ITTAPI function not implemented: __itt_task_end_overlapped_ex
14128 : 0x3d9c7f965 : 2 : ittapi_config_apply_per_lib :  ITTAPI function not implemented: __itt_marker_ex
14128 : 0x3d9c7f96a : 2 : ittapi_config_apply_per_lib :  ITTAPI function not implemented: __itt_metadata_add_with_scope
14128 : 0x3d9c7f970 : 2 : ittapi_config_apply_per_lib :  ITTAPI function not implemented: __itt_metadata_str_add_with_scopeA
14128 : 0x3d9c7f976 : 2 : ittapi_config_apply_per_lib :  ITTAPI function not implemented: __itt_metadata_str_add_with_scopeW
14128 : 0x3d9c7f97b : 2 : ittapi_config_apply_per_lib :  ITTAPI function not implemented: __itt_relation_add_to_current_ex
14128 : 0x3d9c7f981 : 2 : ittapi_config_apply_per_lib :  ITTAPI function not implemented: __itt_relation_add_ex
14128 : 0x3d9c7f990 : 2 : ittapi_config_apply_per_lib :  ITTAPI function not implemented: __itt_track_group_create
14128 : 0x3d9c7f996 : 2 : ittapi_config_apply_per_lib :  ITTAPI function not implemented: __itt_track_create
14128 : 0x3d9c7f9c7 : 2 : ittapi_config_apply_per_lib :  ITTAPI function not implemented: __itt_set_track
14128 : 0x3d9c7f9cc : 2 : ittapi_config_apply_per_lib :  ITTAPI function instrumented: __itt_api_version
14128 : 0x3d9c7f9d2 : 2 : ittapi_config_apply_per_lib :  ITTAPI function not implemented: __itt_av_saveA
14128 : 0x3d9c7f9d8 : 2 : ittapi_config_apply_per_lib :  ITTAPI function not implemented: __itt_av_saveW
14128 : 0x3d9c7f9dd : 2 : ittapi_config_apply_per_lib :  ITTAPI function instrumented: __itt_module_loadA
14128 : 0x3d9c7f9e2 : 2 : ittapi_config_apply_per_lib :  ITTAPI function instrumented: __itt_module_loadW