<?xml version="1.0" encoding="utf-8"?>
<log version="1.0" tool="runtool">

<msg id="1" tool="runtool">
  <type>log-start</type>
  <arg>2019/10/30 11:55:04</arg>
</msg>
<msg id="2" tool="runtool">
  <type>log-end</type>
  <arg>2019/10/30 11:55:04</arg>
</msg>

</log>

<?xml version="1.0" encoding="utf-8"?>
<log version="1.0" tool="runtool">

<msg id="1" tool="runtool">
  <type>log-start</type>
  <arg>2019/10/30 11:55:11</arg>
</msg>
<msg id="2" tool="runtool">
  <type>log-end</type>
  <arg>2019/10/30 11:55:12</arg>
</msg>

</log>

<?xml version="1.0" encoding="utf-8"?>
<log version="1.0" tool="runtool">

<msg id="1" tool="runtool">
  <type>log-start</type>
  <arg>2019/10/30 11:55:21</arg>
</msg>
<msg id="2" tool="runtool">
  <type>log-end</type>
  <arg>2019/10/30 11:55:21</arg>
</msg>

</log>

<?xml version="1.0" encoding="utf-8"?>
<log version="1.0" tool="runtool">

<msg id="1" tool="runtool">
  <type>log-start</type>
  <arg>2019/10/30 11:55:24</arg>
</msg>
<msg id="2" tool="runtool">
  <type>log-end</type>
  <arg>2019/10/30 11:55:24</arg>
</msg>

</log>

<?xml version="1.0" encoding="utf-8"?>
<log version="1.0" tool="runtool">

<msg id="1" tool="runtool">
  <type>log-start</type>
  <arg>2019/10/30 11:55:24</arg>
</msg>
<msg id="2" tool="runtool">
  <type>log-end</type>
  <arg>2019/10/30 11:55:24</arg>
</msg>

</log>

