<?xml version="1.0" encoding="utf-8" ?>
<!-- DO NOT EDIT THIS FILE -->

<log version='2.0' source='tcet'>
	<!-- Sampling enabled with the following: -->
	<!--     Budget                              5: -->
	<!--     Overdraft Budget                   75: -->
	<!--     Savings Budget                      2: -->
	<!-- Opened annotation file C:\Program Files (x86)\IntelSWTools\Inspector 2019\bin32\..\config\tc\qt.ant -->
	<!-- Opened annotation file C:\Program Files (x86)\IntelSWTools\Inspector 2019\bin32\..\config\tc\cpp11.ant -->
	<!-- Opened annotation file C:\Program Files (x86)\IntelSWTools\Inspector 2019\bin32\..\config\tc\fortran.ant -->
	<!-- Opened annotation file C:\Program Files (x86)\IntelSWTools\Inspector 2019\bin32\..\config\tc\icl.ant -->
	<!-- Opened annotation file C:\Program Files (x86)\IntelSWTools\Inspector 2019\bin32\..\config\tc\allocators.ant -->
	<!-- Opened annotation file C:\Program Files (x86)\IntelSWTools\Inspector 2019\bin32\..\config\tc\boost.ant -->
	<!-- Opened annotation file C:\Program Files (x86)\IntelSWTools\Inspector 2019\bin32\..\config\tc\system_api_filter.ant -->
	<!-- Opened annotation file C:\Program Files (x86)\IntelSWTools\Inspector 2019\bin32\..\config\tc\system_api.ant -->
	<msg id='1' display='false' source='tccore'>
		<type>START</type>
		<severity>INFO</severity>
		<timestamp>Fri Nov 29 13:11:41 2019</timestamp>
	</msg>
	<!-- Successfully loaded CCRT 13.4.2 at address 0x1e30000 - 0x2134000 -->
	<!-- Successfully loaded the TC Analysis Core 8.12.15 at address 0xf390000 - 0xf3b9000 -->
	<!-- Successfully loaded the TC Instrumentation Engine 8.12.15 at address 0x54fc0000 - 0x551c6000 -->
	<!-- This is the instance of interest -->
	<msg id='2' source='tcet'>
		<type>EXEC_OF_INTEREST</type>
		<severity>INFO</severity>
		<timestamp>Fri Nov 29 13:11:41 2019</timestamp>
		<arg name='process'>c:\users\volosov\source\repos\ips_integrals\release\ips_integrals.exe</arg>
		<arg name='pid'>17224</arg>
	</msg>
	<msg id='3' source='tcet'>
		<type>LOAD_MODULE</type>
		<severity>INFO</severity>
		<timestamp>Fri Nov 29 13:11:41 2019</timestamp>
		<arg name='module'>c:\users\volosov\source\repos\ips_integrals\release\ips_integrals.exe</arg>
		<arg name='basement'>0x1180000</arg>
		<arg name='ceiling'>0x1192fff</arg>
	</msg>
	<msg id='4' source='tcet'>
		<type>LOAD_MODULE</type>
		<severity>INFO</severity>
		<timestamp>Fri Nov 29 13:11:41 2019</timestamp>
		<arg name='module'>c:\windows\syswow64\kernel32.dll</arg>
		<arg name='basement'>0x74d40000</arg>
		<arg name='ceiling'>0x74e1ffff</arg>
	</msg>
	<!-- Target OS: Win8 or Server 2K2012 or later -->
	<msg id='5' source='tcet'>
		<type>LOAD_MODULE</type>
		<severity>INFO</severity>
		<timestamp>Fri Nov 29 13:11:41 2019</timestamp>
		<arg name='module'>c:\windows\syswow64\kernelbase.dll</arg>
		<arg name='basement'>0x77370000</arg>
		<arg name='ceiling'>0x77553fff</arg>
	</msg>
	<!-- Target OS: Win8 or Server 2K2012 or later -->
	<msg id='6' source='tcet'>
		<type>LOAD_MODULE</type>
		<severity>INFO</severity>
		<timestamp>Fri Nov 29 13:11:41 2019</timestamp>
		<arg name='module'>c:\windows\syswow64\ntdll.dll</arg>
		<arg name='basement'>0x778f0000</arg>
		<arg name='ceiling'>0x77a7ffff</arg>
	</msg>
	<!-- Target OS: Win8 or Server 2K2012 or later -->
	<msg id='7' source='tcet'>
		<type>LOAD_MODULE</type>
		<severity>INFO</severity>
		<timestamp>Fri Nov 29 13:11:41 2019</timestamp>
		<arg name='module'>c:\windows\syswow64\ucrtbase.dll</arg>
		<arg name='basement'>0x775c0000</arg>
		<arg name='ceiling'>0x776ddfff</arg>
	</msg>
	<msg id='8' source='tcet'>
		<type>LOAD_MODULE</type>
		<severity>INFO</severity>
		<timestamp>Fri Nov 29 13:11:42 2019</timestamp>
		<arg name='module'>c:\windows\syswow64\msvcp140.dll</arg>
		<arg name='basement'>0x5f600000</arg>
		<arg name='ceiling'>0x5f66efff</arg>
	</msg>
	<msg id='9' source='tcet'>
		<type>LOAD_MODULE</type>
		<severity>INFO</severity>
		<timestamp>Fri Nov 29 13:11:42 2019</timestamp>
		<arg name='module'>c:\windows\syswow64\vcruntime140.dll</arg>
		<arg name='basement'>0x609c0000</arg>
		<arg name='ceiling'>0x609d2fff</arg>
	</msg>
	<!-- Found ZCA section with version 1.1 -->
	<!-- Found ZCA section with version 1.1 -->
	<!-- Found ZCA section with version 1.1 -->
	<!-- Found ZCA section with version 1.1 -->
	<!-- Found ZCA section with version 1.1 -->
	<!-- Found ZCA section with version 1.1 -->
	<!-- Found ZCA section with version 1.1 -->
	<!-- Found ZCA section with version 1.1 -->
	<!-- Found ZCA section with version 1.1 -->
	<!-- Found ZCA section with version 1.1 -->
	<!-- Found ZCA section with version 1.1 -->
	<!-- Found ZCA section with version 1.1 -->
	<!-- Found ZCA section with version 1.1 -->
	<!-- Found ZCA section with version 1.1 -->
	<!-- Found ZCA section with version 1.1 -->
	<!-- Found ZCA section with version 1.1 -->
	<!-- Found ZCA section with version 1.1 -->
	<!-- Found ZCA section with version 1.1 -->
	<!-- Found ZCA section with version 1.1 -->
	<!-- Found ZCA section with version 1.1 -->
	<!-- Found ZCA section with version 1.1 -->
	<!-- Found ZCA section with version 1.1 -->
	<!-- Found ZCA section with version 1.1 -->
	<!-- Found ZCA section with version 1.1 -->
	<!-- Found ZCA section with version 1.1 -->
	<!-- Found ZCA section with version 1.1 -->
	<!-- Found ZCA section with version 1.1 -->
	<msg id='10' source='tcet'>
		<type>LOAD_MODULE</type>
		<severity>INFO</severity>
		<timestamp>Fri Nov 29 13:11:42 2019</timestamp>
		<arg name='module'>c:\program files (x86)\intelswtools\compilers_and_libraries_2019.5.281\windows\redist\ia32_win\compiler\cilkrts20.dll</arg>
		<arg name='basement'>0xf870000</arg>
		<arg name='ceiling'>0xf8b7fff</arg>
	</msg>
	<msg id='11' source='tcet'>
		<type>LOAD_MODULE</type>
		<severity>INFO</severity>
		<timestamp>Fri Nov 29 13:11:42 2019</timestamp>
		<arg name='module'>c:\windows\syswow64\user32.dll</arg>
		<arg name='basement'>0x75780000</arg>
		<arg name='ceiling'>0x7590cfff</arg>
	</msg>
	<msg id='12' source='tcet'>
		<type>LOAD_MODULE</type>
		<severity>INFO</severity>
		<timestamp>Fri Nov 29 13:11:42 2019</timestamp>
		<arg name='module'>c:\windows\syswow64\win32u.dll</arg>
		<arg name='basement'>0x74e70000</arg>
		<arg name='ceiling'>0x74e86fff</arg>
	</msg>
	<!-- Routine at entry point of image c:\windows\syswow64\win32u.dll is invalid -->
	<msg id='13' source='tcet'>
		<type>LOAD_MODULE</type>
		<severity>INFO</severity>
		<timestamp>Fri Nov 29 13:11:42 2019</timestamp>
		<arg name='module'>c:\windows\syswow64\gdi32.dll</arg>
		<arg name='basement'>0x74a20000</arg>
		<arg name='ceiling'>0x74a41fff</arg>
	</msg>
	<msg id='14' source='tcet'>
		<type>LOAD_MODULE</type>
		<severity>INFO</severity>
		<timestamp>Fri Nov 29 13:11:42 2019</timestamp>
		<arg name='module'>c:\windows\syswow64\gdi32full.dll</arg>
		<arg name='basement'>0x744a0000</arg>
		<arg name='ceiling'>0x74603fff</arg>
	</msg>
	<msg id='15' source='tcet'>
		<type>LOAD_MODULE</type>
		<severity>INFO</severity>
		<timestamp>Fri Nov 29 13:11:42 2019</timestamp>
		<arg name='module'>c:\windows\syswow64\msvcp_win.dll</arg>
		<arg name='basement'>0x76c60000</arg>
		<arg name='ceiling'>0x76cdcfff</arg>
	</msg>
	<msg id='16' source='tccore'>
		<type>UNSUPPORTED_MODULE</type>
		<severity>WARNING</severity>
		<timestamp>Fri Nov 29 13:11:43 2019</timestamp>
		<arg name='desc'>Microsoft Parallel Patterns Library</arg>
	</msg>
	<msg id='17' source='tcet'>
		<type>LOAD_MODULE</type>
		<severity>INFO</severity>
		<timestamp>Fri Nov 29 13:11:44 2019</timestamp>
		<arg name='module'>c:\windows\syswow64\imm32.dll</arg>
		<arg name='basement'>0x749c0000</arg>
		<arg name='ceiling'>0x749e5fff</arg>
	</msg>
	<msg id='18' source='tcet'>
		<type>LOAD_MODULE</type>
		<severity>INFO</severity>
		<timestamp>Fri Nov 29 13:11:44 2019</timestamp>
		<arg name='module'>c:\program files (x86)\intelswtools\inspector 2019\bin32\runtime\libittnotify.dll</arg>
		<arg name='basement'>0xf840000</arg>
		<arg name='ceiling'>0xf86cfff</arg>
	</msg>
	<!-- Target OS: Win8 or Server 2K2012 or later -->
	<msg id='19' display='false' source='tcet'>
		<type>HEARTBEAT</type>
		<severity>INFO</severity>
		<timestamp>Fri Nov 29 13:11:45 2019</timestamp>
		<arg name='tids'>17300,17296,17288,17228</arg>
		<arg name='syscalls'>1,1,1,0</arg>
		<arg name='calls'>1854,8281,970,40493</arg>
	</msg>
	<msg id='20' display='false' source='tcet'>
		<type>HEARTBEAT</type>
		<severity>INFO</severity>
		<timestamp>Fri Nov 29 13:11:46 2019</timestamp>
		<arg name='tids'>17300,17296,17288,17228</arg>
		<arg name='syscalls'>1,1,1,0</arg>
		<arg name='calls'>0,0,0,0</arg>
	</msg>
	<msg id='21' display='false' source='tcet'>
		<type>HEARTBEAT</type>
		<severity>INFO</severity>
		<timestamp>Fri Nov 29 13:11:47 2019</timestamp>
		<arg name='tids'>17300,17296,17288,17228</arg>
		<arg name='syscalls'>1,1,1,0</arg>
		<arg name='calls'>0,0,0,0</arg>
	</msg>
	<msg id='22' display='false' source='tcet'>
		<type>HEARTBEAT</type>
		<severity>INFO</severity>
		<timestamp>Fri Nov 29 13:11:48 2019</timestamp>
		<arg name='tids'>17300,17296,17288,17228</arg>
		<arg name='syscalls'>1,1,1,0</arg>
		<arg name='calls'>0,0,0,0</arg>
	</msg>
	<msg id='23' display='false' source='tcet'>
		<type>HEARTBEAT</type>
		<severity>INFO</severity>
		<timestamp>Fri Nov 29 13:11:49 2019</timestamp>
		<arg name='tids'>17300,17296,17288,17228</arg>
		<arg name='syscalls'>1,1,1,0</arg>
		<arg name='calls'>0,0,0,0</arg>
	</msg>
	<msg id='24' display='false' source='tcet'>
		<type>HEARTBEAT</type>
		<severity>INFO</severity>
		<timestamp>Fri Nov 29 13:11:50 2019</timestamp>
		<arg name='tids'>17300,17296,17288,17228</arg>
		<arg name='syscalls'>1,1,1,0</arg>
		<arg name='calls'>0,0,0,0</arg>
	</msg>
	<msg id='25' display='false' source='tcet'>
		<type>HEARTBEAT</type>
		<severity>INFO</severity>
		<timestamp>Fri Nov 29 13:11:51 2019</timestamp>
		<arg name='tids'>17300,17296,17288,17228</arg>
		<arg name='syscalls'>1,1,1,0</arg>
		<arg name='calls'>0,0,0,0</arg>
	</msg>
	<msg id='26' display='false' source='tcet'>
		<type>HEARTBEAT</type>
		<severity>INFO</severity>
		<timestamp>Fri Nov 29 13:11:52 2019</timestamp>
		<arg name='tids'>17300,17296,17288,17228</arg>
		<arg name='syscalls'>1,1,1,0</arg>
		<arg name='calls'>0,0,0,0</arg>
	</msg>
	<msg id='27' display='false' source='tcet'>
		<type>HEARTBEAT</type>
		<severity>INFO</severity>
		<timestamp>Fri Nov 29 13:11:53 2019</timestamp>
		<arg name='tids'>17300,17296,17288,17228</arg>
		<arg name='syscalls'>1,1,1,0</arg>
		<arg name='calls'>0,0,0,0</arg>
	</msg>
	<msg id='28' display='false' source='tcet'>
		<type>HEARTBEAT</type>
		<severity>INFO</severity>
		<timestamp>Fri Nov 29 13:11:54 2019</timestamp>
		<arg name='tids'>17300,17296,17288,17228</arg>
		<arg name='syscalls'>1,1,1,0</arg>
		<arg name='calls'>0,0,0,0</arg>
	</msg>
	<msg id='29' display='false' source='tcet'>
		<type>HEARTBEAT</type>
		<severity>INFO</severity>
		<timestamp>Fri Nov 29 13:11:55 2019</timestamp>
		<arg name='tids'>17300,17296,17288,17228</arg>
		<arg name='syscalls'>1,1,1,0</arg>
		<arg name='calls'>0,0,0,0</arg>
	</msg>
	<msg id='30' display='false' source='tcet'>
		<type>HEARTBEAT</type>
		<severity>INFO</severity>
		<timestamp>Fri Nov 29 13:11:56 2019</timestamp>
		<arg name='tids'>17300,17296,17288,17228</arg>
		<arg name='syscalls'>1,1,1,0</arg>
		<arg name='calls'>0,0,0,0</arg>
	</msg>
	<msg id='31' display='false' source='tcet'>
		<type>HEARTBEAT</type>
		<severity>INFO</severity>
		<timestamp>Fri Nov 29 13:11:57 2019</timestamp>
		<arg name='tids'>17300,17296,17288,17228</arg>
		<arg name='syscalls'>1,1,1,0</arg>
		<arg name='calls'>0,0,0,0</arg>
	</msg>
	<msg id='32' display='false' source='tcet'>
		<type>HEARTBEAT</type>
		<severity>INFO</severity>
		<timestamp>Fri Nov 29 13:11:58 2019</timestamp>
		<arg name='tids'>17300,17296,17288,17228</arg>
		<arg name='syscalls'>1,1,1,0</arg>
		<arg name='calls'>0,0,0,0</arg>
	</msg>
	<msg id='33' display='false' source='tcet'>
		<type>HEARTBEAT</type>
		<severity>INFO</severity>
		<timestamp>Fri Nov 29 13:11:59 2019</timestamp>
		<arg name='tids'>17300,17296,17288,17228</arg>
		<arg name='syscalls'>1,1,1,0</arg>
		<arg name='calls'>0,0,0,0</arg>
	</msg>
	<msg id='34' display='false' source='tcet'>
		<type>HEARTBEAT</type>
		<severity>INFO</severity>
		<timestamp>Fri Nov 29 13:12:00 2019</timestamp>
		<arg name='tids'>17300,17296,17288,17228</arg>
		<arg name='syscalls'>1,1,1,1</arg>
		<arg name='calls'>0,0,0,42</arg>
	</msg>
	<msg id='35' display='false' source='tcet'>
		<type>HEARTBEAT</type>
		<severity>INFO</severity>
		<timestamp>Fri Nov 29 13:12:01 2019</timestamp>
		<arg name='tids'>17300,17296,17288,17228</arg>
		<arg name='syscalls'>1,1,1,1</arg>
		<arg name='calls'>0,0,0,0</arg>
	</msg>
	<msg id='36' display='false' source='tcet'>
		<type>HEARTBEAT</type>
		<severity>INFO</severity>
		<timestamp>Fri Nov 29 13:12:02 2019</timestamp>
		<arg name='tids'>17300,17296,17288,17228</arg>
		<arg name='syscalls'>1,1,1,1</arg>
		<arg name='calls'>0,0,0,0</arg>
	</msg>
	<msg id='37' display='false' source='tcet'>
		<type>HEARTBEAT</type>
		<severity>INFO</severity>
		<timestamp>Fri Nov 29 13:12:03 2019</timestamp>
		<arg name='tids'>17300,17296,17288,17228</arg>
		<arg name='syscalls'>1,1,1,1</arg>
		<arg name='calls'>0,0,0,0</arg>
	</msg>
	<msg id='38' display='false' source='tcet'>
		<type>HEARTBEAT</type>
		<severity>INFO</severity>
		<timestamp>Fri Nov 29 13:12:04 2019</timestamp>
		<arg name='tids'>17300,17296,17288,17228</arg>
		<arg name='syscalls'>1,1,1,1</arg>
		<arg name='calls'>0,0,0,0</arg>
	</msg>
	<msg id='39' display='false' source='tcet'>
		<type>HEARTBEAT</type>
		<severity>INFO</severity>
		<timestamp>Fri Nov 29 13:12:05 2019</timestamp>
		<arg name='tids'>17300,17296,17288,17228</arg>
		<arg name='syscalls'>1,1,1,1</arg>
		<arg name='calls'>0,0,0,0</arg>
	</msg>
	<msg id='40' display='false' source='tcet'>
		<type>HEARTBEAT</type>
		<severity>INFO</severity>
		<timestamp>Fri Nov 29 13:12:06 2019</timestamp>
		<arg name='tids'>17300,17296,17288,17228</arg>
		<arg name='syscalls'>1,1,1,1</arg>
		<arg name='calls'>0,0,0,0</arg>
	</msg>
	<msg id='41' display='false' source='tcet'>
		<type>HEARTBEAT</type>
		<severity>INFO</severity>
		<timestamp>Fri Nov 29 13:12:07 2019</timestamp>
		<arg name='tids'>17300,17296,17288,17228</arg>
		<arg name='syscalls'>1,1,1,1</arg>
		<arg name='calls'>0,0,0,0</arg>
	</msg>
	<msg id='42' display='false' source='tcet'>
		<type>HEARTBEAT</type>
		<severity>INFO</severity>
		<timestamp>Fri Nov 29 13:12:08 2019</timestamp>
		<arg name='tids'>17300,17296,17288,17228</arg>
		<arg name='syscalls'>1,1,1,1</arg>
		<arg name='calls'>0,0,0,0</arg>
	</msg>
	<msg id='43' display='false' source='tcet'>
		<type>HEARTBEAT</type>
		<severity>INFO</severity>
		<timestamp>Fri Nov 29 13:12:09 2019</timestamp>
		<arg name='tids'>17300,17296,17288,17228</arg>
		<arg name='syscalls'>1,1,1,1</arg>
		<arg name='calls'>0,0,0,0</arg>
	</msg>
	<msg id='44' display='false' source='tcet'>
		<type>HEARTBEAT</type>
		<severity>INFO</severity>
		<timestamp>Fri Nov 29 13:12:10 2019</timestamp>
		<arg name='tids'>17300,17296,17288,17228</arg>
		<arg name='syscalls'>1,1,1,1</arg>
		<arg name='calls'>0,0,0,0</arg>
	</msg>
	<msg id='45' display='false' source='tcet'>
		<type>HEARTBEAT</type>
		<severity>INFO</severity>
		<timestamp>Fri Nov 29 13:12:11 2019</timestamp>
		<arg name='tids'>17300,17296,17288,17228</arg>
		<arg name='syscalls'>1,1,1,1</arg>
		<arg name='calls'>0,0,0,0</arg>
	</msg>
	<msg id='46' display='false' source='tcet'>
		<type>HEARTBEAT</type>
		<severity>INFO</severity>
		<timestamp>Fri Nov 29 13:12:12 2019</timestamp>
		<arg name='tids'>17300,17296,17288,17228</arg>
		<arg name='syscalls'>1,1,1,1</arg>
		<arg name='calls'>0,0,0,0</arg>
	</msg>
	<msg id='47' display='false' source='tcet'>
		<type>HEARTBEAT</type>
		<severity>INFO</severity>
		<timestamp>Fri Nov 29 13:12:13 2019</timestamp>
		<arg name='tids'>17300,17296,17288,17228</arg>
		<arg name='syscalls'>1,1,1,1</arg>
		<arg name='calls'>0,0,0,0</arg>
	</msg>
	<msg id='48' display='false' source='tcet'>
		<type>HEARTBEAT</type>
		<severity>INFO</severity>
		<timestamp>Fri Nov 29 13:12:14 2019</timestamp>
		<arg name='tids'>17300,17296,17288,17228</arg>
		<arg name='syscalls'>1,1,1,1</arg>
		<arg name='calls'>0,0,0,0</arg>
	</msg>
	<msg id='49' display='false' source='tcet'>
		<type>HEARTBEAT</type>
		<severity>INFO</severity>
		<timestamp>Fri Nov 29 13:12:15 2019</timestamp>
		<arg name='tids'>17300,17296,17288,17228</arg>
		<arg name='syscalls'>1,1,1,1</arg>
		<arg name='calls'>0,0,0,0</arg>
	</msg>
	<msg id='50' display='false' source='tcet'>
		<type>HEARTBEAT</type>
		<severity>INFO</severity>
		<timestamp>Fri Nov 29 13:12:16 2019</timestamp>
		<arg name='tids'>17300,17296,17288,17228</arg>
		<arg name='syscalls'>1,1,1,1</arg>
		<arg name='calls'>0,0,0,0</arg>
	</msg>
	<msg id='51' display='false' source='tcet'>
		<type>HEARTBEAT</type>
		<severity>INFO</severity>
		<timestamp>Fri Nov 29 13:12:17 2019</timestamp>
		<arg name='tids'>17300,17296,17288,17228</arg>
		<arg name='syscalls'>1,1,1,1</arg>
		<arg name='calls'>0,0,0,0</arg>
	</msg>
	<msg id='52' display='false' source='tcet'>
		<type>HEARTBEAT</type>
		<severity>INFO</severity>
		<timestamp>Fri Nov 29 13:12:18 2019</timestamp>
		<arg name='tids'>17300,17296,17288,17228</arg>
		<arg name='syscalls'>1,1,1,1</arg>
		<arg name='calls'>0,0,0,0</arg>
	</msg>
	<msg id='53' display='false' source='tcet'>
		<type>HEARTBEAT</type>
		<severity>INFO</severity>
		<timestamp>Fri Nov 29 13:12:19 2019</timestamp>
		<arg name='tids'>17300,17296,17288,17228</arg>
		<arg name='syscalls'>1,1,1,1</arg>
		<arg name='calls'>0,0,0,0</arg>
	</msg>
	<msg id='54' display='false' source='tcet'>
		<type>HEARTBEAT</type>
		<severity>INFO</severity>
		<timestamp>Fri Nov 29 13:12:20 2019</timestamp>
		<arg name='tids'>17300,17296,17288,17228</arg>
		<arg name='syscalls'>1,1,1,1</arg>
		<arg name='calls'>0,0,0,0</arg>
	</msg>
	<msg id='55' display='false' source='tcet'>
		<type>HEARTBEAT</type>
		<severity>INFO</severity>
		<timestamp>Fri Nov 29 13:12:21 2019</timestamp>
		<arg name='tids'>17300,17296,17288,17228</arg>
		<arg name='syscalls'>1,1,1,1</arg>
		<arg name='calls'>0,0,0,0</arg>
	</msg>
	<msg id='56' display='false' source='tcet'>
		<type>HEARTBEAT</type>
		<severity>INFO</severity>
		<timestamp>Fri Nov 29 13:12:22 2019</timestamp>
		<arg name='tids'>17300,17296,17288,17228</arg>
		<arg name='syscalls'>1,1,1,1</arg>
		<arg name='calls'>0,0,0,0</arg>
	</msg>
	<msg id='57' display='false' source='tcet'>
		<type>HEARTBEAT</type>
		<severity>INFO</severity>
		<timestamp>Fri Nov 29 13:12:23 2019</timestamp>
		<arg name='tids'>17300,17296,17288,17228</arg>
		<arg name='syscalls'>1,1,1,1</arg>
		<arg name='calls'>0,0,0,0</arg>
	</msg>
	<msg id='58' display='false' source='tcet'>
		<type>HEARTBEAT</type>
		<severity>INFO</severity>
		<timestamp>Fri Nov 29 13:12:24 2019</timestamp>
		<arg name='tids'>17300,17296,17288,17228</arg>
		<arg name='syscalls'>1,1,1,1</arg>
		<arg name='calls'>0,0,0,0</arg>
	</msg>
	<msg id='59' display='false' source='tcet'>
		<type>HEARTBEAT</type>
		<severity>INFO</severity>
		<timestamp>Fri Nov 29 13:12:25 2019</timestamp>
		<arg name='tids'>17300,17296,17288,17228</arg>
		<arg name='syscalls'>1,1,1,1</arg>
		<arg name='calls'>0,0,0,0</arg>
	</msg>
	<msg id='60' display='false' source='tcet'>
		<type>HEARTBEAT</type>
		<severity>INFO</severity>
		<timestamp>Fri Nov 29 13:12:26 2019</timestamp>
		<arg name='tids'>17300,17296,17288,17228</arg>
		<arg name='syscalls'>1,1,1,1</arg>
		<arg name='calls'>0,0,0,0</arg>
	</msg>
	<msg id='61' display='false' source='tcet'>
		<type>HEARTBEAT</type>
		<severity>INFO</severity>
		<timestamp>Fri Nov 29 13:12:27 2019</timestamp>
		<arg name='tids'>17300,17296,17288,17228</arg>
		<arg name='syscalls'>1,1,1,1</arg>
		<arg name='calls'>0,0,0,0</arg>
	</msg>
	<msg id='62' display='false' source='tcet'>
		<type>HEARTBEAT</type>
		<severity>INFO</severity>
		<timestamp>Fri Nov 29 13:12:28 2019</timestamp>
		<arg name='tids'>17300,17296,17288,17228</arg>
		<arg name='syscalls'>1,1,1,1</arg>
		<arg name='calls'>0,0,0,0</arg>
	</msg>
	<msg id='63' display='false' source='tcet'>
		<type>HEARTBEAT</type>
		<severity>INFO</severity>
		<timestamp>Fri Nov 29 13:12:29 2019</timestamp>
		<arg name='tids'>17300,17296,17288,17228</arg>
		<arg name='syscalls'>1,1,1,1</arg>
		<arg name='calls'>0,0,0,0</arg>
	</msg>
	<msg id='64' display='false' source='tcet'>
		<type>HEARTBEAT</type>
		<severity>INFO</severity>
		<timestamp>Fri Nov 29 13:12:30 2019</timestamp>
		<arg name='tids'>17300,17296,17288,17228</arg>
		<arg name='syscalls'>1,1,1,1</arg>
		<arg name='calls'>0,0,0,0</arg>
	</msg>
	<msg id='65' display='false' source='tcet'>
		<type>HEARTBEAT</type>
		<severity>INFO</severity>
		<timestamp>Fri Nov 29 13:12:31 2019</timestamp>
		<arg name='tids'>17300,17296,17288,17228</arg>
		<arg name='syscalls'>1,1,1,1</arg>
		<arg name='calls'>0,0,0,0</arg>
	</msg>
	<msg id='66' display='false' source='tcet'>
		<type>HEARTBEAT</type>
		<severity>INFO</severity>
		<timestamp>Fri Nov 29 13:12:32 2019</timestamp>
		<arg name='tids'>17300,17296,17288,17228</arg>
		<arg name='syscalls'>1,1,1,1</arg>
		<arg name='calls'>0,0,0,0</arg>
	</msg>
	<msg id='67' display='false' source='tcet'>
		<type>HEARTBEAT</type>
		<severity>INFO</severity>
		<timestamp>Fri Nov 29 13:12:33 2019</timestamp>
		<arg name='tids'>17300,17296,17288,17228</arg>
		<arg name='syscalls'>1,1,1,1</arg>
		<arg name='calls'>0,0,0,0</arg>
	</msg>
	<msg id='68' display='false' source='tcet'>
		<type>HEARTBEAT</type>
		<severity>INFO</severity>
		<timestamp>Fri Nov 29 13:12:34 2019</timestamp>
		<arg name='tids'>17300,17296,17288,17228</arg>
		<arg name='syscalls'>1,1,1,1</arg>
		<arg name='calls'>0,0,0,0</arg>
	</msg>
	<msg id='69' display='false' source='tcet'>
		<type>HEARTBEAT</type>
		<severity>INFO</severity>
		<timestamp>Fri Nov 29 13:12:35 2019</timestamp>
		<arg name='tids'>17300,17296,17288,17228</arg>
		<arg name='syscalls'>1,1,1,1</arg>
		<arg name='calls'>0,0,0,0</arg>
	</msg>
	<msg id='70' display='false' source='tcet'>
		<type>HEARTBEAT</type>
		<severity>INFO</severity>
		<timestamp>Fri Nov 29 13:12:36 2019</timestamp>
		<arg name='tids'>17300,17296,17288,17228</arg>
		<arg name='syscalls'>1,1,1,1</arg>
		<arg name='calls'>0,0,0,0</arg>
	</msg>
	<msg id='71' display='false' source='tcet'>
		<type>HEARTBEAT</type>
		<severity>INFO</severity>
		<timestamp>Fri Nov 29 13:12:37 2019</timestamp>
		<arg name='tids'>17300,17296,17288,17228</arg>
		<arg name='syscalls'>1,1,1,1</arg>
		<arg name='calls'>0,0,0,0</arg>
	</msg>
	<msg id='72' display='false' source='tcet'>
		<type>HEARTBEAT</type>
		<severity>INFO</severity>
		<timestamp>Fri Nov 29 13:12:38 2019</timestamp>
		<arg name='tids'>17300,17296,17288,17228</arg>
		<arg name='syscalls'>1,1,1,1</arg>
		<arg name='calls'>0,0,0,0</arg>
	</msg>
	<msg id='73' display='false' source='tcet'>
		<type>HEARTBEAT</type>
		<severity>INFO</severity>
		<timestamp>Fri Nov 29 13:12:39 2019</timestamp>
		<arg name='tids'>17300,17296,17288,17228</arg>
		<arg name='syscalls'>1,1,1,1</arg>
		<arg name='calls'>0,0,0,0</arg>
	</msg>
	<msg id='74' display='false' source='tcet'>
		<type>HEARTBEAT</type>
		<severity>INFO</severity>
		<timestamp>Fri Nov 29 13:12:40 2019</timestamp>
		<arg name='tids'>17300,17296,17288,17228</arg>
		<arg name='syscalls'>1,1,1,1</arg>
		<arg name='calls'>0,0,0,0</arg>
	</msg>
	<msg id='75' display='false' source='tcet'>
		<type>HEARTBEAT</type>
		<severity>INFO</severity>
		<timestamp>Fri Nov 29 13:12:41 2019</timestamp>
		<arg name='tids'>17300,17296,17288,17228</arg>
		<arg name='syscalls'>1,1,1,1</arg>
		<arg name='calls'>0,0,0,0</arg>
	</msg>
	<!-- Thread 2 effective sampling rate is 0/0 -->
	<!-- Thread 3 effective sampling rate is 0/0 -->
	<!-- Thread 4 effective sampling rate is 0/0 -->
	<msg id='76' display='false' source='tcet'>
		<type>HEARTBEAT</type>
		<severity>INFO</severity>
		<timestamp>Fri Nov 29 13:12:42 2019</timestamp>
		<arg name='tids'>17228</arg>
		<arg name='syscalls'>1</arg>
		<arg name='calls'>0</arg>
	</msg>
	<msg id='77' display='false' source='tcet'>
		<type>HEARTBEAT</type>
		<severity>INFO</severity>
		<timestamp>Fri Nov 29 13:12:43 2019</timestamp>
		<arg name='tids'>17228</arg>
		<arg name='syscalls'>1</arg>
		<arg name='calls'>0</arg>
	</msg>
	<msg id='78' display='false' source='tcet'>
		<type>HEARTBEAT</type>
		<severity>INFO</severity>
		<timestamp>Fri Nov 29 13:12:44 2019</timestamp>
		<arg name='tids'>17228</arg>
		<arg name='syscalls'>1</arg>
		<arg name='calls'>0</arg>
	</msg>
	<msg id='79' display='false' source='tcet'>
		<type>HEARTBEAT</type>
		<severity>INFO</severity>
		<timestamp>Fri Nov 29 13:12:45 2019</timestamp>
		<arg name='tids'>17228</arg>
		<arg name='syscalls'>1</arg>
		<arg name='calls'>0</arg>
	</msg>
	<msg id='80' display='false' source='tcet'>
		<type>HEARTBEAT</type>
		<severity>INFO</severity>
		<timestamp>Fri Nov 29 13:12:46 2019</timestamp>
		<arg name='tids'>17228</arg>
		<arg name='syscalls'>1</arg>
		<arg name='calls'>0</arg>
	</msg>
	<msg id='81' display='false' source='tcet'>
		<type>HEARTBEAT</type>
		<severity>INFO</severity>
		<timestamp>Fri Nov 29 13:12:47 2019</timestamp>
		<arg name='tids'>17228</arg>
		<arg name='syscalls'>1</arg>
		<arg name='calls'>0</arg>
	</msg>
	<msg id='82' display='false' source='tcet'>
		<type>HEARTBEAT</type>
		<severity>INFO</severity>
		<timestamp>Fri Nov 29 13:12:48 2019</timestamp>
		<arg name='tids'>17228</arg>
		<arg name='syscalls'>1</arg>
		<arg name='calls'>0</arg>
	</msg>
	<msg id='83' display='false' source='tcet'>
		<type>HEARTBEAT</type>
		<severity>INFO</severity>
		<timestamp>Fri Nov 29 13:12:49 2019</timestamp>
		<arg name='tids'>17228</arg>
		<arg name='syscalls'>1</arg>
		<arg name='calls'>0</arg>
	</msg>
	<msg id='84' display='false' source='tcet'>
		<type>HEARTBEAT</type>
		<severity>INFO</severity>
		<timestamp>Fri Nov 29 13:12:50 2019</timestamp>
		<arg name='tids'>17228</arg>
		<arg name='syscalls'>1</arg>
		<arg name='calls'>0</arg>
	</msg>
	<msg id='85' display='false' source='tcet'>
		<type>HEARTBEAT</type>
		<severity>INFO</severity>
		<timestamp>Fri Nov 29 13:12:51 2019</timestamp>
		<arg name='tids'>17228</arg>
		<arg name='syscalls'>1</arg>
		<arg name='calls'>0</arg>
	</msg>
	<msg id='86' display='false' source='tcet'>
		<type>HEARTBEAT</type>
		<severity>INFO</severity>
		<timestamp>Fri Nov 29 13:12:52 2019</timestamp>
		<arg name='tids'>17228</arg>
		<arg name='syscalls'>1</arg>
		<arg name='calls'>0</arg>
	</msg>
	<msg id='87' display='false' source='tcet'>
		<type>HEARTBEAT</type>
		<severity>INFO</severity>
		<timestamp>Fri Nov 29 13:12:53 2019</timestamp>
		<arg name='tids'>17228</arg>
		<arg name='syscalls'>1</arg>
		<arg name='calls'>0</arg>
	</msg>
	<msg id='88' display='false' source='tcet'>
		<type>HEARTBEAT</type>
		<severity>INFO</severity>
		<timestamp>Fri Nov 29 13:12:54 2019</timestamp>
		<arg name='tids'>17228</arg>
		<arg name='syscalls'>1</arg>
		<arg name='calls'>0</arg>
	</msg>
	<msg id='89' display='false' source='tcet'>
		<type>HEARTBEAT</type>
		<severity>INFO</severity>
		<timestamp>Fri Nov 29 13:12:55 2019</timestamp>
		<arg name='tids'>17228</arg>
		<arg name='syscalls'>1</arg>
		<arg name='calls'>0</arg>
	</msg>
	<msg id='90' display='false' source='tcet'>
		<type>HEARTBEAT</type>
		<severity>INFO</severity>
		<timestamp>Fri Nov 29 13:12:56 2019</timestamp>
		<arg name='tids'>17228</arg>
		<arg name='syscalls'>1</arg>
		<arg name='calls'>0</arg>
	</msg>
	<msg id='91' display='false' source='tcet'>
		<type>HEARTBEAT</type>
		<severity>INFO</severity>
		<timestamp>Fri Nov 29 13:12:57 2019</timestamp>
		<arg name='tids'>17228</arg>
		<arg name='syscalls'>1</arg>
		<arg name='calls'>0</arg>
	</msg>
	<msg id='92' display='false' source='tcet'>
		<type>HEARTBEAT</type>
		<severity>INFO</severity>
		<timestamp>Fri Nov 29 13:12:58 2019</timestamp>
		<arg name='tids'>17228</arg>
		<arg name='syscalls'>1</arg>
		<arg name='calls'>0</arg>
	</msg>
	<!-- A thread end notification for 0 was received by thread 5 -->
	<!-- Thread 5 effective sampling rate is 0/0 -->
	<msg id='93' source='tcet'>
		<type>UNLOAD_MODULE</type>
		<severity>INFO</severity>
		<timestamp>Fri Nov 29 13:12:59 2019</timestamp>
		<arg name='module'>c:\users\volosov\source\repos\ips_integrals\release\ips_integrals.exe</arg>
	</msg>
	<msg id='94' source='tcet'>
		<type>UNLOAD_MODULE</type>
		<severity>INFO</severity>
		<timestamp>Fri Nov 29 13:12:59 2019</timestamp>
		<arg name='module'>c:\windows\syswow64\kernel32.dll</arg>
	</msg>
	<msg id='95' source='tcet'>
		<type>UNLOAD_MODULE</type>
		<severity>INFO</severity>
		<timestamp>Fri Nov 29 13:12:59 2019</timestamp>
		<arg name='module'>c:\windows\syswow64\kernelbase.dll</arg>
	</msg>
	<msg id='96' source='tcet'>
		<type>UNLOAD_MODULE</type>
		<severity>INFO</severity>
		<timestamp>Fri Nov 29 13:12:59 2019</timestamp>
		<arg name='module'>c:\windows\syswow64\ntdll.dll</arg>
	</msg>
	<msg id='97' source='tcet'>
		<type>UNLOAD_MODULE</type>
		<severity>INFO</severity>
		<timestamp>Fri Nov 29 13:12:59 2019</timestamp>
		<arg name='module'>c:\windows\syswow64\ucrtbase.dll</arg>
	</msg>
	<msg id='98' source='tcet'>
		<type>UNLOAD_MODULE</type>
		<severity>INFO</severity>
		<timestamp>Fri Nov 29 13:12:59 2019</timestamp>
		<arg name='module'>c:\windows\syswow64\msvcp140.dll</arg>
	</msg>
	<msg id='99' source='tcet'>
		<type>UNLOAD_MODULE</type>
		<severity>INFO</severity>
		<timestamp>Fri Nov 29 13:12:59 2019</timestamp>
		<arg name='module'>c:\windows\syswow64\vcruntime140.dll</arg>
	</msg>
	<msg id='100' source='tcet'>
		<type>UNLOAD_MODULE</type>
		<severity>INFO</severity>
		<timestamp>Fri Nov 29 13:12:59 2019</timestamp>
		<arg name='module'>c:\program files (x86)\intelswtools\compilers_and_libraries_2019.5.281\windows\redist\ia32_win\compiler\cilkrts20.dll</arg>
	</msg>
	<msg id='101' source='tcet'>
		<type>UNLOAD_MODULE</type>
		<severity>INFO</severity>
		<timestamp>Fri Nov 29 13:12:59 2019</timestamp>
		<arg name='module'>c:\windows\syswow64\user32.dll</arg>
	</msg>
	<msg id='102' source='tcet'>
		<type>UNLOAD_MODULE</type>
		<severity>INFO</severity>
		<timestamp>Fri Nov 29 13:12:59 2019</timestamp>
		<arg name='module'>c:\windows\syswow64\win32u.dll</arg>
	</msg>
	<msg id='103' source='tcet'>
		<type>UNLOAD_MODULE</type>
		<severity>INFO</severity>
		<timestamp>Fri Nov 29 13:12:59 2019</timestamp>
		<arg name='module'>c:\windows\syswow64\gdi32.dll</arg>
	</msg>
	<msg id='104' source='tcet'>
		<type>UNLOAD_MODULE</type>
		<severity>INFO</severity>
		<timestamp>Fri Nov 29 13:12:59 2019</timestamp>
		<arg name='module'>c:\windows\syswow64\gdi32full.dll</arg>
	</msg>
	<msg id='105' source='tcet'>
		<type>UNLOAD_MODULE</type>
		<severity>INFO</severity>
		<timestamp>Fri Nov 29 13:12:59 2019</timestamp>
		<arg name='module'>c:\windows\syswow64\msvcp_win.dll</arg>
	</msg>
	<msg id='106' source='tcet'>
		<type>UNLOAD_MODULE</type>
		<severity>INFO</severity>
		<timestamp>Fri Nov 29 13:12:59 2019</timestamp>
		<arg name='module'>c:\windows\syswow64\imm32.dll</arg>
	</msg>
	<msg id='107' source='tcet'>
		<type>UNLOAD_MODULE</type>
		<severity>INFO</severity>
		<timestamp>Fri Nov 29 13:12:59 2019</timestamp>
		<arg name='module'>c:\program files (x86)\intelswtools\inspector 2019\bin32\runtime\libittnotify.dll</arg>
	</msg>
	<msg id='108' source='tcet'>
		<type>PROCESS_TERMINATE</type>
		<severity>INFO</severity>
		<timestamp>Fri Nov 29 13:12:59 2019</timestamp>
		<arg name='process'>c:\users\volosov\source\repos\ips_integrals\release\ips_integrals.exe</arg>
		<arg name='pid'>17224</arg>
	</msg>
	<msg id='109' display='false' source='tccore'>
		<type>ANALYSIS_COMPLETE</type>
		<severity>INFO</severity>
		<timestamp>Fri Nov 29 13:12:59 2019</timestamp>
	</msg>
	<msg id='110' display='false' source='tccore'>
		<type>STOP</type>
		<severity>INFO</severity>
		<timestamp>Fri Nov 29 13:12:59 2019</timestamp>
	</msg>
</log>