<?xml version="1.0" encoding="utf-8" ?>
<!-- DO NOT EDIT THIS FILE -->

<log version='2.0' source='mc'>
	<!-- Successfully loaded CCRT at address 0x22c0000 - 0x25c3000 -->
	<!-- Successfully loaded MC at address 0x54500000 - 0x550bb000 -->
	<!-- Analysis started for c:\users\volosov\source\repos\ips_lab2\debug\ips_lab2.exe, pid = 9496 -->
	<msg id='1' source='mc'>
		<type>EXEC_OF_INTEREST</type>
		<severity>INFO</severity>
		<timestamp>Wed Oct 30 11:45:20 2019</timestamp>
		<arg name='path'>c:\users\volosov\source\repos\ips_lab2\debug\ips_lab2.exe</arg>
		<arg name='pid'>9496</arg>
	</msg>
	<!-- Command line: C:\Program Files (x86)\IntelSWTools\Inspector 2019\bin32\pin -xyzzy -mesgoff console -xyzzy -bridge_save_x87 0 -bridge_save_mxcsr 0 -follow_execv -error_file C:\Users\Volosov\source\repos\IPS_lab2\IPS_lab2\My Inspector Results - IPS_lab2\r000mi2\data.0\pin_error.log -logfile C:\Users\Volosov\source\repos\IPS_lab2\IPS_lab2\My Inspector Results - IPS_lab2\r000mi2\data.0\pin.log -xyzzy -region_max_inss 500 -p64 C:\Program Files (x86)\IntelSWTools\Inspector 2019\bin64\pin -t64 C:\Program Files (x86)\IntelSWTools\Inspector 2019\bin64\memchkr.dll -t C:\Program Files (x86)\IntelSWTools\Inspector 2019\bin32\memchkr.dll -no-analyze-stack -access-checks -leak-check-on-exit -leak-check-on-demand -enable-memory-growth -leak-check-report-reachable -check-resource-leaks -freelist-vol 0 -leak-maximum 100000 -guard-zone-size 0 -stack-depth 8 -heartbeat 1 -mrte-mode auto -working-dir C:\Users\Volosov\source\repos\IPS_lab2\IPS_lab2\My Inspector Results - IPS_lab2\r000mi2\data.0 -log mc_IPS_lab2.log -result IPS_lab2 - C:\Users\Volosov\source\repos\IPS_lab2\Debug\IPS_lab2.exe  -->
	<!-- mc's options are the following:  -->
	<!-- -help                              false -->
	<!-- -verbose                           false -->
	<!-- -xyzzy                             false -->
	<!-- -version                           false -->
	<!-- -help-all                          false -->
	<!-- -xyzzy-all                         false -->
	<!-- -report-all-instances              false -->
	<!-- -check-for-padded-structures       true -->
	<!-- -check-for-bitfields               true -->
	<!-- -analyze-stack                     false -->
	<!-- -access-checks                     true -->
	<!-- -track-origins                     true -->
	<!-- -duplicate-uninits                 false -->
	<!-- -bss-initialized                   true -->
	<!-- -align-alloc-size                  false -->
	<!-- -report-uninit-read                false -->
	<!-- -ignore-system-libraries           false -->
	<!-- -gen-suppressions                  false -->
	<!-- -leak-check-on-exit                true -->
	<!-- -leak-check-on-demand              true -->
	<!-- -leak-check-uses-baseline          true -->
	<!-- -enable-memory-growth              true -->
	<!-- -leak-check-report-reachable       true -->
	<!-- -leak-check-full                   true -->
	<!-- -check-resource-leaks              true -->
	<!-- -trace-children                    false -->
	<!-- -enable-poke                       false -->
	<!-- -jit-mode-anyway                   false -->
	<!-- -disable-probe-mode-mismatches-64  true -->
	<!-- -aggressive-callstack-caching      false -->
	<!-- -suppress-breakpoints              false -->
	<!-- -monitor-memory                    false -->
	<!-- -freelist-vol                      0 -->
	<!-- -leak-maximum                      100000 -->
	<!-- -guard-zone-size                   0 -->
	<!-- -stack-depth                       8 -->
	<!-- -heartbeat                         1 -->
	<!-- -breakpoint-file                   (null) -->
	<!-- -config-file                       (null) -->
	<!-- -log                               mc_IPS_lab2.log -->
	<!-- -ignore-commands                   (null),  -->
	<!-- -ignore-modules                    (null),  -->
	<!-- -ignore-symbols                    (null),  -->
	<!-- -module-of-interest                (null),  -->
	<!-- -executable-of-interest            (null),  -->
	<!-- -working-dir                       C:\Users\Volosov\source\repos\IPS_lab2\IPS_lab2\My Inspector Results - IPS_lab2\r000mi2\data.0 -->
	<!-- -result                            IPS_lab2 -->
	<!-- -exclude-module                    (null),  -->
	<!-- -include-module                    (null),  -->
	<!-- -only-exec-commands                (null),  -->
	<!-- -suppressions                      (null),  -->
	<!-- -debug                             none -->
	<!-- -shared-mem-name                   (null) -->
	<!-- -poke-function                     (null),  -->
	<!-- -analysis-mode                     (null) -->
	<!-- -disable-gatekeeping               false -->
	<!-- -ignore-os-allocators              false -->
	<!-- -mrte-mode                         auto -->
	<!-- probe mode: no -->
	<!-- mem leaks checks: yes -->
	<!-- res leaks checks: yes -->
	<!-- access checks: yes -->
	<!-- track origin: yes -->
	<!-- Environment: INTEL_LIBITTNOTIFY32=C:\Program Files (x86)\IntelSWTools\Inspector 2019\bin32\runtime\libittnotify.dll -->
	<!-- Environment: INTEL_LIBITTNOTIFY64=C:\Program Files (x86)\IntelSWTools\Inspector 2019\bin64\runtime\libittnotify.dll -->
	<!-- Environment: INTEL_JIT_PROFILER32=C:\Program Files (x86)\IntelSWTools\Inspector 2019\bin32\runtime\libittnotify.dll -->
	<!-- Environment: INTEL_JIT_PROFILER64=C:\Program Files (x86)\IntelSWTools\Inspector 2019\bin64\runtime\libittnotify.dll -->
	<!-- Module loaded c:\users\volosov\source\repos\ips_lab2\debug\ips_lab2.exe, address range [0x00b70000-0x00b82fff] -->
	<msg id='2' source='mc'>
		<type>MODULE_LOAD</type>
		<severity>INFO</severity>
		<timestamp>Wed Oct 30 11:45:20 2019</timestamp>
		<arg name='path'>c:\users\volosov\source\repos\ips_lab2\debug\ips_lab2.exe</arg>
		<arg name='addr1'>0xb70000</arg>
		<arg name='addr2'>0xb82fff</arg>
	</msg>
	<!-- Module loaded c:\windows\syswow64\kernelbase.dll, address range [0x73b50000-0x73d33fff] -->
	<msg id='3' source='mc'>
		<type>MODULE_LOAD</type>
		<severity>INFO</severity>
		<timestamp>Wed Oct 30 11:45:20 2019</timestamp>
		<arg name='path'>c:\windows\syswow64\kernelbase.dll</arg>
		<arg name='addr1'>0x73b50000</arg>
		<arg name='addr2'>0x73d33fff</arg>
	</msg>
	<!-- Module loaded c:\windows\syswow64\kernel32.dll, address range [0x76970000-0x76a4ffff] -->
	<msg id='4' source='mc'>
		<type>MODULE_LOAD</type>
		<severity>INFO</severity>
		<timestamp>Wed Oct 30 11:45:20 2019</timestamp>
		<arg name='path'>c:\windows\syswow64\kernel32.dll</arg>
		<arg name='addr1'>0x76970000</arg>
		<arg name='addr2'>0x76a4ffff</arg>
	</msg>
	<!-- Module loaded c:\windows\syswow64\ntdll.dll, address range [0x77260000-0x773effff] -->
	<msg id='5' source='mc'>
		<type>MODULE_LOAD</type>
		<severity>INFO</severity>
		<timestamp>Wed Oct 30 11:45:20 2019</timestamp>
		<arg name='path'>c:\windows\syswow64\ntdll.dll</arg>
		<arg name='addr1'>0x77260000</arg>
		<arg name='addr2'>0x773effff</arg>
	</msg>
	<!-- DIAG: 1 -->
	<!-- DIAG: 2 -->
	<!-- DIAG: 3 -->
	<!-- DIAG: 4 -->
	<!-- Module loaded c:\windows\syswow64\ucrtbased.dll, address range [0x0cb90000-0x0cd03fff] -->
	<msg id='6' source='mc'>
		<type>MODULE_LOAD</type>
		<severity>INFO</severity>
		<timestamp>Wed Oct 30 11:45:21 2019</timestamp>
		<arg name='path'>c:\windows\syswow64\ucrtbased.dll</arg>
		<arg name='addr1'>0xcb90000</arg>
		<arg name='addr2'>0xcd03fff</arg>
	</msg>
	<!-- Module unloaded C:\Windows\SysWOW64\ucrtbased.dll -->
	<msg id='7' source='mc'>
		<type>MODULE_UNLOAD</type>
		<severity>INFO</severity>
		<timestamp>Wed Oct 30 11:45:21 2019</timestamp>
		<arg name='path'>C:\Windows\SysWOW64\ucrtbased.dll</arg>
	</msg>
	<!-- Module loaded c:\windows\syswow64\msvcp140d.dll, address range [0x0cb90000-0x0cc46fff] -->
	<msg id='8' source='mc'>
		<type>MODULE_LOAD</type>
		<severity>INFO</severity>
		<timestamp>Wed Oct 30 11:45:22 2019</timestamp>
		<arg name='path'>c:\windows\syswow64\msvcp140d.dll</arg>
		<arg name='addr1'>0xcb90000</arg>
		<arg name='addr2'>0xcc46fff</arg>
	</msg>
	<!-- Module loaded c:\windows\syswow64\vcruntime140d.dll, address range [0x0f5c0000-0x0f5dafff] -->
	<msg id='9' source='mc'>
		<type>MODULE_LOAD</type>
		<severity>INFO</severity>
		<timestamp>Wed Oct 30 11:45:22 2019</timestamp>
		<arg name='path'>c:\windows\syswow64\vcruntime140d.dll</arg>
		<arg name='addr1'>0xf5c0000</arg>
		<arg name='addr2'>0xf5dafff</arg>
	</msg>
	<!-- Module unloaded C:\Windows\SysWOW64\msvcp140d.dll -->
	<msg id='10' source='mc'>
		<type>MODULE_UNLOAD</type>
		<severity>INFO</severity>
		<timestamp>Wed Oct 30 11:45:22 2019</timestamp>
		<arg name='path'>C:\Windows\SysWOW64\msvcp140d.dll</arg>
	</msg>
	<!-- Found ZCA section with version 1.1 -->
	<!-- Found ZCA section with version 1.1 -->
	<!-- Found ZCA section with version 1.1 -->
	<!-- Found ZCA section with version 1.1 -->
	<!-- Found ZCA section with version 1.1 -->
	<!-- Found ZCA section with version 1.1 -->
	<!-- Found ZCA section with version 1.1 -->
	<!-- Found ZCA section with version 1.1 -->
	<!-- Found ZCA section with version 1.1 -->
	<!-- Found ZCA section with version 1.1 -->
	<!-- Found ZCA section with version 1.1 -->
	<!-- Found ZCA section with version 1.1 -->
	<!-- Found ZCA section with version 1.1 -->
	<!-- Found ZCA section with version 1.1 -->
	<!-- Found ZCA section with version 1.1 -->
	<!-- Found ZCA section with version 1.1 -->
	<!-- Found ZCA section with version 1.1 -->
	<!-- Found ZCA section with version 1.1 -->
	<!-- Found ZCA section with version 1.1 -->
	<!-- Found ZCA section with version 1.1 -->
	<!-- Found ZCA section with version 1.1 -->
	<!-- Found ZCA section with version 1.1 -->
	<!-- Found ZCA section with version 1.1 -->
	<!-- Found ZCA section with version 1.1 -->
	<!-- Found ZCA section with version 1.1 -->
	<!-- Found ZCA section with version 1.1 -->
	<!-- Found ZCA section with version 1.1 -->
	<!-- Module loaded c:\program files (x86)\intelswtools\compilers_and_libraries_2019.5.281\windows\redist\ia32_win\compiler\cilkrts20.dll, address range [0x0cbe0000-0x0cc27fff], minimal analysis -->
	<msg id='11' source='mc'>
		<type>MODULE_LOAD_NO_ANALYSIS</type>
		<severity>INFO</severity>
		<timestamp>Wed Oct 30 11:45:22 2019</timestamp>
		<arg name='path'>c:\program files (x86)\intelswtools\compilers_and_libraries_2019.5.281\windows\redist\ia32_win\compiler\cilkrts20.dll</arg>
		<arg name='addr1'>0xcbe0000</arg>
		<arg name='addr2'>0xcc27fff</arg>
	</msg>
	<!-- Module unloaded C:\Program Files (x86)\IntelSWTools\compilers_and_libraries_2019.5.281\windows\redist\ia32_win\compiler\cilkrts20.dll -->
	<msg id='12' source='mc'>
		<type>MODULE_UNLOAD</type>
		<severity>INFO</severity>
		<timestamp>Wed Oct 30 11:45:22 2019</timestamp>
		<arg name='path'>C:\Program Files (x86)\IntelSWTools\compilers_and_libraries_2019.5.281\windows\redist\ia32_win\compiler\cilkrts20.dll</arg>
	</msg>
	<!-- Module loaded c:\windows\syswow64\ucrtbased.dll, address range [0x0cf10000-0x0d083fff] -->
	<msg id='13' source='mc'>
		<type>MODULE_LOAD</type>
		<severity>INFO</severity>
		<timestamp>Wed Oct 30 11:45:22 2019</timestamp>
		<arg name='path'>c:\windows\syswow64\ucrtbased.dll</arg>
		<arg name='addr1'>0xcf10000</arg>
		<arg name='addr2'>0xd083fff</arg>
	</msg>
	<!-- Module loaded c:\windows\syswow64\msvcp140d.dll, address range [0x0f440000-0x0f4f6fff] -->
	<msg id='14' source='mc'>
		<type>MODULE_LOAD</type>
		<severity>INFO</severity>
		<timestamp>Wed Oct 30 11:45:22 2019</timestamp>
		<arg name='path'>c:\windows\syswow64\msvcp140d.dll</arg>
		<arg name='addr1'>0xf440000</arg>
		<arg name='addr2'>0xf4f6fff</arg>
	</msg>
	<!-- Found ZCA section with version 1.1 -->
	<!-- Found ZCA section with version 1.1 -->
	<!-- Found ZCA section with version 1.1 -->
	<!-- Found ZCA section with version 1.1 -->
	<!-- Found ZCA section with version 1.1 -->
	<!-- Found ZCA section with version 1.1 -->
	<!-- Found ZCA section with version 1.1 -->
	<!-- Found ZCA section with version 1.1 -->
	<!-- Found ZCA section with version 1.1 -->
	<!-- Found ZCA section with version 1.1 -->
	<!-- Found ZCA section with version 1.1 -->
	<!-- Found ZCA section with version 1.1 -->
	<!-- Found ZCA section with version 1.1 -->
	<!-- Found ZCA section with version 1.1 -->
	<!-- Found ZCA section with version 1.1 -->
	<!-- Found ZCA section with version 1.1 -->
	<!-- Found ZCA section with version 1.1 -->
	<!-- Found ZCA section with version 1.1 -->
	<!-- Found ZCA section with version 1.1 -->
	<!-- Found ZCA section with version 1.1 -->
	<!-- Found ZCA section with version 1.1 -->
	<!-- Found ZCA section with version 1.1 -->
	<!-- Found ZCA section with version 1.1 -->
	<!-- Found ZCA section with version 1.1 -->
	<!-- Found ZCA section with version 1.1 -->
	<!-- Found ZCA section with version 1.1 -->
	<!-- Found ZCA section with version 1.1 -->
	<!-- Module loaded c:\program files (x86)\intelswtools\compilers_and_libraries_2019.5.281\windows\redist\ia32_win\compiler\cilkrts20.dll, address range [0x0d0f0000-0x0d137fff], minimal analysis -->
	<msg id='15' source='mc'>
		<type>MODULE_LOAD_NO_ANALYSIS</type>
		<severity>INFO</severity>
		<timestamp>Wed Oct 30 11:45:22 2019</timestamp>
		<arg name='path'>c:\program files (x86)\intelswtools\compilers_and_libraries_2019.5.281\windows\redist\ia32_win\compiler\cilkrts20.dll</arg>
		<arg name='addr1'>0xd0f0000</arg>
		<arg name='addr2'>0xd137fff</arg>
	</msg>
	<!-- Module loaded c:\windows\syswow64\user32.dll, address range [0x760b0000-0x7623cfff], minimal analysis -->
	<msg id='16' source='mc'>
		<type>MODULE_LOAD_NO_ANALYSIS</type>
		<severity>INFO</severity>
		<timestamp>Wed Oct 30 11:45:23 2019</timestamp>
		<arg name='path'>c:\windows\syswow64\user32.dll</arg>
		<arg name='addr1'>0x760b0000</arg>
		<arg name='addr2'>0x7623cfff</arg>
	</msg>
	<!-- Module loaded c:\windows\syswow64\win32u.dll, address range [0x75400000-0x75416fff] -->
	<msg id='17' source='mc'>
		<type>MODULE_LOAD</type>
		<severity>INFO</severity>
		<timestamp>Wed Oct 30 11:45:23 2019</timestamp>
		<arg name='path'>c:\windows\syswow64\win32u.dll</arg>
		<arg name='addr1'>0x75400000</arg>
		<arg name='addr2'>0x75416fff</arg>
	</msg>
	<!-- Module loaded c:\windows\syswow64\gdi32.dll, address range [0x76080000-0x760a1fff] -->
	<msg id='18' source='mc'>
		<type>MODULE_LOAD</type>
		<severity>INFO</severity>
		<timestamp>Wed Oct 30 11:45:23 2019</timestamp>
		<arg name='path'>c:\windows\syswow64\gdi32.dll</arg>
		<arg name='addr1'>0x76080000</arg>
		<arg name='addr2'>0x760a1fff</arg>
	</msg>
	<!-- Module loaded c:\windows\syswow64\gdi32full.dll, address range [0x76ab0000-0x76c13fff], minimal analysis -->
	<msg id='19' source='mc'>
		<type>MODULE_LOAD_NO_ANALYSIS</type>
		<severity>INFO</severity>
		<timestamp>Wed Oct 30 11:45:23 2019</timestamp>
		<arg name='path'>c:\windows\syswow64\gdi32full.dll</arg>
		<arg name='addr1'>0x76ab0000</arg>
		<arg name='addr2'>0x76c13fff</arg>
	</msg>
	<!-- Module loaded c:\windows\syswow64\msvcp_win.dll, address range [0x76fa0000-0x7701cfff] -->
	<msg id='20' source='mc'>
		<type>MODULE_LOAD</type>
		<severity>INFO</severity>
		<timestamp>Wed Oct 30 11:45:23 2019</timestamp>
		<arg name='path'>c:\windows\syswow64\msvcp_win.dll</arg>
		<arg name='addr1'>0x76fa0000</arg>
		<arg name='addr2'>0x7701cfff</arg>
	</msg>
	<!-- Module loaded c:\windows\syswow64\ucrtbase.dll, address range [0x73dd0000-0x73eedfff] -->
	<msg id='21' source='mc'>
		<type>MODULE_LOAD</type>
		<severity>INFO</severity>
		<timestamp>Wed Oct 30 11:45:23 2019</timestamp>
		<arg name='path'>c:\windows\syswow64\ucrtbase.dll</arg>
		<arg name='addr1'>0x73dd0000</arg>
		<arg name='addr2'>0x73eedfff</arg>
	</msg>
	<!-- Module loaded c:\windows\syswow64\imm32.dll, address range [0x753d0000-0x753f5fff], minimal analysis -->
	<msg id='22' source='mc'>
		<type>MODULE_LOAD_NO_ANALYSIS</type>
		<severity>INFO</severity>
		<timestamp>Wed Oct 30 11:45:25 2019</timestamp>
		<arg name='path'>c:\windows\syswow64\imm32.dll</arg>
		<arg name='addr1'>0x753d0000</arg>
		<arg name='addr2'>0x753f5fff</arg>
	</msg>
	<!-- Module loaded c:\program files (x86)\intelswtools\inspector 2019\bin32\runtime\libittnotify.dll, address range [0x0f8b0000-0x0f8dcfff], minimal analysis -->
	<msg id='23' source='mc'>
		<type>MODULE_LOAD_NO_ANALYSIS</type>
		<severity>INFO</severity>
		<timestamp>Wed Oct 30 11:45:26 2019</timestamp>
		<arg name='path'>c:\program files (x86)\intelswtools\inspector 2019\bin32\runtime\libittnotify.dll</arg>
		<arg name='addr1'>0xf8b0000</arg>
		<arg name='addr2'>0xf8dcfff</arg>
	</msg>
	<!-- Heartbeat, tids = 16452,17348,8016,11800, syscallStatus = 0,1,1,1, calls = 489559,1231,1023,1129 -->
	<msg id='24' display='false' source='mc'>
		<type>HEARTBEAT</type>
		<severity>INFO</severity>
		<timestamp>Wed Oct 30 11:45:27 2019</timestamp>
		<arg name='tids'>16452,17348,8016,11800</arg>
		<arg name='syscalls'>0,1,1,1</arg>
		<arg name='calls'>489559,1231,1023,1129</arg>
	</msg>
	<!-- Heartbeat, tids = 16452,17348,8016,11800, syscallStatus = 0,1,1,1, calls = 8007649,0,0,0 -->
	<msg id='25' display='false' source='mc'>
		<type>HEARTBEAT</type>
		<severity>INFO</severity>
		<timestamp>Wed Oct 30 11:45:28 2019</timestamp>
		<arg name='tids'>16452,17348,8016,11800</arg>
		<arg name='syscalls'>0,1,1,1</arg>
		<arg name='calls'>8007649,0,0,0</arg>
	</msg>
	<!-- Heartbeat, tids = 16452,17348,8016,11800, syscallStatus = 0,1,1,1, calls = 8163791,0,0,0 -->
	<msg id='26' display='false' source='mc'>
		<type>HEARTBEAT</type>
		<severity>INFO</severity>
		<timestamp>Wed Oct 30 11:45:29 2019</timestamp>
		<arg name='tids'>16452,17348,8016,11800</arg>
		<arg name='syscalls'>0,1,1,1</arg>
		<arg name='calls'>8163791,0,0,0</arg>
	</msg>
	<!-- Heartbeat, tids = 16452,17348,8016,11800, syscallStatus = 0,1,1,1, calls = 8449980,0,0,0 -->
	<msg id='27' display='false' source='mc'>
		<type>HEARTBEAT</type>
		<severity>INFO</severity>
		<timestamp>Wed Oct 30 11:45:30 2019</timestamp>
		<arg name='tids'>16452,17348,8016,11800</arg>
		<arg name='syscalls'>0,1,1,1</arg>
		<arg name='calls'>8449980,0,0,0</arg>
	</msg>
	<!-- Heartbeat, tids = 16452,17348,8016,11800, syscallStatus = 0,1,1,1, calls = 8392974,0,0,0 -->
	<msg id='28' display='false' source='mc'>
		<type>HEARTBEAT</type>
		<severity>INFO</severity>
		<timestamp>Wed Oct 30 11:45:31 2019</timestamp>
		<arg name='tids'>16452,17348,8016,11800</arg>
		<arg name='syscalls'>0,1,1,1</arg>
		<arg name='calls'>8392974,0,0,0</arg>
	</msg>
	<!-- Heartbeat, tids = 16452,17348,8016,11800, syscallStatus = 0,1,1,1, calls = 8424409,0,0,0 -->
	<msg id='29' display='false' source='mc'>
		<type>HEARTBEAT</type>
		<severity>INFO</severity>
		<timestamp>Wed Oct 30 11:45:32 2019</timestamp>
		<arg name='tids'>16452,17348,8016,11800</arg>
		<arg name='syscalls'>0,1,1,1</arg>
		<arg name='calls'>8424409,0,0,0</arg>
	</msg>
	<!-- Heartbeat, tids = 16452,17348,8016,11800, syscallStatus = 0,1,1,1, calls = 8546267,0,0,0 -->
	<msg id='30' display='false' source='mc'>
		<type>HEARTBEAT</type>
		<severity>INFO</severity>
		<timestamp>Wed Oct 30 11:45:33 2019</timestamp>
		<arg name='tids'>16452,17348,8016,11800</arg>
		<arg name='syscalls'>0,1,1,1</arg>
		<arg name='calls'>8546267,0,0,0</arg>
	</msg>
	<!-- Heartbeat, tids = 16452,17348,8016,11800, syscallStatus = 0,1,1,1, calls = 8509605,0,0,0 -->
	<msg id='31' display='false' source='mc'>
		<type>HEARTBEAT</type>
		<severity>INFO</severity>
		<timestamp>Wed Oct 30 11:45:34 2019</timestamp>
		<arg name='tids'>16452,17348,8016,11800</arg>
		<arg name='syscalls'>0,1,1,1</arg>
		<arg name='calls'>8509605,0,0,0</arg>
	</msg>
	<!-- Heartbeat, tids = 16452,17348,8016,11800, syscallStatus = 0,1,1,1, calls = 8471598,0,0,0 -->
	<msg id='32' display='false' source='mc'>
		<type>HEARTBEAT</type>
		<severity>INFO</severity>
		<timestamp>Wed Oct 30 11:45:35 2019</timestamp>
		<arg name='tids'>16452,17348,8016,11800</arg>
		<arg name='syscalls'>0,1,1,1</arg>
		<arg name='calls'>8471598,0,0,0</arg>
	</msg>
	<!-- Heartbeat, tids = 16452,17348,8016,11800, syscallStatus = 0,1,1,1, calls = 7223558,0,0,0 -->
	<msg id='33' display='false' source='mc'>
		<type>HEARTBEAT</type>
		<severity>INFO</severity>
		<timestamp>Wed Oct 30 11:45:36 2019</timestamp>
		<arg name='tids'>16452,17348,8016,11800</arg>
		<arg name='syscalls'>0,1,1,1</arg>
		<arg name='calls'>7223558,0,0,0</arg>
	</msg>
	<!-- Heartbeat, tids = 16452,17348,8016,11800, syscallStatus = 0,1,1,1, calls = 6874161,0,0,0 -->
	<msg id='34' display='false' source='mc'>
		<type>HEARTBEAT</type>
		<severity>INFO</severity>
		<timestamp>Wed Oct 30 11:45:37 2019</timestamp>
		<arg name='tids'>16452,17348,8016,11800</arg>
		<arg name='syscalls'>0,1,1,1</arg>
		<arg name='calls'>6874161,0,0,0</arg>
	</msg>
	<!-- Heartbeat, tids = 16452,17348,8016,11800, syscallStatus = 0,1,1,1, calls = 7168504,0,0,0 -->
	<msg id='35' display='false' source='mc'>
		<type>HEARTBEAT</type>
		<severity>INFO</severity>
		<timestamp>Wed Oct 30 11:45:38 2019</timestamp>
		<arg name='tids'>16452,17348,8016,11800</arg>
		<arg name='syscalls'>0,1,1,1</arg>
		<arg name='calls'>7168504,0,0,0</arg>
	</msg>
	<!-- Heartbeat, tids = 16452,17348,8016,11800, syscallStatus = 0,1,1,1, calls = 7156753,0,0,0 -->
	<msg id='36' display='false' source='mc'>
		<type>HEARTBEAT</type>
		<severity>INFO</severity>
		<timestamp>Wed Oct 30 11:45:39 2019</timestamp>
		<arg name='tids'>16452,17348,8016,11800</arg>
		<arg name='syscalls'>0,1,1,1</arg>
		<arg name='calls'>7156753,0,0,0</arg>
	</msg>
	<!-- Heartbeat, tids = 16452,17348,8016,11800, syscallStatus = 0,1,1,1, calls = 7195245,0,0,0 -->
	<msg id='37' display='false' source='mc'>
		<type>HEARTBEAT</type>
		<severity>INFO</severity>
		<timestamp>Wed Oct 30 11:45:40 2019</timestamp>
		<arg name='tids'>16452,17348,8016,11800</arg>
		<arg name='syscalls'>0,1,1,1</arg>
		<arg name='calls'>7195245,0,0,0</arg>
	</msg>
	<!-- Heartbeat, tids = 16452,17348,8016,11800, syscallStatus = 0,1,1,1, calls = 7148382,0,0,0 -->
	<msg id='38' display='false' source='mc'>
		<type>HEARTBEAT</type>
		<severity>INFO</severity>
		<timestamp>Wed Oct 30 11:45:41 2019</timestamp>
		<arg name='tids'>16452,17348,8016,11800</arg>
		<arg name='syscalls'>0,1,1,1</arg>
		<arg name='calls'>7148382,0,0,0</arg>
	</msg>
	<!-- Heartbeat, tids = 16452,17348,8016,11800, syscallStatus = 0,1,1,1, calls = 7051021,0,0,0 -->
	<msg id='39' display='false' source='mc'>
		<type>HEARTBEAT</type>
		<severity>INFO</severity>
		<timestamp>Wed Oct 30 11:45:42 2019</timestamp>
		<arg name='tids'>16452,17348,8016,11800</arg>
		<arg name='syscalls'>0,1,1,1</arg>
		<arg name='calls'>7051021,0,0,0</arg>
	</msg>
	<!-- Heartbeat, tids = 16452,17348,8016,11800, syscallStatus = 0,1,1,1, calls = 7123234,0,0,0 -->
	<msg id='40' display='false' source='mc'>
		<type>HEARTBEAT</type>
		<severity>INFO</severity>
		<timestamp>Wed Oct 30 11:45:43 2019</timestamp>
		<arg name='tids'>16452,17348,8016,11800</arg>
		<arg name='syscalls'>0,1,1,1</arg>
		<arg name='calls'>7123234,0,0,0</arg>
	</msg>
	<!-- Heartbeat, tids = 16452,17348,8016,11800, syscallStatus = 0,1,1,1, calls = 7243817,0,0,0 -->
	<msg id='41' display='false' source='mc'>
		<type>HEARTBEAT</type>
		<severity>INFO</severity>
		<timestamp>Wed Oct 30 11:45:44 2019</timestamp>
		<arg name='tids'>16452,17348,8016,11800</arg>
		<arg name='syscalls'>0,1,1,1</arg>
		<arg name='calls'>7243817,0,0,0</arg>
	</msg>
	<!-- Heartbeat, tids = 16452,17348,8016,11800, syscallStatus = 0,1,1,1, calls = 7192170,0,0,0 -->
	<msg id='42' display='false' source='mc'>
		<type>HEARTBEAT</type>
		<severity>INFO</severity>
		<timestamp>Wed Oct 30 11:45:45 2019</timestamp>
		<arg name='tids'>16452,17348,8016,11800</arg>
		<arg name='syscalls'>0,1,1,1</arg>
		<arg name='calls'>7192170,0,0,0</arg>
	</msg>
	<!-- Heartbeat, tids = 16452,17348,8016,11800, syscallStatus = 0,1,1,1, calls = 7222361,0,0,0 -->
	<msg id='43' display='false' source='mc'>
		<type>HEARTBEAT</type>
		<severity>INFO</severity>
		<timestamp>Wed Oct 30 11:45:46 2019</timestamp>
		<arg name='tids'>16452,17348,8016,11800</arg>
		<arg name='syscalls'>0,1,1,1</arg>
		<arg name='calls'>7222361,0,0,0</arg>
	</msg>
	<!-- Heartbeat, tids = 16452,17348,8016,11800, syscallStatus = 0,1,1,1, calls = 7227618,0,0,0 -->
	<msg id='44' display='false' source='mc'>
		<type>HEARTBEAT</type>
		<severity>INFO</severity>
		<timestamp>Wed Oct 30 11:45:47 2019</timestamp>
		<arg name='tids'>16452,17348,8016,11800</arg>
		<arg name='syscalls'>0,1,1,1</arg>
		<arg name='calls'>7227618,0,0,0</arg>
	</msg>
	<!-- Heartbeat, tids = 16452,17348,8016,11800, syscallStatus = 0,1,1,1, calls = 7176478,0,0,0 -->
	<msg id='45' display='false' source='mc'>
		<type>HEARTBEAT</type>
		<severity>INFO</severity>
		<timestamp>Wed Oct 30 11:45:48 2019</timestamp>
		<arg name='tids'>16452,17348,8016,11800</arg>
		<arg name='syscalls'>0,1,1,1</arg>
		<arg name='calls'>7176478,0,0,0</arg>
	</msg>
	<!-- Heartbeat, tids = 16452,17348,8016,11800, syscallStatus = 0,1,1,1, calls = 7221564,0,0,0 -->
	<msg id='46' display='false' source='mc'>
		<type>HEARTBEAT</type>
		<severity>INFO</severity>
		<timestamp>Wed Oct 30 11:45:49 2019</timestamp>
		<arg name='tids'>16452,17348,8016,11800</arg>
		<arg name='syscalls'>0,1,1,1</arg>
		<arg name='calls'>7221564,0,0,0</arg>
	</msg>
	<!-- Heartbeat, tids = 16452,17348,8016,11800, syscallStatus = 0,1,1,1, calls = 7144391,0,0,0 -->
	<msg id='47' display='false' source='mc'>
		<type>HEARTBEAT</type>
		<severity>INFO</severity>
		<timestamp>Wed Oct 30 11:45:50 2019</timestamp>
		<arg name='tids'>16452,17348,8016,11800</arg>
		<arg name='syscalls'>0,1,1,1</arg>
		<arg name='calls'>7144391,0,0,0</arg>
	</msg>
	<!-- Heartbeat, tids = 16452,17348,8016,11800, syscallStatus = 0,1,1,1, calls = 7190877,0,0,0 -->
	<msg id='48' display='false' source='mc'>
		<type>HEARTBEAT</type>
		<severity>INFO</severity>
		<timestamp>Wed Oct 30 11:45:51 2019</timestamp>
		<arg name='tids'>16452,17348,8016,11800</arg>
		<arg name='syscalls'>0,1,1,1</arg>
		<arg name='calls'>7190877,0,0,0</arg>
	</msg>
	<!-- Heartbeat, tids = 16452,17348,8016,11800, syscallStatus = 0,1,1,1, calls = 7035685,0,0,0 -->
	<msg id='49' display='false' source='mc'>
		<type>HEARTBEAT</type>
		<severity>INFO</severity>
		<timestamp>Wed Oct 30 11:45:52 2019</timestamp>
		<arg name='tids'>16452,17348,8016,11800</arg>
		<arg name='syscalls'>0,1,1,1</arg>
		<arg name='calls'>7035685,0,0,0</arg>
	</msg>
	<!-- Heartbeat, tids = 16452,17348,8016,11800, syscallStatus = 0,1,1,1, calls = 6820418,0,0,0 -->
	<msg id='50' display='false' source='mc'>
		<type>HEARTBEAT</type>
		<severity>INFO</severity>
		<timestamp>Wed Oct 30 11:45:53 2019</timestamp>
		<arg name='tids'>16452,17348,8016,11800</arg>
		<arg name='syscalls'>0,1,1,1</arg>
		<arg name='calls'>6820418,0,0,0</arg>
	</msg>
	<!-- Heartbeat, tids = 16452,17348,8016,11800, syscallStatus = 0,1,1,1, calls = 7223463,0,0,0 -->
	<msg id='51' display='false' source='mc'>
		<type>HEARTBEAT</type>
		<severity>INFO</severity>
		<timestamp>Wed Oct 30 11:45:54 2019</timestamp>
		<arg name='tids'>16452,17348,8016,11800</arg>
		<arg name='syscalls'>0,1,1,1</arg>
		<arg name='calls'>7223463,0,0,0</arg>
	</msg>
	<!-- Heartbeat, tids = 16452,17348,8016,11800, syscallStatus = 0,1,1,1, calls = 6863010,0,0,0 -->
	<msg id='52' display='false' source='mc'>
		<type>HEARTBEAT</type>
		<severity>INFO</severity>
		<timestamp>Wed Oct 30 11:45:55 2019</timestamp>
		<arg name='tids'>16452,17348,8016,11800</arg>
		<arg name='syscalls'>0,1,1,1</arg>
		<arg name='calls'>6863010,0,0,0</arg>
	</msg>
	<!-- Heartbeat, tids = 16452,17348,8016,11800, syscallStatus = 0,1,1,1, calls = 6639821,0,0,0 -->
	<msg id='53' display='false' source='mc'>
		<type>HEARTBEAT</type>
		<severity>INFO</severity>
		<timestamp>Wed Oct 30 11:45:56 2019</timestamp>
		<arg name='tids'>16452,17348,8016,11800</arg>
		<arg name='syscalls'>0,1,1,1</arg>
		<arg name='calls'>6639821,0,0,0</arg>
	</msg>
	<!-- Heartbeat, tids = 16452,17348,8016,11800, syscallStatus = 0,1,1,1, calls = 6386208,0,0,0 -->
	<msg id='54' display='false' source='mc'>
		<type>HEARTBEAT</type>
		<severity>INFO</severity>
		<timestamp>Wed Oct 30 11:45:57 2019</timestamp>
		<arg name='tids'>16452,17348,8016,11800</arg>
		<arg name='syscalls'>0,1,1,1</arg>
		<arg name='calls'>6386208,0,0,0</arg>
	</msg>
	<!-- Heartbeat, tids = 16452,17348,8016,11800, syscallStatus = 0,1,1,1, calls = 6371283,0,0,0 -->
	<msg id='55' display='false' source='mc'>
		<type>HEARTBEAT</type>
		<severity>INFO</severity>
		<timestamp>Wed Oct 30 11:45:58 2019</timestamp>
		<arg name='tids'>16452,17348,8016,11800</arg>
		<arg name='syscalls'>0,1,1,1</arg>
		<arg name='calls'>6371283,0,0,0</arg>
	</msg>
	<!-- Heartbeat, tids = 16452,17348,8016,11800, syscallStatus = 0,1,1,1, calls = 6065717,0,0,0 -->
	<msg id='56' display='false' source='mc'>
		<type>HEARTBEAT</type>
		<severity>INFO</severity>
		<timestamp>Wed Oct 30 11:45:59 2019</timestamp>
		<arg name='tids'>16452,17348,8016,11800</arg>
		<arg name='syscalls'>0,1,1,1</arg>
		<arg name='calls'>6065717,0,0,0</arg>
	</msg>
	<!-- Heartbeat, tids = 16452,17348,8016,11800, syscallStatus = 0,1,1,1, calls = 6611082,0,0,0 -->
	<msg id='57' display='false' source='mc'>
		<type>HEARTBEAT</type>
		<severity>INFO</severity>
		<timestamp>Wed Oct 30 11:46:00 2019</timestamp>
		<arg name='tids'>16452,17348,8016,11800</arg>
		<arg name='syscalls'>0,1,1,1</arg>
		<arg name='calls'>6611082,0,0,0</arg>
	</msg>
	<!-- Heartbeat, tids = 16452,17348,8016,11800, syscallStatus = 0,1,1,1, calls = 6613546,0,0,0 -->
	<msg id='58' display='false' source='mc'>
		<type>HEARTBEAT</type>
		<severity>INFO</severity>
		<timestamp>Wed Oct 30 11:46:01 2019</timestamp>
		<arg name='tids'>16452,17348,8016,11800</arg>
		<arg name='syscalls'>0,1,1,1</arg>
		<arg name='calls'>6613546,0,0,0</arg>
	</msg>
	<!-- Heartbeat, tids = 16452,17348,8016,11800, syscallStatus = 0,1,1,1, calls = 6759226,0,0,0 -->
	<msg id='59' display='false' source='mc'>
		<type>HEARTBEAT</type>
		<severity>INFO</severity>
		<timestamp>Wed Oct 30 11:46:02 2019</timestamp>
		<arg name='tids'>16452,17348,8016,11800</arg>
		<arg name='syscalls'>0,1,1,1</arg>
		<arg name='calls'>6759226,0,0,0</arg>
	</msg>
	<!-- Heartbeat, tids = 16452,17348,8016,11800, syscallStatus = 0,1,1,1, calls = 6769500,0,0,0 -->
	<msg id='60' display='false' source='mc'>
		<type>HEARTBEAT</type>
		<severity>INFO</severity>
		<timestamp>Wed Oct 30 11:46:03 2019</timestamp>
		<arg name='tids'>16452,17348,8016,11800</arg>
		<arg name='syscalls'>0,1,1,1</arg>
		<arg name='calls'>6769500,0,0,0</arg>
	</msg>
	<!-- Heartbeat, tids = 16452,17348,8016,11800, syscallStatus = 0,1,1,1, calls = 6694384,0,0,0 -->
	<msg id='61' display='false' source='mc'>
		<type>HEARTBEAT</type>
		<severity>INFO</severity>
		<timestamp>Wed Oct 30 11:46:04 2019</timestamp>
		<arg name='tids'>16452,17348,8016,11800</arg>
		<arg name='syscalls'>0,1,1,1</arg>
		<arg name='calls'>6694384,0,0,0</arg>
	</msg>
	<!-- Heartbeat, tids = 16452,17348,8016,11800, syscallStatus = 0,1,1,1, calls = 6672530,0,0,0 -->
	<msg id='62' display='false' source='mc'>
		<type>HEARTBEAT</type>
		<severity>INFO</severity>
		<timestamp>Wed Oct 30 11:46:05 2019</timestamp>
		<arg name='tids'>16452,17348,8016,11800</arg>
		<arg name='syscalls'>0,1,1,1</arg>
		<arg name='calls'>6672530,0,0,0</arg>
	</msg>
	<!-- Heartbeat, tids = 16452,17348,8016,11800, syscallStatus = 0,1,1,1, calls = 6745926,0,0,0 -->
	<msg id='63' display='false' source='mc'>
		<type>HEARTBEAT</type>
		<severity>INFO</severity>
		<timestamp>Wed Oct 30 11:46:06 2019</timestamp>
		<arg name='tids'>16452,17348,8016,11800</arg>
		<arg name='syscalls'>0,1,1,1</arg>
		<arg name='calls'>6745926,0,0,0</arg>
	</msg>
	<!-- Heartbeat, tids = 16452,17348,8016,11800, syscallStatus = 0,1,1,1, calls = 6793017,0,0,0 -->
	<msg id='64' display='false' source='mc'>
		<type>HEARTBEAT</type>
		<severity>INFO</severity>
		<timestamp>Wed Oct 30 11:46:07 2019</timestamp>
		<arg name='tids'>16452,17348,8016,11800</arg>
		<arg name='syscalls'>0,1,1,1</arg>
		<arg name='calls'>6793017,0,0,0</arg>
	</msg>
	<!-- Heartbeat, tids = 16452,17348,8016,11800, syscallStatus = 0,1,1,1, calls = 6658759,0,0,0 -->
	<msg id='65' display='false' source='mc'>
		<type>HEARTBEAT</type>
		<severity>INFO</severity>
		<timestamp>Wed Oct 30 11:46:08 2019</timestamp>
		<arg name='tids'>16452,17348,8016,11800</arg>
		<arg name='syscalls'>0,1,1,1</arg>
		<arg name='calls'>6658759,0,0,0</arg>
	</msg>
	<!-- Heartbeat, tids = 16452,17348,8016,11800, syscallStatus = 0,1,1,1, calls = 6914856,0,0,0 -->
	<msg id='66' display='false' source='mc'>
		<type>HEARTBEAT</type>
		<severity>INFO</severity>
		<timestamp>Wed Oct 30 11:46:09 2019</timestamp>
		<arg name='tids'>16452,17348,8016,11800</arg>
		<arg name='syscalls'>0,1,1,1</arg>
		<arg name='calls'>6914856,0,0,0</arg>
	</msg>
	<!-- Heartbeat, tids = 16452,17348,8016,11800, syscallStatus = 0,1,1,1, calls = 7338302,0,0,0 -->
	<msg id='67' display='false' source='mc'>
		<type>HEARTBEAT</type>
		<severity>INFO</severity>
		<timestamp>Wed Oct 30 11:46:10 2019</timestamp>
		<arg name='tids'>16452,17348,8016,11800</arg>
		<arg name='syscalls'>0,1,1,1</arg>
		<arg name='calls'>7338302,0,0,0</arg>
	</msg>
	<!-- Heartbeat, tids = 16452,17348,8016,11800, syscallStatus = 0,1,1,1, calls = 7272530,0,0,0 -->
	<msg id='68' display='false' source='mc'>
		<type>HEARTBEAT</type>
		<severity>INFO</severity>
		<timestamp>Wed Oct 30 11:46:11 2019</timestamp>
		<arg name='tids'>16452,17348,8016,11800</arg>
		<arg name='syscalls'>0,1,1,1</arg>
		<arg name='calls'>7272530,0,0,0</arg>
	</msg>
	<!-- Heartbeat, tids = 16452,17348,8016,11800, syscallStatus = 0,1,1,1, calls = 7246930,0,0,0 -->
	<msg id='69' display='false' source='mc'>
		<type>HEARTBEAT</type>
		<severity>INFO</severity>
		<timestamp>Wed Oct 30 11:46:12 2019</timestamp>
		<arg name='tids'>16452,17348,8016,11800</arg>
		<arg name='syscalls'>0,1,1,1</arg>
		<arg name='calls'>7246930,0,0,0</arg>
	</msg>
	<!-- Heartbeat, tids = 16452,17348,8016,11800, syscallStatus = 0,1,1,1, calls = 7194900,0,0,0 -->
	<msg id='70' display='false' source='mc'>
		<type>HEARTBEAT</type>
		<severity>INFO</severity>
		<timestamp>Wed Oct 30 11:46:13 2019</timestamp>
		<arg name='tids'>16452,17348,8016,11800</arg>
		<arg name='syscalls'>0,1,1,1</arg>
		<arg name='calls'>7194900,0,0,0</arg>
	</msg>
	<!-- Heartbeat, tids = 16452,17348,8016,11800, syscallStatus = 0,1,1,1, calls = 7202306,0,0,0 -->
	<msg id='71' display='false' source='mc'>
		<type>HEARTBEAT</type>
		<severity>INFO</severity>
		<timestamp>Wed Oct 30 11:46:14 2019</timestamp>
		<arg name='tids'>16452,17348,8016,11800</arg>
		<arg name='syscalls'>0,1,1,1</arg>
		<arg name='calls'>7202306,0,0,0</arg>
	</msg>
	<!-- Heartbeat, tids = 16452,17348,8016,11800, syscallStatus = 0,1,1,1, calls = 7204901,0,0,0 -->
	<msg id='72' display='false' source='mc'>
		<type>HEARTBEAT</type>
		<severity>INFO</severity>
		<timestamp>Wed Oct 30 11:46:15 2019</timestamp>
		<arg name='tids'>16452,17348,8016,11800</arg>
		<arg name='syscalls'>0,1,1,1</arg>
		<arg name='calls'>7204901,0,0,0</arg>
	</msg>
	<!-- Heartbeat, tids = 16452,17348,8016,11800, syscallStatus = 0,1,1,1, calls = 7217881,0,0,0 -->
	<msg id='73' display='false' source='mc'>
		<type>HEARTBEAT</type>
		<severity>INFO</severity>
		<timestamp>Wed Oct 30 11:46:16 2019</timestamp>
		<arg name='tids'>16452,17348,8016,11800</arg>
		<arg name='syscalls'>0,1,1,1</arg>
		<arg name='calls'>7217881,0,0,0</arg>
	</msg>
	<!-- Heartbeat, tids = 16452,17348,8016,11800, syscallStatus = 0,1,1,1, calls = 7229829,0,0,0 -->
	<msg id='74' display='false' source='mc'>
		<type>HEARTBEAT</type>
		<severity>INFO</severity>
		<timestamp>Wed Oct 30 11:46:17 2019</timestamp>
		<arg name='tids'>16452,17348,8016,11800</arg>
		<arg name='syscalls'>0,1,1,1</arg>
		<arg name='calls'>7229829,0,0,0</arg>
	</msg>
	<!-- Heartbeat, tids = 16452,17348,8016,11800, syscallStatus = 0,1,1,1, calls = 7232757,0,0,0 -->
	<msg id='75' display='false' source='mc'>
		<type>HEARTBEAT</type>
		<severity>INFO</severity>
		<timestamp>Wed Oct 30 11:46:18 2019</timestamp>
		<arg name='tids'>16452,17348,8016,11800</arg>
		<arg name='syscalls'>0,1,1,1</arg>
		<arg name='calls'>7232757,0,0,0</arg>
	</msg>
	<!-- Heartbeat, tids = 16452,17348,8016,11800, syscallStatus = 0,1,1,1, calls = 7270492,0,0,0 -->
	<msg id='76' display='false' source='mc'>
		<type>HEARTBEAT</type>
		<severity>INFO</severity>
		<timestamp>Wed Oct 30 11:46:19 2019</timestamp>
		<arg name='tids'>16452,17348,8016,11800</arg>
		<arg name='syscalls'>0,1,1,1</arg>
		<arg name='calls'>7270492,0,0,0</arg>
	</msg>
	<!-- Heartbeat, tids = 16452,17348,8016,11800, syscallStatus = 0,1,1,1, calls = 7299679,0,0,0 -->
	<msg id='77' display='false' source='mc'>
		<type>HEARTBEAT</type>
		<severity>INFO</severity>
		<timestamp>Wed Oct 30 11:46:20 2019</timestamp>
		<arg name='tids'>16452,17348,8016,11800</arg>
		<arg name='syscalls'>0,1,1,1</arg>
		<arg name='calls'>7299679,0,0,0</arg>
	</msg>
	<!-- DIAG: 5 -->
	<!-- DIAG: 6 -->
	<!-- DIAG: 7 -->
	<!-- Heartbeat, tids = 16452, syscallStatus = 0, calls = 7240666 -->
	<msg id='78' display='false' source='mc'>
		<type>HEARTBEAT</type>
		<severity>INFO</severity>
		<timestamp>Wed Oct 30 11:46:21 2019</timestamp>
		<arg name='tids'>16452</arg>
		<arg name='syscalls'>0</arg>
		<arg name='calls'>7240666</arg>
	</msg>
	<!-- Heartbeat, tids = 16452, syscallStatus = 0, calls = 7181773 -->
	<msg id='79' display='false' source='mc'>
		<type>HEARTBEAT</type>
		<severity>INFO</severity>
		<timestamp>Wed Oct 30 11:46:22 2019</timestamp>
		<arg name='tids'>16452</arg>
		<arg name='syscalls'>0</arg>
		<arg name='calls'>7181773</arg>
	</msg>
	<!-- Heartbeat, tids = 16452, syscallStatus = 0, calls = 7267540 -->
	<msg id='80' display='false' source='mc'>
		<type>HEARTBEAT</type>
		<severity>INFO</severity>
		<timestamp>Wed Oct 30 11:46:23 2019</timestamp>
		<arg name='tids'>16452</arg>
		<arg name='syscalls'>0</arg>
		<arg name='calls'>7267540</arg>
	</msg>
	<!-- Heartbeat, tids = 16452, syscallStatus = 0, calls = 7259951 -->
	<msg id='81' display='false' source='mc'>
		<type>HEARTBEAT</type>
		<severity>INFO</severity>
		<timestamp>Wed Oct 30 11:46:24 2019</timestamp>
		<arg name='tids'>16452</arg>
		<arg name='syscalls'>0</arg>
		<arg name='calls'>7259951</arg>
	</msg>
	<!-- Heartbeat, tids = 16452, syscallStatus = 0, calls = 7204984 -->
	<msg id='82' display='false' source='mc'>
		<type>HEARTBEAT</type>
		<severity>INFO</severity>
		<timestamp>Wed Oct 30 11:46:25 2019</timestamp>
		<arg name='tids'>16452</arg>
		<arg name='syscalls'>0</arg>
		<arg name='calls'>7204984</arg>
	</msg>
	<!-- Heartbeat, tids = 16452, syscallStatus = 0, calls = 7219742 -->
	<msg id='83' display='false' source='mc'>
		<type>HEARTBEAT</type>
		<severity>INFO</severity>
		<timestamp>Wed Oct 30 11:46:26 2019</timestamp>
		<arg name='tids'>16452</arg>
		<arg name='syscalls'>0</arg>
		<arg name='calls'>7219742</arg>
	</msg>
	<!-- Heartbeat, tids = 16452, syscallStatus = 0, calls = 7272508 -->
	<msg id='84' display='false' source='mc'>
		<type>HEARTBEAT</type>
		<severity>INFO</severity>
		<timestamp>Wed Oct 30 11:46:27 2019</timestamp>
		<arg name='tids'>16452</arg>
		<arg name='syscalls'>0</arg>
		<arg name='calls'>7272508</arg>
	</msg>
	<!-- Heartbeat, tids = 16452, syscallStatus = 0, calls = 7211141 -->
	<msg id='85' display='false' source='mc'>
		<type>HEARTBEAT</type>
		<severity>INFO</severity>
		<timestamp>Wed Oct 30 11:46:28 2019</timestamp>
		<arg name='tids'>16452</arg>
		<arg name='syscalls'>0</arg>
		<arg name='calls'>7211141</arg>
	</msg>
	<!-- Heartbeat, tids = 16452, syscallStatus = 0, calls = 7241968 -->
	<msg id='86' display='false' source='mc'>
		<type>HEARTBEAT</type>
		<severity>INFO</severity>
		<timestamp>Wed Oct 30 11:46:29 2019</timestamp>
		<arg name='tids'>16452</arg>
		<arg name='syscalls'>0</arg>
		<arg name='calls'>7241968</arg>
	</msg>
	<!-- Heartbeat, tids = 16452, syscallStatus = 0, calls = 7293697 -->
	<msg id='87' display='false' source='mc'>
		<type>HEARTBEAT</type>
		<severity>INFO</severity>
		<timestamp>Wed Oct 30 11:46:30 2019</timestamp>
		<arg name='tids'>16452</arg>
		<arg name='syscalls'>0</arg>
		<arg name='calls'>7293697</arg>
	</msg>
	<!-- Heartbeat, tids = 16452, syscallStatus = 0, calls = 7324662 -->
	<msg id='88' display='false' source='mc'>
		<type>HEARTBEAT</type>
		<severity>INFO</severity>
		<timestamp>Wed Oct 30 11:46:31 2019</timestamp>
		<arg name='tids'>16452</arg>
		<arg name='syscalls'>0</arg>
		<arg name='calls'>7324662</arg>
	</msg>
	<!-- Heartbeat, tids = 16452, syscallStatus = 0, calls = 7300154 -->
	<msg id='89' display='false' source='mc'>
		<type>HEARTBEAT</type>
		<severity>INFO</severity>
		<timestamp>Wed Oct 30 11:46:32 2019</timestamp>
		<arg name='tids'>16452</arg>
		<arg name='syscalls'>0</arg>
		<arg name='calls'>7300154</arg>
	</msg>
	<!-- Heartbeat, tids = 16452, syscallStatus = 0, calls = 7325993 -->
	<msg id='90' display='false' source='mc'>
		<type>HEARTBEAT</type>
		<severity>INFO</severity>
		<timestamp>Wed Oct 30 11:46:33 2019</timestamp>
		<arg name='tids'>16452</arg>
		<arg name='syscalls'>0</arg>
		<arg name='calls'>7325993</arg>
	</msg>
	<!-- Heartbeat, tids = 16452, syscallStatus = 0, calls = 7223453 -->
	<msg id='91' display='false' source='mc'>
		<type>HEARTBEAT</type>
		<severity>INFO</severity>
		<timestamp>Wed Oct 30 11:46:34 2019</timestamp>
		<arg name='tids'>16452</arg>
		<arg name='syscalls'>0</arg>
		<arg name='calls'>7223453</arg>
	</msg>
	<!-- Heartbeat, tids = 16452, syscallStatus = 0, calls = 7229060 -->
	<msg id='92' display='false' source='mc'>
		<type>HEARTBEAT</type>
		<severity>INFO</severity>
		<timestamp>Wed Oct 30 11:46:35 2019</timestamp>
		<arg name='tids'>16452</arg>
		<arg name='syscalls'>0</arg>
		<arg name='calls'>7229060</arg>
	</msg>
	<!-- Heartbeat, tids = 16452, syscallStatus = 0, calls = 7256984 -->
	<msg id='93' display='false' source='mc'>
		<type>HEARTBEAT</type>
		<severity>INFO</severity>
		<timestamp>Wed Oct 30 11:46:36 2019</timestamp>
		<arg name='tids'>16452</arg>
		<arg name='syscalls'>0</arg>
		<arg name='calls'>7256984</arg>
	</msg>
	<!-- Heartbeat, tids = 16452, syscallStatus = 0, calls = 7212856 -->
	<msg id='94' display='false' source='mc'>
		<type>HEARTBEAT</type>
		<severity>INFO</severity>
		<timestamp>Wed Oct 30 11:46:37 2019</timestamp>
		<arg name='tids'>16452</arg>
		<arg name='syscalls'>0</arg>
		<arg name='calls'>7212856</arg>
	</msg>
	<!-- Heartbeat, tids = 16452, syscallStatus = 0, calls = 7200599 -->
	<msg id='95' display='false' source='mc'>
		<type>HEARTBEAT</type>
		<severity>INFO</severity>
		<timestamp>Wed Oct 30 11:46:38 2019</timestamp>
		<arg name='tids'>16452</arg>
		<arg name='syscalls'>0</arg>
		<arg name='calls'>7200599</arg>
	</msg>
	<!-- Heartbeat, tids = 16452, syscallStatus = 0, calls = 7270342 -->
	<msg id='96' display='false' source='mc'>
		<type>HEARTBEAT</type>
		<severity>INFO</severity>
		<timestamp>Wed Oct 30 11:46:39 2019</timestamp>
		<arg name='tids'>16452</arg>
		<arg name='syscalls'>0</arg>
		<arg name='calls'>7270342</arg>
	</msg>
	<!-- Heartbeat, tids = 16452, syscallStatus = 0, calls = 7299526 -->
	<msg id='97' display='false' source='mc'>
		<type>HEARTBEAT</type>
		<severity>INFO</severity>
		<timestamp>Wed Oct 30 11:46:40 2019</timestamp>
		<arg name='tids'>16452</arg>
		<arg name='syscalls'>0</arg>
		<arg name='calls'>7299526</arg>
	</msg>
	<!-- Heartbeat, tids = 16452, syscallStatus = 0, calls = 7208505 -->
	<msg id='98' display='false' source='mc'>
		<type>HEARTBEAT</type>
		<severity>INFO</severity>
		<timestamp>Wed Oct 30 11:46:41 2019</timestamp>
		<arg name='tids'>16452</arg>
		<arg name='syscalls'>0</arg>
		<arg name='calls'>7208505</arg>
	</msg>
	<!-- Heartbeat, tids = 16452, syscallStatus = 0, calls = 6989340 -->
	<msg id='99' display='false' source='mc'>
		<type>HEARTBEAT</type>
		<severity>INFO</severity>
		<timestamp>Wed Oct 30 11:46:42 2019</timestamp>
		<arg name='tids'>16452</arg>
		<arg name='syscalls'>0</arg>
		<arg name='calls'>6989340</arg>
	</msg>
	<!-- Heartbeat, tids = 16452, syscallStatus = 0, calls = 7287220 -->
	<msg id='100' display='false' source='mc'>
		<type>HEARTBEAT</type>
		<severity>INFO</severity>
		<timestamp>Wed Oct 30 11:46:43 2019</timestamp>
		<arg name='tids'>16452</arg>
		<arg name='syscalls'>0</arg>
		<arg name='calls'>7287220</arg>
	</msg>
	<!-- Heartbeat, tids = 16452, syscallStatus = 0, calls = 7293348 -->
	<msg id='101' display='false' source='mc'>
		<type>HEARTBEAT</type>
		<severity>INFO</severity>
		<timestamp>Wed Oct 30 11:46:44 2019</timestamp>
		<arg name='tids'>16452</arg>
		<arg name='syscalls'>0</arg>
		<arg name='calls'>7293348</arg>
	</msg>
	<!-- Heartbeat, tids = 16452, syscallStatus = 0, calls = 7028653 -->
	<msg id='102' display='false' source='mc'>
		<type>HEARTBEAT</type>
		<severity>INFO</severity>
		<timestamp>Wed Oct 30 11:46:45 2019</timestamp>
		<arg name='tids'>16452</arg>
		<arg name='syscalls'>0</arg>
		<arg name='calls'>7028653</arg>
	</msg>
	<!-- Heartbeat, tids = 16452, syscallStatus = 0, calls = 7215427 -->
	<msg id='103' display='false' source='mc'>
		<type>HEARTBEAT</type>
		<severity>INFO</severity>
		<timestamp>Wed Oct 30 11:46:46 2019</timestamp>
		<arg name='tids'>16452</arg>
		<arg name='syscalls'>0</arg>
		<arg name='calls'>7215427</arg>
	</msg>
	<!-- Heartbeat, tids = 16452, syscallStatus = 0, calls = 7064708 -->
	<msg id='104' display='false' source='mc'>
		<type>HEARTBEAT</type>
		<severity>INFO</severity>
		<timestamp>Wed Oct 30 11:46:47 2019</timestamp>
		<arg name='tids'>16452</arg>
		<arg name='syscalls'>0</arg>
		<arg name='calls'>7064708</arg>
	</msg>
	<!-- Heartbeat, tids = 16452, syscallStatus = 0, calls = 6809667 -->
	<msg id='105' display='false' source='mc'>
		<type>HEARTBEAT</type>
		<severity>INFO</severity>
		<timestamp>Wed Oct 30 11:46:48 2019</timestamp>
		<arg name='tids'>16452</arg>
		<arg name='syscalls'>0</arg>
		<arg name='calls'>6809667</arg>
	</msg>
	<!-- Heartbeat, tids = 16452, syscallStatus = 0, calls = 6698294 -->
	<msg id='106' display='false' source='mc'>
		<type>HEARTBEAT</type>
		<severity>INFO</severity>
		<timestamp>Wed Oct 30 11:46:49 2019</timestamp>
		<arg name='tids'>16452</arg>
		<arg name='syscalls'>0</arg>
		<arg name='calls'>6698294</arg>
	</msg>