<?xml version="1.0" encoding="utf-8" ?>
<!-- DO NOT EDIT THIS FILE -->

<log version='2.0' source='mc'>
	<!-- Successfully loaded CCRT at address 0x1d80000 - 0x2083000 -->
	<!-- Successfully loaded MC at address 0x54b90000 - 0x5574b000 -->
	<!-- Analysis started for c:\users\volosov\source\repos\ips_lab5\release\ips_lab5.exe, pid = 17724 -->
	<msg id='1' source='mc'>
		<type>EXEC_OF_INTEREST</type>
		<severity>INFO</severity>
		<timestamp>Fri Nov 29 16:28:01 2019</timestamp>
		<arg name='path'>c:\users\volosov\source\repos\ips_lab5\release\ips_lab5.exe</arg>
		<arg name='pid'>17724</arg>
	</msg>
	<!-- Command line: C:\Program Files (x86)\IntelSWTools\Inspector 2019\bin32\pin -xyzzy -mesgoff console -xyzzy -bridge_save_x87 0 -bridge_save_mxcsr 0 -follow_execv -error_file C:\Users\Volosov\source\repos\IPS_Lab5\IPS_Lab5\My Inspector Results - IPS_Lab5\r006mi3\data.0\pin_error.log -logfile C:\Users\Volosov\source\repos\IPS_Lab5\IPS_Lab5\My Inspector Results - IPS_Lab5\r006mi3\data.0\pin.log -xyzzy -region_max_inss 500 -p64 C:\Program Files (x86)\IntelSWTools\Inspector 2019\bin64\pin -t64 C:\Program Files (x86)\IntelSWTools\Inspector 2019\bin64\memchkr.dll -t C:\Program Files (x86)\IntelSWTools\Inspector 2019\bin32\memchkr.dll -no-analyze-stack -access-checks -leak-check-on-exit -leak-check-on-demand -enable-memory-growth -leak-check-report-reachable -check-resource-leaks -freelist-vol 1000000 -leak-maximum 100000 -guard-zone-size 32 -stack-depth 16 -heartbeat 1 -mrte-mode auto -working-dir C:\Users\Volosov\source\repos\IPS_Lab5\IPS_Lab5\My Inspector Results - IPS_Lab5\r006mi3\data.0 -log mc_IPS_Lab5.log -result IPS_Lab5 - C:\Users\Volosov\source\repos\IPS_Lab5\Release\IPS_Lab5.exe  -->
	<!-- mc's options are the following:  -->
	<!-- -help                              false -->
	<!-- -verbose                           false -->
	<!-- -xyzzy                             false -->
	<!-- -version                           false -->
	<!-- -help-all                          false -->
	<!-- -xyzzy-all                         false -->
	<!-- -report-all-instances              false -->
	<!-- -check-for-padded-structures       true -->
	<!-- -check-for-bitfields               true -->
	<!-- -analyze-stack                     false -->
	<!-- -access-checks                     true -->
	<!-- -track-origins                     true -->
	<!-- -duplicate-uninits                 false -->
	<!-- -bss-initialized                   true -->
	<!-- -align-alloc-size                  false -->
	<!-- -report-uninit-read                false -->
	<!-- -ignore-system-libraries           false -->
	<!-- -gen-suppressions                  false -->
	<!-- -leak-check-on-exit                true -->
	<!-- -leak-check-on-demand              true -->
	<!-- -leak-check-uses-baseline          true -->
	<!-- -enable-memory-growth              true -->
	<!-- -leak-check-report-reachable       true -->
	<!-- -leak-check-full                   true -->
	<!-- -check-resource-leaks              true -->
	<!-- -trace-children                    false -->
	<!-- -enable-poke                       false -->
	<!-- -jit-mode-anyway                   false -->
	<!-- -disable-probe-mode-mismatches-64  true -->
	<!-- -aggressive-callstack-caching      false -->
	<!-- -suppress-breakpoints              false -->
	<!-- -monitor-memory                    false -->
	<!-- -freelist-vol                      1000000 -->
	<!-- -leak-maximum                      100000 -->
	<!-- -guard-zone-size                   32 -->
	<!-- -stack-depth                       16 -->
	<!-- -heartbeat                         1 -->
	<!-- -breakpoint-file                   (null) -->
	<!-- -config-file                       (null) -->
	<!-- -log                               mc_IPS_Lab5.log -->
	<!-- -ignore-commands                   (null),  -->
	<!-- -ignore-modules                    (null),  -->
	<!-- -ignore-symbols                    (null),  -->
	<!-- -module-of-interest                (null),  -->
	<!-- -executable-of-interest            (null),  -->
	<!-- -working-dir                       C:\Users\Volosov\source\repos\IPS_Lab5\IPS_Lab5\My Inspector Results - IPS_Lab5\r006mi3\data.0 -->
	<!-- -result                            IPS_Lab5 -->
	<!-- -exclude-module                    (null),  -->
	<!-- -include-module                    (null),  -->
	<!-- -only-exec-commands                (null),  -->
	<!-- -suppressions                      (null),  -->
	<!-- -debug                             none -->
	<!-- -shared-mem-name                   (null) -->
	<!-- -poke-function                     (null),  -->
	<!-- -analysis-mode                     (null) -->
	<!-- -disable-gatekeeping               false -->
	<!-- -ignore-os-allocators              false -->
	<!-- -mrte-mode                         auto -->
	<!-- probe mode: no -->
	<!-- mem leaks checks: yes -->
	<!-- res leaks checks: yes -->
	<!-- access checks: yes -->
	<!-- track origin: yes -->
	<!-- Environment: INTEL_LIBITTNOTIFY32=C:\Program Files (x86)\IntelSWTools\Inspector 2019\bin32\runtime\libittnotify.dll -->
	<!-- Environment: INTEL_LIBITTNOTIFY64=C:\Program Files (x86)\IntelSWTools\Inspector 2019\bin64\runtime\libittnotify.dll -->
	<!-- Environment: INTEL_JIT_PROFILER32=C:\Program Files (x86)\IntelSWTools\Inspector 2019\bin32\runtime\libittnotify.dll -->
	<!-- Environment: INTEL_JIT_PROFILER64=C:\Program Files (x86)\IntelSWTools\Inspector 2019\bin64\runtime\libittnotify.dll -->
	<!-- Module loaded c:\users\volosov\source\repos\ips_lab5\release\ips_lab5.exe, address range [0x01180000-0x01192fff] -->
	<msg id='2' source='mc'>
		<type>MODULE_LOAD</type>
		<severity>INFO</severity>
		<timestamp>Fri Nov 29 16:28:01 2019</timestamp>
		<arg name='path'>c:\users\volosov\source\repos\ips_lab5\release\ips_lab5.exe</arg>
		<arg name='addr1'>0x1180000</arg>
		<arg name='addr2'>0x1192fff</arg>
	</msg>
	<!-- Module loaded c:\windows\syswow64\kernel32.dll, address range [0x74d40000-0x74e1ffff] -->
	<msg id='3' source='mc'>
		<type>MODULE_LOAD</type>
		<severity>INFO</severity>
		<timestamp>Fri Nov 29 16:28:01 2019</timestamp>
		<arg name='path'>c:\windows\syswow64\kernel32.dll</arg>
		<arg name='addr1'>0x74d40000</arg>
		<arg name='addr2'>0x74e1ffff</arg>
	</msg>
	<!-- Module loaded c:\windows\syswow64\kernelbase.dll, address range [0x77370000-0x77553fff] -->
	<msg id='4' source='mc'>
		<type>MODULE_LOAD</type>
		<severity>INFO</severity>
		<timestamp>Fri Nov 29 16:28:01 2019</timestamp>
		<arg name='path'>c:\windows\syswow64\kernelbase.dll</arg>
		<arg name='addr1'>0x77370000</arg>
		<arg name='addr2'>0x77553fff</arg>
	</msg>
	<!-- Module loaded c:\windows\syswow64\ntdll.dll, address range [0x778f0000-0x77a7ffff] -->
	<msg id='5' source='mc'>
		<type>MODULE_LOAD</type>
		<severity>INFO</severity>
		<timestamp>Fri Nov 29 16:28:01 2019</timestamp>
		<arg name='path'>c:\windows\syswow64\ntdll.dll</arg>
		<arg name='addr1'>0x778f0000</arg>
		<arg name='addr2'>0x77a7ffff</arg>
	</msg>
	<!-- DIAG: 1 -->
	<!-- DIAG: 2 -->
	<!-- DIAG: 3 -->
	<!-- DIAG: 4 -->
	<!-- Module loaded c:\windows\syswow64\ucrtbase.dll, address range [0x775c0000-0x776ddfff] -->
	<msg id='6' source='mc'>
		<type>MODULE_LOAD</type>
		<severity>INFO</severity>
		<timestamp>Fri Nov 29 16:28:02 2019</timestamp>
		<arg name='path'>c:\windows\syswow64\ucrtbase.dll</arg>
		<arg name='addr1'>0x775c0000</arg>
		<arg name='addr2'>0x776ddfff</arg>
	</msg>
	<!-- Module loaded c:\windows\syswow64\msvcp140.dll, address range [0x5f600000-0x5f66efff] -->
	<msg id='7' source='mc'>
		<type>MODULE_LOAD</type>
		<severity>INFO</severity>
		<timestamp>Fri Nov 29 16:28:02 2019</timestamp>
		<arg name='path'>c:\windows\syswow64\msvcp140.dll</arg>
		<arg name='addr1'>0x5f600000</arg>
		<arg name='addr2'>0x5f66efff</arg>
	</msg>
	<!-- Module loaded c:\windows\syswow64\vcruntime140.dll, address range [0x609c0000-0x609d2fff] -->
	<msg id='8' source='mc'>
		<type>MODULE_LOAD</type>
		<severity>INFO</severity>
		<timestamp>Fri Nov 29 16:28:02 2019</timestamp>
		<arg name='path'>c:\windows\syswow64\vcruntime140.dll</arg>
		<arg name='addr1'>0x609c0000</arg>
		<arg name='addr2'>0x609d2fff</arg>
	</msg>
	<!-- Found ZCA section with version 1.1 -->
	<!-- Found ZCA section with version 1.1 -->
	<!-- Found ZCA section with version 1.1 -->
	<!-- Found ZCA section with version 1.1 -->
	<!-- Found ZCA section with version 1.1 -->
	<!-- Found ZCA section with version 1.1 -->
	<!-- Found ZCA section with version 1.1 -->
	<!-- Found ZCA section with version 1.1 -->
	<!-- Found ZCA section with version 1.1 -->
	<!-- Found ZCA section with version 1.1 -->
	<!-- Found ZCA section with version 1.1 -->
	<!-- Found ZCA section with version 1.1 -->
	<!-- Found ZCA section with version 1.1 -->
	<!-- Found ZCA section with version 1.1 -->
	<!-- Found ZCA section with version 1.1 -->
	<!-- Found ZCA section with version 1.1 -->
	<!-- Found ZCA section with version 1.1 -->
	<!-- Found ZCA section with version 1.1 -->
	<!-- Found ZCA section with version 1.1 -->
	<!-- Found ZCA section with version 1.1 -->
	<!-- Found ZCA section with version 1.1 -->
	<!-- Found ZCA section with version 1.1 -->
	<!-- Found ZCA section with version 1.1 -->
	<!-- Found ZCA section with version 1.1 -->
	<!-- Found ZCA section with version 1.1 -->
	<!-- Found ZCA section with version 1.1 -->
	<!-- Found ZCA section with version 1.1 -->
	<!-- Module loaded c:\program files (x86)\intelswtools\compilers_and_libraries_2019.5.281\windows\redist\ia32_win\compiler\cilkrts20.dll, address range [0x0f410000-0x0f457fff], minimal analysis -->
	<msg id='9' source='mc'>
		<type>MODULE_LOAD_NO_ANALYSIS</type>
		<severity>INFO</severity>
		<timestamp>Fri Nov 29 16:28:02 2019</timestamp>
		<arg name='path'>c:\program files (x86)\intelswtools\compilers_and_libraries_2019.5.281\windows\redist\ia32_win\compiler\cilkrts20.dll</arg>
		<arg name='addr1'>0xf410000</arg>
		<arg name='addr2'>0xf457fff</arg>
	</msg>
	<!-- Module loaded c:\windows\syswow64\user32.dll, address range [0x75780000-0x7590cfff], minimal analysis -->
	<msg id='10' source='mc'>
		<type>MODULE_LOAD_NO_ANALYSIS</type>
		<severity>INFO</severity>
		<timestamp>Fri Nov 29 16:28:03 2019</timestamp>
		<arg name='path'>c:\windows\syswow64\user32.dll</arg>
		<arg name='addr1'>0x75780000</arg>
		<arg name='addr2'>0x7590cfff</arg>
	</msg>
	<!-- Module loaded c:\windows\syswow64\win32u.dll, address range [0x74e70000-0x74e86fff] -->
	<msg id='11' source='mc'>
		<type>MODULE_LOAD</type>
		<severity>INFO</severity>
		<timestamp>Fri Nov 29 16:28:03 2019</timestamp>
		<arg name='path'>c:\windows\syswow64\win32u.dll</arg>
		<arg name='addr1'>0x74e70000</arg>
		<arg name='addr2'>0x74e86fff</arg>
	</msg>
	<!-- Module loaded c:\windows\syswow64\gdi32.dll, address range [0x74a20000-0x74a41fff] -->
	<msg id='12' source='mc'>
		<type>MODULE_LOAD</type>
		<severity>INFO</severity>
		<timestamp>Fri Nov 29 16:28:03 2019</timestamp>
		<arg name='path'>c:\windows\syswow64\gdi32.dll</arg>
		<arg name='addr1'>0x74a20000</arg>
		<arg name='addr2'>0x74a41fff</arg>
	</msg>
	<!-- Module loaded c:\windows\syswow64\gdi32full.dll, address range [0x744a0000-0x74603fff], minimal analysis -->
	<msg id='13' source='mc'>
		<type>MODULE_LOAD_NO_ANALYSIS</type>
		<severity>INFO</severity>
		<timestamp>Fri Nov 29 16:28:03 2019</timestamp>
		<arg name='path'>c:\windows\syswow64\gdi32full.dll</arg>
		<arg name='addr1'>0x744a0000</arg>
		<arg name='addr2'>0x74603fff</arg>
	</msg>
	<!-- Module loaded c:\windows\syswow64\msvcp_win.dll, address range [0x76c60000-0x76cdcfff] -->
	<msg id='14' source='mc'>
		<type>MODULE_LOAD</type>
		<severity>INFO</severity>
		<timestamp>Fri Nov 29 16:28:03 2019</timestamp>
		<arg name='path'>c:\windows\syswow64\msvcp_win.dll</arg>
		<arg name='addr1'>0x76c60000</arg>
		<arg name='addr2'>0x76cdcfff</arg>
	</msg>
	<!-- Module loaded c:\windows\syswow64\imm32.dll, address range [0x749c0000-0x749e5fff], minimal analysis -->
	<msg id='15' source='mc'>
		<type>MODULE_LOAD_NO_ANALYSIS</type>
		<severity>INFO</severity>
		<timestamp>Fri Nov 29 16:28:04 2019</timestamp>
		<arg name='path'>c:\windows\syswow64\imm32.dll</arg>
		<arg name='addr1'>0x749c0000</arg>
		<arg name='addr2'>0x749e5fff</arg>
	</msg>
	<!-- Module loaded c:\program files (x86)\intelswtools\inspector 2019\bin32\runtime\libittnotify.dll, address range [0x0f850000-0x0f87cfff], minimal analysis -->
	<msg id='16' source='mc'>
		<type>MODULE_LOAD_NO_ANALYSIS</type>
		<severity>INFO</severity>
		<timestamp>Fri Nov 29 16:28:05 2019</timestamp>
		<arg name='path'>c:\program files (x86)\intelswtools\inspector 2019\bin32\runtime\libittnotify.dll</arg>
		<arg name='addr1'>0xf850000</arg>
		<arg name='addr2'>0xf87cfff</arg>
	</msg>
	<!-- DIAG: 5 -->
	<!-- Module loaded c:\windows\syswow64\kernel.appcore.dll, address range [0x74e90000-0x74e9efff] -->
	<msg id='17' source='mc'>
		<type>MODULE_LOAD</type>
		<severity>INFO</severity>
		<timestamp>Fri Nov 29 16:28:05 2019</timestamp>
		<arg name='path'>c:\windows\syswow64\kernel.appcore.dll</arg>
		<arg name='addr1'>0x74e90000</arg>
		<arg name='addr2'>0x74e9efff</arg>
	</msg>
	<!-- Module loaded c:\windows\syswow64\msvcrt.dll, address range [0x75550000-0x7560efff] -->
	<msg id='18' source='mc'>
		<type>MODULE_LOAD</type>
		<severity>INFO</severity>
		<timestamp>Fri Nov 29 16:28:05 2019</timestamp>
		<arg name='path'>c:\windows\syswow64\msvcrt.dll</arg>
		<arg name='addr1'>0x75550000</arg>
		<arg name='addr2'>0x7560efff</arg>
	</msg>
	<!-- Module loaded c:\windows\syswow64\rpcrt4.dll, address range [0x776f0000-0x777affff] -->
	<msg id='19' source='mc'>
		<type>MODULE_LOAD</type>
		<severity>INFO</severity>
		<timestamp>Fri Nov 29 16:28:05 2019</timestamp>
		<arg name='path'>c:\windows\syswow64\rpcrt4.dll</arg>
		<arg name='addr1'>0x776f0000</arg>
		<arg name='addr2'>0x777affff</arg>
	</msg>
	<!-- Module loaded c:\windows\syswow64\sspicli.dll, address range [0x741b0000-0x741cffff], minimal analysis -->
	<msg id='20' source='mc'>
		<type>MODULE_LOAD_NO_ANALYSIS</type>
		<severity>INFO</severity>
		<timestamp>Fri Nov 29 16:28:06 2019</timestamp>
		<arg name='path'>c:\windows\syswow64\sspicli.dll</arg>
		<arg name='addr1'>0x741b0000</arg>
		<arg name='addr2'>0x741cffff</arg>
	</msg>
	<!-- Module loaded c:\windows\syswow64\cryptbase.dll, address range [0x741a0000-0x741a9fff] -->
	<msg id='21' source='mc'>
		<type>MODULE_LOAD</type>
		<severity>INFO</severity>
		<timestamp>Fri Nov 29 16:28:06 2019</timestamp>
		<arg name='path'>c:\windows\syswow64\cryptbase.dll</arg>
		<arg name='addr1'>0x741a0000</arg>
		<arg name='addr2'>0x741a9fff</arg>
	</msg>
	<!-- Module loaded c:\windows\syswow64\bcryptprimitives.dll, address range [0x77310000-0x77367fff], minimal analysis -->
	<msg id='22' source='mc'>
		<type>MODULE_LOAD_NO_ANALYSIS</type>
		<severity>INFO</severity>
		<timestamp>Fri Nov 29 16:28:06 2019</timestamp>
		<arg name='path'>c:\windows\syswow64\bcryptprimitives.dll</arg>
		<arg name='addr1'>0x77310000</arg>
		<arg name='addr2'>0x77367fff</arg>
	</msg>
	<!-- Module loaded c:\windows\syswow64\sechost.dll, address range [0x77560000-0x775a3fff] -->
	<msg id='23' source='mc'>
		<type>MODULE_LOAD</type>
		<severity>INFO</severity>
		<timestamp>Fri Nov 29 16:28:06 2019</timestamp>
		<arg name='path'>c:\windows\syswow64\sechost.dll</arg>
		<arg name='addr1'>0x77560000</arg>
		<arg name='addr2'>0x775a3fff</arg>
	</msg>
	<!-- DIAG: 6 -->
	<!-- Heartbeat, tids = 9728,15884,13660,7316,4612,11088, syscallStatus = 1,1,1,1,0,1, calls = 41637,1192,9598,2094,7635,714 -->
	<msg id='24' display='false' source='mc'>
		<type>HEARTBEAT</type>
		<severity>INFO</severity>
		<timestamp>Fri Nov 29 16:28:06 2019</timestamp>
		<arg name='tids'>9728,15884,13660,7316,4612,11088</arg>
		<arg name='syscalls'>1,1,1,1,0,1</arg>
		<arg name='calls'>41637,1192,9598,2094,7635,714</arg>
	</msg>
	<!-- DIAG: 7 -->
	<!-- DIAG: 8 -->
	<!-- DIAG: 9 -->
	<!-- DIAG: 10 -->
	<!-- DIAG: 11 -->
	<!-- DIAG: 12 -->
	<!-- DIAG: 13 -->
	<!-- DIAG: 14 -->
	<!-- DIAG: 15 -->
	<!-- DIAG: 16 -->
	<!-- DIAG: 17 -->
	<!-- DIAG: 18 -->
	<!-- DIAG: 19 -->
	<!-- DIAG: 20 -->
	<!-- DIAG: 21 -->
	<!-- DIAG: 22 -->
	<!-- DIAG: 23 -->
	<!-- DIAG: 24 -->
	<!-- DIAG: 25 -->
	<!-- DIAG: 26 -->
	<!-- DIAG: 27 -->
	<!-- DIAG: 28 -->
	<!-- DIAG: 29 -->
	<!-- DIAG: 30 -->
	<!-- DIAG: 31 -->
	<!-- DIAG: 32 -->
	<!-- DIAG: 33 -->
	<!-- DIAG: 34 -->
	<!-- DIAG: 35 -->
	<!-- DIAG: 36 -->
	<!-- DIAG: 37 -->
	<!-- DIAG: 38 -->
	<!-- DIAG: 39 -->
	<!-- Heartbeat, tids = 9728,15884,13660,7316, syscallStatus = 1,1,1,1, calls = 7051,0,0,0 -->
	<msg id='25' display='false' source='mc'>
		<type>HEARTBEAT</type>
		<severity>INFO</severity>
		<timestamp>Fri Nov 29 16:28:07 2019</timestamp>
		<arg name='tids'>9728,15884,13660,7316</arg>
		<arg name='syscalls'>1,1,1,1</arg>
		<arg name='calls'>7051,0,0,0</arg>
	</msg>
	<!-- Heartbeat, tids = 9728,15884,13660,7316, syscallStatus = 0,1,1,1, calls = 31,0,0,0 -->
	<msg id='26' display='false' source='mc'>
		<type>HEARTBEAT</type>
		<severity>INFO</severity>
		<timestamp>Fri Nov 29 16:28:08 2019</timestamp>
		<arg name='tids'>9728,15884,13660,7316</arg>
		<arg name='syscalls'>0,1,1,1</arg>
		<arg name='calls'>31,0,0,0</arg>
	</msg>
	<!-- DIAG: 40 -->
	<!-- DIAG: 41 -->
	<!-- DIAG: 42 -->
	<!-- DIAG: 43 -->
	<!-- Process c:\users\volosov\source\repos\ips_lab5\release\ips_lab5.exe exited with code 0. Leak analysis starting - this may take a while. -->
	<msg id='27' source='mc'>
		<type>PROCESS_COMPLETE</type>
		<severity>INFO</severity>
		<timestamp>Fri Nov 29 16:28:08 2019</timestamp>
		<arg name='path'>c:\users\volosov\source\repos\ips_lab5\release\ips_lab5.exe</arg>
		<arg name='code'>0</arg>
	</msg>
	<!-- Module unloaded C:\Users\Volosov\source\repos\IPS_Lab5\Release\IPS_Lab5.exe -->
	<msg id='28' source='mc'>
		<type>MODULE_UNLOAD</type>
		<severity>INFO</severity>
		<timestamp>Fri Nov 29 16:28:08 2019</timestamp>
		<arg name='path'>C:\Users\Volosov\source\repos\IPS_Lab5\Release\IPS_Lab5.exe</arg>
	</msg>
	<!-- Module unloaded C:\Windows\SysWOW64\kernel32.dll -->
	<msg id='29' source='mc'>
		<type>MODULE_UNLOAD</type>
		<severity>INFO</severity>
		<timestamp>Fri Nov 29 16:28:08 2019</timestamp>
		<arg name='path'>C:\Windows\SysWOW64\kernel32.dll</arg>
	</msg>
	<!-- Module unloaded C:\Windows\SysWOW64\KernelBase.dll -->
	<msg id='30' source='mc'>
		<type>MODULE_UNLOAD</type>
		<severity>INFO</severity>
		<timestamp>Fri Nov 29 16:28:08 2019</timestamp>
		<arg name='path'>C:\Windows\SysWOW64\KernelBase.dll</arg>
	</msg>
	<!-- Module unloaded C:\Windows\SysWOW64\ntdll.dll -->
	<msg id='31' source='mc'>
		<type>MODULE_UNLOAD</type>
		<severity>INFO</severity>
		<timestamp>Fri Nov 29 16:28:08 2019</timestamp>
		<arg name='path'>C:\Windows\SysWOW64\ntdll.dll</arg>
	</msg>
	<!-- Module unloaded C:\Windows\SysWOW64\ucrtbase.dll -->
	<msg id='32' source='mc'>
		<type>MODULE_UNLOAD</type>
		<severity>INFO</severity>
		<timestamp>Fri Nov 29 16:28:08 2019</timestamp>
		<arg name='path'>C:\Windows\SysWOW64\ucrtbase.dll</arg>
	</msg>
	<!-- Module unloaded C:\Windows\SysWOW64\msvcp140.dll -->
	<msg id='33' source='mc'>
		<type>MODULE_UNLOAD</type>
		<severity>INFO</severity>
		<timestamp>Fri Nov 29 16:28:08 2019</timestamp>
		<arg name='path'>C:\Windows\SysWOW64\msvcp140.dll</arg>
	</msg>
	<!-- Module unloaded C:\Windows\SysWOW64\vcruntime140.dll -->
	<msg id='34' source='mc'>
		<type>MODULE_UNLOAD</type>
		<severity>INFO</severity>
		<timestamp>Fri Nov 29 16:28:08 2019</timestamp>
		<arg name='path'>C:\Windows\SysWOW64\vcruntime140.dll</arg>
	</msg>
	<!-- Module unloaded C:\Program Files (x86)\IntelSWTools\compilers_and_libraries_2019.5.281\windows\redist\ia32_win\compiler\cilkrts20.dll -->
	<msg id='35' source='mc'>
		<type>MODULE_UNLOAD</type>
		<severity>INFO</severity>
		<timestamp>Fri Nov 29 16:28:08 2019</timestamp>
		<arg name='path'>C:\Program Files (x86)\IntelSWTools\compilers_and_libraries_2019.5.281\windows\redist\ia32_win\compiler\cilkrts20.dll</arg>
	</msg>
	<!-- Module unloaded C:\Windows\SysWOW64\user32.dll -->
	<msg id='36' source='mc'>
		<type>MODULE_UNLOAD</type>
		<severity>INFO</severity>
		<timestamp>Fri Nov 29 16:28:08 2019</timestamp>
		<arg name='path'>C:\Windows\SysWOW64\user32.dll</arg>
	</msg>
	<!-- Module unloaded C:\Windows\SysWOW64\win32u.dll -->
	<msg id='37' source='mc'>
		<type>MODULE_UNLOAD</type>
		<severity>INFO</severity>
		<timestamp>Fri Nov 29 16:28:08 2019</timestamp>
		<arg name='path'>C:\Windows\SysWOW64\win32u.dll</arg>
	</msg>
	<!-- Module unloaded C:\Windows\SysWOW64\gdi32.dll -->
	<msg id='38' source='mc'>
		<type>MODULE_UNLOAD</type>
		<severity>INFO</severity>
		<timestamp>Fri Nov 29 16:28:08 2019</timestamp>
		<arg name='path'>C:\Windows\SysWOW64\gdi32.dll</arg>
	</msg>
	<!-- Module unloaded C:\Windows\SysWOW64\gdi32full.dll -->
	<msg id='39' source='mc'>
		<type>MODULE_UNLOAD</type>
		<severity>INFO</severity>
		<timestamp>Fri Nov 29 16:28:08 2019</timestamp>
		<arg name='path'>C:\Windows\SysWOW64\gdi32full.dll</arg>
	</msg>
	<!-- Module unloaded C:\Windows\SysWOW64\msvcp_win.dll -->
	<msg id='40' source='mc'>
		<type>MODULE_UNLOAD</type>
		<severity>INFO</severity>
		<timestamp>Fri Nov 29 16:28:08 2019</timestamp>
		<arg name='path'>C:\Windows\SysWOW64\msvcp_win.dll</arg>
	</msg>
	<!-- Module unloaded C:\Windows\SysWOW64\imm32.dll -->
	<msg id='41' source='mc'>
		<type>MODULE_UNLOAD</type>
		<severity>INFO</severity>
		<timestamp>Fri Nov 29 16:28:08 2019</timestamp>
		<arg name='path'>C:\Windows\SysWOW64\imm32.dll</arg>
	</msg>
	<!-- Module unloaded C:\Program Files (x86)\IntelSWTools\Inspector 2019\bin32\runtime\libittnotify.dll -->
	<msg id='42' source='mc'>
		<type>MODULE_UNLOAD</type>
		<severity>INFO</severity>
		<timestamp>Fri Nov 29 16:28:08 2019</timestamp>
		<arg name='path'>C:\Program Files (x86)\IntelSWTools\Inspector 2019\bin32\runtime\libittnotify.dll</arg>
	</msg>
	<!-- Module unloaded C:\Windows\SysWOW64\kernel.appcore.dll -->
	<msg id='43' source='mc'>
		<type>MODULE_UNLOAD</type>
		<severity>INFO</severity>
		<timestamp>Fri Nov 29 16:28:08 2019</timestamp>
		<arg name='path'>C:\Windows\SysWOW64\kernel.appcore.dll</arg>
	</msg>
	<!-- Module unloaded C:\Windows\SysWOW64\msvcrt.dll -->
	<msg id='44' source='mc'>
		<type>MODULE_UNLOAD</type>
		<severity>INFO</severity>
		<timestamp>Fri Nov 29 16:28:08 2019</timestamp>
		<arg name='path'>C:\Windows\SysWOW64\msvcrt.dll</arg>
	</msg>
	<!-- Module unloaded C:\Windows\SysWOW64\rpcrt4.dll -->
	<msg id='45' source='mc'>
		<type>MODULE_UNLOAD</type>
		<severity>INFO</severity>
		<timestamp>Fri Nov 29 16:28:08 2019</timestamp>
		<arg name='path'>C:\Windows\SysWOW64\rpcrt4.dll</arg>
	</msg>
	<!-- Module unloaded C:\Windows\SysWOW64\sspicli.dll -->
	<msg id='46' source='mc'>
		<type>MODULE_UNLOAD</type>
		<severity>INFO</severity>
		<timestamp>Fri Nov 29 16:28:08 2019</timestamp>
		<arg name='path'>C:\Windows\SysWOW64\sspicli.dll</arg>
	</msg>
	<!-- Module unloaded C:\Windows\SysWOW64\cryptbase.dll -->
	<msg id='47' source='mc'>
		<type>MODULE_UNLOAD</type>
		<severity>INFO</severity>
		<timestamp>Fri Nov 29 16:28:08 2019</timestamp>
		<arg name='path'>C:\Windows\SysWOW64\cryptbase.dll</arg>
	</msg>
	<!-- Module unloaded C:\Windows\SysWOW64\bcryptprimitives.dll -->
	<msg id='48' source='mc'>
		<type>MODULE_UNLOAD</type>
		<severity>INFO</severity>
		<timestamp>Fri Nov 29 16:28:08 2019</timestamp>
		<arg name='path'>C:\Windows\SysWOW64\bcryptprimitives.dll</arg>
	</msg>
	<!-- Module unloaded C:\Windows\SysWOW64\sechost.dll -->
	<msg id='49' source='mc'>
		<type>MODULE_UNLOAD</type>
		<severity>INFO</severity>
		<timestamp>Fri Nov 29 16:28:08 2019</timestamp>
		<arg name='path'>C:\Windows\SysWOW64\sechost.dll</arg>
	</msg>
	<!-- DIAG: 44 -->
	<!-- DIAG: 45 -->
	<!-- DIAG: 46 -->
	<!-- DIAG: 47 -->
	<!-- Analysis completed for c:\users\volosov\source\repos\ips_lab5\release\ips_lab5.exe -->
	<msg id='50' source='mc'>
		<type>ANALYSIS_COMPLETE</type>
		<severity>INFO</severity>
		<timestamp>Fri Nov 29 16:28:08 2019</timestamp>
		<arg name='path'>c:\users\volosov\source\repos\ips_lab5\release\ips_lab5.exe</arg>
	</msg>