<?xml version="1.0" encoding="utf-8" ?>
<!-- DO NOT EDIT THIS FILE -->

<log version='2.0' source='mc'>
	<!-- Successfully loaded CCRT at address 0x54c00000 - 0x54f03000 -->
	<!-- Successfully loaded MC at address 0x22c0000 - 0x2e7b000 -->
	<!-- Analysis started for c:\users\volosov\source\repos\ips_integrals\release\ips_integrals.exe, pid = 4556 -->
	<msg id='1' source='mc'>
		<type>EXEC_OF_INTEREST</type>
		<severity>INFO</severity>
		<timestamp>Fri Nov 29 11:55:30 2019</timestamp>
		<arg name='path'>c:\users\volosov\source\repos\ips_integrals\release\ips_integrals.exe</arg>
		<arg name='pid'>4556</arg>
	</msg>
	<!-- Command line: C:\Program Files (x86)\IntelSWTools\Inspector 2019\bin32\pin -xyzzy -mesgoff console -xyzzy -bridge_save_x87 0 -bridge_save_mxcsr 0 -follow_execv -error_file C:\Users\Volosov\source\repos\IPS_Integrals\IPS_Integrals\My Inspector Results - IPS_Integrals\r000mi1\data.0\pin_error.log -logfile C:\Users\Volosov\source\repos\IPS_Integrals\IPS_Integrals\My Inspector Results - IPS_Integrals\r000mi1\data.0\pin.log -xyzzy -region_max_inss 500 -p64 C:\Program Files (x86)\IntelSWTools\Inspector 2019\bin64\pin -t64 C:\Program Files (x86)\IntelSWTools\Inspector 2019\bin64\memchkr.dll -t C:\Program Files (x86)\IntelSWTools\Inspector 2019\bin32\memchkr.dll -no-analyze-stack -no-access-checks -leak-check-on-exit -leak-check-report-reachable -check-resource-leaks -freelist-vol 0 -leak-maximum 100000 -guard-zone-size 0 -stack-depth 8 -heartbeat 1 -mrte-mode auto -working-dir C:\Users\Volosov\source\repos\IPS_Integrals\IPS_Integrals\My Inspector Results - IPS_Integrals\r000mi1\data.0 -log mc_IPS_Integrals.log -result IPS_Integrals - C:\Users\Volosov\source\repos\IPS_Integrals\Release\IPS_Integrals.exe  -->
	<!-- mc's options are the following:  -->
	<!-- -help                              false -->
	<!-- -verbose                           false -->
	<!-- -xyzzy                             false -->
	<!-- -version                           false -->
	<!-- -help-all                          false -->
	<!-- -xyzzy-all                         false -->
	<!-- -report-all-instances              false -->
	<!-- -check-for-padded-structures       true -->
	<!-- -check-for-bitfields               true -->
	<!-- -analyze-stack                     false -->
	<!-- -access-checks                     false -->
	<!-- -track-origins                     true -->
	<!-- -duplicate-uninits                 false -->
	<!-- -bss-initialized                   true -->
	<!-- -align-alloc-size                  false -->
	<!-- -report-uninit-read                false -->
	<!-- -ignore-system-libraries           false -->
	<!-- -gen-suppressions                  false -->
	<!-- -leak-check-on-exit                true -->
	<!-- -leak-check-on-demand              false -->
	<!-- -leak-check-uses-baseline          true -->
	<!-- -enable-memory-growth              false -->
	<!-- -leak-check-report-reachable       true -->
	<!-- -leak-check-full                   true -->
	<!-- -check-resource-leaks              true -->
	<!-- -trace-children                    false -->
	<!-- -enable-poke                       false -->
	<!-- -jit-mode-anyway                   false -->
	<!-- -disable-probe-mode-mismatches-64  true -->
	<!-- -aggressive-callstack-caching      false -->
	<!-- -suppress-breakpoints              false -->
	<!-- -monitor-memory                    false -->
	<!-- -freelist-vol                      0 -->
	<!-- -leak-maximum                      100000 -->
	<!-- -guard-zone-size                   0 -->
	<!-- -stack-depth                       8 -->
	<!-- -heartbeat                         1 -->
	<!-- -breakpoint-file                   (null) -->
	<!-- -config-file                       (null) -->
	<!-- -log                               mc_IPS_Integrals.log -->
	<!-- -ignore-commands                   (null),  -->
	<!-- -ignore-modules                    (null),  -->
	<!-- -ignore-symbols                    (null),  -->
	<!-- -module-of-interest                (null),  -->
	<!-- -executable-of-interest            (null),  -->
	<!-- -working-dir                       C:\Users\Volosov\source\repos\IPS_Integrals\IPS_Integrals\My Inspector Results - IPS_Integrals\r000mi1\data.0 -->
	<!-- -result                            IPS_Integrals -->
	<!-- -exclude-module                    (null),  -->
	<!-- -include-module                    (null),  -->
	<!-- -only-exec-commands                (null),  -->
	<!-- -suppressions                      (null),  -->
	<!-- -debug                             none -->
	<!-- -shared-mem-name                   (null) -->
	<!-- -poke-function                     (null),  -->
	<!-- -analysis-mode                     (null) -->
	<!-- -disable-gatekeeping               false -->
	<!-- -ignore-os-allocators              false -->
	<!-- -mrte-mode                         auto -->
	<!-- probe mode: yes -->
	<!-- mem leaks checks: yes -->
	<!-- res leaks checks: yes -->
	<!-- access checks: no -->
	<!-- track origin: no -->
	<!-- Environment: INTEL_LIBITTNOTIFY32=C:\Program Files (x86)\IntelSWTools\Inspector 2019\bin32\runtime\libittnotify.dll -->
	<!-- Environment: INTEL_LIBITTNOTIFY64=C:\Program Files (x86)\IntelSWTools\Inspector 2019\bin64\runtime\libittnotify.dll -->
	<!-- Environment: INTEL_JIT_PROFILER32=C:\Program Files (x86)\IntelSWTools\Inspector 2019\bin32\runtime\libittnotify.dll -->
	<!-- Environment: INTEL_JIT_PROFILER64=C:\Program Files (x86)\IntelSWTools\Inspector 2019\bin64\runtime\libittnotify.dll -->
	<!-- DIAG: 1 -->
	<!-- Module loaded c:\users\volosov\source\repos\ips_integrals\release\ips_integrals.exe, address range [0x00350000-0x00361fff] -->
	<msg id='2' source='mc'>
		<type>MODULE_LOAD</type>
		<severity>INFO</severity>
		<timestamp>Fri Nov 29 11:55:30 2019</timestamp>
		<arg name='path'>c:\users\volosov\source\repos\ips_integrals\release\ips_integrals.exe</arg>
		<arg name='addr1'>0x350000</arg>
		<arg name='addr2'>0x361fff</arg>
	</msg>
	<!-- entry point not safe for probe insertion in kernel32.dll -->
	<!-- Module loaded c:\windows\syswow64\kernel32.dll, address range [0x74d40000-0x74e1ffff], minimal analysis -->
	<msg id='3' source='mc'>
		<type>MODULE_LOAD_NO_ANALYSIS</type>
		<severity>INFO</severity>
		<timestamp>Fri Nov 29 11:55:30 2019</timestamp>
		<arg name='path'>c:\windows\syswow64\kernel32.dll</arg>
		<arg name='addr1'>0x74d40000</arg>
		<arg name='addr2'>0x74e1ffff</arg>
	</msg>
	<!-- Module loaded c:\windows\syswow64\kernelbase.dll, address range [0x77370000-0x77553fff], minimal analysis -->
	<msg id='4' source='mc'>
		<type>MODULE_LOAD_NO_ANALYSIS</type>
		<severity>INFO</severity>
		<timestamp>Fri Nov 29 11:55:30 2019</timestamp>
		<arg name='path'>c:\windows\syswow64\kernelbase.dll</arg>
		<arg name='addr1'>0x77370000</arg>
		<arg name='addr2'>0x77553fff</arg>
	</msg>
	<!-- Module loaded c:\windows\syswow64\ntdll.dll, address range [0x778f0000-0x77a7ffff], minimal analysis -->
	<msg id='5' source='mc'>
		<type>MODULE_LOAD_NO_ANALYSIS</type>
		<severity>INFO</severity>
		<timestamp>Fri Nov 29 11:55:30 2019</timestamp>
		<arg name='path'>c:\windows\syswow64\ntdll.dll</arg>
		<arg name='addr1'>0x778f0000</arg>
		<arg name='addr2'>0x77a7ffff</arg>
	</msg>
	<!-- Module loaded c:\program files (x86)\intelswtools\inspector 2019\bin32\dnclrprofinfo.dll, address range [0x0fa30000-0x0fa54fff] -->
	<msg id='6' source='mc'>
		<type>MODULE_LOAD</type>
		<severity>INFO</severity>
		<timestamp>Fri Nov 29 11:55:30 2019</timestamp>
		<arg name='path'>c:\program files (x86)\intelswtools\inspector 2019\bin32\dnclrprofinfo.dll</arg>
		<arg name='addr1'>0xfa30000</arg>
		<arg name='addr2'>0xfa54fff</arg>
	</msg>
	<!-- Module loaded c:\windows\syswow64\ucrtbase.dll, address range [0x775c0000-0x776ddfff] -->
	<msg id='7' source='mc'>
		<type>MODULE_LOAD</type>
		<severity>INFO</severity>
		<timestamp>Fri Nov 29 11:55:30 2019</timestamp>
		<arg name='path'>c:\windows\syswow64\ucrtbase.dll</arg>
		<arg name='addr1'>0x775c0000</arg>
		<arg name='addr2'>0x776ddfff</arg>
	</msg>
	<!-- Module loaded c:\windows\syswow64\msvcp140.dll, address range [0x5f600000-0x5f66efff] -->
	<msg id='8' source='mc'>
		<type>MODULE_LOAD</type>
		<severity>INFO</severity>
		<timestamp>Fri Nov 29 11:55:31 2019</timestamp>
		<arg name='path'>c:\windows\syswow64\msvcp140.dll</arg>
		<arg name='addr1'>0x5f600000</arg>
		<arg name='addr2'>0x5f66efff</arg>
	</msg>
	<!-- Module loaded c:\windows\syswow64\vcruntime140.dll, address range [0x609c0000-0x609d2fff] -->
	<msg id='9' source='mc'>
		<type>MODULE_LOAD</type>
		<severity>INFO</severity>
		<timestamp>Fri Nov 29 11:55:31 2019</timestamp>
		<arg name='path'>c:\windows\syswow64\vcruntime140.dll</arg>
		<arg name='addr1'>0x609c0000</arg>
		<arg name='addr2'>0x609d2fff</arg>
	</msg>
	<!-- DIAG: 2 -->
	<!-- DIAG: 3 -->
	<!-- DIAG: 4 -->
	<!-- DIAG: 5 -->
	<!-- DIAG: 6 -->
	<!-- DIAG: 7 -->
	<!-- DIAG: 8 -->
	<!-- DIAG: 9 -->
	<!-- DIAG: 10 -->
	<!-- Module loaded c:\windows\syswow64\kernel.appcore.dll, address range [0x74e90000-0x74e9efff] -->
	<msg id='10' source='mc'>
		<type>MODULE_LOAD</type>
		<severity>INFO</severity>
		<timestamp>Fri Nov 29 11:55:31 2019</timestamp>
		<arg name='path'>c:\windows\syswow64\kernel.appcore.dll</arg>
		<arg name='addr1'>0x74e90000</arg>
		<arg name='addr2'>0x74e9efff</arg>
	</msg>
	<!-- Module loaded c:\windows\syswow64\msvcrt.dll, address range [0x75550000-0x7560efff], minimal analysis -->
	<msg id='11' source='mc'>
		<type>MODULE_LOAD_NO_ANALYSIS</type>
		<severity>INFO</severity>
		<timestamp>Fri Nov 29 11:55:31 2019</timestamp>
		<arg name='path'>c:\windows\syswow64\msvcrt.dll</arg>
		<arg name='addr1'>0x75550000</arg>
		<arg name='addr2'>0x7560efff</arg>
	</msg>
	<!-- Module loaded c:\windows\syswow64\rpcrt4.dll, address range [0x776f0000-0x777affff], minimal analysis -->
	<msg id='12' source='mc'>
		<type>MODULE_LOAD_NO_ANALYSIS</type>
		<severity>INFO</severity>
		<timestamp>Fri Nov 29 11:55:31 2019</timestamp>
		<arg name='path'>c:\windows\syswow64\rpcrt4.dll</arg>
		<arg name='addr1'>0x776f0000</arg>
		<arg name='addr2'>0x777affff</arg>
	</msg>
	<!-- Module loaded c:\windows\syswow64\sspicli.dll, address range [0x741b0000-0x741cffff], minimal analysis -->
	<msg id='13' source='mc'>
		<type>MODULE_LOAD_NO_ANALYSIS</type>
		<severity>INFO</severity>
		<timestamp>Fri Nov 29 11:55:31 2019</timestamp>
		<arg name='path'>c:\windows\syswow64\sspicli.dll</arg>
		<arg name='addr1'>0x741b0000</arg>
		<arg name='addr2'>0x741cffff</arg>
	</msg>
	<!-- Module loaded c:\windows\syswow64\cryptbase.dll, address range [0x741a0000-0x741a9fff], minimal analysis -->
	<msg id='14' source='mc'>
		<type>MODULE_LOAD_NO_ANALYSIS</type>
		<severity>INFO</severity>
		<timestamp>Fri Nov 29 11:55:31 2019</timestamp>
		<arg name='path'>c:\windows\syswow64\cryptbase.dll</arg>
		<arg name='addr1'>0x741a0000</arg>
		<arg name='addr2'>0x741a9fff</arg>
	</msg>
	<!-- Module loaded c:\windows\syswow64\bcryptprimitives.dll, address range [0x77310000-0x77367fff], minimal analysis -->
	<msg id='15' source='mc'>
		<type>MODULE_LOAD_NO_ANALYSIS</type>
		<severity>INFO</severity>
		<timestamp>Fri Nov 29 11:55:31 2019</timestamp>
		<arg name='path'>c:\windows\syswow64\bcryptprimitives.dll</arg>
		<arg name='addr1'>0x77310000</arg>
		<arg name='addr2'>0x77367fff</arg>
	</msg>
	<!-- Module loaded c:\windows\syswow64\sechost.dll, address range [0x77560000-0x775a3fff] -->
	<msg id='16' source='mc'>
		<type>MODULE_LOAD</type>
		<severity>INFO</severity>
		<timestamp>Fri Nov 29 11:55:31 2019</timestamp>
		<arg name='path'>c:\windows\syswow64\sechost.dll</arg>
		<arg name='addr1'>0x77560000</arg>
		<arg name='addr2'>0x775a3fff</arg>
	</msg>
	<!-- DIAG: 11 -->
	<!-- Process c:\users\volosov\source\repos\ips_integrals\release\ips_integrals.exe exited with code 0. Leak analysis starting - this may take a while. -->
	<msg id='17' source='mc'>
		<type>PROCESS_COMPLETE</type>
		<severity>INFO</severity>
		<timestamp>Fri Nov 29 11:55:31 2019</timestamp>
		<arg name='path'>c:\users\volosov\source\repos\ips_integrals\release\ips_integrals.exe</arg>
		<arg name='code'>0</arg>
	</msg>
	<!-- DIAG: 12 -->
	<!-- DIAG: 13 -->
	<!-- DIAG: 14 -->
	<!-- Analysis completed for c:\users\volosov\source\repos\ips_integrals\release\ips_integrals.exe -->
	<msg id='18' source='mc'>
		<type>ANALYSIS_COMPLETE</type>
		<severity>INFO</severity>
		<timestamp>Fri Nov 29 11:55:31 2019</timestamp>
		<arg name='path'>c:\users\volosov\source\repos\ips_integrals\release\ips_integrals.exe</arg>
	</msg>