
2236 : 0xc1f71a0dd : 1 : spill_jit_data :  Jit agent is not initialized
2236 : 0xc1f71a2c8 : 2 : ittapi_config_mask_get :  --itt-config mask to be applied: 55
2236 : 0xc1f71a2e5 : 2 : ittapi_config_apply_per_lib :  ITTAPI function instrumented: __itt_domain_createA
2236 : 0xc1f71a2ec : 2 : ittapi_config_apply_per_lib :  ITTAPI function instrumented: __itt_domain_createW
2236 : 0xc1f71a2f2 : 2 : ittapi_config_apply_per_lib :  ITTAPI function instrumented: __itt_string_handle_createA
2236 : 0xc1f71a2f8 : 2 : ittapi_config_apply_per_lib :  ITTAPI function instrumented: __itt_string_handle_createW
2236 : 0xc1f71a2fd : 2 : ittapi_config_apply_per_lib :  ITTAPI function instrumented: __itt_counter_createA
2236 : 0xc1f71a303 : 2 : ittapi_config_apply_per_lib :  ITTAPI function instrumented: __itt_counter_createW
2236 : 0xc1f71a308 : 2 : ittapi_config_apply_per_lib :  ITTAPI function instrumented: __itt_counter_create_typedA
2236 : 0xc1f71a30e : 2 : ittapi_config_apply_per_lib :  ITTAPI function instrumented: __itt_counter_create_typedW
2236 : 0xc1f71a3d8 : 2 : ittapi_config_apply_per_lib :  ITTAPI function instrumented: __itt_pause
2236 : 0xc1f71a3e0 : 2 : ittapi_config_apply_per_lib :  ITTAPI function instrumented: __itt_resume
2236 : 0xc1f71a3e6 : 2 : ittapi_config_apply_per_lib :  ITTAPI function instrumented: __itt_thread_set_nameA
2236 : 0xc1f71a3eb : 2 : ittapi_config_apply_per_lib :  ITTAPI function instrumented: __itt_thread_set_nameW
2236 : 0xc1f71a3f1 : 2 : ittapi_config_apply_per_lib :  ITTAPI function instrumented: __itt_thread_ignore
2236 : 0xc1f71a3f7 : 2 : ittapi_config_apply_per_lib :  ITTAPI function instrumented: __itt_thr_name_setA
2236 : 0xc1f71a3fc : 2 : ittapi_config_apply_per_lib :  ITTAPI function instrumented: __itt_thr_name_setW
2236 : 0xc1f71a402 : 2 : ittapi_config_apply_per_lib :  ITTAPI function instrumented: __itt_thr_ignore
2236 : 0xc1f71a409 : 2 : ittapi_config_apply_per_lib :  ITTAPI function not implemented: __itt_enable_attach
2236 : 0xc1f71a40f : 2 : ittapi_config_apply_per_lib :  ITTAPI function instrumented: __itt_detach
2236 : 0xc1f71a426 : 2 : ittapi_config_apply_per_lib :  ITTAPI function NOT instrumented (not matched by --itt-config option): __itt_sync_createA

2236 : 0xc1f71a42c : 2 : ittapi_config_apply_per_lib :  ITTAPI function NOT instrumented (not matched by --itt-config option): __itt_sync_createW

2236 : 0xc1f71a432 : 2 : ittapi_config_apply_per_lib :  ITTAPI function NOT instrumented (not matched by --itt-config option): __itt_sync_renameA

2236 : 0xc1f71a438 : 2 : ittapi_config_apply_per_lib :  ITTAPI function NOT instrumented (not matched by --itt-config option): __itt_sync_renameW

2236 : 0xc1f71a43e : 2 : ittapi_config_apply_per_lib :  ITTAPI function NOT instrumented (not matched by --itt-config option): __itt_sync_destroy

2236 : 0xc1f71a445 : 2 : ittapi_config_apply_per_lib :  ITTAPI function NOT instrumented (not matched by --itt-config option): __itt_sync_prepare

2236 : 0xc1f71a44a : 2 : ittapi_config_apply_per_lib :  ITTAPI function NOT instrumented (not matched by --itt-config option): __itt_sync_cancel

2236 : 0xc1f71a450 : 2 : ittapi_config_apply_per_lib :  ITTAPI function NOT instrumented (not matched by --itt-config option): __itt_sync_acquired

2236 : 0xc1f71a456 : 2 : ittapi_config_apply_per_lib :  ITTAPI function NOT instrumented (not matched by --itt-config option): __itt_sync_releasing

2236 : 0xc1f71a45e : 2 : ittapi_config_apply_per_lib :  ITTAPI function not implemented: __itt_suppress_push
2236 : 0xc1f71a46d : 2 : ittapi_config_apply_per_lib :  ITTAPI function not implemented: __itt_suppress_pop
2236 : 0xc1f71a473 : 2 : ittapi_config_apply_per_lib :  ITTAPI function not implemented: __itt_suppress_mark_range
2236 : 0xc1f71a479 : 2 : ittapi_config_apply_per_lib :  ITTAPI function not implemented: __itt_suppress_clear_range
2236 : 0xc1f71a47e : 2 : ittapi_config_apply_per_lib :  ITTAPI function NOT instrumented (not matched by --itt-config option): __itt_sync_prepare

2236 : 0xc1f71a484 : 2 : ittapi_config_apply_per_lib :  ITTAPI function NOT instrumented (not matched by --itt-config option): __itt_sync_cancel

2236 : 0xc1f71a48a : 2 : ittapi_config_apply_per_lib :  ITTAPI function NOT instrumented (not matched by --itt-config option): __itt_sync_acquired

2236 : 0xc1f71a490 : 2 : ittapi_config_apply_per_lib :  ITTAPI function NOT instrumented (not matched by --itt-config option): __itt_sync_releasing

2236 : 0xc1f71a497 : 2 : ittapi_config_apply_per_lib :  ITTAPI function not implemented: __itt_model_site_begin
2236 : 0xc1f71a49d : 2 : ittapi_config_apply_per_lib :  ITTAPI function not implemented: __itt_model_site_end
2236 : 0xc1f71a4a3 : 2 : ittapi_config_apply_per_lib :  ITTAPI function not implemented: __itt_model_task_begin
2236 : 0xc1f71a4e3 : 2 : ittapi_config_apply_per_lib :  ITTAPI function not implemented: __itt_model_task_end
2236 : 0xc1f71a4ea : 2 : ittapi_config_apply_per_lib :  ITTAPI function not implemented: __itt_model_lock_acquire
2236 : 0xc1f71a4f0 : 2 : ittapi_config_apply_per_lib :  ITTAPI function not implemented: __itt_model_lock_release
2236 : 0xc1f71a4f6 : 2 : ittapi_config_apply_per_lib :  ITTAPI function not implemented: __itt_model_record_allocation
2236 : 0xc1f71a4fc : 2 : ittapi_config_apply_per_lib :  ITTAPI function not implemented: __itt_model_record_deallocation
2236 : 0xc1f71a502 : 2 : ittapi_config_apply_per_lib :  ITTAPI function not implemented: __itt_model_induction_uses
2236 : 0xc1f71a507 : 2 : ittapi_config_apply_per_lib :  ITTAPI function not implemented: __itt_model_reduction_uses
2236 : 0xc1f71a50d : 2 : ittapi_config_apply_per_lib :  ITTAPI function not implemented: __itt_model_observe_uses
2236 : 0xc1f71a513 : 2 : ittapi_config_apply_per_lib :  ITTAPI function not implemented: __itt_model_clear_uses
2236 : 0xc1f71a519 : 2 : ittapi_config_apply_per_lib :  ITTAPI function not implemented: __itt_model_site_beginW
2236 : 0xc1f71a529 : 2 : ittapi_config_apply_per_lib :  ITTAPI function not implemented: __itt_model_task_beginW
2236 : 0xc1f71a52e : 2 : ittapi_config_apply_per_lib :  ITTAPI function not implemented: __itt_model_iteration_taskW
2236 : 0xc1f71a534 : 2 : ittapi_config_apply_per_lib :  ITTAPI function not implemented: __itt_model_site_beginA
2236 : 0xc1f71a53a : 2 : ittapi_config_apply_per_lib :  ITTAPI function not implemented: __itt_model_site_beginAL
2236 : 0xc1f71a540 : 2 : ittapi_config_apply_per_lib :  ITTAPI function not implemented: __itt_model_task_beginA
2236 : 0xc1f71a546 : 2 : ittapi_config_apply_per_lib :  ITTAPI function not implemented: __itt_model_task_beginAL
2236 : 0xc1f71a54c : 2 : ittapi_config_apply_per_lib :  ITTAPI function not implemented: __itt_model_iteration_taskA
2236 : 0xc1f71a551 : 2 : ittapi_config_apply_per_lib :  ITTAPI function not implemented: __itt_model_iteration_taskAL
2236 : 0xc1f71a557 : 2 : ittapi_config_apply_per_lib :  ITTAPI function not implemented: __itt_model_site_end_2
2236 : 0xc1f71a55d : 2 : ittapi_config_apply_per_lib :  ITTAPI function not implemented: __itt_model_task_end_2
2236 : 0xc1f71a56a : 2 : ittapi_config_apply_per_lib :  ITTAPI function not implemented: __itt_model_lock_acquire_2
2236 : 0xc1f71a56f : 2 : ittapi_config_apply_per_lib :  ITTAPI function not implemented: __itt_model_lock_release_2
2236 : 0xc1f71a575 : 2 : ittapi_config_apply_per_lib :  ITTAPI function not implemented: __itt_model_aggregate_task
2236 : 0xc1f71a57b : 2 : ittapi_config_apply_per_lib :  ITTAPI function not implemented: __itt_model_disable_push
2236 : 0xc1f71a581 : 2 : ittapi_config_apply_per_lib :  ITTAPI function not implemented: __itt_model_disable_pop
2236 : 0xc1f71a587 : 2 : ittapi_config_apply_per_lib :  ITTAPI function instrumented: __itt_heap_function_createA
2236 : 0xc1f71a58c : 2 : ittapi_config_apply_per_lib :  ITTAPI function instrumented: __itt_heap_function_createW
2236 : 0xc1f71a592 : 2 : ittapi_config_apply_per_lib :  ITTAPI function instrumented: __itt_heap_allocate_begin
2236 : 0xc1f71a597 : 2 : ittapi_config_apply_per_lib :  ITTAPI function instrumented: __itt_heap_allocate_end
2236 : 0xc1f71a59d : 2 : ittapi_config_apply_per_lib :  ITTAPI function instrumented: __itt_heap_free_begin
2236 : 0xc1f71a5ab : 2 : ittapi_config_apply_per_lib :  ITTAPI function instrumented: __itt_heap_free_end
2236 : 0xc1f71a5b1 : 2 : ittapi_config_apply_per_lib :  ITTAPI function instrumented: __itt_heap_reallocate_begin
2236 : 0xc1f71a5b7 : 2 : ittapi_config_apply_per_lib :  ITTAPI function instrumented: __itt_heap_reallocate_end
2236 : 0xc1f71a5bd : 2 : ittapi_config_apply_per_lib :  ITTAPI function not implemented: __itt_heap_internal_access_begin
2236 : 0xc1f71a5c3 : 2 : ittapi_config_apply_per_lib :  ITTAPI function not implemented: __itt_heap_internal_access_end
2236 : 0xc1f71a5c9 : 2 : ittapi_config_apply_per_lib :  ITTAPI function not implemented: __itt_heap_record_memory_growth_begin
2236 : 0xc1f71a5d0 : 2 : ittapi_config_apply_per_lib :  ITTAPI function not implemented: __itt_heap_record_memory_growth_end
2236 : 0xc1f71a5d6 : 2 : ittapi_config_apply_per_lib :  ITTAPI function not implemented: __itt_heap_reset_detection
2236 : 0xc1f71a5dc : 2 : ittapi_config_apply_per_lib :  ITTAPI function not implemented: __itt_heap_record
2236 : 0xc1f71a5e1 : 2 : ittapi_config_apply_per_lib :  ITTAPI function not implemented: __itt_id_create
2236 : 0xc1f71a5ef : 2 : ittapi_config_apply_per_lib :  ITTAPI function not implemented: __itt_id_destroy
2236 : 0xc1f71a5f5 : 2 : ittapi_config_apply_per_lib :  ITTAPI function instrumented: __itt_get_timestamp
2236 : 0xc1f71a5fb : 2 : ittapi_config_apply_per_lib :  ITTAPI function not implemented: __itt_region_begin
2236 : 0xc1f71a601 : 2 : ittapi_config_apply_per_lib :  ITTAPI function not implemented: __itt_region_end
2236 : 0xc1f71a607 : 2 : ittapi_config_apply_per_lib :  ITTAPI function instrumented: __itt_frame_begin_v3
2236 : 0xc1f71a60c : 2 : ittapi_config_apply_per_lib :  ITTAPI function instrumented: __itt_frame_end_v3
2236 : 0xc1f71a612 : 2 : ittapi_config_apply_per_lib :  ITTAPI function instrumented: __itt_frame_submit_v3
2236 : 0xc1f71a618 : 2 : ittapi_config_apply_per_lib :  ITTAPI function not implemented: __itt_task_group
2236 : 0xc1f71a61d : 2 : ittapi_config_apply_per_lib :  ITTAPI function instrumented: __itt_task_begin
2236 : 0xc1f71a623 : 2 : ittapi_config_apply_per_lib :  ITTAPI function instrumented: __itt_task_begin_fn
2236 : 0xc1f71a630 : 2 : ittapi_config_apply_per_lib :  ITTAPI function instrumented: __itt_task_end
2236 : 0xc1f71a636 : 2 : ittapi_config_apply_per_lib :  ITTAPI function not implemented: __itt_counter_inc_v3
2236 : 0xc1f71a63c : 2 : ittapi_config_apply_per_lib :  ITTAPI function not implemented: __itt_counter_inc_delta_v3
2236 : 0xc1f71a642 : 2 : ittapi_config_apply_per_lib :  ITTAPI function not implemented: __itt_counter_dec_v3
2236 : 0xc1f71a649 : 2 : ittapi_config_apply_per_lib :  ITTAPI function not implemented: __itt_counter_dec_delta_v3
2236 : 0xc1f71a64e : 2 : ittapi_config_apply_per_lib :  ITTAPI function not implemented: __itt_marker
2236 : 0xc1f71a654 : 2 : ittapi_config_apply_per_lib :  ITTAPI function instrumented: __itt_metadata_add
2236 : 0xc1f71a659 : 2 : ittapi_config_apply_per_lib :  ITTAPI function not implemented: __itt_metadata_str_addA
2236 : 0xc1f71a65f : 2 : ittapi_config_apply_per_lib :  ITTAPI function not implemented: __itt_metadata_str_addW
2236 : 0xc1f71a665 : 2 : ittapi_config_apply_per_lib :  ITTAPI function not implemented: __itt_relation_add_to_current
2236 : 0xc1f71a672 : 2 : ittapi_config_apply_per_lib :  ITTAPI function not implemented: __itt_relation_add
2236 : 0xc1f71a677 : 2 : ittapi_config_apply_per_lib :  ITTAPI function instrumented: __itt_event_createA
2236 : 0xc1f71a67c : 2 : ittapi_config_apply_per_lib :  ITTAPI function instrumented: __itt_event_createW
2236 : 0xc1f71a682 : 2 : ittapi_config_apply_per_lib :  ITTAPI function instrumented: __itt_event_start
2236 : 0xc1f71a688 : 2 : ittapi_config_apply_per_lib :  ITTAPI function instrumented: __itt_event_end
2236 : 0xc1f71a68c : 2 : ittapi_config_apply_per_lib :  ITTAPI function NOT instrumented (not matched by --itt-config option): __itt_sync_set_nameA

2236 : 0xc1f71a692 : 2 : ittapi_config_apply_per_lib :  ITTAPI function NOT instrumented (not matched by --itt-config option): __itt_sync_set_nameW

2236 : 0xc1f71a698 : 2 : ittapi_config_apply_per_lib :  ITTAPI function NOT instrumented (not matched by --itt-config option): __itt_notify_sync_nameA

2236 : 0xc1f71a69e : 2 : ittapi_config_apply_per_lib :  ITTAPI function NOT instrumented (not matched by --itt-config option): __itt_notify_sync_nameW

2236 : 0xc1f71a6a4 : 2 : ittapi_config_apply_per_lib :  ITTAPI function NOT instrumented (not matched by --itt-config option): __itt_notify_sync_prepare

2236 : 0xc1f71a6b3 : 2 : ittapi_config_apply_per_lib :  ITTAPI function NOT instrumented (not matched by --itt-config option): __itt_notify_sync_cancel

2236 : 0xc1f71a6b9 : 2 : ittapi_config_apply_per_lib :  ITTAPI function NOT instrumented (not matched by --itt-config option): __itt_notify_sync_acquired

2236 : 0xc1f71a6bf : 2 : ittapi_config_apply_per_lib :  ITTAPI function NOT instrumented (not matched by --itt-config option): __itt_notify_sync_releasing

2236 : 0xc1f71a6c7 : 2 : ittapi_config_apply_per_lib :  ITTAPI function not implemented: __itt_memory_read
2236 : 0xc1f71a6cd : 2 : ittapi_config_apply_per_lib :  ITTAPI function not implemented: __itt_memory_write
2236 : 0xc1f71a6d3 : 2 : ittapi_config_apply_per_lib :  ITTAPI function not implemented: __itt_memory_update
2236 : 0xc1f71a6d9 : 2 : ittapi_config_apply_per_lib :  ITTAPI function not implemented: __itt_state_get
2236 : 0xc1f71a6de : 2 : ittapi_config_apply_per_lib :  ITTAPI function not implemented: __itt_state_set
2236 : 0xc1f71a6e4 : 2 : ittapi_config_apply_per_lib :  ITTAPI function not implemented: __itt_obj_mode_set
2236 : 0xc1f71a6ea : 2 : ittapi_config_apply_per_lib :  ITTAPI function not implemented: __itt_thr_mode_set
2236 : 0xc1f71a6f8 : 2 : ittapi_config_apply_per_lib :  ITTAPI function instrumented: __itt_frame_createA
2236 : 0xc1f71a6fe : 2 : ittapi_config_apply_per_lib :  ITTAPI function instrumented: __itt_frame_createW
2236 : 0xc1f71a703 : 2 : ittapi_config_apply_per_lib :  ITTAPI function instrumented: __itt_frame_begin
2236 : 0xc1f71a709 : 2 : ittapi_config_apply_per_lib :  ITTAPI function instrumented: __itt_frame_end
2236 : 0xc1f71a70e : 2 : ittapi_config_apply_per_lib :  ITTAPI function not implemented: __itt_counter_destroy
2236 : 0xc1f71a714 : 2 : ittapi_config_apply_per_lib :  ITTAPI function instrumented: __itt_counter_inc
2236 : 0xc1f71a71a : 2 : ittapi_config_apply_per_lib :  ITTAPI function instrumented: __itt_counter_inc_delta
2236 : 0xc1f71a71f : 2 : ittapi_config_apply_per_lib :  ITTAPI function instrumented: __itt_counter_dec
2236 : 0xc1f71a725 : 2 : ittapi_config_apply_per_lib :  ITTAPI function instrumented: __itt_counter_dec_delta
2236 : 0xc1f71a72a : 2 : ittapi_config_apply_per_lib :  ITTAPI function instrumented: __itt_counter_set_value
2236 : 0xc1f71a737 : 2 : ittapi_config_apply_per_lib :  ITTAPI function not implemented: __itt_counter_set_value_ex
2236 : 0xc1f71a73d : 2 : ittapi_config_apply_per_lib :  ITTAPI function not implemented: __itt_mark_createA
2236 : 0xc1f71a743 : 2 : ittapi_config_apply_per_lib :  ITTAPI function not implemented: __itt_mark_createW
2236 : 0xc1f71a749 : 2 : ittapi_config_apply_per_lib :  ITTAPI function not implemented: __itt_markA
2236 : 0xc1f71a77a : 2 : ittapi_config_apply_per_lib :  ITTAPI function not implemented: __itt_markW
2236 : 0xc1f71a780 : 2 : ittapi_config_apply_per_lib :  ITTAPI function not implemented: __itt_mark_off
2236 : 0xc1f71a785 : 2 : ittapi_config_apply_per_lib :  ITTAPI function not implemented: __itt_mark_globalA
2236 : 0xc1f71a78b : 2 : ittapi_config_apply_per_lib :  ITTAPI function not implemented: __itt_mark_globalW
2236 : 0xc1f71a790 : 2 : ittapi_config_apply_per_lib :  ITTAPI function not implemented: __itt_mark_global_off
2236 : 0xc1f71a7c2 : 2 : ittapi_config_apply_per_lib :  ITTAPI function instrumented: __itt_stack_caller_create
2236 : 0xc1f71a7ce : 2 : ittapi_config_apply_per_lib :  ITTAPI function instrumented: __itt_stack_caller_destroy
2236 : 0xc1f71a7d4 : 2 : ittapi_config_apply_per_lib :  ITTAPI function instrumented: __itt_stack_callee_enter
2236 : 0xc1f71a7da : 2 : ittapi_config_apply_per_lib :  ITTAPI function instrumented: __itt_stack_callee_leave
2236 : 0xc1f71a7e0 : 2 : ittapi_config_apply_per_lib :  ITTAPI function not implemented: __itt_clock_domain_create
2236 : 0xc1f71a7e6 : 2 : ittapi_config_apply_per_lib :  ITTAPI function not implemented: __itt_clock_domain_reset
2236 : 0xc1f71a7eb : 2 : ittapi_config_apply_per_lib :  ITTAPI function not implemented: __itt_id_create_ex
2236 : 0xc1f71a7f1 : 2 : ittapi_config_apply_per_lib :  ITTAPI function not implemented: __itt_id_destroy_ex
2236 : 0xc1f71a7f7 : 2 : ittapi_config_apply_per_lib :  ITTAPI function not implemented: __itt_task_begin_ex
2236 : 0xc1f71a7fc : 2 : ittapi_config_apply_per_lib :  ITTAPI function not implemented: __itt_task_begin_fn_ex
2236 : 0xc1f71a802 : 2 : ittapi_config_apply_per_lib :  ITTAPI function not implemented: __itt_task_end_ex
2236 : 0xc1f71a840 : 2 : ittapi_config_apply_per_lib :  ITTAPI function instrumented: __itt_task_begin_overlapped
2236 : 0xc1f71a847 : 2 : ittapi_config_apply_per_lib :  ITTAPI function not implemented: __itt_task_begin_overlapped_ex
2236 : 0xc1f71a84d : 2 : ittapi_config_apply_per_lib :  ITTAPI function instrumented: __itt_task_end_overlapped
2236 : 0xc1f71a853 : 2 : ittapi_config_apply_per_lib :  ITTAPI function not implemented: __itt_task_end_overlapped_ex
2236 : 0xc1f71a858 : 2 : ittapi_config_apply_per_lib :  ITTAPI function not implemented: __itt_marker_ex
2236 : 0xc1f71a85e : 2 : ittapi_config_apply_per_lib :  ITTAPI function not implemented: __itt_metadata_add_with_scope
2236 : 0xc1f71a864 : 2 : ittapi_config_apply_per_lib :  ITTAPI function not implemented: __itt_metadata_str_add_with_scopeA
2236 : 0xc1f71a869 : 2 : ittapi_config_apply_per_lib :  ITTAPI function not implemented: __itt_metadata_str_add_with_scopeW
2236 : 0xc1f71a86f : 2 : ittapi_config_apply_per_lib :  ITTAPI function not implemented: __itt_relation_add_to_current_ex
2236 : 0xc1f71a875 : 2 : ittapi_config_apply_per_lib :  ITTAPI function not implemented: __itt_relation_add_ex
2236 : 0xc1f71a885 : 2 : ittapi_config_apply_per_lib :  ITTAPI function not implemented: __itt_track_group_create
2236 : 0xc1f71a88b : 2 : ittapi_config_apply_per_lib :  ITTAPI function not implemented: __itt_track_create
2236 : 0xc1f71a891 : 2 : ittapi_config_apply_per_lib :  ITTAPI function not implemented: __itt_set_track
2236 : 0xc1f71a896 : 2 : ittapi_config_apply_per_lib :  ITTAPI function instrumented: __itt_api_version
2236 : 0xc1f71a89c : 2 : ittapi_config_apply_per_lib :  ITTAPI function not implemented: __itt_av_saveA
2236 : 0xc1f71a8a1 : 2 : ittapi_config_apply_per_lib :  ITTAPI function not implemented: __itt_av_saveW
2236 : 0xc1f71a8a6 : 2 : ittapi_config_apply_per_lib :  ITTAPI function instrumented: __itt_module_loadA
2236 : 0xc1f71a8ac : 2 : ittapi_config_apply_per_lib :  ITTAPI function instrumented: __itt_module_loadW