<?xml version="1.0" encoding="UTF-8"?>
<feedback>
 <message severity="info">Analysis started...</message>
 <nop/>
 <message severity="info">Result file: C:\Users\Volosov\source\repos\IPS_Integrals\IPS_Integrals\My Inspector Results - IPS_Integrals\r002ti3\r002ti3.inspxe </message>
 <nop/>
 <message severity="info">Found target process c:\users\volosov\source\repos\ips_integrals\release\ips_integrals.exe (PID = 17224). Analysis started... </message>
 <nop/>
 <message severity="info">Loaded module: c:\users\volosov\source\repos\ips_integrals\release\ips_integrals.exe. </message>
 <nop/>
 <message severity="info">Loaded module: c:\windows\syswow64\kernel32.dll. </message>
 <nop/>
 <message severity="info">Loaded module: c:\windows\syswow64\kernelbase.dll. </message>
 <nop/>
 <message severity="info">Loaded module: c:\windows\syswow64\ntdll.dll. </message>
 <nop/>
 <message severity="info">Loaded module: c:\windows\syswow64\ucrtbase.dll. </message>
 <nop/>
 <message severity="info">Loaded module: c:\windows\syswow64\msvcp140.dll. </message>
 <nop/>
 <message severity="info">Loaded module: c:\windows\syswow64\vcruntime140.dll. </message>
 <nop/>
 <message severity="info">Loaded module: c:\program files (x86)\intelswtools\compilers_and_libraries_2019.5.281\windows\redist\ia32_win\compiler\cilkrts20.dll. </message>
 <nop/>
 <message severity="info">Loaded module: c:\windows\syswow64\user32.dll. </message>
 <nop/>
 <message severity="info">Loaded module: c:\windows\syswow64\win32u.dll. </message>
 <nop/>
 <message severity="info">Loaded module: c:\windows\syswow64\gdi32.dll. </message>
 <nop/>
 <message severity="info">Loaded module: c:\windows\syswow64\gdi32full.dll. </message>
 <nop/>
 <message severity="info">Loaded module: c:\windows\syswow64\msvcp_win.dll. </message>
 <nop/>
 <message severity="warning">Inspector does not support the Microsoft Parallel Patterns Library and may report false positives. Refer to the product release notes. </message>
 <nop/>
 <message severity="info">Loaded module: c:\windows\syswow64\imm32.dll. </message>
 <nop/>
 <message severity="info">Loaded module: c:\program files (x86)\intelswtools\inspector 2019\bin32\runtime\libittnotify.dll. </message>
 <nop/>
</feedback>
