<?xml version="1.0" encoding="utf-8" ?>
<!-- DO NOT EDIT THIS FILE -->

<log version='2.0' source='mc'>
	<!-- Successfully loaded CCRT at address 0x1ca0000 - 0x1fa3000 -->
	<!-- Successfully loaded MC at address 0x54740000 - 0x552fb000 -->
	<!-- Analysis started for c:\users\volosov\source\repos\ips_lab2\debug\ips_lab2.exe, pid = 13260 -->
	<msg id='1' source='mc'>
		<type>EXEC_OF_INTEREST</type>
		<severity>INFO</severity>
		<timestamp>Thu Oct 31 11:01:52 2019</timestamp>
		<arg name='path'>c:\users\volosov\source\repos\ips_lab2\debug\ips_lab2.exe</arg>
		<arg name='pid'>13260</arg>
	</msg>
	<!-- Command line: C:\Program Files (x86)\IntelSWTools\Inspector 2019\bin32\pin -xyzzy -mesgoff console -xyzzy -bridge_save_x87 0 -bridge_save_mxcsr 0 -follow_execv -error_file C:\Users\Volosov\source\repos\IPS_lab2\IPS_lab2\My Inspector Results - IPS_lab2\r003mi2\data.0\pin_error.log -logfile C:\Users\Volosov\source\repos\IPS_lab2\IPS_lab2\My Inspector Results - IPS_lab2\r003mi2\data.0\pin.log -xyzzy -region_max_inss 500 -p64 C:\Program Files (x86)\IntelSWTools\Inspector 2019\bin64\pin -t64 C:\Program Files (x86)\IntelSWTools\Inspector 2019\bin64\memchkr.dll -t C:\Program Files (x86)\IntelSWTools\Inspector 2019\bin32\memchkr.dll -no-analyze-stack -access-checks -leak-check-on-exit -leak-check-on-demand -enable-memory-growth -leak-check-report-reachable -check-resource-leaks -freelist-vol 0 -leak-maximum 100000 -guard-zone-size 0 -stack-depth 8 -heartbeat 1 -mrte-mode auto -working-dir C:\Users\Volosov\source\repos\IPS_lab2\IPS_lab2\My Inspector Results - IPS_lab2\r003mi2\data.0 -log mc_IPS_lab2.log -result IPS_lab2 - C:\Users\Volosov\source\repos\IPS_lab2\Debug\IPS_lab2.exe  -->
	<!-- mc's options are the following:  -->
	<!-- -help                              false -->
	<!-- -verbose                           false -->
	<!-- -xyzzy                             false -->
	<!-- -version                           false -->
	<!-- -help-all                          false -->
	<!-- -xyzzy-all                         false -->
	<!-- -report-all-instances              false -->
	<!-- -check-for-padded-structures       true -->
	<!-- -check-for-bitfields               true -->
	<!-- -analyze-stack                     false -->
	<!-- -access-checks                     true -->
	<!-- -track-origins                     true -->
	<!-- -duplicate-uninits                 false -->
	<!-- -bss-initialized                   true -->
	<!-- -align-alloc-size                  false -->
	<!-- -report-uninit-read                false -->
	<!-- -ignore-system-libraries           false -->
	<!-- -gen-suppressions                  false -->
	<!-- -leak-check-on-exit                true -->
	<!-- -leak-check-on-demand              true -->
	<!-- -leak-check-uses-baseline          true -->
	<!-- -enable-memory-growth              true -->
	<!-- -leak-check-report-reachable       true -->
	<!-- -leak-check-full                   true -->
	<!-- -check-resource-leaks              true -->
	<!-- -trace-children                    false -->
	<!-- -enable-poke                       false -->
	<!-- -jit-mode-anyway                   false -->
	<!-- -disable-probe-mode-mismatches-64  true -->
	<!-- -aggressive-callstack-caching      false -->
	<!-- -suppress-breakpoints              false -->
	<!-- -monitor-memory                    false -->
	<!-- -freelist-vol                      0 -->
	<!-- -leak-maximum                      100000 -->
	<!-- -guard-zone-size                   0 -->
	<!-- -stack-depth                       8 -->
	<!-- -heartbeat                         1 -->
	<!-- -breakpoint-file                   (null) -->
	<!-- -config-file                       (null) -->
	<!-- -log                               mc_IPS_lab2.log -->
	<!-- -ignore-commands                   (null),  -->
	<!-- -ignore-modules                    (null),  -->
	<!-- -ignore-symbols                    (null),  -->
	<!-- -module-of-interest                (null),  -->
	<!-- -executable-of-interest            (null),  -->
	<!-- -working-dir                       C:\Users\Volosov\source\repos\IPS_lab2\IPS_lab2\My Inspector Results - IPS_lab2\r003mi2\data.0 -->
	<!-- -result                            IPS_lab2 -->
	<!-- -exclude-module                    (null),  -->
	<!-- -include-module                    (null),  -->
	<!-- -only-exec-commands                (null),  -->
	<!-- -suppressions                      (null),  -->
	<!-- -debug                             none -->
	<!-- -shared-mem-name                   (null) -->
	<!-- -poke-function                     (null),  -->
	<!-- -analysis-mode                     (null) -->
	<!-- -disable-gatekeeping               false -->
	<!-- -ignore-os-allocators              false -->
	<!-- -mrte-mode                         auto -->
	<!-- probe mode: no -->
	<!-- mem leaks checks: yes -->
	<!-- res leaks checks: yes -->
	<!-- access checks: yes -->
	<!-- track origin: yes -->
	<!-- Environment: INTEL_LIBITTNOTIFY32=C:\Program Files (x86)\IntelSWTools\Inspector 2019\bin32\runtime\libittnotify.dll -->
	<!-- Environment: INTEL_LIBITTNOTIFY64=C:\Program Files (x86)\IntelSWTools\Inspector 2019\bin64\runtime\libittnotify.dll -->
	<!-- Environment: INTEL_JIT_PROFILER32=C:\Program Files (x86)\IntelSWTools\Inspector 2019\bin32\runtime\libittnotify.dll -->
	<!-- Environment: INTEL_JIT_PROFILER64=C:\Program Files (x86)\IntelSWTools\Inspector 2019\bin64\runtime\libittnotify.dll -->
	<!-- Module loaded c:\users\volosov\source\repos\ips_lab2\debug\ips_lab2.exe, address range [0x00390000-0x003a2fff] -->
	<msg id='2' source='mc'>
		<type>MODULE_LOAD</type>
		<severity>INFO</severity>
		<timestamp>Thu Oct 31 11:01:52 2019</timestamp>
		<arg name='path'>c:\users\volosov\source\repos\ips_lab2\debug\ips_lab2.exe</arg>
		<arg name='addr1'>0x390000</arg>
		<arg name='addr2'>0x3a2fff</arg>
	</msg>
	<!-- Module loaded c:\windows\syswow64\kernelbase.dll, address range [0x73e20000-0x74003fff] -->
	<msg id='3' source='mc'>
		<type>MODULE_LOAD</type>
		<severity>INFO</severity>
		<timestamp>Thu Oct 31 11:01:53 2019</timestamp>
		<arg name='path'>c:\windows\syswow64\kernelbase.dll</arg>
		<arg name='addr1'>0x73e20000</arg>
		<arg name='addr2'>0x74003fff</arg>
	</msg>
	<!-- Module loaded c:\windows\syswow64\kernel32.dll, address range [0x75e10000-0x75eeffff] -->
	<msg id='4' source='mc'>
		<type>MODULE_LOAD</type>
		<severity>INFO</severity>
		<timestamp>Thu Oct 31 11:01:53 2019</timestamp>
		<arg name='path'>c:\windows\syswow64\kernel32.dll</arg>
		<arg name='addr1'>0x75e10000</arg>
		<arg name='addr2'>0x75eeffff</arg>
	</msg>
	<!-- Module loaded c:\windows\syswow64\ntdll.dll, address range [0x77540000-0x776cffff] -->
	<msg id='5' source='mc'>
		<type>MODULE_LOAD</type>
		<severity>INFO</severity>
		<timestamp>Thu Oct 31 11:01:53 2019</timestamp>
		<arg name='path'>c:\windows\syswow64\ntdll.dll</arg>
		<arg name='addr1'>0x77540000</arg>
		<arg name='addr2'>0x776cffff</arg>
	</msg>
	<!-- DIAG: 1 -->
	<!-- DIAG: 2 -->
	<!-- DIAG: 3 -->
	<!-- DIAG: 4 -->
	<!-- Module loaded c:\windows\syswow64\vcruntime140d.dll, address range [0x0c570000-0x0c58afff] -->
	<msg id='6' source='mc'>
		<type>MODULE_LOAD</type>
		<severity>INFO</severity>
		<timestamp>Thu Oct 31 11:01:54 2019</timestamp>
		<arg name='path'>c:\windows\syswow64\vcruntime140d.dll</arg>
		<arg name='addr1'>0xc570000</arg>
		<arg name='addr2'>0xc58afff</arg>
	</msg>
	<!-- Module unloaded C:\Windows\SysWOW64\vcruntime140d.dll -->
	<msg id='7' source='mc'>
		<type>MODULE_UNLOAD</type>
		<severity>INFO</severity>
		<timestamp>Thu Oct 31 11:01:54 2019</timestamp>
		<arg name='path'>C:\Windows\SysWOW64\vcruntime140d.dll</arg>
	</msg>
	<!-- Module loaded c:\windows\syswow64\ucrtbased.dll, address range [0x0c5d0000-0x0c743fff] -->
	<msg id='8' source='mc'>
		<type>MODULE_LOAD</type>
		<severity>INFO</severity>
		<timestamp>Thu Oct 31 11:01:54 2019</timestamp>
		<arg name='path'>c:\windows\syswow64\ucrtbased.dll</arg>
		<arg name='addr1'>0xc5d0000</arg>
		<arg name='addr2'>0xc743fff</arg>
	</msg>
	<!-- Module unloaded C:\Windows\SysWOW64\ucrtbased.dll -->
	<msg id='9' source='mc'>
		<type>MODULE_UNLOAD</type>
		<severity>INFO</severity>
		<timestamp>Thu Oct 31 11:01:54 2019</timestamp>
		<arg name='path'>C:\Windows\SysWOW64\ucrtbased.dll</arg>
	</msg>
	<!-- Module loaded c:\windows\syswow64\msvcp140d.dll, address range [0x0f5f0000-0x0f6a6fff] -->
	<msg id='10' source='mc'>
		<type>MODULE_LOAD</type>
		<severity>INFO</severity>
		<timestamp>Thu Oct 31 11:01:54 2019</timestamp>
		<arg name='path'>c:\windows\syswow64\msvcp140d.dll</arg>
		<arg name='addr1'>0xf5f0000</arg>
		<arg name='addr2'>0xf6a6fff</arg>
	</msg>
	<!-- Found ZCA section with version 1.1 -->
	<!-- Found ZCA section with version 1.1 -->
	<!-- Found ZCA section with version 1.1 -->
	<!-- Found ZCA section with version 1.1 -->
	<!-- Found ZCA section with version 1.1 -->
	<!-- Found ZCA section with version 1.1 -->
	<!-- Found ZCA section with version 1.1 -->
	<!-- Found ZCA section with version 1.1 -->
	<!-- Found ZCA section with version 1.1 -->
	<!-- Found ZCA section with version 1.1 -->
	<!-- Found ZCA section with version 1.1 -->
	<!-- Found ZCA section with version 1.1 -->
	<!-- Found ZCA section with version 1.1 -->
	<!-- Found ZCA section with version 1.1 -->
	<!-- Found ZCA section with version 1.1 -->
	<!-- Found ZCA section with version 1.1 -->
	<!-- Found ZCA section with version 1.1 -->
	<!-- Found ZCA section with version 1.1 -->
	<!-- Found ZCA section with version 1.1 -->
	<!-- Found ZCA section with version 1.1 -->
	<!-- Found ZCA section with version 1.1 -->
	<!-- Found ZCA section with version 1.1 -->
	<!-- Found ZCA section with version 1.1 -->
	<!-- Found ZCA section with version 1.1 -->
	<!-- Found ZCA section with version 1.1 -->
	<!-- Found ZCA section with version 1.1 -->
	<!-- Found ZCA section with version 1.1 -->
	<!-- Module loaded c:\program files (x86)\intelswtools\compilers_and_libraries_2019.5.281\windows\redist\ia32_win\compiler\cilkrts20.dll, address range [0x0f330000-0x0f377fff], minimal analysis -->
	<msg id='11' source='mc'>
		<type>MODULE_LOAD_NO_ANALYSIS</type>
		<severity>INFO</severity>
		<timestamp>Thu Oct 31 11:01:54 2019</timestamp>
		<arg name='path'>c:\program files (x86)\intelswtools\compilers_and_libraries_2019.5.281\windows\redist\ia32_win\compiler\cilkrts20.dll</arg>
		<arg name='addr1'>0xf330000</arg>
		<arg name='addr2'>0xf377fff</arg>
	</msg>
	<!-- Module loaded c:\windows\syswow64\user32.dll, address range [0x750c0000-0x7524cfff], minimal analysis -->
	<msg id='12' source='mc'>
		<type>MODULE_LOAD_NO_ANALYSIS</type>
		<severity>INFO</severity>
		<timestamp>Thu Oct 31 11:01:55 2019</timestamp>
		<arg name='path'>c:\windows\syswow64\user32.dll</arg>
		<arg name='addr1'>0x750c0000</arg>
		<arg name='addr2'>0x7524cfff</arg>
	</msg>
	<!-- Module loaded c:\windows\syswow64\win32u.dll, address range [0x74f50000-0x74f66fff] -->
	<msg id='13' source='mc'>
		<type>MODULE_LOAD</type>
		<severity>INFO</severity>
		<timestamp>Thu Oct 31 11:01:55 2019</timestamp>
		<arg name='path'>c:\windows\syswow64\win32u.dll</arg>
		<arg name='addr1'>0x74f50000</arg>
		<arg name='addr2'>0x74f66fff</arg>
	</msg>
	<!-- Module loaded c:\windows\syswow64\gdi32.dll, address range [0x74930000-0x74951fff] -->
	<msg id='14' source='mc'>
		<type>MODULE_LOAD</type>
		<severity>INFO</severity>
		<timestamp>Thu Oct 31 11:01:55 2019</timestamp>
		<arg name='path'>c:\windows\syswow64\gdi32.dll</arg>
		<arg name='addr1'>0x74930000</arg>
		<arg name='addr2'>0x74951fff</arg>
	</msg>
	<!-- Module loaded c:\windows\syswow64\gdi32full.dll, address range [0x747c0000-0x74923fff], minimal analysis -->
	<msg id='15' source='mc'>
		<type>MODULE_LOAD_NO_ANALYSIS</type>
		<severity>INFO</severity>
		<timestamp>Thu Oct 31 11:01:55 2019</timestamp>
		<arg name='path'>c:\windows\syswow64\gdi32full.dll</arg>
		<arg name='addr1'>0x747c0000</arg>
		<arg name='addr2'>0x74923fff</arg>
	</msg>
	<!-- Module loaded c:\windows\syswow64\msvcp_win.dll, address range [0x75250000-0x752ccfff] -->
	<msg id='16' source='mc'>
		<type>MODULE_LOAD</type>
		<severity>INFO</severity>
		<timestamp>Thu Oct 31 11:01:55 2019</timestamp>
		<arg name='path'>c:\windows\syswow64\msvcp_win.dll</arg>
		<arg name='addr1'>0x75250000</arg>
		<arg name='addr2'>0x752ccfff</arg>
	</msg>
	<!-- Module loaded c:\windows\syswow64\ucrtbase.dll, address range [0x75ef0000-0x7600dfff] -->
	<msg id='17' source='mc'>
		<type>MODULE_LOAD</type>
		<severity>INFO</severity>
		<timestamp>Thu Oct 31 11:01:55 2019</timestamp>
		<arg name='path'>c:\windows\syswow64\ucrtbase.dll</arg>
		<arg name='addr1'>0x75ef0000</arg>
		<arg name='addr2'>0x7600dfff</arg>
	</msg>
	<!-- Module loaded c:\windows\syswow64\vcruntime140d.dll, address range [0x0f2b0000-0x0f2cafff] -->
	<msg id='18' source='mc'>
		<type>MODULE_LOAD</type>
		<severity>INFO</severity>
		<timestamp>Thu Oct 31 11:01:55 2019</timestamp>
		<arg name='path'>c:\windows\syswow64\vcruntime140d.dll</arg>
		<arg name='addr1'>0xf2b0000</arg>
		<arg name='addr2'>0xf2cafff</arg>
	</msg>
	<!-- Module loaded c:\windows\syswow64\ucrtbased.dll, address range [0x0cc80000-0x0cdf3fff] -->
	<msg id='19' source='mc'>
		<type>MODULE_LOAD</type>
		<severity>INFO</severity>
		<timestamp>Thu Oct 31 11:01:55 2019</timestamp>
		<arg name='path'>c:\windows\syswow64\ucrtbased.dll</arg>
		<arg name='addr1'>0xcc80000</arg>
		<arg name='addr2'>0xcdf3fff</arg>
	</msg>
	<!-- Module loaded c:\windows\syswow64\imm32.dll, address range [0x75d20000-0x75d45fff], minimal analysis -->
	<msg id='20' source='mc'>
		<type>MODULE_LOAD_NO_ANALYSIS</type>
		<severity>INFO</severity>
		<timestamp>Thu Oct 31 11:01:57 2019</timestamp>
		<arg name='path'>c:\windows\syswow64\imm32.dll</arg>
		<arg name='addr1'>0x75d20000</arg>
		<arg name='addr2'>0x75d45fff</arg>
	</msg>
	<!-- Module loaded c:\program files (x86)\intelswtools\inspector 2019\bin32\runtime\libittnotify.dll, address range [0x0ed20000-0x0ed4cfff], minimal analysis -->
	<msg id='21' source='mc'>
		<type>MODULE_LOAD_NO_ANALYSIS</type>
		<severity>INFO</severity>
		<timestamp>Thu Oct 31 11:01:57 2019</timestamp>
		<arg name='path'>c:\program files (x86)\intelswtools\inspector 2019\bin32\runtime\libittnotify.dll</arg>
		<arg name='addr1'>0xed20000</arg>
		<arg name='addr2'>0xed4cfff</arg>
	</msg>
	<!-- Module unloaded C:\Program Files (x86)\IntelSWTools\Inspector 2019\bin32\runtime\libittnotify.dll -->
	<msg id='22' source='mc'>
		<type>MODULE_UNLOAD</type>
		<severity>INFO</severity>
		<timestamp>Thu Oct 31 11:01:57 2019</timestamp>
		<arg name='path'>C:\Program Files (x86)\IntelSWTools\Inspector 2019\bin32\runtime\libittnotify.dll</arg>
	</msg>
	<!-- Module loaded c:\program files (x86)\intelswtools\inspector 2019\bin32\runtime\libittnotify.dll, address range [0x0ff00000-0x0ff2cfff], minimal analysis -->
	<msg id='23' source='mc'>
		<type>MODULE_LOAD_NO_ANALYSIS</type>
		<severity>INFO</severity>
		<timestamp>Thu Oct 31 11:01:57 2019</timestamp>
		<arg name='path'>c:\program files (x86)\intelswtools\inspector 2019\bin32\runtime\libittnotify.dll</arg>
		<arg name='addr1'>0xff00000</arg>
		<arg name='addr2'>0xff2cfff</arg>
	</msg>
	<!-- Heartbeat, tids = 13264,13620,13692,2240, syscallStatus = 0,1,1,1, calls = 3323974,1768,1452,1135 -->
	<msg id='24' display='false' source='mc'>
		<type>HEARTBEAT</type>
		<severity>INFO</severity>
		<timestamp>Thu Oct 31 11:01:58 2019</timestamp>
		<arg name='tids'>13264,13620,13692,2240</arg>
		<arg name='syscalls'>0,1,1,1</arg>
		<arg name='calls'>3323974,1768,1452,1135</arg>
	</msg>
	<!-- Heartbeat, tids = 13264,13620,13692,2240, syscallStatus = 0,1,1,1, calls = 9027201,0,0,0 -->
	<msg id='25' display='false' source='mc'>
		<type>HEARTBEAT</type>
		<severity>INFO</severity>
		<timestamp>Thu Oct 31 11:01:59 2019</timestamp>
		<arg name='tids'>13264,13620,13692,2240</arg>
		<arg name='syscalls'>0,1,1,1</arg>
		<arg name='calls'>9027201,0,0,0</arg>
	</msg>
	<!-- Heartbeat, tids = 13264,13620,13692,2240, syscallStatus = 0,1,1,1, calls = 9545773,0,0,0 -->
	<msg id='26' display='false' source='mc'>
		<type>HEARTBEAT</type>
		<severity>INFO</severity>
		<timestamp>Thu Oct 31 11:02:00 2019</timestamp>
		<arg name='tids'>13264,13620,13692,2240</arg>
		<arg name='syscalls'>0,1,1,1</arg>
		<arg name='calls'>9545773,0,0,0</arg>
	</msg>
	<!-- Heartbeat, tids = 13264,13620,13692,2240, syscallStatus = 0,1,1,1, calls = 9296252,0,0,0 -->
	<msg id='27' display='false' source='mc'>
		<type>HEARTBEAT</type>
		<severity>INFO</severity>
		<timestamp>Thu Oct 31 11:02:01 2019</timestamp>
		<arg name='tids'>13264,13620,13692,2240</arg>
		<arg name='syscalls'>0,1,1,1</arg>
		<arg name='calls'>9296252,0,0,0</arg>
	</msg>
	<!-- Heartbeat, tids = 13264,13620,13692,2240, syscallStatus = 0,1,1,1, calls = 9335516,0,0,0 -->
	<msg id='28' display='false' source='mc'>
		<type>HEARTBEAT</type>
		<severity>INFO</severity>
		<timestamp>Thu Oct 31 11:02:02 2019</timestamp>
		<arg name='tids'>13264,13620,13692,2240</arg>
		<arg name='syscalls'>0,1,1,1</arg>
		<arg name='calls'>9335516,0,0,0</arg>
	</msg>
	<!-- Heartbeat, tids = 13264,13620,13692,2240, syscallStatus = 0,1,1,1, calls = 9442070,0,0,0 -->
	<msg id='29' display='false' source='mc'>
		<type>HEARTBEAT</type>
		<severity>INFO</severity>
		<timestamp>Thu Oct 31 11:02:03 2019</timestamp>
		<arg name='tids'>13264,13620,13692,2240</arg>
		<arg name='syscalls'>0,1,1,1</arg>
		<arg name='calls'>9442070,0,0,0</arg>
	</msg>
	<!-- Heartbeat, tids = 13264,13620,13692,2240, syscallStatus = 0,1,1,1, calls = 9409466,0,0,0 -->
	<msg id='30' display='false' source='mc'>
		<type>HEARTBEAT</type>
		<severity>INFO</severity>
		<timestamp>Thu Oct 31 11:02:04 2019</timestamp>
		<arg name='tids'>13264,13620,13692,2240</arg>
		<arg name='syscalls'>0,1,1,1</arg>
		<arg name='calls'>9409466,0,0,0</arg>
	</msg>
	<!-- Heartbeat, tids = 13264,13620,13692,2240, syscallStatus = 0,1,1,1, calls = 9534662,0,0,0 -->
	<msg id='31' display='false' source='mc'>
		<type>HEARTBEAT</type>
		<severity>INFO</severity>
		<timestamp>Thu Oct 31 11:02:05 2019</timestamp>
		<arg name='tids'>13264,13620,13692,2240</arg>
		<arg name='syscalls'>0,1,1,1</arg>
		<arg name='calls'>9534662,0,0,0</arg>
	</msg>
	<!-- Heartbeat, tids = 13264,13620,13692,2240, syscallStatus = 0,1,1,1, calls = 1022414,0,0,0 -->
	<msg id='32' display='false' source='mc'>
		<type>HEARTBEAT</type>
		<severity>INFO</severity>
		<timestamp>Thu Oct 31 11:02:06 2019</timestamp>
		<arg name='tids'>13264,13620,13692,2240</arg>
		<arg name='syscalls'>0,1,1,1</arg>
		<arg name='calls'>1022414,0,0,0</arg>
	</msg>
	<!-- Heartbeat, tids = 13264,13620,13692,2240, syscallStatus = 0,1,1,1, calls = 0,0,0,0 -->
	<msg id='33' display='false' source='mc'>
		<type>HEARTBEAT</type>
		<severity>INFO</severity>
		<timestamp>Thu Oct 31 11:02:07 2019</timestamp>
		<arg name='tids'>13264,13620,13692,2240</arg>
		<arg name='syscalls'>0,1,1,1</arg>
		<arg name='calls'>0,0,0,0</arg>
	</msg>
	<!-- Heartbeat, tids = 13264,13620,13692,2240, syscallStatus = 0,1,1,1, calls = 0,0,0,0 -->
	<msg id='34' display='false' source='mc'>
		<type>HEARTBEAT</type>
		<severity>INFO</severity>
		<timestamp>Thu Oct 31 11:02:08 2019</timestamp>
		<arg name='tids'>13264,13620,13692,2240</arg>
		<arg name='syscalls'>0,1,1,1</arg>
		<arg name='calls'>0,0,0,0</arg>
	</msg>
	<!-- Heartbeat, tids = 13264,13620,13692,2240, syscallStatus = 0,1,1,1, calls = 0,0,0,0 -->
	<msg id='35' display='false' source='mc'>
		<type>HEARTBEAT</type>
		<severity>INFO</severity>
		<timestamp>Thu Oct 31 11:02:09 2019</timestamp>
		<arg name='tids'>13264,13620,13692,2240</arg>
		<arg name='syscalls'>0,1,1,1</arg>
		<arg name='calls'>0,0,0,0</arg>
	</msg>
	<!-- Heartbeat, tids = 13264,13620,13692,2240, syscallStatus = 0,1,1,1, calls = 0,0,0,0 -->
	<msg id='36' display='false' source='mc'>
		<type>HEARTBEAT</type>
		<severity>INFO</severity>
		<timestamp>Thu Oct 31 11:02:10 2019</timestamp>
		<arg name='tids'>13264,13620,13692,2240</arg>
		<arg name='syscalls'>0,1,1,1</arg>
		<arg name='calls'>0,0,0,0</arg>
	</msg>
	<!-- Heartbeat, tids = 13264,13620,13692,2240, syscallStatus = 0,1,1,1, calls = 0,0,0,0 -->
	<msg id='37' display='false' source='mc'>
		<type>HEARTBEAT</type>
		<severity>INFO</severity>
		<timestamp>Thu Oct 31 11:02:11 2019</timestamp>
		<arg name='tids'>13264,13620,13692,2240</arg>
		<arg name='syscalls'>0,1,1,1</arg>
		<arg name='calls'>0,0,0,0</arg>
	</msg>
	<!-- Heartbeat, tids = 13264,13620,13692,2240, syscallStatus = 0,1,1,1, calls = 0,0,0,0 -->
	<msg id='38' display='false' source='mc'>
		<type>HEARTBEAT</type>
		<severity>INFO</severity>
		<timestamp>Thu Oct 31 11:02:12 2019</timestamp>
		<arg name='tids'>13264,13620,13692,2240</arg>
		<arg name='syscalls'>0,1,1,1</arg>
		<arg name='calls'>0,0,0,0</arg>
	</msg>
	<!-- Heartbeat, tids = 13264,13620,13692,2240, syscallStatus = 0,1,1,1, calls = 0,0,0,0 -->
	<msg id='39' display='false' source='mc'>
		<type>HEARTBEAT</type>
		<severity>INFO</severity>
		<timestamp>Thu Oct 31 11:02:13 2019</timestamp>
		<arg name='tids'>13264,13620,13692,2240</arg>
		<arg name='syscalls'>0,1,1,1</arg>
		<arg name='calls'>0,0,0,0</arg>
	</msg>
	<!-- Heartbeat, tids = 13264,13620,13692,2240, syscallStatus = 0,1,1,1, calls = 0,0,0,0 -->
	<msg id='40' display='false' source='mc'>
		<type>HEARTBEAT</type>
		<severity>INFO</severity>
		<timestamp>Thu Oct 31 11:02:14 2019</timestamp>
		<arg name='tids'>13264,13620,13692,2240</arg>
		<arg name='syscalls'>0,1,1,1</arg>
		<arg name='calls'>0,0,0,0</arg>
	</msg>
	<!-- Heartbeat, tids = 13264,13620,13692,2240, syscallStatus = 0,1,1,1, calls = 0,0,0,0 -->
	<msg id='41' display='false' source='mc'>
		<type>HEARTBEAT</type>
		<severity>INFO</severity>
		<timestamp>Thu Oct 31 11:02:15 2019</timestamp>
		<arg name='tids'>13264,13620,13692,2240</arg>
		<arg name='syscalls'>0,1,1,1</arg>
		<arg name='calls'>0,0,0,0</arg>
	</msg>
	<!-- Heartbeat, tids = 13264,13620,13692,2240, syscallStatus = 0,1,1,1, calls = 0,0,0,0 -->
	<msg id='42' display='false' source='mc'>
		<type>HEARTBEAT</type>
		<severity>INFO</severity>
		<timestamp>Thu Oct 31 11:02:16 2019</timestamp>
		<arg name='tids'>13264,13620,13692,2240</arg>
		<arg name='syscalls'>0,1,1,1</arg>
		<arg name='calls'>0,0,0,0</arg>
	</msg>
	<!-- Heartbeat, tids = 13264,13620,13692,2240, syscallStatus = 0,1,1,1, calls = 0,0,0,0 -->
	<msg id='43' display='false' source='mc'>
		<type>HEARTBEAT</type>
		<severity>INFO</severity>
		<timestamp>Thu Oct 31 11:02:17 2019</timestamp>
		<arg name='tids'>13264,13620,13692,2240</arg>
		<arg name='syscalls'>0,1,1,1</arg>
		<arg name='calls'>0,0,0,0</arg>
	</msg>
	<!-- Heartbeat, tids = 13264,13620,13692,2240, syscallStatus = 0,1,1,1, calls = 0,0,0,0 -->
	<msg id='44' display='false' source='mc'>
		<type>HEARTBEAT</type>
		<severity>INFO</severity>
		<timestamp>Thu Oct 31 11:02:18 2019</timestamp>
		<arg name='tids'>13264,13620,13692,2240</arg>
		<arg name='syscalls'>0,1,1,1</arg>
		<arg name='calls'>0,0,0,0</arg>
	</msg>
	<!-- Heartbeat, tids = 13264,13620,13692,2240, syscallStatus = 0,1,1,1, calls = 0,0,0,0 -->
	<msg id='45' display='false' source='mc'>
		<type>HEARTBEAT</type>
		<severity>INFO</severity>
		<timestamp>Thu Oct 31 11:02:19 2019</timestamp>
		<arg name='tids'>13264,13620,13692,2240</arg>
		<arg name='syscalls'>0,1,1,1</arg>
		<arg name='calls'>0,0,0,0</arg>
	</msg>
	<!-- Heartbeat, tids = 13264,13620,13692,2240, syscallStatus = 0,1,1,1, calls = 0,0,0,0 -->
	<msg id='46' display='false' source='mc'>
		<type>HEARTBEAT</type>
		<severity>INFO</severity>
		<timestamp>Thu Oct 31 11:02:20 2019</timestamp>
		<arg name='tids'>13264,13620,13692,2240</arg>
		<arg name='syscalls'>0,1,1,1</arg>
		<arg name='calls'>0,0,0,0</arg>
	</msg>
	<!-- Heartbeat, tids = 13264,13620,13692,2240, syscallStatus = 0,1,1,1, calls = 0,0,0,0 -->
	<msg id='47' display='false' source='mc'>
		<type>HEARTBEAT</type>
		<severity>INFO</severity>
		<timestamp>Thu Oct 31 11:02:21 2019</timestamp>
		<arg name='tids'>13264,13620,13692,2240</arg>
		<arg name='syscalls'>0,1,1,1</arg>
		<arg name='calls'>0,0,0,0</arg>
	</msg>
	<!-- Heartbeat, tids = 13264,13620,13692,2240, syscallStatus = 0,1,1,1, calls = 0,0,0,0 -->
	<msg id='48' display='false' source='mc'>
		<type>HEARTBEAT</type>
		<severity>INFO</severity>
		<timestamp>Thu Oct 31 11:02:22 2019</timestamp>
		<arg name='tids'>13264,13620,13692,2240</arg>
		<arg name='syscalls'>0,1,1,1</arg>
		<arg name='calls'>0,0,0,0</arg>
	</msg>
	<!-- Heartbeat, tids = 13264,13620,13692,2240, syscallStatus = 0,1,1,1, calls = 0,0,0,0 -->
	<msg id='49' display='false' source='mc'>
		<type>HEARTBEAT</type>
		<severity>INFO</severity>
		<timestamp>Thu Oct 31 11:02:23 2019</timestamp>
		<arg name='tids'>13264,13620,13692,2240</arg>
		<arg name='syscalls'>0,1,1,1</arg>
		<arg name='calls'>0,0,0,0</arg>
	</msg>
	<!-- Heartbeat, tids = 13264,13620,13692,2240, syscallStatus = 0,1,1,1, calls = 0,0,0,0 -->
	<msg id='50' display='false' source='mc'>
		<type>HEARTBEAT</type>
		<severity>INFO</severity>
		<timestamp>Thu Oct 31 11:02:24 2019</timestamp>
		<arg name='tids'>13264,13620,13692,2240</arg>
		<arg name='syscalls'>0,1,1,1</arg>
		<arg name='calls'>0,0,0,0</arg>
	</msg>
	<!-- Heartbeat, tids = 13264,13620,13692,2240, syscallStatus = 0,1,1,1, calls = 0,0,0,0 -->
	<msg id='51' display='false' source='mc'>
		<type>HEARTBEAT</type>
		<severity>INFO</severity>
		<timestamp>Thu Oct 31 11:02:25 2019</timestamp>
		<arg name='tids'>13264,13620,13692,2240</arg>
		<arg name='syscalls'>0,1,1,1</arg>
		<arg name='calls'>0,0,0,0</arg>
	</msg>
	<!-- Heartbeat, tids = 13264,13620,13692,2240, syscallStatus = 0,1,1,1, calls = 0,0,0,0 -->
	<msg id='52' display='false' source='mc'>
		<type>HEARTBEAT</type>
		<severity>INFO</severity>
		<timestamp>Thu Oct 31 11:02:26 2019</timestamp>
		<arg name='tids'>13264,13620,13692,2240</arg>
		<arg name='syscalls'>0,1,1,1</arg>
		<arg name='calls'>0,0,0,0</arg>
	</msg>
	<!-- Heartbeat, tids = 13264,13620,13692,2240, syscallStatus = 0,1,1,1, calls = 0,0,0,0 -->
	<msg id='53' display='false' source='mc'>
		<type>HEARTBEAT</type>
		<severity>INFO</severity>
		<timestamp>Thu Oct 31 11:02:28 2019</timestamp>
		<arg name='tids'>13264,13620,13692,2240</arg>
		<arg name='syscalls'>0,1,1,1</arg>
		<arg name='calls'>0,0,0,0</arg>
	</msg>
	<!-- Heartbeat, tids = 13264,13620,13692,2240, syscallStatus = 0,1,1,1, calls = 0,0,0,0 -->
	<msg id='54' display='false' source='mc'>
		<type>HEARTBEAT</type>
		<severity>INFO</severity>
		<timestamp>Thu Oct 31 11:02:29 2019</timestamp>
		<arg name='tids'>13264,13620,13692,2240</arg>
		<arg name='syscalls'>0,1,1,1</arg>
		<arg name='calls'>0,0,0,0</arg>
	</msg>
	<!-- Heartbeat, tids = 13264,13620,13692,2240, syscallStatus = 0,1,1,1, calls = 0,0,0,0 -->
	<msg id='55' display='false' source='mc'>
		<type>HEARTBEAT</type>
		<severity>INFO</severity>
		<timestamp>Thu Oct 31 11:02:30 2019</timestamp>
		<arg name='tids'>13264,13620,13692,2240</arg>
		<arg name='syscalls'>0,1,1,1</arg>
		<arg name='calls'>0,0,0,0</arg>
	</msg>
	<!-- Heartbeat, tids = 13264,13620,13692,2240, syscallStatus = 0,1,1,1, calls = 0,0,0,0 -->
	<msg id='56' display='false' source='mc'>
		<type>HEARTBEAT</type>
		<severity>INFO</severity>
		<timestamp>Thu Oct 31 11:02:31 2019</timestamp>
		<arg name='tids'>13264,13620,13692,2240</arg>
		<arg name='syscalls'>0,1,1,1</arg>
		<arg name='calls'>0,0,0,0</arg>
	</msg>
	<!-- Heartbeat, tids = 13264,13620,13692,2240, syscallStatus = 0,1,1,1, calls = 0,0,0,0 -->
	<msg id='57' display='false' source='mc'>
		<type>HEARTBEAT</type>
		<severity>INFO</severity>
		<timestamp>Thu Oct 31 11:02:32 2019</timestamp>
		<arg name='tids'>13264,13620,13692,2240</arg>
		<arg name='syscalls'>0,1,1,1</arg>
		<arg name='calls'>0,0,0,0</arg>
	</msg>
	<!-- Heartbeat, tids = 13264,13620,13692,2240, syscallStatus = 0,1,1,1, calls = 0,0,0,0 -->
	<msg id='58' display='false' source='mc'>
		<type>HEARTBEAT</type>
		<severity>INFO</severity>
		<timestamp>Thu Oct 31 11:02:33 2019</timestamp>
		<arg name='tids'>13264,13620,13692,2240</arg>
		<arg name='syscalls'>0,1,1,1</arg>
		<arg name='calls'>0,0,0,0</arg>
	</msg>
	<!-- Heartbeat, tids = 13264,13620,13692,2240, syscallStatus = 0,1,1,1, calls = 0,0,0,0 -->
	<msg id='59' display='false' source='mc'>
		<type>HEARTBEAT</type>
		<severity>INFO</severity>
		<timestamp>Thu Oct 31 11:02:34 2019</timestamp>
		<arg name='tids'>13264,13620,13692,2240</arg>
		<arg name='syscalls'>0,1,1,1</arg>
		<arg name='calls'>0,0,0,0</arg>
	</msg>
	<!-- Heartbeat, tids = 13264,13620,13692,2240, syscallStatus = 0,1,1,1, calls = 0,0,0,0 -->
	<msg id='60' display='false' source='mc'>
		<type>HEARTBEAT</type>
		<severity>INFO</severity>
		<timestamp>Thu Oct 31 11:02:35 2019</timestamp>
		<arg name='tids'>13264,13620,13692,2240</arg>
		<arg name='syscalls'>0,1,1,1</arg>
		<arg name='calls'>0,0,0,0</arg>
	</msg>
	<!-- Heartbeat, tids = 13264,13620,13692,2240, syscallStatus = 0,1,1,1, calls = 0,0,0,0 -->
	<msg id='61' display='false' source='mc'>
		<type>HEARTBEAT</type>
		<severity>INFO</severity>
		<timestamp>Thu Oct 31 11:02:36 2019</timestamp>
		<arg name='tids'>13264,13620,13692,2240</arg>
		<arg name='syscalls'>0,1,1,1</arg>
		<arg name='calls'>0,0,0,0</arg>
	</msg>
	<!-- Heartbeat, tids = 13264,13620,13692,2240, syscallStatus = 0,1,1,1, calls = 0,0,0,0 -->
	<msg id='62' display='false' source='mc'>
		<type>HEARTBEAT</type>
		<severity>INFO</severity>
		<timestamp>Thu Oct 31 11:02:37 2019</timestamp>
		<arg name='tids'>13264,13620,13692,2240</arg>
		<arg name='syscalls'>0,1,1,1</arg>
		<arg name='calls'>0,0,0,0</arg>
	</msg>
	<!-- Heartbeat, tids = 13264,13620,13692,2240, syscallStatus = 0,1,1,1, calls = 0,0,0,0 -->
	<msg id='63' display='false' source='mc'>
		<type>HEARTBEAT</type>
		<severity>INFO</severity>
		<timestamp>Thu Oct 31 11:02:38 2019</timestamp>
		<arg name='tids'>13264,13620,13692,2240</arg>
		<arg name='syscalls'>0,1,1,1</arg>
		<arg name='calls'>0,0,0,0</arg>
	</msg>
	<!-- Heartbeat, tids = 13264,13620,13692,2240, syscallStatus = 0,1,1,1, calls = 0,0,0,0 -->
	<msg id='64' display='false' source='mc'>
		<type>HEARTBEAT</type>
		<severity>INFO</severity>
		<timestamp>Thu Oct 31 11:02:39 2019</timestamp>
		<arg name='tids'>13264,13620,13692,2240</arg>
		<arg name='syscalls'>0,1,1,1</arg>
		<arg name='calls'>0,0,0,0</arg>
	</msg>
	<!-- Heartbeat, tids = 13264,13620,13692,2240, syscallStatus = 0,1,1,1, calls = 0,0,0,0 -->
	<msg id='65' display='false' source='mc'>
		<type>HEARTBEAT</type>
		<severity>INFO</severity>
		<timestamp>Thu Oct 31 11:02:40 2019</timestamp>
		<arg name='tids'>13264,13620,13692,2240</arg>
		<arg name='syscalls'>0,1,1,1</arg>
		<arg name='calls'>0,0,0,0</arg>
	</msg>
	<!-- Heartbeat, tids = 13264,13620,13692,2240, syscallStatus = 0,1,1,1, calls = 0,0,0,0 -->
	<msg id='66' display='false' source='mc'>
		<type>HEARTBEAT</type>
		<severity>INFO</severity>
		<timestamp>Thu Oct 31 11:02:41 2019</timestamp>
		<arg name='tids'>13264,13620,13692,2240</arg>
		<arg name='syscalls'>0,1,1,1</arg>
		<arg name='calls'>0,0,0,0</arg>
	</msg>
	<!-- Heartbeat, tids = 13264,13620,13692,2240, syscallStatus = 0,1,1,1, calls = 0,0,0,0 -->
	<msg id='67' display='false' source='mc'>
		<type>HEARTBEAT</type>
		<severity>INFO</severity>
		<timestamp>Thu Oct 31 11:02:42 2019</timestamp>
		<arg name='tids'>13264,13620,13692,2240</arg>
		<arg name='syscalls'>0,1,1,1</arg>
		<arg name='calls'>0,0,0,0</arg>
	</msg>
	<!-- Heartbeat, tids = 13264,13620,13692,2240, syscallStatus = 0,1,1,1, calls = 0,0,0,0 -->
	<msg id='68' display='false' source='mc'>
		<type>HEARTBEAT</type>
		<severity>INFO</severity>
		<timestamp>Thu Oct 31 11:02:43 2019</timestamp>
		<arg name='tids'>13264,13620,13692,2240</arg>
		<arg name='syscalls'>0,1,1,1</arg>
		<arg name='calls'>0,0,0,0</arg>
	</msg>
	<!-- Heartbeat, tids = 13264,13620,13692,2240, syscallStatus = 0,1,1,1, calls = 0,0,0,0 -->
	<msg id='69' display='false' source='mc'>
		<type>HEARTBEAT</type>
		<severity>INFO</severity>
		<timestamp>Thu Oct 31 11:02:44 2019</timestamp>
		<arg name='tids'>13264,13620,13692,2240</arg>
		<arg name='syscalls'>0,1,1,1</arg>
		<arg name='calls'>0,0,0,0</arg>
	</msg>
	<!-- Heartbeat, tids = 13264,13620,13692,2240, syscallStatus = 0,1,1,1, calls = 0,0,0,0 -->
	<msg id='70' display='false' source='mc'>
		<type>HEARTBEAT</type>
		<severity>INFO</severity>
		<timestamp>Thu Oct 31 11:02:45 2019</timestamp>
		<arg name='tids'>13264,13620,13692,2240</arg>
		<arg name='syscalls'>0,1,1,1</arg>
		<arg name='calls'>0,0,0,0</arg>
	</msg>
	<!-- Heartbeat, tids = 13264,13620,13692,2240, syscallStatus = 0,1,1,1, calls = 0,0,0,0 -->
	<msg id='71' display='false' source='mc'>
		<type>HEARTBEAT</type>
		<severity>INFO</severity>
		<timestamp>Thu Oct 31 11:02:46 2019</timestamp>
		<arg name='tids'>13264,13620,13692,2240</arg>
		<arg name='syscalls'>0,1,1,1</arg>
		<arg name='calls'>0,0,0,0</arg>
	</msg>
	<!-- Heartbeat, tids = 13264,13620,13692,2240, syscallStatus = 0,1,1,1, calls = 0,0,0,0 -->
	<msg id='72' display='false' source='mc'>
		<type>HEARTBEAT</type>
		<severity>INFO</severity>
		<timestamp>Thu Oct 31 11:02:47 2019</timestamp>
		<arg name='tids'>13264,13620,13692,2240</arg>
		<arg name='syscalls'>0,1,1,1</arg>
		<arg name='calls'>0,0,0,0</arg>
	</msg>
	<!-- Heartbeat, tids = 13264,13620,13692,2240, syscallStatus = 0,1,1,1, calls = 0,0,0,0 -->
	<msg id='73' display='false' source='mc'>
		<type>HEARTBEAT</type>
		<severity>INFO</severity>
		<timestamp>Thu Oct 31 11:02:48 2019</timestamp>
		<arg name='tids'>13264,13620,13692,2240</arg>
		<arg name='syscalls'>0,1,1,1</arg>
		<arg name='calls'>0,0,0,0</arg>
	</msg>
	<!-- Heartbeat, tids = 13264,13620,13692,2240, syscallStatus = 0,1,1,1, calls = 0,0,0,0 -->
	<msg id='74' display='false' source='mc'>
		<type>HEARTBEAT</type>
		<severity>INFO</severity>
		<timestamp>Thu Oct 31 11:02:49 2019</timestamp>
		<arg name='tids'>13264,13620,13692,2240</arg>
		<arg name='syscalls'>0,1,1,1</arg>
		<arg name='calls'>0,0,0,0</arg>
	</msg>
	<!-- Heartbeat, tids = 13264,13620,13692,2240, syscallStatus = 0,1,1,1, calls = 0,0,0,0 -->
	<msg id='75' display='false' source='mc'>
		<type>HEARTBEAT</type>
		<severity>INFO</severity>
		<timestamp>Thu Oct 31 11:02:50 2019</timestamp>
		<arg name='tids'>13264,13620,13692,2240</arg>
		<arg name='syscalls'>0,1,1,1</arg>
		<arg name='calls'>0,0,0,0</arg>
	</msg>
	<!-- Heartbeat, tids = 13264,13620,13692,2240, syscallStatus = 0,1,1,1, calls = 0,0,0,0 -->
	<msg id='76' display='false' source='mc'>
		<type>HEARTBEAT</type>
		<severity>INFO</severity>
		<timestamp>Thu Oct 31 11:02:51 2019</timestamp>
		<arg name='tids'>13264,13620,13692,2240</arg>
		<arg name='syscalls'>0,1,1,1</arg>
		<arg name='calls'>0,0,0,0</arg>
	</msg>
	<!-- Heartbeat, tids = 13264,13620,13692,2240, syscallStatus = 0,1,1,1, calls = 0,0,0,0 -->
	<msg id='77' display='false' source='mc'>
		<type>HEARTBEAT</type>
		<severity>INFO</severity>
		<timestamp>Thu Oct 31 11:02:52 2019</timestamp>
		<arg name='tids'>13264,13620,13692,2240</arg>
		<arg name='syscalls'>0,1,1,1</arg>
		<arg name='calls'>0,0,0,0</arg>
	</msg>
	<!-- Heartbeat, tids = 13264,13620,13692,2240, syscallStatus = 0,1,1,1, calls = 0,0,0,0 -->
	<msg id='78' display='false' source='mc'>
		<type>HEARTBEAT</type>
		<severity>INFO</severity>
		<timestamp>Thu Oct 31 11:02:53 2019</timestamp>
		<arg name='tids'>13264,13620,13692,2240</arg>
		<arg name='syscalls'>0,1,1,1</arg>
		<arg name='calls'>0,0,0,0</arg>
	</msg>
	<!-- DIAG: 5 -->
	<!-- DIAG: 6 -->
	<!-- DIAG: 7 -->
	<!-- Heartbeat, tids = 13264, syscallStatus = 0, calls = 0 -->
	<msg id='79' display='false' source='mc'>
		<type>HEARTBEAT</type>
		<severity>INFO</severity>
		<timestamp>Thu Oct 31 11:02:54 2019</timestamp>
		<arg name='tids'>13264</arg>
		<arg name='syscalls'>0</arg>
		<arg name='calls'>0</arg>
	</msg>
	<!-- Heartbeat, tids = 13264, syscallStatus = 0, calls = 0 -->
	<msg id='80' display='false' source='mc'>
		<type>HEARTBEAT</type>
		<severity>INFO</severity>
		<timestamp>Thu Oct 31 11:02:55 2019</timestamp>
		<arg name='tids'>13264</arg>
		<arg name='syscalls'>0</arg>
		<arg name='calls'>0</arg>
	</msg>
	<!-- Heartbeat, tids = 13264, syscallStatus = 0, calls = 0 -->
	<msg id='81' display='false' source='mc'>
		<type>HEARTBEAT</type>
		<severity>INFO</severity>
		<timestamp>Thu Oct 31 11:02:56 2019</timestamp>
		<arg name='tids'>13264</arg>
		<arg name='syscalls'>0</arg>
		<arg name='calls'>0</arg>
	</msg>
	<!-- Heartbeat, tids = 13264, syscallStatus = 0, calls = 0 -->
	<msg id='82' display='false' source='mc'>
		<type>HEARTBEAT</type>
		<severity>INFO</severity>
		<timestamp>Thu Oct 31 11:02:57 2019</timestamp>
		<arg name='tids'>13264</arg>
		<arg name='syscalls'>0</arg>
		<arg name='calls'>0</arg>
	</msg>
	<!-- Heartbeat, tids = 13264, syscallStatus = 0, calls = 0 -->
	<msg id='83' display='false' source='mc'>
		<type>HEARTBEAT</type>
		<severity>INFO</severity>
		<timestamp>Thu Oct 31 11:02:58 2019</timestamp>
		<arg name='tids'>13264</arg>
		<arg name='syscalls'>0</arg>
		<arg name='calls'>0</arg>
	</msg>
	<!-- Heartbeat, tids = 13264, syscallStatus = 0, calls = 0 -->
	<msg id='84' display='false' source='mc'>
		<type>HEARTBEAT</type>
		<severity>INFO</severity>
		<timestamp>Thu Oct 31 11:02:59 2019</timestamp>
		<arg name='tids'>13264</arg>
		<arg name='syscalls'>0</arg>
		<arg name='calls'>0</arg>
	</msg>
	<!-- Heartbeat, tids = 13264, syscallStatus = 0, calls = 0 -->
	<msg id='85' display='false' source='mc'>
		<type>HEARTBEAT</type>
		<severity>INFO</severity>
		<timestamp>Thu Oct 31 11:03:00 2019</timestamp>
		<arg name='tids'>13264</arg>
		<arg name='syscalls'>0</arg>
		<arg name='calls'>0</arg>
	</msg>
	<!-- Heartbeat, tids = 13264, syscallStatus = 0, calls = 0 -->
	<msg id='86' display='false' source='mc'>
		<type>HEARTBEAT</type>
		<severity>INFO</severity>
		<timestamp>Thu Oct 31 11:03:01 2019</timestamp>
		<arg name='tids'>13264</arg>
		<arg name='syscalls'>0</arg>
		<arg name='calls'>0</arg>
	</msg>
	<!-- Heartbeat, tids = 13264, syscallStatus = 0, calls = 0 -->
	<msg id='87' display='false' source='mc'>
		<type>HEARTBEAT</type>
		<severity>INFO</severity>
		<timestamp>Thu Oct 31 11:03:02 2019</timestamp>
		<arg name='tids'>13264</arg>
		<arg name='syscalls'>0</arg>
		<arg name='calls'>0</arg>
	</msg>
	<!-- Heartbeat, tids = 13264, syscallStatus = 0, calls = 0 -->
	<msg id='88' display='false' source='mc'>
		<type>HEARTBEAT</type>
		<severity>INFO</severity>
		<timestamp>Thu Oct 31 11:03:03 2019</timestamp>
		<arg name='tids'>13264</arg>
		<arg name='syscalls'>0</arg>
		<arg name='calls'>0</arg>
	</msg>