<?xml version="1.0" encoding="utf-8" ?>
<!-- DO NOT EDIT THIS FILE -->

<log version='2.0' source='tcet'>
	<!-- Sampling enabled with the following: -->
	<!--     Budget                              5: -->
	<!--     Overdraft Budget                   75: -->
	<!--     Savings Budget                      2: -->
	<!-- Opened annotation file C:\Program Files (x86)\IntelSWTools\Inspector 2019\bin32\..\config\tc\qt.ant -->
	<!-- Opened annotation file C:\Program Files (x86)\IntelSWTools\Inspector 2019\bin32\..\config\tc\cpp11.ant -->
	<!-- Opened annotation file C:\Program Files (x86)\IntelSWTools\Inspector 2019\bin32\..\config\tc\fortran.ant -->
	<!-- Opened annotation file C:\Program Files (x86)\IntelSWTools\Inspector 2019\bin32\..\config\tc\icl.ant -->
	<!-- Opened annotation file C:\Program Files (x86)\IntelSWTools\Inspector 2019\bin32\..\config\tc\allocators.ant -->
	<!-- Opened annotation file C:\Program Files (x86)\IntelSWTools\Inspector 2019\bin32\..\config\tc\boost.ant -->
	<!-- Opened annotation file C:\Program Files (x86)\IntelSWTools\Inspector 2019\bin32\..\config\tc\system_api_filter.ant -->
	<!-- Opened annotation file C:\Program Files (x86)\IntelSWTools\Inspector 2019\bin32\..\config\tc\system_api.ant -->
	<msg id='1' display='false' source='tccore'>
		<type>START</type>
		<severity>INFO</severity>
		<timestamp>Fri Nov 29 13:13:48 2019</timestamp>
	</msg>
	<!-- Successfully loaded CCRT 13.4.2 at address 0x54cf0000 - 0x54ff4000 -->
	<!-- Successfully loaded the TC Analysis Core 8.12.15 at address 0xf110000 - 0xf139000 -->
	<!-- Successfully loaded the TC Instrumentation Engine 8.12.15 at address 0x54240000 - 0x54446000 -->
	<!-- This is the instance of interest -->
	<msg id='2' source='tcet'>
		<type>EXEC_OF_INTEREST</type>
		<severity>INFO</severity>
		<timestamp>Fri Nov 29 13:13:48 2019</timestamp>
		<arg name='process'>c:\users\volosov\source\repos\ips_integrals\release\ips_integrals.exe</arg>
		<arg name='pid'>8356</arg>
	</msg>
	<msg id='3' source='tcet'>
		<type>LOAD_MODULE</type>
		<severity>INFO</severity>
		<timestamp>Fri Nov 29 13:13:48 2019</timestamp>
		<arg name='module'>c:\users\volosov\source\repos\ips_integrals\release\ips_integrals.exe</arg>
		<arg name='basement'>0x1d0000</arg>
		<arg name='ceiling'>0x1e2fff</arg>
	</msg>
	<msg id='4' source='tcet'>
		<type>LOAD_MODULE</type>
		<severity>INFO</severity>
		<timestamp>Fri Nov 29 13:13:48 2019</timestamp>
		<arg name='module'>c:\windows\syswow64\kernel32.dll</arg>
		<arg name='basement'>0x74d40000</arg>
		<arg name='ceiling'>0x74e1ffff</arg>
	</msg>
	<!-- Target OS: Win8 or Server 2K2012 or later -->
	<msg id='5' source='tcet'>
		<type>LOAD_MODULE</type>
		<severity>INFO</severity>
		<timestamp>Fri Nov 29 13:13:48 2019</timestamp>
		<arg name='module'>c:\windows\syswow64\kernelbase.dll</arg>
		<arg name='basement'>0x77370000</arg>
		<arg name='ceiling'>0x77553fff</arg>
	</msg>
	<!-- Target OS: Win8 or Server 2K2012 or later -->
	<msg id='6' source='tcet'>
		<type>LOAD_MODULE</type>
		<severity>INFO</severity>
		<timestamp>Fri Nov 29 13:13:48 2019</timestamp>
		<arg name='module'>c:\windows\syswow64\ntdll.dll</arg>
		<arg name='basement'>0x778f0000</arg>
		<arg name='ceiling'>0x77a7ffff</arg>
	</msg>
	<!-- Target OS: Win8 or Server 2K2012 or later -->
	<msg id='7' source='tcet'>
		<type>LOAD_MODULE</type>
		<severity>INFO</severity>
		<timestamp>Fri Nov 29 13:13:49 2019</timestamp>
		<arg name='module'>c:\windows\syswow64\ucrtbase.dll</arg>
		<arg name='basement'>0x775c0000</arg>
		<arg name='ceiling'>0x776ddfff</arg>
	</msg>
	<msg id='8' source='tcet'>
		<type>LOAD_MODULE</type>
		<severity>INFO</severity>
		<timestamp>Fri Nov 29 13:13:49 2019</timestamp>
		<arg name='module'>c:\windows\syswow64\msvcp140.dll</arg>
		<arg name='basement'>0x5f600000</arg>
		<arg name='ceiling'>0x5f66efff</arg>
	</msg>
	<msg id='9' source='tcet'>
		<type>LOAD_MODULE</type>
		<severity>INFO</severity>
		<timestamp>Fri Nov 29 13:13:49 2019</timestamp>
		<arg name='module'>c:\windows\syswow64\vcruntime140.dll</arg>
		<arg name='basement'>0x609c0000</arg>
		<arg name='ceiling'>0x609d2fff</arg>
	</msg>
	<!-- Found ZCA section with version 1.1 -->
	<!-- Found ZCA section with version 1.1 -->
	<!-- Found ZCA section with version 1.1 -->
	<!-- Found ZCA section with version 1.1 -->
	<!-- Found ZCA section with version 1.1 -->
	<!-- Found ZCA section with version 1.1 -->
	<!-- Found ZCA section with version 1.1 -->
	<!-- Found ZCA section with version 1.1 -->
	<!-- Found ZCA section with version 1.1 -->
	<!-- Found ZCA section with version 1.1 -->
	<!-- Found ZCA section with version 1.1 -->
	<!-- Found ZCA section with version 1.1 -->
	<!-- Found ZCA section with version 1.1 -->
	<!-- Found ZCA section with version 1.1 -->
	<!-- Found ZCA section with version 1.1 -->
	<!-- Found ZCA section with version 1.1 -->
	<!-- Found ZCA section with version 1.1 -->
	<!-- Found ZCA section with version 1.1 -->
	<!-- Found ZCA section with version 1.1 -->
	<!-- Found ZCA section with version 1.1 -->
	<!-- Found ZCA section with version 1.1 -->
	<!-- Found ZCA section with version 1.1 -->
	<!-- Found ZCA section with version 1.1 -->
	<!-- Found ZCA section with version 1.1 -->
	<!-- Found ZCA section with version 1.1 -->
	<!-- Found ZCA section with version 1.1 -->
	<!-- Found ZCA section with version 1.1 -->
	<msg id='10' source='tcet'>
		<type>LOAD_MODULE</type>
		<severity>INFO</severity>
		<timestamp>Fri Nov 29 13:13:49 2019</timestamp>
		<arg name='module'>c:\program files (x86)\intelswtools\compilers_and_libraries_2019.5.281\windows\redist\ia32_win\compiler\cilkrts20.dll</arg>
		<arg name='basement'>0xfe20000</arg>
		<arg name='ceiling'>0xfe67fff</arg>
	</msg>
	<msg id='11' source='tcet'>
		<type>LOAD_MODULE</type>
		<severity>INFO</severity>
		<timestamp>Fri Nov 29 13:13:50 2019</timestamp>
		<arg name='module'>c:\windows\syswow64\user32.dll</arg>
		<arg name='basement'>0x75780000</arg>
		<arg name='ceiling'>0x7590cfff</arg>
	</msg>
	<msg id='12' source='tcet'>
		<type>LOAD_MODULE</type>
		<severity>INFO</severity>
		<timestamp>Fri Nov 29 13:13:50 2019</timestamp>
		<arg name='module'>c:\windows\syswow64\win32u.dll</arg>
		<arg name='basement'>0x74e70000</arg>
		<arg name='ceiling'>0x74e86fff</arg>
	</msg>
	<!-- Routine at entry point of image c:\windows\syswow64\win32u.dll is invalid -->
	<msg id='13' source='tcet'>
		<type>LOAD_MODULE</type>
		<severity>INFO</severity>
		<timestamp>Fri Nov 29 13:13:50 2019</timestamp>
		<arg name='module'>c:\windows\syswow64\gdi32.dll</arg>
		<arg name='basement'>0x74a20000</arg>
		<arg name='ceiling'>0x74a41fff</arg>
	</msg>
	<msg id='14' source='tcet'>
		<type>LOAD_MODULE</type>
		<severity>INFO</severity>
		<timestamp>Fri Nov 29 13:13:50 2019</timestamp>
		<arg name='module'>c:\windows\syswow64\gdi32full.dll</arg>
		<arg name='basement'>0x744a0000</arg>
		<arg name='ceiling'>0x74603fff</arg>
	</msg>
	<msg id='15' source='tcet'>
		<type>LOAD_MODULE</type>
		<severity>INFO</severity>
		<timestamp>Fri Nov 29 13:13:50 2019</timestamp>
		<arg name='module'>c:\windows\syswow64\msvcp_win.dll</arg>
		<arg name='basement'>0x76c60000</arg>
		<arg name='ceiling'>0x76cdcfff</arg>
	</msg>
	<msg id='16' source='tccore'>
		<type>UNSUPPORTED_MODULE</type>
		<severity>WARNING</severity>
		<timestamp>Fri Nov 29 13:13:50 2019</timestamp>
		<arg name='desc'>Microsoft Parallel Patterns Library</arg>
	</msg>
	<msg id='17' source='tcet'>
		<type>LOAD_MODULE</type>
		<severity>INFO</severity>
		<timestamp>Fri Nov 29 13:13:51 2019</timestamp>
		<arg name='module'>c:\windows\syswow64\imm32.dll</arg>
		<arg name='basement'>0x749c0000</arg>
		<arg name='ceiling'>0x749e5fff</arg>
	</msg>
	<msg id='18' source='tcet'>
		<type>LOAD_MODULE</type>
		<severity>INFO</severity>
		<timestamp>Fri Nov 29 13:13:51 2019</timestamp>
		<arg name='module'>c:\program files (x86)\intelswtools\inspector 2019\bin32\runtime\libittnotify.dll</arg>
		<arg name='basement'>0xfb30000</arg>
		<arg name='ceiling'>0xfb5cfff</arg>
	</msg>
	<!-- Target OS: Win8 or Server 2K2012 or later -->
	<msg id='19' display='false' source='tcet'>
		<type>THREADNAME</type>
		<severity>INFO</severity>
		<timestamp>Fri Nov 29 13:13:52 2019</timestamp>
		<arg name='tid'>16204</arg>
		<arg name='name'>Cilk Worker</arg>
	</msg>
	<msg id='20' display='false' source='tcet'>
		<type>THREADNAME</type>
		<severity>INFO</severity>
		<timestamp>Fri Nov 29 13:13:52 2019</timestamp>
		<arg name='tid'>15156</arg>
		<arg name='name'>Cilk Worker</arg>
	</msg>
	<msg id='21' display='false' source='tcet'>
		<type>THREADNAME</type>
		<severity>INFO</severity>
		<timestamp>Fri Nov 29 13:13:52 2019</timestamp>
		<arg name='tid'>10528</arg>
		<arg name='name'>Cilk Worker</arg>
	</msg>
	<msg id='22' display='false' source='tcet'>
		<type>THREADNAME</type>
		<severity>INFO</severity>
		<timestamp>Fri Nov 29 13:13:52 2019</timestamp>
		<arg name='tid'>15496</arg>
		<arg name='name'>Cilk Worker</arg>
	</msg>
	<msg id='23' display='false' source='tcet'>
		<type>THREADNAME</type>
		<severity>INFO</severity>
		<timestamp>Fri Nov 29 13:13:52 2019</timestamp>
		<arg name='tid'>4468</arg>
		<arg name='name'>Cilk Worker</arg>
	</msg>
	<msg id='24' display='false' source='tcet'>
		<type>THREADNAME</type>
		<severity>INFO</severity>
		<timestamp>Fri Nov 29 13:13:52 2019</timestamp>
		<arg name='tid'>10632</arg>
		<arg name='name'>Cilk Worker</arg>
	</msg>
	<msg id='25' display='false' source='tcet'>
		<type>THREADNAME</type>
		<severity>INFO</severity>
		<timestamp>Fri Nov 29 13:13:52 2019</timestamp>
		<arg name='tid'>13632</arg>
		<arg name='name'>Cilk Worker</arg>
	</msg>
	<msg id='26' display='false' source='tcet'>
		<type>HEARTBEAT</type>
		<severity>INFO</severity>
		<timestamp>Fri Nov 29 13:13:52 2019</timestamp>
		<arg name='tids'>16204,15156,10528,15496,4468,10632,13632,14844,9080,5344,12404</arg>
		<arg name='syscalls'>0,0,0,0,0,0,0,1,1,1,0</arg>
		<arg name='calls'>83054,89112,89738,83595,90865,88612,85640,1839,8450,1233,155219</arg>
	</msg>
	<msg id='27' display='false' source='tcet'>
		<type>HEARTBEAT</type>
		<severity>INFO</severity>
		<timestamp>Fri Nov 29 13:13:53 2019</timestamp>
		<arg name='tids'>16204,15156,10528,15496,4468,10632,13632,14844,9080,5344,12404</arg>
		<arg name='syscalls'>0,0,0,0,0,0,0,1,1,1,0</arg>
		<arg name='calls'>314512,256571,259086,233750,250520,258417,231596,0,0,0,233364</arg>
	</msg>
	<msg id='28' display='false' source='tcet'>
		<type>HEARTBEAT</type>
		<severity>INFO</severity>
		<timestamp>Fri Nov 29 13:13:54 2019</timestamp>
		<arg name='tids'>16204,15156,10528,15496,4468,10632,13632,14844,9080,5344,12404</arg>
		<arg name='syscalls'>0,0,0,0,0,0,0,1,1,1,0</arg>
		<arg name='calls'>247710,253506,254162,250031,250345,255874,256713,0,0,0,250236</arg>
	</msg>
	<msg id='29' display='false' source='tcet'>
		<type>HEARTBEAT</type>
		<severity>INFO</severity>
		<timestamp>Fri Nov 29 13:13:55 2019</timestamp>
		<arg name='tids'>16204,15156,10528,15496,4468,10632,13632,14844,9080,5344,12404</arg>
		<arg name='syscalls'>0,0,0,0,0,0,0,1,1,1,0</arg>
		<arg name='calls'>242556,245551,237792,243958,238354,234897,243993,0,0,0,242160</arg>
	</msg>
	<msg id='30' display='false' source='tcet'>
		<type>HEARTBEAT</type>
		<severity>INFO</severity>
		<timestamp>Fri Nov 29 13:13:56 2019</timestamp>
		<arg name='tids'>16204,15156,10528,15496,4468,10632,13632,14844,9080,5344,12404</arg>
		<arg name='syscalls'>0,0,0,0,0,0,0,1,1,1,0</arg>
		<arg name='calls'>236454,239637,219071,215804,239589,214654,215988,0,0,0,231825</arg>
	</msg>
	<msg id='31' display='false' source='tcet'>
		<type>HEARTBEAT</type>
		<severity>INFO</severity>
		<timestamp>Fri Nov 29 13:13:57 2019</timestamp>
		<arg name='tids'>16204,15156,10528,15496,4468,10632,13632,14844,9080,5344,12404</arg>
		<arg name='syscalls'>0,0,0,0,0,0,0,1,1,1,0</arg>
		<arg name='calls'>234645,226991,234774,237259,230926,227646,231551,0,0,0,232367</arg>
	</msg>
	<msg id='32' source='tcet'>
		<type>LOAD_MODULE</type>
		<severity>INFO</severity>
		<timestamp>Fri Nov 29 13:13:58 2019</timestamp>
		<arg name='module'>c:\windows\syswow64\kernel.appcore.dll</arg>
		<arg name='basement'>0x74e90000</arg>
		<arg name='ceiling'>0x74e9efff</arg>
	</msg>
	<msg id='33' source='tcet'>
		<type>LOAD_MODULE</type>
		<severity>INFO</severity>
		<timestamp>Fri Nov 29 13:13:58 2019</timestamp>
		<arg name='module'>c:\windows\syswow64\msvcrt.dll</arg>
		<arg name='basement'>0x75550000</arg>
		<arg name='ceiling'>0x7560efff</arg>
	</msg>
	<msg id='34' source='tcet'>
		<type>LOAD_MODULE</type>
		<severity>INFO</severity>
		<timestamp>Fri Nov 29 13:13:58 2019</timestamp>
		<arg name='module'>c:\windows\syswow64\rpcrt4.dll</arg>
		<arg name='basement'>0x776f0000</arg>
		<arg name='ceiling'>0x777affff</arg>
	</msg>
	<msg id='35' source='tcet'>
		<type>LOAD_MODULE</type>
		<severity>INFO</severity>
		<timestamp>Fri Nov 29 13:13:58 2019</timestamp>
		<arg name='module'>c:\windows\syswow64\sspicli.dll</arg>
		<arg name='basement'>0x741b0000</arg>
		<arg name='ceiling'>0x741cffff</arg>
	</msg>
	<msg id='36' source='tcet'>
		<type>LOAD_MODULE</type>
		<severity>INFO</severity>
		<timestamp>Fri Nov 29 13:13:58 2019</timestamp>
		<arg name='module'>c:\windows\syswow64\cryptbase.dll</arg>
		<arg name='basement'>0x741a0000</arg>
		<arg name='ceiling'>0x741a9fff</arg>
	</msg>
	<msg id='37' source='tcet'>
		<type>LOAD_MODULE</type>
		<severity>INFO</severity>
		<timestamp>Fri Nov 29 13:13:58 2019</timestamp>
		<arg name='module'>c:\windows\syswow64\bcryptprimitives.dll</arg>
		<arg name='basement'>0x77310000</arg>
		<arg name='ceiling'>0x77367fff</arg>
	</msg>
	<msg id='38' source='tcet'>
		<type>LOAD_MODULE</type>
		<severity>INFO</severity>
		<timestamp>Fri Nov 29 13:13:58 2019</timestamp>
		<arg name='module'>c:\windows\syswow64\sechost.dll</arg>
		<arg name='basement'>0x77560000</arg>
		<arg name='ceiling'>0x775a3fff</arg>
	</msg>
	<!-- A thread end notification for 2 was received by thread 0 -->
	<!-- A thread end notification for 3 was received by thread 0 -->
	<!-- A thread end notification for 4 was received by thread 0 -->
	<!-- A thread end notification for 5 was received by thread 0 -->
	<!-- A thread end notification for 6 was received by thread 0 -->
	<!-- A thread end notification for 7 was received by thread 0 -->
	<!-- A thread end notification for 8 was received by thread 0 -->
	<!-- A thread end notification for 9 was received by thread 0 -->
	<!-- A thread end notification for 10 was received by thread 0 -->
	<!-- A thread end notification for 11 was received by thread 0 -->
	<!-- Thread 0 effective sampling rate is 8974796/179482484 -->
	<msg id='39' source='tcet'>
		<type>UNLOAD_MODULE</type>
		<severity>INFO</severity>
		<timestamp>Fri Nov 29 13:13:59 2019</timestamp>
		<arg name='module'>c:\users\volosov\source\repos\ips_integrals\release\ips_integrals.exe</arg>
	</msg>
	<msg id='40' source='tcet'>
		<type>UNLOAD_MODULE</type>
		<severity>INFO</severity>
		<timestamp>Fri Nov 29 13:13:59 2019</timestamp>
		<arg name='module'>c:\windows\syswow64\kernel32.dll</arg>
	</msg>
	<msg id='41' source='tcet'>
		<type>UNLOAD_MODULE</type>
		<severity>INFO</severity>
		<timestamp>Fri Nov 29 13:13:59 2019</timestamp>
		<arg name='module'>c:\windows\syswow64\kernelbase.dll</arg>
	</msg>
	<msg id='42' source='tcet'>
		<type>UNLOAD_MODULE</type>
		<severity>INFO</severity>
		<timestamp>Fri Nov 29 13:13:59 2019</timestamp>
		<arg name='module'>c:\windows\syswow64\ntdll.dll</arg>
	</msg>
	<msg id='43' source='tcet'>
		<type>UNLOAD_MODULE</type>
		<severity>INFO</severity>
		<timestamp>Fri Nov 29 13:13:59 2019</timestamp>
		<arg name='module'>c:\windows\syswow64\ucrtbase.dll</arg>
	</msg>
	<msg id='44' source='tcet'>
		<type>UNLOAD_MODULE</type>
		<severity>INFO</severity>
		<timestamp>Fri Nov 29 13:13:59 2019</timestamp>
		<arg name='module'>c:\windows\syswow64\msvcp140.dll</arg>
	</msg>
	<msg id='45' source='tcet'>
		<type>UNLOAD_MODULE</type>
		<severity>INFO</severity>
		<timestamp>Fri Nov 29 13:13:59 2019</timestamp>
		<arg name='module'>c:\windows\syswow64\vcruntime140.dll</arg>
	</msg>
	<msg id='46' source='tcet'>
		<type>UNLOAD_MODULE</type>
		<severity>INFO</severity>
		<timestamp>Fri Nov 29 13:13:59 2019</timestamp>
		<arg name='module'>c:\program files (x86)\intelswtools\compilers_and_libraries_2019.5.281\windows\redist\ia32_win\compiler\cilkrts20.dll</arg>
	</msg>
	<msg id='47' source='tcet'>
		<type>UNLOAD_MODULE</type>
		<severity>INFO</severity>
		<timestamp>Fri Nov 29 13:13:59 2019</timestamp>
		<arg name='module'>c:\windows\syswow64\user32.dll</arg>
	</msg>
	<msg id='48' source='tcet'>
		<type>UNLOAD_MODULE</type>
		<severity>INFO</severity>
		<timestamp>Fri Nov 29 13:13:59 2019</timestamp>
		<arg name='module'>c:\windows\syswow64\win32u.dll</arg>
	</msg>
	<msg id='49' source='tcet'>
		<type>UNLOAD_MODULE</type>
		<severity>INFO</severity>
		<timestamp>Fri Nov 29 13:13:59 2019</timestamp>
		<arg name='module'>c:\windows\syswow64\gdi32.dll</arg>
	</msg>
	<msg id='50' source='tcet'>
		<type>UNLOAD_MODULE</type>
		<severity>INFO</severity>
		<timestamp>Fri Nov 29 13:13:59 2019</timestamp>
		<arg name='module'>c:\windows\syswow64\gdi32full.dll</arg>
	</msg>
	<msg id='51' source='tcet'>
		<type>UNLOAD_MODULE</type>
		<severity>INFO</severity>
		<timestamp>Fri Nov 29 13:13:59 2019</timestamp>
		<arg name='module'>c:\windows\syswow64\msvcp_win.dll</arg>
	</msg>
	<msg id='52' source='tcet'>
		<type>UNLOAD_MODULE</type>
		<severity>INFO</severity>
		<timestamp>Fri Nov 29 13:13:59 2019</timestamp>
		<arg name='module'>c:\windows\syswow64\imm32.dll</arg>
	</msg>
	<msg id='53' source='tcet'>
		<type>UNLOAD_MODULE</type>
		<severity>INFO</severity>
		<timestamp>Fri Nov 29 13:13:59 2019</timestamp>
		<arg name='module'>c:\program files (x86)\intelswtools\inspector 2019\bin32\runtime\libittnotify.dll</arg>
	</msg>
	<msg id='54' source='tcet'>
		<type>UNLOAD_MODULE</type>
		<severity>INFO</severity>
		<timestamp>Fri Nov 29 13:13:59 2019</timestamp>
		<arg name='module'>c:\windows\syswow64\kernel.appcore.dll</arg>
	</msg>
	<msg id='55' source='tcet'>
		<type>UNLOAD_MODULE</type>
		<severity>INFO</severity>
		<timestamp>Fri Nov 29 13:13:59 2019</timestamp>
		<arg name='module'>c:\windows\syswow64\msvcrt.dll</arg>
	</msg>
	<msg id='56' source='tcet'>
		<type>UNLOAD_MODULE</type>
		<severity>INFO</severity>
		<timestamp>Fri Nov 29 13:13:59 2019</timestamp>
		<arg name='module'>c:\windows\syswow64\rpcrt4.dll</arg>
	</msg>
	<msg id='57' source='tcet'>
		<type>UNLOAD_MODULE</type>
		<severity>INFO</severity>
		<timestamp>Fri Nov 29 13:13:59 2019</timestamp>
		<arg name='module'>c:\windows\syswow64\sspicli.dll</arg>
	</msg>
	<msg id='58' source='tcet'>
		<type>UNLOAD_MODULE</type>
		<severity>INFO</severity>
		<timestamp>Fri Nov 29 13:13:59 2019</timestamp>
		<arg name='module'>c:\windows\syswow64\cryptbase.dll</arg>
	</msg>
	<msg id='59' source='tcet'>
		<type>UNLOAD_MODULE</type>
		<severity>INFO</severity>
		<timestamp>Fri Nov 29 13:13:59 2019</timestamp>
		<arg name='module'>c:\windows\syswow64\bcryptprimitives.dll</arg>
	</msg>
	<msg id='60' source='tcet'>
		<type>UNLOAD_MODULE</type>
		<severity>INFO</severity>
		<timestamp>Fri Nov 29 13:13:59 2019</timestamp>
		<arg name='module'>c:\windows\syswow64\sechost.dll</arg>
	</msg>
	<msg id='61' source='tcet'>
		<type>PROCESS_TERMINATE</type>
		<severity>INFO</severity>
		<timestamp>Fri Nov 29 13:13:59 2019</timestamp>
		<arg name='process'>c:\users\volosov\source\repos\ips_integrals\release\ips_integrals.exe</arg>
		<arg name='pid'>8356</arg>
	</msg>
	<msg id='62' display='false' source='tccore'>
		<type>ANALYSIS_COMPLETE</type>
		<severity>INFO</severity>
		<timestamp>Fri Nov 29 13:13:59 2019</timestamp>
	</msg>
	<msg id='63' display='false' source='tccore'>
		<type>STOP</type>
		<severity>INFO</severity>
		<timestamp>Fri Nov 29 13:13:59 2019</timestamp>
	</msg>
</log>