<?xml version="1.0" encoding="utf-8" ?>
<!-- DO NOT EDIT THIS FILE -->

<log version='2.0' source='tcet'>
	<!-- Sampling enabled with the following: -->
	<!--     Budget                              5: -->
	<!--     Overdraft Budget                   75: -->
	<!--     Savings Budget                      2: -->
	<!-- Opened annotation file C:\Program Files (x86)\IntelSWTools\Inspector 2019\bin32\..\config\tc\qt.ant -->
	<!-- Opened annotation file C:\Program Files (x86)\IntelSWTools\Inspector 2019\bin32\..\config\tc\cpp11.ant -->
	<!-- Opened annotation file C:\Program Files (x86)\IntelSWTools\Inspector 2019\bin32\..\config\tc\fortran.ant -->
	<!-- Opened annotation file C:\Program Files (x86)\IntelSWTools\Inspector 2019\bin32\..\config\tc\icl.ant -->
	<!-- Opened annotation file C:\Program Files (x86)\IntelSWTools\Inspector 2019\bin32\..\config\tc\allocators.ant -->
	<!-- Opened annotation file C:\Program Files (x86)\IntelSWTools\Inspector 2019\bin32\..\config\tc\boost.ant -->
	<!-- Opened annotation file C:\Program Files (x86)\IntelSWTools\Inspector 2019\bin32\..\config\tc\system_api_filter.ant -->
	<!-- Opened annotation file C:\Program Files (x86)\IntelSWTools\Inspector 2019\bin32\..\config\tc\system_api.ant -->
	<msg id='1' display='false' source='tccore'>
		<type>START</type>
		<severity>INFO</severity>
		<timestamp>Fri Nov 29 16:15:58 2019</timestamp>
	</msg>
	<!-- Successfully loaded CCRT 13.4.2 at address 0x1950000 - 0x1c54000 -->
	<!-- Successfully loaded the TC Analysis Core 8.12.15 at address 0x21c0000 - 0x21e9000 -->
	<!-- Successfully loaded the TC Instrumentation Engine 8.12.15 at address 0x54250000 - 0x54456000 -->
	<!-- This is the instance of interest -->
	<msg id='2' source='tcet'>
		<type>EXEC_OF_INTEREST</type>
		<severity>INFO</severity>
		<timestamp>Fri Nov 29 16:15:58 2019</timestamp>
		<arg name='process'>c:\users\volosov\source\repos\ips_lab5\debug\ips_lab5.exe</arg>
		<arg name='pid'>12880</arg>
	</msg>
	<msg id='3' source='tcet'>
		<type>LOAD_MODULE</type>
		<severity>INFO</severity>
		<timestamp>Fri Nov 29 16:15:58 2019</timestamp>
		<arg name='module'>c:\users\volosov\source\repos\ips_lab5\debug\ips_lab5.exe</arg>
		<arg name='basement'>0x40000</arg>
		<arg name='ceiling'>0x57fff</arg>
	</msg>
	<msg id='4' source='tcet'>
		<type>LOAD_MODULE</type>
		<severity>INFO</severity>
		<timestamp>Fri Nov 29 16:15:58 2019</timestamp>
		<arg name='module'>c:\windows\syswow64\kernel32.dll</arg>
		<arg name='basement'>0x74d40000</arg>
		<arg name='ceiling'>0x74e1ffff</arg>
	</msg>
	<!-- Target OS: Win8 or Server 2K2012 or later -->
	<msg id='5' source='tcet'>
		<type>LOAD_MODULE</type>
		<severity>INFO</severity>
		<timestamp>Fri Nov 29 16:15:58 2019</timestamp>
		<arg name='module'>c:\windows\syswow64\kernelbase.dll</arg>
		<arg name='basement'>0x77370000</arg>
		<arg name='ceiling'>0x77553fff</arg>
	</msg>
	<!-- Target OS: Win8 or Server 2K2012 or later -->
	<msg id='6' source='tcet'>
		<type>LOAD_MODULE</type>
		<severity>INFO</severity>
		<timestamp>Fri Nov 29 16:15:58 2019</timestamp>
		<arg name='module'>c:\windows\syswow64\ntdll.dll</arg>
		<arg name='basement'>0x778f0000</arg>
		<arg name='ceiling'>0x77a7ffff</arg>
	</msg>
	<!-- Target OS: Win8 or Server 2K2012 or later -->
	<msg id='7' source='tcet'>
		<type>LOAD_MODULE</type>
		<severity>INFO</severity>
		<timestamp>Fri Nov 29 16:15:58 2019</timestamp>
		<arg name='module'>c:\windows\syswow64\msvcp140d.dll</arg>
		<arg name='basement'>0xf5f0000</arg>
		<arg name='ceiling'>0xf6a6fff</arg>
	</msg>
	<msg id='8' source='tcet'>
		<type>LOAD_MODULE</type>
		<severity>INFO</severity>
		<timestamp>Fri Nov 29 16:15:59 2019</timestamp>
		<arg name='module'>c:\windows\syswow64\vcruntime140d.dll</arg>
		<arg name='basement'>0xfd20000</arg>
		<arg name='ceiling'>0xfd3afff</arg>
	</msg>
	<msg id='9' source='tcet'>
		<type>LOAD_MODULE</type>
		<severity>INFO</severity>
		<timestamp>Fri Nov 29 16:15:59 2019</timestamp>
		<arg name='module'>c:\windows\syswow64\ucrtbased.dll</arg>
		<arg name='basement'>0xd360000</arg>
		<arg name='ceiling'>0xd4d3fff</arg>
	</msg>
	<msg id='10' source='tcet'>
		<type>UNLOAD_MODULE</type>
		<severity>INFO</severity>
		<timestamp>Fri Nov 29 16:15:59 2019</timestamp>
		<arg name='module'>c:\windows\syswow64\ucrtbased.dll</arg>
	</msg>
	<!-- Found ZCA section with version 1.1 -->
	<!-- Found ZCA section with version 1.1 -->
	<!-- Found ZCA section with version 1.1 -->
	<!-- Found ZCA section with version 1.1 -->
	<!-- Found ZCA section with version 1.1 -->
	<!-- Found ZCA section with version 1.1 -->
	<!-- Found ZCA section with version 1.1 -->
	<!-- Found ZCA section with version 1.1 -->
	<!-- Found ZCA section with version 1.1 -->
	<!-- Found ZCA section with version 1.1 -->
	<!-- Found ZCA section with version 1.1 -->
	<!-- Found ZCA section with version 1.1 -->
	<!-- Found ZCA section with version 1.1 -->
	<!-- Found ZCA section with version 1.1 -->
	<!-- Found ZCA section with version 1.1 -->
	<!-- Found ZCA section with version 1.1 -->
	<!-- Found ZCA section with version 1.1 -->
	<!-- Found ZCA section with version 1.1 -->
	<!-- Found ZCA section with version 1.1 -->
	<!-- Found ZCA section with version 1.1 -->
	<!-- Found ZCA section with version 1.1 -->
	<!-- Found ZCA section with version 1.1 -->
	<!-- Found ZCA section with version 1.1 -->
	<!-- Found ZCA section with version 1.1 -->
	<!-- Found ZCA section with version 1.1 -->
	<!-- Found ZCA section with version 1.1 -->
	<!-- Found ZCA section with version 1.1 -->
	<msg id='11' source='tcet'>
		<type>LOAD_MODULE</type>
		<severity>INFO</severity>
		<timestamp>Fri Nov 29 16:15:59 2019</timestamp>
		<arg name='module'>c:\program files (x86)\intelswtools\compilers_and_libraries_2019.5.281\windows\redist\ia32_win\compiler\cilkrts20.dll</arg>
		<arg name='basement'>0xf6f0000</arg>
		<arg name='ceiling'>0xf737fff</arg>
	</msg>
	<msg id='12' source='tcet'>
		<type>LOAD_MODULE</type>
		<severity>INFO</severity>
		<timestamp>Fri Nov 29 16:15:59 2019</timestamp>
		<arg name='module'>c:\windows\syswow64\user32.dll</arg>
		<arg name='basement'>0x75780000</arg>
		<arg name='ceiling'>0x7590cfff</arg>
	</msg>
	<msg id='13' source='tcet'>
		<type>LOAD_MODULE</type>
		<severity>INFO</severity>
		<timestamp>Fri Nov 29 16:15:59 2019</timestamp>
		<arg name='module'>c:\windows\syswow64\win32u.dll</arg>
		<arg name='basement'>0x74e70000</arg>
		<arg name='ceiling'>0x74e86fff</arg>
	</msg>
	<!-- Routine at entry point of image c:\windows\syswow64\win32u.dll is invalid -->
	<msg id='14' source='tcet'>
		<type>LOAD_MODULE</type>
		<severity>INFO</severity>
		<timestamp>Fri Nov 29 16:15:59 2019</timestamp>
		<arg name='module'>c:\windows\syswow64\gdi32.dll</arg>
		<arg name='basement'>0x74a20000</arg>
		<arg name='ceiling'>0x74a41fff</arg>
	</msg>
	<msg id='15' source='tcet'>
		<type>LOAD_MODULE</type>
		<severity>INFO</severity>
		<timestamp>Fri Nov 29 16:15:59 2019</timestamp>
		<arg name='module'>c:\windows\syswow64\gdi32full.dll</arg>
		<arg name='basement'>0x744a0000</arg>
		<arg name='ceiling'>0x74603fff</arg>
	</msg>
	<msg id='16' source='tcet'>
		<type>LOAD_MODULE</type>
		<severity>INFO</severity>
		<timestamp>Fri Nov 29 16:15:59 2019</timestamp>
		<arg name='module'>c:\windows\syswow64\msvcp_win.dll</arg>
		<arg name='basement'>0x76c60000</arg>
		<arg name='ceiling'>0x76cdcfff</arg>
	</msg>
	<msg id='17' source='tcet'>
		<type>LOAD_MODULE</type>
		<severity>INFO</severity>
		<timestamp>Fri Nov 29 16:15:59 2019</timestamp>
		<arg name='module'>c:\windows\syswow64\ucrtbase.dll</arg>
		<arg name='basement'>0x775c0000</arg>
		<arg name='ceiling'>0x776ddfff</arg>
	</msg>
	<msg id='18' source='tcet'>
		<type>LOAD_MODULE</type>
		<severity>INFO</severity>
		<timestamp>Fri Nov 29 16:15:59 2019</timestamp>
		<arg name='module'>c:\windows\syswow64\ucrtbased.dll</arg>
		<arg name='basement'>0xfb30000</arg>
		<arg name='ceiling'>0xfca3fff</arg>
	</msg>
	<msg id='19' source='tccore'>
		<type>UNSUPPORTED_MODULE</type>
		<severity>WARNING</severity>
		<timestamp>Fri Nov 29 16:16:00 2019</timestamp>
		<arg name='desc'>Microsoft Parallel Patterns Library</arg>
	</msg>
	<msg id='20' source='tcet'>
		<type>LOAD_MODULE</type>
		<severity>INFO</severity>
		<timestamp>Fri Nov 29 16:16:01 2019</timestamp>
		<arg name='module'>c:\windows\syswow64\imm32.dll</arg>
		<arg name='basement'>0x749c0000</arg>
		<arg name='ceiling'>0x749e5fff</arg>
	</msg>
	<msg id='21' source='tcet'>
		<type>LOAD_MODULE</type>
		<severity>INFO</severity>
		<timestamp>Fri Nov 29 16:16:01 2019</timestamp>
		<arg name='module'>c:\program files (x86)\intelswtools\inspector 2019\bin32\runtime\libittnotify.dll</arg>
		<arg name='basement'>0xf3f0000</arg>
		<arg name='ceiling'>0xf41cfff</arg>
	</msg>
	<!-- Target OS: Win8 or Server 2K2012 or later -->
	<msg id='22' source='tcet'>
		<type>LOAD_MODULE</type>
		<severity>INFO</severity>
		<timestamp>Fri Nov 29 16:16:02 2019</timestamp>
		<arg name='module'>c:\windows\syswow64\kernel.appcore.dll</arg>
		<arg name='basement'>0x74e90000</arg>
		<arg name='ceiling'>0x74e9efff</arg>
	</msg>
	<msg id='23' source='tcet'>
		<type>LOAD_MODULE</type>
		<severity>INFO</severity>
		<timestamp>Fri Nov 29 16:16:02 2019</timestamp>
		<arg name='module'>c:\windows\syswow64\msvcrt.dll</arg>
		<arg name='basement'>0x75550000</arg>
		<arg name='ceiling'>0x7560efff</arg>
	</msg>
	<msg id='24' source='tcet'>
		<type>LOAD_MODULE</type>
		<severity>INFO</severity>
		<timestamp>Fri Nov 29 16:16:02 2019</timestamp>
		<arg name='module'>c:\windows\syswow64\rpcrt4.dll</arg>
		<arg name='basement'>0x776f0000</arg>
		<arg name='ceiling'>0x777affff</arg>
	</msg>
	<msg id='25' source='tcet'>
		<type>LOAD_MODULE</type>
		<severity>INFO</severity>
		<timestamp>Fri Nov 29 16:16:02 2019</timestamp>
		<arg name='module'>c:\windows\syswow64\sspicli.dll</arg>
		<arg name='basement'>0x741b0000</arg>
		<arg name='ceiling'>0x741cffff</arg>
	</msg>
	<msg id='26' source='tcet'>
		<type>LOAD_MODULE</type>
		<severity>INFO</severity>
		<timestamp>Fri Nov 29 16:16:02 2019</timestamp>
		<arg name='module'>c:\windows\syswow64\cryptbase.dll</arg>
		<arg name='basement'>0x741a0000</arg>
		<arg name='ceiling'>0x741a9fff</arg>
	</msg>
	<msg id='27' source='tcet'>
		<type>LOAD_MODULE</type>
		<severity>INFO</severity>
		<timestamp>Fri Nov 29 16:16:02 2019</timestamp>
		<arg name='module'>c:\windows\syswow64\bcryptprimitives.dll</arg>
		<arg name='basement'>0x77310000</arg>
		<arg name='ceiling'>0x77367fff</arg>
	</msg>
	<msg id='28' source='tcet'>
		<type>LOAD_MODULE</type>
		<severity>INFO</severity>
		<timestamp>Fri Nov 29 16:16:02 2019</timestamp>
		<arg name='module'>c:\windows\syswow64\sechost.dll</arg>
		<arg name='basement'>0x77560000</arg>
		<arg name='ceiling'>0x775a3fff</arg>
	</msg>
	<msg id='29' display='false' source='tcet'>
		<type>THREADNAME</type>
		<severity>INFO</severity>
		<timestamp>Fri Nov 29 16:16:02 2019</timestamp>
		<arg name='tid'>19224</arg>
		<arg name='name'>Cilk Worker</arg>
	</msg>
	<msg id='30' display='false' source='tcet'>
		<type>HEARTBEAT</type>
		<severity>INFO</severity>
		<timestamp>Fri Nov 29 16:16:02 2019</timestamp>
		<arg name='tids'>9484,10508,15016,4988,17636,12040,19224,11712,4500,13708,12788,2056,10084</arg>
		<arg name='syscalls'>1,1,1,1,0,1,0,0,0,1,1,1,1</arg>
		<arg name='calls'>24,24,24,42,730,213,790,962,9109,1127,2070,10258,67548</arg>
	</msg>
	<!-- Thread 6 effective sampling rate is 0/0 -->
	<!-- Thread 5 effective sampling rate is 0/0 -->
	<msg id='31' display='false' source='tcet'>
		<type>THREADNAME</type>
		<severity>INFO</severity>
		<timestamp>Fri Nov 29 16:16:03 2019</timestamp>
		<arg name='tid'>9484</arg>
		<arg name='name'>Cilk Worker</arg>
	</msg>
	<msg id='32' display='false' source='tcet'>
		<type>THREADNAME</type>
		<severity>INFO</severity>
		<timestamp>Fri Nov 29 16:16:03 2019</timestamp>
		<arg name='tid'>10508</arg>
		<arg name='name'>Cilk Worker</arg>
	</msg>
	<msg id='33' display='false' source='tcet'>
		<type>THREADNAME</type>
		<severity>INFO</severity>
		<timestamp>Fri Nov 29 16:16:03 2019</timestamp>
		<arg name='tid'>15016</arg>
		<arg name='name'>Cilk Worker</arg>
	</msg>
	<msg id='34' display='false' source='tcet'>
		<type>THREADNAME</type>
		<severity>INFO</severity>
		<timestamp>Fri Nov 29 16:16:03 2019</timestamp>
		<arg name='tid'>4988</arg>
		<arg name='name'>Cilk Worker</arg>
	</msg>
	<msg id='35' display='false' source='tcet'>
		<type>THREADNAME</type>
		<severity>INFO</severity>
		<timestamp>Fri Nov 29 16:16:03 2019</timestamp>
		<arg name='tid'>17636</arg>
		<arg name='name'>Cilk Worker</arg>
	</msg>
	<msg id='36' display='false' source='tcet'>
		<type>THREADNAME</type>
		<severity>INFO</severity>
		<timestamp>Fri Nov 29 16:16:03 2019</timestamp>
		<arg name='tid'>12040</arg>
		<arg name='name'>Cilk Worker</arg>
	</msg>
	<msg id='37' display='false' source='tcet'>
		<type>HEARTBEAT</type>
		<severity>INFO</severity>
		<timestamp>Fri Nov 29 16:16:03 2019</timestamp>
		<arg name='tids'>9484,10508,15016,4988,17636,12040,19224,13708,12788,2056,10084</arg>
		<arg name='syscalls'>1,1,1,1,1,1,1,1,1,1,1</arg>
		<arg name='calls'>737,749,725,730,19,567,236604,0,0,0,24855</arg>
	</msg>
	<msg id='38' display='false' source='tcet'>
		<type>HEARTBEAT</type>
		<severity>INFO</severity>
		<timestamp>Fri Nov 29 16:16:04 2019</timestamp>
		<arg name='tids'>9484,10508,15016,4988,17636,12040,19224,13708,12788,2056,10084</arg>
		<arg name='syscalls'>1,1,1,1,1,1,1,1,1,1,1</arg>
		<arg name='calls'>0,0,0,0,0,0,0,0,0,0,0</arg>
	</msg>
	<msg id='39' display='false' source='tcet'>
		<type>HEARTBEAT</type>
		<severity>INFO</severity>
		<timestamp>Fri Nov 29 16:16:05 2019</timestamp>
		<arg name='tids'>9484,10508,15016,4988,17636,12040,19224,13708,12788,2056,10084</arg>
		<arg name='syscalls'>1,1,1,1,1,1,1,1,1,1,1</arg>
		<arg name='calls'>0,0,0,0,0,0,0,0,0,0,0</arg>
	</msg>
	<msg id='40' display='false' source='tcet'>
		<type>HEARTBEAT</type>
		<severity>INFO</severity>
		<timestamp>Fri Nov 29 16:16:06 2019</timestamp>
		<arg name='tids'>9484,10508,15016,4988,17636,12040,19224,13708,12788,2056,10084</arg>
		<arg name='syscalls'>1,1,1,1,1,1,1,1,1,1,1</arg>
		<arg name='calls'>0,0,0,0,0,0,0,0,0,0,0</arg>
	</msg>
	<msg id='41' display='false' source='tcet'>
		<type>HEARTBEAT</type>
		<severity>INFO</severity>
		<timestamp>Fri Nov 29 16:16:07 2019</timestamp>
		<arg name='tids'>9484,10508,15016,4988,17636,12040,19224,13708,12788,2056,10084</arg>
		<arg name='syscalls'>1,1,1,1,1,1,1,1,1,1,1</arg>
		<arg name='calls'>0,0,0,0,0,0,0,0,0,0,0</arg>
	</msg>
	<msg id='42' display='false' source='tcet'>
		<type>HEARTBEAT</type>
		<severity>INFO</severity>
		<timestamp>Fri Nov 29 16:16:08 2019</timestamp>
		<arg name='tids'>9484,10508,15016,4988,17636,12040,19224,13708,12788,2056,10084</arg>
		<arg name='syscalls'>1,1,1,1,1,1,1,1,1,1,1</arg>
		<arg name='calls'>0,0,0,0,0,0,0,0,0,0,0</arg>
	</msg>
	<msg id='43' display='false' source='tcet'>
		<type>HEARTBEAT</type>
		<severity>INFO</severity>
		<timestamp>Fri Nov 29 16:16:09 2019</timestamp>
		<arg name='tids'>9484,10508,15016,4988,17636,12040,19224,13708,12788,2056,10084</arg>
		<arg name='syscalls'>1,1,1,1,1,1,1,1,1,1,1</arg>
		<arg name='calls'>0,0,0,0,0,0,0,0,0,0,0</arg>
	</msg>
	<msg id='44' display='false' source='tcet'>
		<type>HEARTBEAT</type>
		<severity>INFO</severity>
		<timestamp>Fri Nov 29 16:16:10 2019</timestamp>
		<arg name='tids'>9484,10508,15016,4988,17636,12040,19224,13708,12788,2056,10084</arg>
		<arg name='syscalls'>1,1,1,1,1,1,1,1,1,1,1</arg>
		<arg name='calls'>0,0,0,0,0,0,0,0,0,0,0</arg>
	</msg>
	<msg id='45' display='false' source='tcet'>
		<type>HEARTBEAT</type>
		<severity>INFO</severity>
		<timestamp>Fri Nov 29 16:16:11 2019</timestamp>
		<arg name='tids'>9484,10508,15016,4988,17636,12040,19224,13708,12788,2056,10084</arg>
		<arg name='syscalls'>1,1,1,1,1,1,1,1,1,1,1</arg>
		<arg name='calls'>0,0,0,0,0,0,0,0,0,0,0</arg>
	</msg>
	<msg id='46' display='false' source='tcet'>
		<type>HEARTBEAT</type>
		<severity>INFO</severity>
		<timestamp>Fri Nov 29 16:16:12 2019</timestamp>
		<arg name='tids'>9484,10508,15016,4988,17636,12040,19224,13708,12788,2056,10084</arg>
		<arg name='syscalls'>1,1,1,1,1,1,1,1,1,1,1</arg>
		<arg name='calls'>0,0,0,0,0,0,0,0,0,0,0</arg>
	</msg>
	<msg id='47' display='false' source='tcet'>
		<type>HEARTBEAT</type>
		<severity>INFO</severity>
		<timestamp>Fri Nov 29 16:16:13 2019</timestamp>
		<arg name='tids'>9484,10508,15016,4988,17636,12040,19224,13708,12788,2056,10084</arg>
		<arg name='syscalls'>1,1,1,1,1,1,1,1,1,1,1</arg>
		<arg name='calls'>0,0,0,0,0,0,0,0,0,0,0</arg>
	</msg>
	<msg id='48' display='false' source='tcet'>
		<type>HEARTBEAT</type>
		<severity>INFO</severity>
		<timestamp>Fri Nov 29 16:16:14 2019</timestamp>
		<arg name='tids'>9484,10508,15016,4988,17636,12040,19224,13708,12788,2056,10084</arg>
		<arg name='syscalls'>1,1,1,1,1,1,1,1,1,1,1</arg>
		<arg name='calls'>0,0,0,0,0,0,0,0,0,0,0</arg>
	</msg>
	<msg id='49' display='false' source='tcet'>
		<type>HEARTBEAT</type>
		<severity>INFO</severity>
		<timestamp>Fri Nov 29 16:16:15 2019</timestamp>
		<arg name='tids'>9484,10508,15016,4988,17636,12040,19224,13708,12788,2056,10084</arg>
		<arg name='syscalls'>1,1,1,1,1,1,1,1,1,1,1</arg>
		<arg name='calls'>0,0,0,0,0,0,0,0,0,0,0</arg>
	</msg>
	<msg id='50' display='false' source='tcet'>
		<type>HEARTBEAT</type>
		<severity>INFO</severity>
		<timestamp>Fri Nov 29 16:16:16 2019</timestamp>
		<arg name='tids'>9484,10508,15016,4988,17636,12040,19224,13708,12788,2056,10084</arg>
		<arg name='syscalls'>1,1,1,1,1,1,1,1,1,1,1</arg>
		<arg name='calls'>0,0,0,0,0,0,0,0,0,0,0</arg>
	</msg>
	<msg id='51' display='false' source='tcet'>
		<type>HEARTBEAT</type>
		<severity>INFO</severity>
		<timestamp>Fri Nov 29 16:16:17 2019</timestamp>
		<arg name='tids'>9484,10508,15016,4988,17636,12040,19224,13708,12788,2056,10084</arg>
		<arg name='syscalls'>1,1,1,1,1,1,1,1,1,1,1</arg>
		<arg name='calls'>0,0,0,0,0,0,0,0,0,0,0</arg>
	</msg>
	<msg id='52' display='false' source='tcet'>
		<type>HEARTBEAT</type>
		<severity>INFO</severity>
		<timestamp>Fri Nov 29 16:16:18 2019</timestamp>
		<arg name='tids'>9484,10508,15016,4988,17636,12040,19224,13708,12788,2056,10084</arg>
		<arg name='syscalls'>1,1,1,1,1,1,1,1,1,1,1</arg>
		<arg name='calls'>0,0,0,0,0,0,0,0,0,0,0</arg>
	</msg>
	<msg id='53' display='false' source='tcet'>
		<type>HEARTBEAT</type>
		<severity>INFO</severity>
		<timestamp>Fri Nov 29 16:16:19 2019</timestamp>
		<arg name='tids'>9484,10508,15016,4988,17636,12040,19224,13708,12788,2056,10084</arg>
		<arg name='syscalls'>1,1,1,1,1,1,1,1,1,1,1</arg>
		<arg name='calls'>0,0,0,0,0,0,0,0,0,0,0</arg>
	</msg>
	<msg id='54' display='false' source='tcet'>
		<type>HEARTBEAT</type>
		<severity>INFO</severity>
		<timestamp>Fri Nov 29 16:16:20 2019</timestamp>
		<arg name='tids'>9484,10508,15016,4988,17636,12040,19224,13708,12788,2056,10084</arg>
		<arg name='syscalls'>1,1,1,1,1,1,1,1,1,1,1</arg>
		<arg name='calls'>0,0,0,0,0,0,0,0,0,0,0</arg>
	</msg>
	<msg id='55' display='false' source='tcet'>
		<type>HEARTBEAT</type>
		<severity>INFO</severity>
		<timestamp>Fri Nov 29 16:16:21 2019</timestamp>
		<arg name='tids'>9484,10508,15016,4988,17636,12040,19224,13708,12788,2056,10084</arg>
		<arg name='syscalls'>1,1,1,1,1,1,1,1,1,1,1</arg>
		<arg name='calls'>0,0,0,0,0,0,0,0,0,0,0</arg>
	</msg>
	<msg id='56' display='false' source='tcet'>
		<type>HEARTBEAT</type>
		<severity>INFO</severity>
		<timestamp>Fri Nov 29 16:16:22 2019</timestamp>
		<arg name='tids'>9484,10508,15016,4988,17636,12040,19224,13708,12788,2056,10084</arg>
		<arg name='syscalls'>1,1,1,1,1,1,1,1,1,1,1</arg>
		<arg name='calls'>0,0,0,0,0,0,0,0,0,0,0</arg>
	</msg>
	<msg id='57' display='false' source='tcet'>
		<type>HEARTBEAT</type>
		<severity>INFO</severity>
		<timestamp>Fri Nov 29 16:16:23 2019</timestamp>
		<arg name='tids'>9484,10508,15016,4988,17636,12040,19224,13708,12788,2056,10084</arg>
		<arg name='syscalls'>1,1,1,1,1,1,1,1,1,1,1</arg>
		<arg name='calls'>0,0,0,0,0,0,0,0,0,0,0</arg>
	</msg>
	<msg id='58' display='false' source='tcet'>
		<type>HEARTBEAT</type>
		<severity>INFO</severity>
		<timestamp>Fri Nov 29 16:16:24 2019</timestamp>
		<arg name='tids'>9484,10508,15016,4988,17636,12040,19224,13708,12788,2056,10084</arg>
		<arg name='syscalls'>1,1,1,1,1,1,1,1,1,1,1</arg>
		<arg name='calls'>0,0,0,0,0,0,0,0,0,0,0</arg>
	</msg>
	<msg id='59' display='false' source='tcet'>
		<type>HEARTBEAT</type>
		<severity>INFO</severity>
		<timestamp>Fri Nov 29 16:16:25 2019</timestamp>
		<arg name='tids'>9484,10508,15016,4988,17636,12040,19224,13708,12788,2056,10084</arg>
		<arg name='syscalls'>1,1,1,1,1,1,1,1,1,1,1</arg>
		<arg name='calls'>0,0,0,0,0,0,0,0,0,0,0</arg>
	</msg>
	<msg id='60' display='false' source='tcet'>
		<type>HEARTBEAT</type>
		<severity>INFO</severity>
		<timestamp>Fri Nov 29 16:16:26 2019</timestamp>
		<arg name='tids'>9484,10508,15016,4988,17636,12040,19224,13708,12788,2056,10084</arg>
		<arg name='syscalls'>1,1,1,1,1,1,1,1,1,1,1</arg>
		<arg name='calls'>0,0,0,0,0,0,0,0,0,0,0</arg>
	</msg>
	<msg id='61' display='false' source='tcet'>
		<type>HEARTBEAT</type>
		<severity>INFO</severity>
		<timestamp>Fri Nov 29 16:16:27 2019</timestamp>
		<arg name='tids'>9484,10508,15016,4988,17636,12040,19224,13708,12788,2056,10084</arg>
		<arg name='syscalls'>1,1,1,1,1,1,1,1,1,1,1</arg>
		<arg name='calls'>0,0,0,0,0,0,0,0,0,0,0</arg>
	</msg>
	<msg id='62' display='false' source='tcet'>
		<type>HEARTBEAT</type>
		<severity>INFO</severity>
		<timestamp>Fri Nov 29 16:16:28 2019</timestamp>
		<arg name='tids'>9484,10508,15016,4988,17636,12040,19224,13708,12788,2056,10084</arg>
		<arg name='syscalls'>1,1,1,1,1,1,1,1,1,1,1</arg>
		<arg name='calls'>0,0,0,0,0,0,0,0,0,0,0</arg>
	</msg>
	<msg id='63' display='false' source='tcet'>
		<type>HEARTBEAT</type>
		<severity>INFO</severity>
		<timestamp>Fri Nov 29 16:16:29 2019</timestamp>
		<arg name='tids'>9484,10508,15016,4988,17636,12040,19224,13708,12788,2056,10084</arg>
		<arg name='syscalls'>1,1,1,1,1,1,1,1,1,1,1</arg>
		<arg name='calls'>0,0,0,0,0,0,0,0,0,0,0</arg>
	</msg>
	<msg id='64' display='false' source='tcet'>
		<type>HEARTBEAT</type>
		<severity>INFO</severity>
		<timestamp>Fri Nov 29 16:16:30 2019</timestamp>
		<arg name='tids'>9484,10508,15016,4988,17636,12040,19224,13708,12788,2056,10084</arg>
		<arg name='syscalls'>1,1,1,1,1,1,1,1,1,1,0</arg>
		<arg name='calls'>0,0,0,0,0,0,0,0,0,0,247</arg>
	</msg>
	<!-- A thread end notification for 2 was received by thread 0 -->
	<!-- A thread end notification for 3 was received by thread 0 -->
	<!-- A thread end notification for 4 was received by thread 0 -->
	<!-- A thread end notification for 7 was received by thread 0 -->
	<!-- A thread end notification for 8 was received by thread 0 -->
	<!-- A thread end notification for 9 was received by thread 0 -->
	<!-- A thread end notification for 10 was received by thread 0 -->
	<!-- A thread end notification for 11 was received by thread 0 -->
	<!-- A thread end notification for 12 was received by thread 0 -->
	<!-- A thread end notification for 13 was received by thread 0 -->
	<!-- Thread 0 effective sampling rate is 0/0 -->
	<msg id='65' source='tcet'>
		<type>UNLOAD_MODULE</type>
		<severity>INFO</severity>
		<timestamp>Fri Nov 29 16:16:31 2019</timestamp>
		<arg name='module'>c:\users\volosov\source\repos\ips_lab5\debug\ips_lab5.exe</arg>
	</msg>
	<msg id='66' source='tcet'>
		<type>UNLOAD_MODULE</type>
		<severity>INFO</severity>
		<timestamp>Fri Nov 29 16:16:31 2019</timestamp>
		<arg name='module'>c:\windows\syswow64\kernel32.dll</arg>
	</msg>
	<msg id='67' source='tcet'>
		<type>UNLOAD_MODULE</type>
		<severity>INFO</severity>
		<timestamp>Fri Nov 29 16:16:31 2019</timestamp>
		<arg name='module'>c:\windows\syswow64\kernelbase.dll</arg>
	</msg>
	<msg id='68' source='tcet'>
		<type>UNLOAD_MODULE</type>
		<severity>INFO</severity>
		<timestamp>Fri Nov 29 16:16:31 2019</timestamp>
		<arg name='module'>c:\windows\syswow64\ntdll.dll</arg>
	</msg>
	<msg id='69' source='tcet'>
		<type>UNLOAD_MODULE</type>
		<severity>INFO</severity>
		<timestamp>Fri Nov 29 16:16:31 2019</timestamp>
		<arg name='module'>c:\windows\syswow64\msvcp140d.dll</arg>
	</msg>
	<msg id='70' source='tcet'>
		<type>UNLOAD_MODULE</type>
		<severity>INFO</severity>
		<timestamp>Fri Nov 29 16:16:31 2019</timestamp>
		<arg name='module'>c:\windows\syswow64\vcruntime140d.dll</arg>
	</msg>
	<msg id='71' source='tcet'>
		<type>UNLOAD_MODULE</type>
		<severity>INFO</severity>
		<timestamp>Fri Nov 29 16:16:31 2019</timestamp>
		<arg name='module'>c:\program files (x86)\intelswtools\compilers_and_libraries_2019.5.281\windows\redist\ia32_win\compiler\cilkrts20.dll</arg>
	</msg>
	<msg id='72' source='tcet'>
		<type>UNLOAD_MODULE</type>
		<severity>INFO</severity>
		<timestamp>Fri Nov 29 16:16:31 2019</timestamp>
		<arg name='module'>c:\windows\syswow64\user32.dll</arg>
	</msg>
	<msg id='73' source='tcet'>
		<type>UNLOAD_MODULE</type>
		<severity>INFO</severity>
		<timestamp>Fri Nov 29 16:16:31 2019</timestamp>
		<arg name='module'>c:\windows\syswow64\win32u.dll</arg>
	</msg>
	<msg id='74' source='tcet'>
		<type>UNLOAD_MODULE</type>
		<severity>INFO</severity>
		<timestamp>Fri Nov 29 16:16:31 2019</timestamp>
		<arg name='module'>c:\windows\syswow64\gdi32.dll</arg>
	</msg>
	<msg id='75' source='tcet'>
		<type>UNLOAD_MODULE</type>
		<severity>INFO</severity>
		<timestamp>Fri Nov 29 16:16:31 2019</timestamp>
		<arg name='module'>c:\windows\syswow64\gdi32full.dll</arg>
	</msg>
	<msg id='76' source='tcet'>
		<type>UNLOAD_MODULE</type>
		<severity>INFO</severity>
		<timestamp>Fri Nov 29 16:16:31 2019</timestamp>
		<arg name='module'>c:\windows\syswow64\msvcp_win.dll</arg>
	</msg>
	<msg id='77' source='tcet'>
		<type>UNLOAD_MODULE</type>
		<severity>INFO</severity>
		<timestamp>Fri Nov 29 16:16:31 2019</timestamp>
		<arg name='module'>c:\windows\syswow64\ucrtbase.dll</arg>
	</msg>
	<msg id='78' source='tcet'>
		<type>UNLOAD_MODULE</type>
		<severity>INFO</severity>
		<timestamp>Fri Nov 29 16:16:31 2019</timestamp>
		<arg name='module'>c:\windows\syswow64\ucrtbased.dll</arg>
	</msg>
	<msg id='79' source='tcet'>
		<type>UNLOAD_MODULE</type>
		<severity>INFO</severity>
		<timestamp>Fri Nov 29 16:16:31 2019</timestamp>
		<arg name='module'>c:\windows\syswow64\imm32.dll</arg>
	</msg>
	<msg id='80' source='tcet'>
		<type>UNLOAD_MODULE</type>
		<severity>INFO</severity>
		<timestamp>Fri Nov 29 16:16:31 2019</timestamp>
		<arg name='module'>c:\program files (x86)\intelswtools\inspector 2019\bin32\runtime\libittnotify.dll</arg>
	</msg>
	<msg id='81' source='tcet'>
		<type>UNLOAD_MODULE</type>
		<severity>INFO</severity>
		<timestamp>Fri Nov 29 16:16:31 2019</timestamp>
		<arg name='module'>c:\windows\syswow64\kernel.appcore.dll</arg>
	</msg>
	<msg id='82' source='tcet'>
		<type>UNLOAD_MODULE</type>
		<severity>INFO</severity>
		<timestamp>Fri Nov 29 16:16:31 2019</timestamp>
		<arg name='module'>c:\windows\syswow64\msvcrt.dll</arg>
	</msg>
	<msg id='83' source='tcet'>
		<type>UNLOAD_MODULE</type>
		<severity>INFO</severity>
		<timestamp>Fri Nov 29 16:16:31 2019</timestamp>
		<arg name='module'>c:\windows\syswow64\rpcrt4.dll</arg>
	</msg>
	<msg id='84' source='tcet'>
		<type>UNLOAD_MODULE</type>
		<severity>INFO</severity>
		<timestamp>Fri Nov 29 16:16:31 2019</timestamp>
		<arg name='module'>c:\windows\syswow64\sspicli.dll</arg>
	</msg>
	<msg id='85' source='tcet'>
		<type>UNLOAD_MODULE</type>
		<severity>INFO</severity>
		<timestamp>Fri Nov 29 16:16:31 2019</timestamp>
		<arg name='module'>c:\windows\syswow64\cryptbase.dll</arg>
	</msg>
	<msg id='86' source='tcet'>
		<type>UNLOAD_MODULE</type>
		<severity>INFO</severity>
		<timestamp>Fri Nov 29 16:16:31 2019</timestamp>
		<arg name='module'>c:\windows\syswow64\bcryptprimitives.dll</arg>
	</msg>
	<msg id='87' source='tcet'>
		<type>UNLOAD_MODULE</type>
		<severity>INFO</severity>
		<timestamp>Fri Nov 29 16:16:31 2019</timestamp>
		<arg name='module'>c:\windows\syswow64\sechost.dll</arg>
	</msg>
	<msg id='88' source='tcet'>
		<type>PROCESS_TERMINATE</type>
		<severity>INFO</severity>
		<timestamp>Fri Nov 29 16:16:31 2019</timestamp>
		<arg name='process'>c:\users\volosov\source\repos\ips_lab5\debug\ips_lab5.exe</arg>
		<arg name='pid'>12880</arg>
	</msg>
	<msg id='89' display='false' source='tccore'>
		<type>ANALYSIS_COMPLETE</type>
		<severity>INFO</severity>
		<timestamp>Fri Nov 29 16:16:31 2019</timestamp>
	</msg>
	<msg id='90' display='false' source='tccore'>
		<type>STOP</type>
		<severity>INFO</severity>
		<timestamp>Fri Nov 29 16:16:31 2019</timestamp>
	</msg>
</log>